Log file open, 07/24/17 20:41:06
LogInit:Display: Running engine for game: VR
LogPlatformFile: Not using cached read wrapper
LogInit:Display: RandInit(-1917758419) SRandInit(-1917758419).
LogTaskGraph: Started task graph with 5 named threads and 8 total threads with 1 sets of task threads.
LogStats: Stats thread started at 0.111002
LogInit: Using libcurl 7.47.1
LogInit:  - built for x86_64-pc-win32
LogInit:  - supports SSL with OpenSSL/1.0.2g
LogInit:  - supports HTTP deflate (compression) using libz 1.2.8
LogInit:  - other features:
LogInit:      CURL_VERSION_SSL
LogInit:      CURL_VERSION_LIBZ
LogInit:      CURL_VERSION_IPV6
LogInit:      CURL_VERSION_ASYNCHDNS
LogInit:      CURL_VERSION_LARGEFILE
LogInit:      CURL_VERSION_IDN
LogInit:  CurlRequestOptions (configurable via config and command line):
LogInit:  - bVerifyPeer = false  - Libcurl will NOT verify peer certificate
LogInit:  - bUseHttpProxy = false  - Libcurl will NOT use HTTP proxy
LogInit:  - bDontReuseConnections = false  - Libcurl will reuse connections
LogInit:  - CertBundlePath = nullptr  - Libcurl will use whatever was configured at build time.
OCULUS: Info: [CAPI] LibOVR module is located at C:\Program Files\Oculus\Support\oculus-runtime\LibOVRRT64_1.dll
OCULUS: Debug: Connected to the server running version (prod = 1).1.16.0(build = 409268) feature version = 0. Client runs version (prod = 1).1.16.0(build = 409268) feature version = 0
LogHMD: GearVR: Emulating GearVR using Oculus Rift!
LogInit: Build: ++UE4+Release-4.16-CL-3514769
LogInit: Engine Version: 4.16.2-3514769+++UE4+Release-4.16
LogInit: Compatible Engine Version: 4.16.0-3452394+++UE4+Release-4.16
LogInit: Net CL: 3452394
LogDevObjectVersion: Number of dev versions registered: 16
LogDevObjectVersion:   Dev-Blueprints (B0D832E4-1F89-4F0D-ACCF-7EB736FD4AA2): 9
LogDevObjectVersion:   Dev-Build (E1C64328-A22C-4D53-A36C-8E866417BD8C): 0
LogDevObjectVersion:   Dev-Core (375EC13C-06E4-48FB-B500-84F0262A717E): 2
LogDevObjectVersion:   Dev-Editor (E4B068ED-F494-42E9-A231-DA0B2E46BB41): 17
LogDevObjectVersion:   Dev-Framework (CFFC743F-43B0-4480-9391-14DF171D2073): 23
LogDevObjectVersion:   Dev-Mobile (B02B49B5-BB20-44E9-A304-32B752E40360): 0
LogDevObjectVersion:   Dev-Networking (A4E4105C-59A1-49B5-A7C5-40C4547EDFEE): 0
LogDevObjectVersion:   Dev-Online (39C831C9-5AE6-47DC-9A44-9C173E1C8E7C): 0
LogDevObjectVersion:   Dev-Physics (78F01B33-EBEA-4F98-B9B4-84EACCB95AA2): 0
LogDevObjectVersion:   Dev-Platform (6631380F-2D4D-43E0-8009-CF276956A95A): 0
LogDevObjectVersion:   Dev-Rendering (12F88B9F-8875-4AFC-A67C-D90C383ABD29): 15
LogDevObjectVersion:   Dev-Sequencer (7B5AE74C-D270-4C10-A958-57980B212A5A): 4
LogDevObjectVersion:   Dev-VR (D7296918-1DD6-4BDD-9DE2-64A83CC13884): 0
LogDevObjectVersion:   Dev-LoadTimes (C2A15278-BFE7-4AFE-6C17-90FF531DF755): 1
LogDevObjectVersion:   Private-Geometry (6EACA3D4-40EC-4CC1-B786-8BED09428FC5): 1
LogDevObjectVersion:   Dev-AnimPhys (29E575DD-E0A3-4627-9D10-D276232CDCEA): 3
LogInit: Compiled (64-bit): Jun 29 2017 02:03:24
LogInit: Compiled with Visual C++: 19.00.24215.01
LogInit: Build Configuration: Development
LogInit: Branch Name: ++UE4+Release-4.16
LogInit: Command line: -EpicPortal 
LogInit: Base directory: C:/Program Files/Epic Games/UE_4.16/Engine/Binaries/Win64/
LogInit: Installed Engine Build: 1
LogInit: Presizing for max 8388607 objects, including 0 objects not considered by GC, pre-allocating 0 bytes for permanent pool.
LogInit: Object subsystem initialized
[2017.07.24-19.41.07:662][  0]LogInit: Selected Device Profile: [Windows]
[2017.07.24-19.41.07:662][  0]LogInit: Applying CVar settings loaded from the selected device profile: [Windows]
[2017.07.24-19.41.07:673][  0]LogInit: Computer: SCOTTPC
[2017.07.24-19.41.07:673][  0]LogInit: User: scott
[2017.07.24-19.41.07:673][  0]LogInit: CPU Page size=4096, Cores=4
[2017.07.24-19.41.07:673][  0]LogInit: High frequency timer resolution =3.423915 MHz
[2017.07.24-19.41.07:673][  0]LogMemory: Memory total: Physical=15.9GB (16GB approx)
[2017.07.24-19.41.07:673][  0]LogMemory: Platform Memory Stats for Windows
[2017.07.24-19.41.07:673][  0]LogMemory: Process Physical Memory: 277.50 MB used, 277.50 MB peak
[2017.07.24-19.41.07:673][  0]LogMemory: Process Virtual Memory: 264.03 MB used, 264.03 MB peak
[2017.07.24-19.41.07:673][  0]LogMemory: Physical Memory: 7169.91 MB used,  9141.99 MB free, 16311.90 MB total
[2017.07.24-19.41.07:673][  0]LogMemory: Virtual Memory: 676.95 MB used,  9141.99 MB free, 134217728.00 MB total
[2017.07.24-19.41.07:764][  0]LogInit: Using OS detected language (en-GB).
[2017.07.24-19.41.07:764][  0]LogInit: Using OS detected locale (en-GB).
[2017.07.24-19.41.07:768][  0]LogTextLocalizationManager: No specific localization for 'en-GB' exists, so the 'en' localization will be used.
[2017.07.24-19.41.09:168][  0]LogD3D11RHI: D3D11 adapters:
[2017.07.24-19.41.09:221][  0]LogD3D11RHI:    0. 'NVIDIA GeForce GTX 1080' (Feature Level 11_0)
[2017.07.24-19.41.09:221][  0]LogD3D11RHI:       8110/0/8155 MB DedicatedVideo/DedicatedSystem/SharedSystem, Outputs:2, VendorId:0x10de
[2017.07.24-19.41.09:224][  0]LogD3D11RHI:    1. 'Microsoft Basic Render Driver' (Feature Level 11_0)
[2017.07.24-19.41.09:224][  0]LogD3D11RHI:       0/0/8155 MB DedicatedVideo/DedicatedSystem/SharedSystem, Outputs:0, VendorId:0x1414
[2017.07.24-19.41.09:224][  0]LogD3D11RHI: Chosen D3D11 Adapter: 0
[2017.07.24-19.41.09:237][  0]LogD3D11RHI: Creating new Direct3DDevice
[2017.07.24-19.41.09:238][  0]LogD3D11RHI:     GPU DeviceId: 0x1b80 (for the marketing name, search the web for "GPU Device Id")
[2017.07.24-19.41.09:238][  0]LogWindows: EnumDisplayDevices:
[2017.07.24-19.41.09:238][  0]LogWindows:    0. 'NVIDIA GeForce GTX 1080' (P:0 D:1)
[2017.07.24-19.41.09:238][  0]LogWindows:    1. 'NVIDIA GeForce GTX 1080' (P:1 D:1)
[2017.07.24-19.41.09:238][  0]LogWindows:    2. 'NVIDIA GeForce GTX 1080' (P:0 D:0)
[2017.07.24-19.41.09:238][  0]LogWindows:    3. 'NVIDIA GeForce GTX 1080' (P:0 D:0)
[2017.07.24-19.41.09:239][  0]LogWindows: DebugString: FoundDriverCount:4 
[2017.07.24-19.41.09:239][  0]LogD3D11RHI:     Adapter Name: NVIDIA GeForce GTX 1080
[2017.07.24-19.41.09:239][  0]LogD3D11RHI:   Driver Version: 382.05 (internal:22.21.13.8205, unified:382.05)
[2017.07.24-19.41.09:239][  0]LogD3D11RHI:      Driver Date: 5-1-2017
[2017.07.24-19.41.09:239][  0]LogRHI: Texture pool is 1361 MB (70% of 1945 MB)
[2017.07.24-19.41.09:286][  0]LogD3D11RHI: Async texture creation enabled
[2017.07.24-19.41.09:298][  0]LogD3D11RHI: GPU Timing Frequency: 1000.000000 (Debug: 2 1)
[2017.07.24-19.41.09:401][  0]LogShaderCompilers: Guid format shader working directory is -7 characters bigger than the processId version (../../../../../../Users/scott/Documents/GitHub/VR/VR/Intermediate/Shaders/WorkingDirectory/31132/).
[2017.07.24-19.41.09:401][  0]LogShaderCompilers: Cleaned the shader compiler working directory 'C:/Users/scott/AppData/Local/Temp/UnrealShaderWorkingDir/51A9F365434C348BBC31BC8B072BE3FA/'.
[2017.07.24-19.41.09:401][  0]LogShaderCompilers:Display: Using Local Shader Compiler.
[2017.07.24-19.41.11:592][  0]LogTemp:Display: Loaded TP AllDesktopTargetPlatform
[2017.07.24-19.41.11:668][  0]LogTemp:Display: Loaded TP MacClientTargetPlatform
[2017.07.24-19.41.11:730][  0]LogTemp:Display: Loaded TP MacNoEditorTargetPlatform
[2017.07.24-19.41.11:789][  0]LogTemp:Display: Loaded TP MacServerTargetPlatform
[2017.07.24-19.41.11:856][  0]LogTemp:Display: Loaded TP MacTargetPlatform
[2017.07.24-19.41.11:912][  0]LogTemp:Display: Loaded TP WindowsClientTargetPlatform
[2017.07.24-19.41.11:969][  0]LogTemp:Display: Loaded TP WindowsNoEditorTargetPlatform
[2017.07.24-19.41.12:018][  0]LogTemp:Display: Loaded TP WindowsServerTargetPlatform
[2017.07.24-19.41.12:095][  0]LogTemp:Display: Loaded TP WindowsTargetPlatform
[2017.07.24-19.41.12:159][  0]LogTemp:Display: Loaded TP AndroidTargetPlatform
[2017.07.24-19.41.12:220][  0]LogTemp:Display: Loaded TP Android_ASTCTargetPlatform
[2017.07.24-19.41.12:283][  0]LogTemp:Display: Loaded TP Android_ATCTargetPlatform
[2017.07.24-19.41.12:343][  0]LogTemp:Display: Loaded TP Android_DXTTargetPlatform
[2017.07.24-19.41.12:394][  0]LogTemp:Display: Loaded TP Android_ETC1TargetPlatform
[2017.07.24-19.41.12:448][  0]LogTemp:Display: Loaded TP Android_ETC2TargetPlatform
[2017.07.24-19.41.12:546][  0]LogTemp:Display: Loaded TP Android_MultiTargetPlatform
[2017.07.24-19.41.12:546][  0]LogTemp:Display: Loaded TP Android_PVRTCTargetPlatform
[2017.07.24-19.41.12:595][  0]LogTemp:Display: Loaded TP HTML5TargetPlatform
[2017.07.24-19.41.12:688][  0]LogTemp:Display: Loaded TP IOSTargetPlatform
[2017.07.24-19.41.12:721][  0]LogTemp:Display: Loaded TP TVOSTargetPlatform
[2017.07.24-19.41.12:774][  0]LogTemp:Display: Loaded TP LinuxClientTargetPlatform
[2017.07.24-19.41.12:833][  0]LogTemp:Display: Loaded TP LinuxNoEditorTargetPlatform
[2017.07.24-19.41.12:896][  0]LogTemp:Display: Loaded TP LinuxServerTargetPlatform
[2017.07.24-19.41.12:962][  0]LogTemp:Display: Loaded TP LinuxTargetPlatform
[2017.07.24-19.41.12:962][  0]LogTargetPlatformManager:Display: Building Assets For Windows
[2017.07.24-19.41.13:561][  0]LogDerivedDataCache:Display: Max Cache Size: 512 MB
[2017.07.24-19.41.13:668][  0]LogDerivedDataCache: Loaded boot cache 0.11s 103MB C:/Users/scott/AppData/Local/UnrealEngine/4.16/DerivedDataCache/Boot.ddc.
[2017.07.24-19.41.13:669][  0]LogDerivedDataCache:Display: Loaded Boot cache: C:/Users/scott/AppData/Local/UnrealEngine/4.16/DerivedDataCache/Boot.ddc
[2017.07.24-19.41.13:669][  0]LogDerivedDataCache: FDerivedDataBackendGraph:  Pak pak cache file ../../../../../../Users/scott/Documents/GitHub/VR/VR/DerivedDataCache/DDC.ddp not found, will not use a pak cache.
[2017.07.24-19.41.13:669][  0]LogDerivedDataCache: Unable to find inner node Pak for hierarchical cache Hierarchy.
[2017.07.24-19.41.13:669][  0]LogDerivedDataCache: FDerivedDataBackendGraph:  CompressedPak pak cache file ../../../../../../Users/scott/Documents/GitHub/VR/VR/DerivedDataCache/Compressed.ddp not found, will not use a pak cache.
[2017.07.24-19.41.13:669][  0]LogDerivedDataCache: Unable to find inner node CompressedPak for hierarchical cache Hierarchy.
[2017.07.24-19.41.13:685][  0]LogDerivedDataCache:Display: Pak cache opened for reading ../../../Engine/DerivedDataCache/Compressed.ddp.
[2017.07.24-19.41.13:697][  0]LogDerivedDataCache: Using Local data cache path C:/Users/scott/AppData/Local/UnrealEngine/Common/DerivedDataCache: Writable
[2017.07.24-19.41.13:707][  0]LogMaterial: Verifying Global Shaders for PCD3D_SM5
[2017.07.24-19.41.13:707][  0]LogSlate: Using Freetype 2.6.0
[2017.07.24-19.41.13:707][  0]LogSlate: SlateFontCache - WITH_FREETYPE: 1, WITH_HARFBUZZ: 1
[2017.07.24-19.41.13:707][  0]LogSlate: SlateFontCache - WITH_FREETYPE: 1, WITH_HARFBUZZ: 1
[2017.07.24-19.41.14:005][  0]LogInit: Selected Device Profile: [Windows]
[2017.07.24-19.41.14:103][  0]LogContentStreaming: Texture pool size is 0.00 MB
[2017.07.24-19.41.14:258][  0]LogMeshUtilities: Using QuadricMeshReduction for automatic static mesh reduction
[2017.07.24-19.41.14:310][  0]LogSimplygon: Simplygon DLL not present - disabling.
[2017.07.24-19.41.14:356][  0]LogMeshUtilities: Using SimplygonSwarm for distributed automatic mesh merging
[2017.07.24-19.41.14:356][  0]LogMeshUtilities: No automatic skeletal mesh reduction module available
[2017.07.24-19.41.14:356][  0]LogMeshUtilities: No automatic mesh merging module available
[2017.07.24-19.41.14:955][  0]LogNetVersion: VR , NetCL: 3452394, EngineNetVer: 2, GameNetVer: 0 (Checksum: 1895307458)
[2017.07.24-19.41.15:014][  0]LogAssetRegistry: FAssetRegistry took 0.0252 seconds to start up
[2017.07.24-19.41.15:102][  0]LogPackageLocalizationCache: Processed 4 localized package path(s) for 2 prioritized culture(s) in 0.059992 seconds
[2017.07.24-19.41.15:108][  0]LogUObjectArray: 34194 objects as part of root set at end of initial load.
[2017.07.24-19.41.15:108][  0]LogUObjectAllocator: 7260416 out of 0 bytes used by permanent object pool.
[2017.07.24-19.41.15:108][  0]LogUObjectArray: CloseDisregardForGC: 0/0 objects in disregard for GC pool
[2017.07.24-19.41.15:182][  0]LogInit: WinSock: version 1.1 (2.2), MaxSocks=32767, MaxUdp=65467
[2017.07.24-19.41.17:548][  0]LogTcpMessaging: Initializing TcpMessaging bridge
[2017.07.24-19.41.17:585][  0]LogUdpMessaging: Initializing bridge on interface 0.0.0.0:0 to multicast group 230.0.0.1:6666.
[2017.07.24-19.41.18:080][  0]LogMaterial: Uniform references updated for custom material expression Custom.
[2017.07.24-19.41.18:474][  0]SourceControl: Info Source control is disabled
[2017.07.24-19.41.18:597][  0]SourceControl: Info Source control is disabled
[2017.07.24-19.41.18:641][  0]SourceControl: Info Source control is disabled
[2017.07.24-19.41.18:684][  0]SourceControl: Info Source control is disabled
[2017.07.24-19.41.19:317][  0]LogAndroidPermission: UAndroidPermissionCallbackProxy::GetInstance
[2017.07.24-19.41.19:856][  0]LogEngine: Initializing Engine...
[2017.07.24-19.41.25:719][  0]LogHMD: Failed to initialize OpenVR with code 108
[2017.07.24-19.41.25:719][  0]LogHMD: Oculus plugin initialized. Version: 4.16.2-3514769+++UE4+Release-4.16, LibOVR: 1.16.0, SDK: 1.12.0, built Jun 29 2017, 02:10:56
[2017.07.24-19.41.25:924][  0]LogStats: UGameplayTagsManager::ConstructGameplayTagTree: Construct from data asset -  0.000 s
[2017.07.24-19.41.25:924][  0]LogStats: UGameplayTagsManager::ConstructGameplayTagTree: GameplayTagTreeChangedEvent.Broadcast -  0.000 s
[2017.07.24-19.41.26:084][  0]LogAIModule: Creating AISystem for world Untitled
[2017.07.24-19.41.26:103][  0]LogInit: XAudio2 using 'Main Speakers (Realtek High Definition Audio)' : 2 channels at 48 kHz using 32 bits per sample (channel mask 0x3)
[2017.07.24-19.41.26:132][  0]LogInit: FAudioDevice initialized.
[2017.07.24-19.41.26:187][  0]LogDerivedDataCache: Saved boot cache 0.06s 103MB C:/Users/scott/AppData/Local/UnrealEngine/4.16/DerivedDataCache/Boot.ddc.
[2017.07.24-19.41.26:201][  0]LogInit: Texture streaming: Enabled
[2017.07.24-19.41.26:315][  0]LogEngineSessionManager: EngineSessionManager initialized
[2017.07.24-19.41.26:561][  0]LogInit: Transaction tracking system initialized
[2017.07.24-19.41.26:915][  0]BlueprintLog: New page: Editor Load
[2017.07.24-19.41.27:896][  0]LocalizationService: Info Localization service is disabled
[2017.07.24-19.41.28:816][  0]LogConsoleResponse:Display: 
[2017.07.24-19.41.28:967][  0]LogCook:Display: Max memory allowance for cook 16384mb min free memory 0mb
[2017.07.24-19.41.28:967][  0]LogCook:Display: Mobile HDR setting 1
[2017.07.24-19.41.29:101][  0]LogFileCache: Scanning file cache for directory 'C:/Users/scott/Documents/GitHub/VR/VR/Content/' took 0.02s
[2017.07.24-19.41.29:940][  0]SourceControl: Info Source control is disabled
[2017.07.24-19.41.29:940][  0]Cmd: MAP LOAD FILE="../../../../../../Users/scott/Documents/GitHub/VR/VR/Content/Scenes/Prototype.umap" TEMPLATE=0 SHOWPROGRESS=1 FEATURELEVEL=3
[2017.07.24-19.41.29:941][  0]LightingResults: New page: Lighting Build
[2017.07.24-19.41.29:980][  0]MapCheck: New page: Map Check
[2017.07.24-19.41.29:980][  0]LightingResults: New page: Lighting Build
[2017.07.24-19.41.30:789][  0]LogAIModule: Creating AISystem for world Prototype
[2017.07.24-19.41.30:802][  0]LogEditorServer: Finished looking for orphan Actors (0.000 secs)
[2017.07.24-19.41.30:820][  0]Cmd: MAP CHECKDEP NOCLEARLOG
[2017.07.24-19.41.30:877][  0]MapCheck: Info Map check complete: 0 Error(s), 0 Warning(s), took 57.236ms to complete.
[2017.07.24-19.41.30:877][  0]LogFileHelpers: Loading map 'Prototype' took 0.937
[2017.07.24-19.41.31:035][  0]LogCollectionManager: Loaded 0 collections in 0.001428 seconds
[2017.07.24-19.41.31:120][  0]LogFileCache: Scanning file cache for directory 'C:/Users/scott/Documents/GitHub/VR/VR/Saved/Collections/' took 0.01s
[2017.07.24-19.41.31:120][  0]LogFileCache: Scanning file cache for directory 'C:/Users/scott/Documents/GitHub/VR/VR/Content/Developers/scott/Collections/' took 0.01s
[2017.07.24-19.41.31:120][  0]LogFileCache: Scanning file cache for directory 'C:/Users/scott/Documents/GitHub/VR/VR/Content/Collections/' took 0.01s
[2017.07.24-19.41.31:120][  0]LogCollectionManager: Rebuilt the GUID cache for 0 collections in 0.000001 seconds
[2017.07.24-19.41.31:128][  0]LogContentBrowser: Native class hierarchy populated in 0.0082 seconds. Added 2329 classes and 491 folders.
[2017.07.24-19.41.31:190][  0]LogContentBrowser: Native class hierarchy updated for 'WidgetCarousel' in 0.0008 seconds. Added 0 classes and 0 folders.
[2017.07.24-19.41.31:305][  0]LogContentBrowser: Native class hierarchy updated for 'AddContentDialog' in 0.0010 seconds. Added 0 classes and 0 folders.
[2017.07.24-19.41.31:369][  0]LogContentBrowser: Native class hierarchy updated for 'SceneOutliner' in 0.0009 seconds. Added 1 classes and 2 folders.
[2017.07.24-19.41.31:406][  0]LogCrashTracker: Crashtracker disabled due to settings.
[2017.07.24-19.41.31:413][  0]LogSlate: Took 0.000192 seconds to synchronously load lazily loaded font '../../../Engine/Content/Slate/Fonts/Roboto-Regular.ttf' (155K)
[2017.07.24-19.41.31:415][  0]LogSlate: Took 0.000214 seconds to synchronously load lazily loaded font '../../../Engine/Content/Slate/Fonts/Roboto-Bold.ttf' (160K)
[2017.07.24-19.41.31:421][  0]LogSlate: Took 0.001393 seconds to synchronously load lazily loaded font '../../../Engine/Content/Editor/Slate/Fonts/FontAwesome.ttf' (139K)
[2017.07.24-19.41.31:521][  0]LogRenderer: Reallocating scene render targets to support 1616x808 NumSamples 1 (Frame:1).
[2017.07.24-19.41.31:664][  0]LogUObjectGlobals:Warning: Failed to find object 'Class None.'
[2017.07.24-19.41.31:729][  0]LogContentBrowser: Native class hierarchy updated for 'HierarchicalLODOutliner' in 0.0010 seconds. Added 1 classes and 2 folders.
[2017.07.24-19.41.31:729][  0]LogLoad: (Engine Initialization) Total time: 26.67 seconds
[2017.07.24-19.41.31:729][  0]LogLoad: (Engine Initialization) Total Blueprint compile time: 0.19 seconds
[2017.07.24-19.41.31:729][  0]LogExternalProfiler: No external profilers were discovered.  External profiling features will not be available.
[2017.07.24-19.41.32:068][  0]LogOcInput: OculusInput pre-init called
[2017.07.24-19.41.32:079][  0]LogOcInput: OculusInput is initialized. Init status 0. Runtime version: 1.16.0
[2017.07.24-19.41.32:079][  0]LogHMD: Starting GearVRController plugin
[2017.07.24-19.41.32:101][  0]LogContentStreaming: Texture pool size now 600 MB
[2017.07.24-19.41.32:411][  1]LogAssetRegistry: Asset discovery search completed in 17.4189 seconds
[2017.07.24-19.41.32:413][  1]LogCollectionManager: Rebuilt the object cache for 0 collections in 0.000001 seconds (found 0 objects)
[2017.07.24-19.41.32:413][  1]LogCollectionManager: Fixed up redirectors for 0 collections in 0.000024 seconds (updated 0 objects)
[2017.07.24-19.41.54:120][411]LogEditorViewport: Clicking on Actor (LMB): StaticMeshActor (SM_Env_Rock_102)
[2017.07.24-19.41.58:653][821]LogEditorViewport: Clicking on Actor (LMB): StaticMeshActor (SM_Env_Rock_75)
[2017.07.24-19.42.05:339][460]LogEditorViewport: Clicking on Actor (LMB): StaticMeshActor (SM_Env_Rock_77)
[2017.07.24-19.42.11:659][ 33]LogEditorViewport: Clicking on Actor (LMB): StaticMeshActor (SM_Env_Rock_73)
[2017.07.24-19.42.18:247][662]LogEditorViewport: Clicking on Actor (LMB): StaticMeshActor (SM_Env_Rock_70)
[2017.07.24-19.42.50:981][911]LogSlate: Took 0.002500 seconds to synchronously load lazily loaded font '../../../Engine/Content/Slate/Fonts/Roboto-Light.ttf' (159K)
[2017.07.24-19.42.50:991][911]Cmd: OBJ SAVEPACKAGE PACKAGE="/Game/Scenes/Prototype" FILE="../../../../../../Users/scott/Documents/GitHub/VR/VR/Content/Scenes/Prototype.umap" SILENT=true AUTOSAVING=false KEEPDIRTY=false
[2017.07.24-19.42.51:232][911]LogSavePackage: Save=186.05ms
[2017.07.24-19.42.51:232][911]LogSavePackage: Moving '../../../../../../Users/scott/Documents/GitHub/VR/VR/Saved/PrototypeC26479B3403F66B79B0AFFB9B22828D5.tmp' to '../../../../../../Users/scott/Documents/GitHub/VR/VR/Content/Scenes/Prototype.umap'
[2017.07.24-19.42.51:238][911]LogSavePackage:Display: Finished SavePackage ../../../../../../Users/scott/Documents/GitHub/VR/VR/Content/Scenes/Prototype.umap
[2017.07.24-19.42.51:260][911]Cmd: OBJ SAVEPACKAGE PACKAGE="/Game/Scenes/Prototype_BuiltData" FILE="../../../../../../Users/scott/Documents/GitHub/VR/VR/Content/Scenes/Prototype_BuiltData.uasset" SILENT=true
[2017.07.24-19.42.51:719][911]LogSavePackage: Save=384.37ms
[2017.07.24-19.42.51:719][911]LogSavePackage: Moving '../../../../../../Users/scott/Documents/GitHub/VR/VR/Saved/Prototype_BuiltData55119F32429D503697B3008442B326D3.tmp' to '../../../../../../Users/scott/Documents/GitHub/VR/VR/Content/Scenes/Prototype_BuiltData.uasset'
[2017.07.24-19.42.51:722][911]LogSavePackage:Display: Finished SavePackage ../../../../../../Users/scott/Documents/GitHub/VR/VR/Content/Scenes/Prototype_BuiltData.uasset
[2017.07.24-19.56.56:539][192]LogFactory: FactoryCreateFile: StaticMesh with FbxFactory (0 0 D:\Work\Game Projects\VR 2017\Exported Assets\Weapons\SK_MachineGun.FBX)
[2017.07.24-19.56.56:562][192]LogFbx: ItemName: GlobalSettings, ItemCount : 1
[2017.07.24-19.56.56:562][192]LogFbx: ItemName: AnimationStack, ItemCount : 1
[2017.07.24-19.56.56:562][192]LogFbx: ItemName: AnimationLayer, ItemCount : 1
[2017.07.24-19.56.56:562][192]LogFbx: ItemName: Model, ItemCount : 3
[2017.07.24-19.56.56:562][192]LogFbx: ItemName: Geometry, ItemCount : 1
[2017.07.24-19.56.56:562][192]LogFbx: ItemName: Material, ItemCount : 3
[2017.07.24-19.56.56:562][192]LogFbx: ItemName: NodeAttribute, ItemCount : 2
[2017.07.24-19.56.56:562][192]LogFbx: ItemName: Deformer, ItemCount : 3
[2017.07.24-19.56.56:562][192]LogFbx: ItemName: Pose, ItemCount : 1
[2017.07.24-19.56.56:568][192]LogFbx: Loading FBX Scene from D:\Work\Game Projects\VR 2017\Exported Assets\Weapons\SK_MachineGun.FBX
[2017.07.24-19.56.56:577][192]LogFbx: FBX Scene Loaded Succesfully
[2017.07.24-19.57.00:627][192]LogSlate: Took 0.000199 seconds to synchronously load lazily loaded font '../../../Engine/Content/Slate/Fonts/Roboto-Light.ttf' (159K)
[2017.07.24-19.57.11:593][192]LogFbx: Loading FBX Scene from D:\Work\Game Projects\VR 2017\Exported Assets\Weapons\SK_MachineGun.FBX
[2017.07.24-19.57.11:602][192]LogFbx: FBX Scene Loaded Succesfully
[2017.07.24-19.57.11:604][192]LogFbx: =================================================
[2017.07.24-19.57.11:604][192]LogFbx: Dumping Node START [SK_MachineGun] 
[2017.07.24-19.57.11:604][192]LogFbx: 	Total Deformer Count 1536548576.
[2017.07.24-19.57.11:604][192]LogFbx: 		[Node 1]  (Type Skin).
[2017.07.24-19.57.11:604][192]LogFbx: =================================================
[2017.07.24-19.57.11:604][192]LogFbx: 	Attribute () Type (4).
[2017.07.24-19.57.11:604][192]LogFbx: 		[Node Attribute Child 1] SK_MachineGun (Type Mesh).
[2017.07.24-19.57.11:604][192]LogFbx: Dumping Node END [SK_MachineGun]
[2017.07.24-19.57.11:604][192]LogFbx: =================================================
[2017.07.24-19.57.11:604][192]LogFbx: Dumping Node START [SK_MachineGun] 
[2017.07.24-19.57.11:604][192]LogFbx: 	Total Deformer Count 1536548576.
[2017.07.24-19.57.11:604][192]LogFbx: 		[Node 1]  (Type Skin).
[2017.07.24-19.57.11:604][192]LogFbx: =================================================
[2017.07.24-19.57.11:604][192]LogFbx: 	Attribute () Type (4).
[2017.07.24-19.57.11:604][192]LogFbx: 		[Node Attribute Child 1] SK_MachineGun (Type Mesh).
[2017.07.24-19.57.11:604][192]LogFbx: Dumping Node END [SK_MachineGun]
[2017.07.24-19.57.11:606][192]LogFbx: Valid bind pose for Pose (BIND_POSES) - SK_MachineGun
[2017.07.24-19.57.11:607][192]LogLinker: Can't find file '/Game/Art/Prototype/Weapons/Machine_Gun/Skeletal/03_-_Default'
[2017.07.24-19.57.11:607][192]LogLinker: Can't find file '/Game/Art/Prototype/Weapons/Machine_Gun/Skeletal/03_-_Default'
[2017.07.24-19.57.11:608][192]LogMaterial:Warning: Material /Game/Art/Prototype/Weapons/Machine_Gun/Skeletal/03_-_Default.03_-_Default needed to have new flag set bUsedWithSkeletalMesh !
[2017.07.24-19.57.11:611][192]LogMaterial: Missing cached shader map for material 03_-_Default, compiling. 
[2017.07.24-19.57.11:666][192]LogMaterial: Missing cached shader map for material 03_-_Default, compiling. 
[2017.07.24-19.57.11:696][192]LogLinker: Can't find file '/Game/Art/Prototype/Weapons/Machine_Gun/Skeletal/02_-_Default'
[2017.07.24-19.57.11:696][192]LogLinker: Can't find file '/Game/Art/Prototype/Weapons/Machine_Gun/Skeletal/02_-_Default'
[2017.07.24-19.57.11:696][192]LogMaterial:Warning: Material /Game/Art/Prototype/Weapons/Machine_Gun/Skeletal/02_-_Default.02_-_Default needed to have new flag set bUsedWithSkeletalMesh !
[2017.07.24-19.57.11:700][192]LogMaterial: Missing cached shader map for material 02_-_Default, compiling. 
[2017.07.24-19.57.11:732][192]LogMaterial: Missing cached shader map for material 02_-_Default, compiling. 
[2017.07.24-19.57.11:759][192]LogLinker: Can't find file '/Game/Art/Prototype/Weapons/Machine_Gun/Skeletal/01_-_Default'
[2017.07.24-19.57.11:759][192]LogLinker: Can't find file '/Game/Art/Prototype/Weapons/Machine_Gun/Skeletal/01_-_Default'
[2017.07.24-19.57.11:760][192]LogMaterial:Warning: Material /Game/Art/Prototype/Weapons/Machine_Gun/Skeletal/01_-_Default.01_-_Default needed to have new flag set bUsedWithSkeletalMesh !
[2017.07.24-19.57.11:764][192]LogMaterial: Missing cached shader map for material 01_-_Default, compiling. 
[2017.07.24-19.57.11:794][192]LogMaterial: Missing cached shader map for material 01_-_Default, compiling. 
[2017.07.24-19.57.11:838][192]LogFbx:Warning: Bones digested - 2  Depth of hierarchy - 2
[2017.07.24-19.57.11:870][192]LogSkeletalMesh: Section 0: 188 vertices, 1 active bones
[2017.07.24-19.57.11:870][192]LogSkeletalMesh: Section 1: 577 vertices, 2 active bones
[2017.07.24-19.57.11:870][192]LogSkeletalMesh: Section 2: 156 vertices, 1 active bones
[2017.07.24-19.57.11:871][192]LogSkeletalMesh: Section 0: Material=0, 272 triangles
[2017.07.24-19.57.11:871][192]LogSkeletalMesh: Section 1: Material=1, 772 triangles
[2017.07.24-19.57.11:871][192]LogSkeletalMesh: Section 2: Material=2, 120 triangles
[2017.07.24-19.57.11:872][192]LogLinker: Can't find file '/Game/Art/Prototype/Weapons/Machine_Gun/Skeletal/SK_MachineGun_Skeleton'
[2017.07.24-19.57.11:872][192]LogLinker: Can't find file '/Game/Art/Prototype/Weapons/Machine_Gun/Skeletal/SK_MachineGun_Skeleton'
[2017.07.24-19.57.11:877][192]LogLinker: Can't find file '/Game/Art/Prototype/Weapons/Machine_Gun/Skeletal/SK_MachineGun_PhysicsAsset'
[2017.07.24-19.57.11:877][192]LogLinker: Can't find file '/Game/Art/Prototype/Weapons/Machine_Gun/Skeletal/SK_MachineGun_PhysicsAsset'
[2017.07.24-19.57.11:896][192]FBXImport:Warning: Warning No smoothing group information was found in this FBX scene.  Please make sure to enable the 'Export Smoothing Groups' option in the FBX Exporter plug-in before exporting the file.  Even for tools that don't support smoothing groups, the FBX Exporter will generate appropriate smoothing data at export-time so that correct vertex normals can be inferred while importing. 
[2017.07.24-19.57.24:036][  5]LogFileHelpers: Editor autosave (incl. sublevels) for '/Game/Scenes/Prototype' took 0.013
[2017.07.24-19.57.24:040][  5]OBJ SavePackage: Generating thumbnails for [1] asset(s) in package [/Game/Art/Prototype/Weapons/Machine_Gun/Skeletal/SK_MachineGun] ([1] browsable assets)...
[2017.07.24-19.57.24:051][  5]OBJ SavePackage:     Rendered thumbnail for [SkeletalMesh /Game/Art/Prototype/Weapons/Machine_Gun/Skeletal/SK_MachineGun.SK_MachineGun]
[2017.07.24-19.57.24:051][  5]OBJ SavePackage: Finished generating thumbnails for package [/Game/Art/Prototype/Weapons/Machine_Gun/Skeletal/SK_MachineGun]
[2017.07.24-19.57.24:066][  5]LogSavePackage: Save=12.81ms
[2017.07.24-19.57.24:066][  5]LogSavePackage: Moving '../../../../../../Users/scott/Documents/GitHub/VR/VR/Saved/SK_MachineGun_Auto11C9DB9384778994DEFD51AB8EBCB8172.tmp' to '../../../../../../Users/scott/Documents/GitHub/VR/VR/Saved/Autosaves/Game/Art/Prototype/Weapons/Machine_Gun/Skeletal/SK_MachineGun_Auto1.uasset'
[2017.07.24-19.57.24:069][  5]LogSavePackage:Display: Finished SavePackage ../../../../../../Users/scott/Documents/GitHub/VR/VR/Saved/Autosaves/Game/Art/Prototype/Weapons/Machine_Gun/Skeletal/SK_MachineGun_Auto1.uasset
[2017.07.24-19.57.24:071][  5]OBJ SavePackage: Generating thumbnails for [1] asset(s) in package [/Game/Art/Prototype/Weapons/Machine_Gun/Skeletal/03_-_Default] ([1] browsable assets)...
[2017.07.24-19.57.24:079][  5]OBJ SavePackage:     Rendered thumbnail for [Material /Game/Art/Prototype/Weapons/Machine_Gun/Skeletal/03_-_Default.03_-_Default]
[2017.07.24-19.57.24:079][  5]OBJ SavePackage: Finished generating thumbnails for package [/Game/Art/Prototype/Weapons/Machine_Gun/Skeletal/03_-_Default]
[2017.07.24-19.57.24:093][  5]LogSavePackage: Save=11.34ms
[2017.07.24-19.57.24:093][  5]LogSavePackage: Moving '../../../../../../Users/scott/Documents/GitHub/VR/VR/Saved/03_-_Default_Auto1B4CB7F2C421C9328E9DF10BBDF9D2C1F.tmp' to '../../../../../../Users/scott/Documents/GitHub/VR/VR/Saved/Autosaves/Game/Art/Prototype/Weapons/Machine_Gun/Skeletal/03_-_Default_Auto1.uasset'
[2017.07.24-19.57.24:097][  5]LogSavePackage:Display: Finished SavePackage ../../../../../../Users/scott/Documents/GitHub/VR/VR/Saved/Autosaves/Game/Art/Prototype/Weapons/Machine_Gun/Skeletal/03_-_Default_Auto1.uasset
[2017.07.24-19.57.24:098][  5]OBJ SavePackage: Generating thumbnails for [1] asset(s) in package [/Game/Art/Prototype/Weapons/Machine_Gun/Skeletal/02_-_Default] ([1] browsable assets)...
[2017.07.24-19.57.24:107][  5]OBJ SavePackage:     Rendered thumbnail for [Material /Game/Art/Prototype/Weapons/Machine_Gun/Skeletal/02_-_Default.02_-_Default]
[2017.07.24-19.57.24:107][  5]OBJ SavePackage: Finished generating thumbnails for package [/Game/Art/Prototype/Weapons/Machine_Gun/Skeletal/02_-_Default]
[2017.07.24-19.57.24:120][  5]LogSavePackage: Save=10.69ms
[2017.07.24-19.57.24:120][  5]LogSavePackage: Moving '../../../../../../Users/scott/Documents/GitHub/VR/VR/Saved/02_-_Default_Auto10D840F964CB15D676FE05381D4A06814.tmp' to '../../../../../../Users/scott/Documents/GitHub/VR/VR/Saved/Autosaves/Game/Art/Prototype/Weapons/Machine_Gun/Skeletal/02_-_Default_Auto1.uasset'
[2017.07.24-19.57.24:123][  5]LogSavePackage:Display: Finished SavePackage ../../../../../../Users/scott/Documents/GitHub/VR/VR/Saved/Autosaves/Game/Art/Prototype/Weapons/Machine_Gun/Skeletal/02_-_Default_Auto1.uasset
[2017.07.24-19.57.24:125][  5]OBJ SavePackage: Generating thumbnails for [1] asset(s) in package [/Game/Art/Prototype/Weapons/Machine_Gun/Skeletal/01_-_Default] ([1] browsable assets)...
[2017.07.24-19.57.24:133][  5]OBJ SavePackage:     Rendered thumbnail for [Material /Game/Art/Prototype/Weapons/Machine_Gun/Skeletal/01_-_Default.01_-_Default]
[2017.07.24-19.57.24:133][  5]OBJ SavePackage: Finished generating thumbnails for package [/Game/Art/Prototype/Weapons/Machine_Gun/Skeletal/01_-_Default]
[2017.07.24-19.57.24:147][  5]LogSavePackage: Save=11.32ms
[2017.07.24-19.57.24:147][  5]LogSavePackage: Moving '../../../../../../Users/scott/Documents/GitHub/VR/VR/Saved/01_-_Default_Auto1F72C4DDD4D2DADA90E4E608E02A3D8C8.tmp' to '../../../../../../Users/scott/Documents/GitHub/VR/VR/Saved/Autosaves/Game/Art/Prototype/Weapons/Machine_Gun/Skeletal/01_-_Default_Auto1.uasset'
[2017.07.24-19.57.24:151][  5]LogSavePackage:Display: Finished SavePackage ../../../../../../Users/scott/Documents/GitHub/VR/VR/Saved/Autosaves/Game/Art/Prototype/Weapons/Machine_Gun/Skeletal/01_-_Default_Auto1.uasset
[2017.07.24-19.57.24:153][  5]OBJ SavePackage: Generating thumbnails for [0] asset(s) in package [/Game/Art/Prototype/Weapons/Machine_Gun/Skeletal/SK_MachineGun_Skeleton] ([1] browsable assets)...
[2017.07.24-19.57.24:153][  5]OBJ SavePackage: Finished generating thumbnails for package [/Game/Art/Prototype/Weapons/Machine_Gun/Skeletal/SK_MachineGun_Skeleton]
[2017.07.24-19.57.24:160][  5]LogSavePackage: Save=3.23ms
[2017.07.24-19.57.24:160][  5]LogSavePackage: Moving '../../../../../../Users/scott/Documents/GitHub/VR/VR/Saved/SK_MachineGun_Skeleton_Auto1346BF3CC472F6ECCF7FC2790CA134AD0.tmp' to '../../../../../../Users/scott/Documents/GitHub/VR/VR/Saved/Autosaves/Game/Art/Prototype/Weapons/Machine_Gun/Skeletal/SK_MachineGun_Skeleton_Auto1.uasset'
[2017.07.24-19.57.24:163][  5]LogSavePackage:Display: Finished SavePackage ../../../../../../Users/scott/Documents/GitHub/VR/VR/Saved/Autosaves/Game/Art/Prototype/Weapons/Machine_Gun/Skeletal/SK_MachineGun_Skeleton_Auto1.uasset
[2017.07.24-19.57.24:164][  5]OBJ SavePackage: Generating thumbnails for [0] asset(s) in package [/Game/Art/Prototype/Weapons/Machine_Gun/Skeletal/SK_MachineGun_PhysicsAsset] ([1] browsable assets)...
[2017.07.24-19.57.24:164][  5]OBJ SavePackage: Finished generating thumbnails for package [/Game/Art/Prototype/Weapons/Machine_Gun/Skeletal/SK_MachineGun_PhysicsAsset]
[2017.07.24-19.57.24:172][  5]LogSavePackage: Save=4.68ms
[2017.07.24-19.57.24:172][  5]LogSavePackage: Moving '../../../../../../Users/scott/Documents/GitHub/VR/VR/Saved/SK_MachineGun_PhysicsAsset_Auto1B592DF6042A28A40896F53AB68E30D31.tmp' to '../../../../../../Users/scott/Documents/GitHub/VR/VR/Saved/Autosaves/Game/Art/Prototype/Weapons/Machine_Gun/Skeletal/SK_MachineGun_PhysicsAsset_Auto1.uasset'
[2017.07.24-19.57.24:175][  5]LogSavePackage:Display: Finished SavePackage ../../../../../../Users/scott/Documents/GitHub/VR/VR/Saved/Autosaves/Game/Art/Prototype/Weapons/Machine_Gun/Skeletal/SK_MachineGun_PhysicsAsset_Auto1.uasset
[2017.07.24-19.57.24:175][  5]LogFileHelpers: Auto-saving content packages took 0.137
[2017.07.24-19.57.39:094][635]LogFactory: FactoryCreateFile: StaticMesh with FbxFactory (0 0 D:\Work\Game Projects\VR 2017\Exported Assets\Weapons\Anim_MachineGun_Spin.FBX)
[2017.07.24-19.57.39:102][635]LogFbx: ItemName: GlobalSettings, ItemCount : 1
[2017.07.24-19.57.39:102][635]LogFbx: ItemName: AnimationStack, ItemCount : 1
[2017.07.24-19.57.39:102][635]LogFbx: ItemName: AnimationLayer, ItemCount : 1
[2017.07.24-19.57.39:102][635]LogFbx: ItemName: Model, ItemCount : 3
[2017.07.24-19.57.39:102][635]LogFbx: ItemName: Geometry, ItemCount : 1
[2017.07.24-19.57.39:102][635]LogFbx: ItemName: Material, ItemCount : 3
[2017.07.24-19.57.39:102][635]LogFbx: ItemName: NodeAttribute, ItemCount : 2
[2017.07.24-19.57.39:102][635]LogFbx: ItemName: AnimationCurve, ItemCount : 3
[2017.07.24-19.57.39:102][635]LogFbx: ItemName: AnimationCurveNode, ItemCount : 1
[2017.07.24-19.57.39:102][635]LogFbx: ItemName: Deformer, ItemCount : 3
[2017.07.24-19.57.39:102][635]LogFbx: ItemName: Pose, ItemCount : 1
[2017.07.24-19.57.39:107][635]LogFbx: Loading FBX Scene from D:\Work\Game Projects\VR 2017\Exported Assets\Weapons\Anim_MachineGun_Spin.FBX
[2017.07.24-19.57.39:115][635]LogFbx: FBX Scene Loaded Succesfully
[2017.07.24-19.57.57:921][635]LogFbx: Loading FBX Scene from D:\Work\Game Projects\VR 2017\Exported Assets\Weapons\Anim_MachineGun_Spin.FBX
[2017.07.24-19.57.57:927][635]LogFbx: FBX Scene Loaded Succesfully
[2017.07.24-19.57.57:929][635]LogFbx: =================================================
[2017.07.24-19.57.57:929][635]LogFbx: Dumping Node START [SK_MachineGun] 
[2017.07.24-19.57.57:929][635]LogFbx: 	Total Deformer Count 427620480.
[2017.07.24-19.57.57:929][635]LogFbx: 		[Node 1]  (Type Skin).
[2017.07.24-19.57.57:929][635]LogFbx: =================================================
[2017.07.24-19.57.57:929][635]LogFbx: 	Attribute () Type (4).
[2017.07.24-19.57.57:929][635]LogFbx: 		[Node Attribute Child 1] SK_MachineGun (Type Mesh).
[2017.07.24-19.57.57:929][635]LogFbx: Dumping Node END [SK_MachineGun]
[2017.07.24-19.57.57:929][635]LogFbx: =================================================
[2017.07.24-19.57.57:929][635]LogFbx: Dumping Node START [SK_MachineGun] 
[2017.07.24-19.57.57:929][635]LogFbx: 	Total Deformer Count 427620480.
[2017.07.24-19.57.57:929][635]LogFbx: 		[Node 1]  (Type Skin).
[2017.07.24-19.57.57:929][635]LogFbx: =================================================
[2017.07.24-19.57.57:929][635]LogFbx: 	Attribute () Type (4).
[2017.07.24-19.57.57:929][635]LogFbx: 		[Node Attribute Child 1] SK_MachineGun (Type Mesh).
[2017.07.24-19.57.57:929][635]LogFbx: Dumping Node END [SK_MachineGun]
[2017.07.24-19.57.57:929][635]LogFbx: Valid bind pose for Pose (BIND_POSES) - SK_MachineGun
[2017.07.24-19.57.57:929][635]LogLinker: Can't find file '/Game/Art/Prototype/Weapons/Machine_Gun/Skeletal/Animations/03_-_Default'
[2017.07.24-19.57.57:929][635]LogLinker: Can't find file '/Game/Art/Prototype/Weapons/Machine_Gun/Skeletal/Animations/03_-_Default'
[2017.07.24-19.57.57:930][635]LogMaterial:Warning: Material /Game/Art/Prototype/Weapons/Machine_Gun/Skeletal/Animations/03_-_Default.03_-_Default needed to have new flag set bUsedWithSkeletalMesh !
[2017.07.24-19.57.57:932][635]LogMaterial: Missing cached shader map for material 03_-_Default, compiling. 
[2017.07.24-19.57.57:962][635]LogMaterial: Missing cached shader map for material 03_-_Default, compiling. 
[2017.07.24-19.57.57:992][635]LogLinker: Can't find file '/Game/Art/Prototype/Weapons/Machine_Gun/Skeletal/Animations/02_-_Default'
[2017.07.24-19.57.57:992][635]LogLinker: Can't find file '/Game/Art/Prototype/Weapons/Machine_Gun/Skeletal/Animations/02_-_Default'
[2017.07.24-19.57.57:992][635]LogMaterial:Warning: Material /Game/Art/Prototype/Weapons/Machine_Gun/Skeletal/Animations/02_-_Default.02_-_Default needed to have new flag set bUsedWithSkeletalMesh !
[2017.07.24-19.57.57:995][635]LogMaterial: Missing cached shader map for material 02_-_Default, compiling. 
[2017.07.24-19.57.58:033][635]LogMaterial: Missing cached shader map for material 02_-_Default, compiling. 
[2017.07.24-19.57.58:064][635]LogLinker: Can't find file '/Game/Art/Prototype/Weapons/Machine_Gun/Skeletal/Animations/01_-_Default'
[2017.07.24-19.57.58:065][635]LogLinker: Can't find file '/Game/Art/Prototype/Weapons/Machine_Gun/Skeletal/Animations/01_-_Default'
[2017.07.24-19.57.58:065][635]LogMaterial:Warning: Material /Game/Art/Prototype/Weapons/Machine_Gun/Skeletal/Animations/01_-_Default.01_-_Default needed to have new flag set bUsedWithSkeletalMesh !
[2017.07.24-19.57.58:070][635]LogMaterial: Missing cached shader map for material 01_-_Default, compiling. 
[2017.07.24-19.57.58:103][635]LogMaterial: Missing cached shader map for material 01_-_Default, compiling. 
[2017.07.24-19.57.58:140][635]LogFbx:Warning: Bones digested - 2  Depth of hierarchy - 2
[2017.07.24-19.57.58:164][635]LogSkeletalMesh: Section 0: 188 vertices, 1 active bones
[2017.07.24-19.57.58:164][635]LogSkeletalMesh: Section 1: 577 vertices, 2 active bones
[2017.07.24-19.57.58:164][635]LogSkeletalMesh: Section 2: 156 vertices, 1 active bones
[2017.07.24-19.57.58:165][635]LogSkeletalMesh: Section 0: Material=0, 272 triangles
[2017.07.24-19.57.58:165][635]LogSkeletalMesh: Section 1: Material=1, 772 triangles
[2017.07.24-19.57.58:165][635]LogSkeletalMesh: Section 2: Material=2, 120 triangles
[2017.07.24-19.57.58:166][635]LogLinker: Can't find file '/Game/Art/Prototype/Weapons/Machine_Gun/Skeletal/Animations/Anim_MachineGun_Spin_PhysicsAsset'
[2017.07.24-19.57.58:167][635]LogLinker: Can't find file '/Game/Art/Prototype/Weapons/Machine_Gun/Skeletal/Animations/Anim_MachineGun_Spin_PhysicsAsset'
[2017.07.24-19.57.58:172][635]LogFbx: =================================================
[2017.07.24-19.57.58:172][635]LogFbx: Dumping Node START [SK_MachineGun] 
[2017.07.24-19.57.58:172][635]LogFbx: 	Total Deformer Count 1838629248.
[2017.07.24-19.57.58:172][635]LogFbx: 		[Node 1]  (Type Skin).
[2017.07.24-19.57.58:172][635]LogFbx: =================================================
[2017.07.24-19.57.58:172][635]LogFbx: 	Attribute () Type (4).
[2017.07.24-19.57.58:172][635]LogFbx: 		[Node Attribute Child 1] SK_MachineGun (Type Mesh).
[2017.07.24-19.57.58:172][635]LogFbx: Dumping Node END [SK_MachineGun]
[2017.07.24-19.57.58:172][635]LogFbx: =================================================
[2017.07.24-19.57.58:172][635]LogFbx: Dumping Node START [SK_MachineGun] 
[2017.07.24-19.57.58:172][635]LogFbx: 	Total Deformer Count 1838629248.
[2017.07.24-19.57.58:172][635]LogFbx: 		[Node 1]  (Type Skin).
[2017.07.24-19.57.58:172][635]LogFbx: =================================================
[2017.07.24-19.57.58:172][635]LogFbx: 	Attribute () Type (4).
[2017.07.24-19.57.58:172][635]LogFbx: 		[Node Attribute Child 1] SK_MachineGun (Type Mesh).
[2017.07.24-19.57.58:172][635]LogFbx: Dumping Node END [SK_MachineGun]
[2017.07.24-19.57.58:172][635]LogFbx: SortedLinks :(0) b_Root
[2017.07.24-19.57.58:172][635]LogFbx: SortedLinks :(1) b_Spin
[2017.07.24-19.57.58:173][635]LogFbx: Parsing AnimStack Take 001
[2017.07.24-19.57.58:173][635]LogLinker: Can't find file '/Game/Art/Prototype/Weapons/Machine_Gun/Skeletal/Animations/Anim_MachineGun_Spin_Anim'
[2017.07.24-19.57.58:174][635]LogLinker: Can't find file '/Game/Art/Prototype/Weapons/Machine_Gun/Skeletal/Animations/Anim_MachineGun_Spin_Anim'
[2017.07.24-19.57.58:177][635]LogAnimationCompression: Building Anim DDC data for AnimSequence /Game/Art/Prototype/Weapons/Machine_Gun/Skeletal/Animations/Anim_MachineGun_Spin_Anim.Anim_MachineGun_Spin_Anim
[2017.07.24-19.57.58:184][635]FBXImport:Warning: Warning No smoothing group information was found in this FBX scene.  Please make sure to enable the 'Export Smoothing Groups' option in the FBX Exporter plug-in before exporting the file.  Even for tools that don't support smoothing groups, the FBX Exporter will generate appropriate smoothing data at export-time so that correct vertex normals can be inferred while importing. 
[2017.07.24-19.58.27:700][ 73]LogContentBrowser: Native class hierarchy updated for 'SkeletonEditor' in 0.0010 seconds. Added 1 classes and 2 folders.
[2017.07.24-19.58.27:834][ 73]LogActorComponent: RegisterComponentWithWorld: (/Engine/Transient.World_6:PersistentLevel.Actor_0.DebugSkelMeshComponent_0) Already registered. Aborting.
[2017.07.24-19.58.27:890][ 73]LogSkeletalMesh: USkeletalMeshComponent::InitArticulated : Bodies already created (/Engine/Transient.World_6:PersistentLevel.Actor_0.DebugSkelMeshComponent_0) - call TermArticulated first.
[2017.07.24-19.58.28:125][ 73]LogSlate: Took 0.001703 seconds to synchronously load lazily loaded font '../../../Engine/Content/Editor/Slate/Fonts/Roboto-Italic.ttf' (157K)
[2017.07.24-19.58.28:189][ 73]LogContentBrowser: Native class hierarchy updated for 'ClothingSystemEditorInterface' in 0.0010 seconds. Added 1 classes and 0 folders.
[2017.07.24-19.58.28:194][ 73]LogRenderer: Reallocating scene render targets to support 1616x1248 NumSamples 1 (Frame:1).
[2017.07.24-19.58.43:670][128]LogActorComponent: RegisterComponentWithWorld: (/Engine/Transient.World_7:PersistentLevel.Actor_1.DebugSkelMeshComponent_1) Already registered. Aborting.
[2017.07.24-19.58.43:697][128]LogSkeletalMesh: USkeletalMeshComponent::InitArticulated : Bodies already created (/Engine/Transient.World_7:PersistentLevel.Actor_1.DebugSkelMeshComponent_1) - call TermArticulated first.
[2017.07.24-19.58.43:942][128]LogContentBrowser:Verbose: The majority of assets in the view are of type: AnimSequence
[2017.07.24-19.59.04:350][540]LogActorComponent: RegisterComponentWithWorld: (/Engine/Transient.World_10:PersistentLevel.Actor_2.DebugSkelMeshComponent_4) Already registered. Aborting.
[2017.07.24-19.59.04:387][540]LogSkeletalMesh: USkeletalMeshComponent::InitArticulated : Bodies already created (/Engine/Transient.World_10:PersistentLevel.Actor_2.DebugSkelMeshComponent_4) - call TermArticulated first.
[2017.07.24-19.59.12:545][156]LogContentBrowser: Native class hierarchy updated for 'PhAT' in 0.0010 seconds. Added 2 classes and 3 folders.
[2017.07.24-19.59.12:667][156]LogRenderer: Reallocating scene render targets to support 1616x1284 NumSamples 1 (Frame:1).
[2017.07.24-19.59.35:225][ 47]LogWindows: Windows GetLastError: The operation completed successfully. (0)
[2017.07.24-19.59.35:815][ 47]LogCrashTracker: 


[2017.07.24-19.59.35:815][ 47]LogCrashTracker: 


[2017.07.24-19.59.35:815][ 47]LogWindows:Error: === Critical error: ===
[2017.07.24-19.59.35:815][ 47]LogWindows:Error: 
[2017.07.24-19.59.35:815][ 47]LogWindows:Error: Assertion failed: IsRotationNormalized() [File:d:\build\++ue4+release-4.16+compile\sync\engine\source\runtime\core\public\Math/TransformVectorized.h] [Line: 1334] 
[2017.07.24-19.59.35:815][ 47]LogWindows:Error: 
[2017.07.24-19.59.35:815][ 47]LogWindows:Error: 
[2017.07.24-19.59.35:815][ 47]LogWindows:Error: 
[2017.07.24-19.59.35:815][ 47]LogWindows:Error: KERNELBASE.dll!0x00000000DEE39E08
[2017.07.24-19.59.35:815][ 47]LogWindows:Error: UE4Editor-Core.dll!0x00000000A365AF9E
[2017.07.24-19.59.35:815][ 47]LogWindows:Error: UE4Editor-Core.dll!0x00000000A347243B
[2017.07.24-19.59.35:815][ 47]LogWindows:Error: UE4Editor-Core.dll!0x00000000A34007E9
[2017.07.24-19.59.35:815][ 47]LogWindows:Error: UE4Editor-PhAT.dll!0x000000005B5191D9
[2017.07.24-19.59.35:815][ 47]LogWindows:Error: UE4Editor-UnrealEd.dll!0x000000007FF345CE
[2017.07.24-19.59.35:815][ 47]LogWindows:Error: UE4Editor-UnrealEd.dll!0x000000007F7957A0
[2017.07.24-19.59.35:815][ 47]LogWindows:Error: UE4Editor-PhAT.dll!0x000000005B4F5323
[2017.07.24-19.59.35:815][ 47]LogWindows:Error: UE4Editor-Renderer.dll!0x000000007EE5118C
[2017.07.24-19.59.35:815][ 47]LogWindows:Error: UE4Editor-Renderer.dll!0x000000007E94A815
[2017.07.24-19.59.35:815][ 47]LogWindows:Error: UE4Editor-Renderer.dll!0x000000007EE60BAD
[2017.07.24-19.59.35:815][ 47]LogWindows:Error: UE4Editor-UnrealEd.dll!0x000000007F795338
[2017.07.24-19.59.35:815][ 47]LogWindows:Error: UE4Editor-Engine.dll!0x000000008C51AD6E
[2017.07.24-19.59.35:815][ 47]LogWindows:Error: UE4Editor-UnrealEd.dll!0x000000007F6E6A23
[2017.07.24-19.59.35:815][ 47]LogWindows:Error: UE4Editor-UnrealEd.dll!0x000000007F6E4019
[2017.07.24-19.59.35:815][ 47]LogWindows:Error: UE4Editor-UnrealEd.dll!0x000000007FF08D76
[2017.07.24-19.59.35:815][ 47]LogWindows:Error: UE4Editor.exe!0x00000000EF93E2B2
[2017.07.24-19.59.35:815][ 47]LogWindows:Error: UE4Editor.exe!0x00000000EF92F0B0
[2017.07.24-19.59.35:815][ 47]LogWindows:Error: UE4Editor.exe!0x00000000EF92F12A
[2017.07.24-19.59.35:815][ 47]LogWindows:Error: UE4Editor.exe!0x00000000EF940CF9
[2017.07.24-19.59.35:816][ 47]LogWindows:Error: UE4Editor.exe!0x00000000EF9425F7
[2017.07.24-19.59.35:816][ 47]LogWindows:Error: KERNEL32.DLL!0x00000000E2812774
[2017.07.24-19.59.35:816][ 47]LogWindows:Error: ntdll.dll!0x00000000E2920D51
[2017.07.24-19.59.35:816][ 47]LogWindows:Error: ntdll.dll!0x00000000E2920D51
[2017.07.24-19.59.35:816][ 47]LogWindows:Error: 
[2017.07.24-19.59.35:831][ 47]LogExit: Executing StaticShutdownAfterError
[2017.07.24-19.59.35:846][ 47]LogWindows: FPlatformMisc::RequestExit(1)
[2017.07.24-19.59.35:847][ 47]Log file closed, 07/24/17 20:59:35
