Log file open, 07/25/17 17:28:42
LogInit:Display: Running engine for game: VR
LogPlatformFile: Not using cached read wrapper
LogInit:Display: RandInit(-1194926676) SRandInit(-1194926676).
LogTaskGraph: Started task graph with 5 named threads and 8 total threads with 1 sets of task threads.
LogStats: Stats thread started at 0.109766
LogInit: Using libcurl 7.47.1
LogInit:  - built for x86_64-pc-win32
LogInit:  - supports SSL with OpenSSL/1.0.2g
LogInit:  - supports HTTP deflate (compression) using libz 1.2.8
LogInit:  - other features:
LogInit:      CURL_VERSION_SSL
LogInit:      CURL_VERSION_LIBZ
LogInit:      CURL_VERSION_IPV6
LogInit:      CURL_VERSION_ASYNCHDNS
LogInit:      CURL_VERSION_LARGEFILE
LogInit:      CURL_VERSION_IDN
LogInit:  CurlRequestOptions (configurable via config and command line):
LogInit:  - bVerifyPeer = false  - Libcurl will NOT verify peer certificate
LogInit:  - bUseHttpProxy = false  - Libcurl will NOT use HTTP proxy
LogInit:  - bDontReuseConnections = false  - Libcurl will reuse connections
LogInit:  - CertBundlePath = nullptr  - Libcurl will use whatever was configured at build time.
OCULUS: Info: [CAPI] LibOVR module is located at C:\Program Files\Oculus\Support\oculus-runtime\LibOVRRT64_1.dll
OCULUS: Debug: Connected to the server running version (prod = 1).1.16.0(build = 409268) feature version = 0. Client runs version (prod = 1).1.16.0(build = 409268) feature version = 0
LogHMD: GearVR: Emulating GearVR using Oculus Rift!
LogInit: Build: ++UE4+Release-4.16-CL-3514769
LogInit: Engine Version: 4.16.2-3514769+++UE4+Release-4.16
LogInit: Compatible Engine Version: 4.16.0-3452394+++UE4+Release-4.16
LogInit: Net CL: 3452394
LogDevObjectVersion: Number of dev versions registered: 16
LogDevObjectVersion:   Dev-Blueprints (B0D832E4-1F89-4F0D-ACCF-7EB736FD4AA2): 9
LogDevObjectVersion:   Dev-Build (E1C64328-A22C-4D53-A36C-8E866417BD8C): 0
LogDevObjectVersion:   Dev-Core (375EC13C-06E4-48FB-B500-84F0262A717E): 2
LogDevObjectVersion:   Dev-Editor (E4B068ED-F494-42E9-A231-DA0B2E46BB41): 17
LogDevObjectVersion:   Dev-Framework (CFFC743F-43B0-4480-9391-14DF171D2073): 23
LogDevObjectVersion:   Dev-Mobile (B02B49B5-BB20-44E9-A304-32B752E40360): 0
LogDevObjectVersion:   Dev-Networking (A4E4105C-59A1-49B5-A7C5-40C4547EDFEE): 0
LogDevObjectVersion:   Dev-Online (39C831C9-5AE6-47DC-9A44-9C173E1C8E7C): 0
LogDevObjectVersion:   Dev-Physics (78F01B33-EBEA-4F98-B9B4-84EACCB95AA2): 0
LogDevObjectVersion:   Dev-Platform (6631380F-2D4D-43E0-8009-CF276956A95A): 0
LogDevObjectVersion:   Dev-Rendering (12F88B9F-8875-4AFC-A67C-D90C383ABD29): 15
LogDevObjectVersion:   Dev-Sequencer (7B5AE74C-D270-4C10-A958-57980B212A5A): 4
LogDevObjectVersion:   Dev-VR (D7296918-1DD6-4BDD-9DE2-64A83CC13884): 0
LogDevObjectVersion:   Dev-LoadTimes (C2A15278-BFE7-4AFE-6C17-90FF531DF755): 1
LogDevObjectVersion:   Private-Geometry (6EACA3D4-40EC-4CC1-B786-8BED09428FC5): 1
LogDevObjectVersion:   Dev-AnimPhys (29E575DD-E0A3-4627-9D10-D276232CDCEA): 3
LogInit: Compiled (64-bit): Jun 29 2017 02:03:24
LogInit: Compiled with Visual C++: 19.00.24215.01
LogInit: Build Configuration: Development
LogInit: Branch Name: ++UE4+Release-4.16
LogInit: Command line: -EpicPortal 
LogInit: Base directory: C:/Program Files/Epic Games/UE_4.16/Engine/Binaries/Win64/
LogInit: Installed Engine Build: 1
LogInit: Presizing for max 8388607 objects, including 0 objects not considered by GC, pre-allocating 0 bytes for permanent pool.
LogInit: Object subsystem initialized
[2017.07.25-16.28.43:326][  0]LogInit: Selected Device Profile: [Windows]
[2017.07.25-16.28.43:326][  0]LogInit: Applying CVar settings loaded from the selected device profile: [Windows]
[2017.07.25-16.28.43:334][  0]LogInit: Computer: SCOTTPC
[2017.07.25-16.28.43:334][  0]LogInit: User: scott
[2017.07.25-16.28.43:334][  0]LogInit: CPU Page size=4096, Cores=4
[2017.07.25-16.28.43:334][  0]LogInit: High frequency timer resolution =3.423906 MHz
[2017.07.25-16.28.43:334][  0]LogMemory: Memory total: Physical=15.9GB (16GB approx)
[2017.07.25-16.28.43:334][  0]LogMemory: Platform Memory Stats for Windows
[2017.07.25-16.28.43:334][  0]LogMemory: Process Physical Memory: 277.71 MB used, 277.71 MB peak
[2017.07.25-16.28.43:334][  0]LogMemory: Process Virtual Memory: 264.07 MB used, 264.07 MB peak
[2017.07.25-16.28.43:334][  0]LogMemory: Physical Memory: 6546.46 MB used,  9765.43 MB free, 16311.90 MB total
[2017.07.25-16.28.43:334][  0]LogMemory: Virtual Memory: 676.95 MB used,  9765.43 MB free, 134217728.00 MB total
[2017.07.25-16.28.43:412][  0]LogInit: Using OS detected language (en-GB).
[2017.07.25-16.28.43:412][  0]LogInit: Using OS detected locale (en-GB).
[2017.07.25-16.28.43:414][  0]LogTextLocalizationManager: No specific localization for 'en-GB' exists, so the 'en' localization will be used.
[2017.07.25-16.28.44:245][  0]LogD3D11RHI: D3D11 adapters:
[2017.07.25-16.28.44:285][  0]LogD3D11RHI:    0. 'NVIDIA GeForce GTX 1080' (Feature Level 11_0)
[2017.07.25-16.28.44:285][  0]LogD3D11RHI:       8110/0/8155 MB DedicatedVideo/DedicatedSystem/SharedSystem, Outputs:2, VendorId:0x10de
[2017.07.25-16.28.44:286][  0]LogD3D11RHI:    1. 'Microsoft Basic Render Driver' (Feature Level 11_0)
[2017.07.25-16.28.44:286][  0]LogD3D11RHI:       0/0/8155 MB DedicatedVideo/DedicatedSystem/SharedSystem, Outputs:0, VendorId:0x1414
[2017.07.25-16.28.44:286][  0]LogD3D11RHI: Chosen D3D11 Adapter: 0
[2017.07.25-16.28.44:293][  0]LogD3D11RHI: Creating new Direct3DDevice
[2017.07.25-16.28.44:293][  0]LogD3D11RHI:     GPU DeviceId: 0x1b80 (for the marketing name, search the web for "GPU Device Id")
[2017.07.25-16.28.44:293][  0]LogWindows: EnumDisplayDevices:
[2017.07.25-16.28.44:293][  0]LogWindows:    0. 'NVIDIA GeForce GTX 1080' (P:1 D:1)
[2017.07.25-16.28.44:293][  0]LogWindows:    1. 'NVIDIA GeForce GTX 1080' (P:0 D:1)
[2017.07.25-16.28.44:293][  0]LogWindows:    2. 'NVIDIA GeForce GTX 1080' (P:0 D:0)
[2017.07.25-16.28.44:293][  0]LogWindows:    3. 'NVIDIA GeForce GTX 1080' (P:0 D:0)
[2017.07.25-16.28.44:294][  0]LogWindows: DebugString: FoundDriverCount:4 
[2017.07.25-16.28.44:294][  0]LogD3D11RHI:     Adapter Name: NVIDIA GeForce GTX 1080
[2017.07.25-16.28.44:294][  0]LogD3D11RHI:   Driver Version: 382.05 (internal:22.21.13.8205, unified:382.05)
[2017.07.25-16.28.44:294][  0]LogD3D11RHI:      Driver Date: 5-1-2017
[2017.07.25-16.28.44:294][  0]LogRHI: Texture pool is 1361 MB (70% of 1945 MB)
[2017.07.25-16.28.44:319][  0]LogD3D11RHI: Async texture creation enabled
[2017.07.25-16.28.44:328][  0]LogD3D11RHI: GPU Timing Frequency: 1000.000000 (Debug: 2 1)
[2017.07.25-16.28.44:419][  0]LogShaderCompilers: Guid format shader working directory is -7 characters bigger than the processId version (../../../../../../Users/scott/Documents/GitHub/VR/VR/Intermediate/Shaders/WorkingDirectory/15440/).
[2017.07.25-16.28.44:419][  0]LogShaderCompilers: Cleaned the shader compiler working directory 'C:/Users/scott/AppData/Local/Temp/UnrealShaderWorkingDir/00DF45AB4247EBBE940542A79539E46B/'.
[2017.07.25-16.28.44:419][  0]LogShaderCompilers:Display: Using Local Shader Compiler.
[2017.07.25-16.28.45:370][  0]LogTemp:Display: Loaded TP AllDesktopTargetPlatform
[2017.07.25-16.28.45:419][  0]LogTemp:Display: Loaded TP MacClientTargetPlatform
[2017.07.25-16.28.45:471][  0]LogTemp:Display: Loaded TP MacNoEditorTargetPlatform
[2017.07.25-16.28.45:519][  0]LogTemp:Display: Loaded TP MacServerTargetPlatform
[2017.07.25-16.28.45:566][  0]LogTemp:Display: Loaded TP MacTargetPlatform
[2017.07.25-16.28.45:618][  0]LogTemp:Display: Loaded TP WindowsClientTargetPlatform
[2017.07.25-16.28.45:664][  0]LogTemp:Display: Loaded TP WindowsNoEditorTargetPlatform
[2017.07.25-16.28.45:710][  0]LogTemp:Display: Loaded TP WindowsServerTargetPlatform
[2017.07.25-16.28.45:751][  0]LogTemp:Display: Loaded TP WindowsTargetPlatform
[2017.07.25-16.28.45:794][  0]LogTemp:Display: Loaded TP AndroidTargetPlatform
[2017.07.25-16.28.45:838][  0]LogTemp:Display: Loaded TP Android_ASTCTargetPlatform
[2017.07.25-16.28.45:882][  0]LogTemp:Display: Loaded TP Android_ATCTargetPlatform
[2017.07.25-16.28.45:929][  0]LogTemp:Display: Loaded TP Android_DXTTargetPlatform
[2017.07.25-16.28.45:973][  0]LogTemp:Display: Loaded TP Android_ETC1TargetPlatform
[2017.07.25-16.28.46:016][  0]LogTemp:Display: Loaded TP Android_ETC2TargetPlatform
[2017.07.25-16.28.46:108][  0]LogTemp:Display: Loaded TP Android_MultiTargetPlatform
[2017.07.25-16.28.46:108][  0]LogTemp:Display: Loaded TP Android_PVRTCTargetPlatform
[2017.07.25-16.28.46:143][  0]LogTemp:Display: Loaded TP HTML5TargetPlatform
[2017.07.25-16.28.46:229][  0]LogTemp:Display: Loaded TP IOSTargetPlatform
[2017.07.25-16.28.46:256][  0]LogTemp:Display: Loaded TP TVOSTargetPlatform
[2017.07.25-16.28.46:300][  0]LogTemp:Display: Loaded TP LinuxClientTargetPlatform
[2017.07.25-16.28.46:344][  0]LogTemp:Display: Loaded TP LinuxNoEditorTargetPlatform
[2017.07.25-16.28.46:388][  0]LogTemp:Display: Loaded TP LinuxServerTargetPlatform
[2017.07.25-16.28.46:433][  0]LogTemp:Display: Loaded TP LinuxTargetPlatform
[2017.07.25-16.28.46:433][  0]LogTargetPlatformManager:Display: Building Assets For Windows
[2017.07.25-16.28.46:865][  0]LogDerivedDataCache:Display: Max Cache Size: 512 MB
[2017.07.25-16.28.46:958][  0]LogDerivedDataCache: Loaded boot cache 0.09s 103MB C:/Users/scott/AppData/Local/UnrealEngine/4.16/DerivedDataCache/Boot.ddc.
[2017.07.25-16.28.46:959][  0]LogDerivedDataCache:Display: Loaded Boot cache: C:/Users/scott/AppData/Local/UnrealEngine/4.16/DerivedDataCache/Boot.ddc
[2017.07.25-16.28.46:959][  0]LogDerivedDataCache: FDerivedDataBackendGraph:  Pak pak cache file ../../../../../../Users/scott/Documents/GitHub/VR/VR/DerivedDataCache/DDC.ddp not found, will not use a pak cache.
[2017.07.25-16.28.46:959][  0]LogDerivedDataCache: Unable to find inner node Pak for hierarchical cache Hierarchy.
[2017.07.25-16.28.46:959][  0]LogDerivedDataCache: FDerivedDataBackendGraph:  CompressedPak pak cache file ../../../../../../Users/scott/Documents/GitHub/VR/VR/DerivedDataCache/Compressed.ddp not found, will not use a pak cache.
[2017.07.25-16.28.46:959][  0]LogDerivedDataCache: Unable to find inner node CompressedPak for hierarchical cache Hierarchy.
[2017.07.25-16.28.46:973][  0]LogDerivedDataCache:Display: Pak cache opened for reading ../../../Engine/DerivedDataCache/Compressed.ddp.
[2017.07.25-16.28.46:985][  0]LogDerivedDataCache: Using Local data cache path C:/Users/scott/AppData/Local/UnrealEngine/Common/DerivedDataCache: Writable
[2017.07.25-16.28.46:995][  0]LogMaterial: Verifying Global Shaders for PCD3D_SM5
[2017.07.25-16.28.46:995][  0]LogSlate: Using Freetype 2.6.0
[2017.07.25-16.28.46:995][  0]LogSlate: SlateFontCache - WITH_FREETYPE: 1, WITH_HARFBUZZ: 1
[2017.07.25-16.28.46:995][  0]LogSlate: SlateFontCache - WITH_FREETYPE: 1, WITH_HARFBUZZ: 1
[2017.07.25-16.28.47:275][  0]LogInit: Selected Device Profile: [Windows]
[2017.07.25-16.28.47:341][  0]LogContentStreaming: Texture pool size is 0.00 MB
[2017.07.25-16.28.47:477][  0]LogMeshUtilities: Using QuadricMeshReduction for automatic static mesh reduction
[2017.07.25-16.28.47:517][  0]LogSimplygon: Simplygon DLL not present - disabling.
[2017.07.25-16.28.47:557][  0]LogMeshUtilities: Using SimplygonSwarm for distributed automatic mesh merging
[2017.07.25-16.28.47:557][  0]LogMeshUtilities: No automatic skeletal mesh reduction module available
[2017.07.25-16.28.47:557][  0]LogMeshUtilities: No automatic mesh merging module available
[2017.07.25-16.28.48:033][  0]LogNetVersion: VR , NetCL: 3452394, EngineNetVer: 2, GameNetVer: 0 (Checksum: 1895307458)
[2017.07.25-16.28.48:088][  0]LogAssetRegistry: FAssetRegistry took 0.0250 seconds to start up
[2017.07.25-16.28.48:157][  0]LogPackageLocalizationCache: Processed 4 localized package path(s) for 2 prioritized culture(s) in 0.047205 seconds
[2017.07.25-16.28.48:162][  0]LogUObjectArray: 34194 objects as part of root set at end of initial load.
[2017.07.25-16.28.48:162][  0]LogUObjectAllocator: 7260416 out of 0 bytes used by permanent object pool.
[2017.07.25-16.28.48:162][  0]LogUObjectArray: CloseDisregardForGC: 0/0 objects in disregard for GC pool
[2017.07.25-16.28.48:221][  0]LogInit: WinSock: version 1.1 (2.2), MaxSocks=32767, MaxUdp=65467
[2017.07.25-16.28.50:292][  0]LogTcpMessaging: Initializing TcpMessaging bridge
[2017.07.25-16.28.50:329][  0]LogUdpMessaging: Initializing bridge on interface 0.0.0.0:0 to multicast group 230.0.0.1:6666.
[2017.07.25-16.28.50:792][  0]LogMaterial: Uniform references updated for custom material expression Custom.
[2017.07.25-16.28.51:153][  0]SourceControl: Info Source control is disabled
[2017.07.25-16.28.51:245][  0]SourceControl: Info Source control is disabled
[2017.07.25-16.28.51:291][  0]SourceControl: Info Source control is disabled
[2017.07.25-16.28.51:333][  0]SourceControl: Info Source control is disabled
[2017.07.25-16.28.51:960][  0]LogAndroidPermission: UAndroidPermissionCallbackProxy::GetInstance
[2017.07.25-16.28.52:498][  0]LogEngine: Initializing Engine...
[2017.07.25-16.28.58:254][  0]LogHMD: Failed to initialize OpenVR with code 108
[2017.07.25-16.28.58:254][  0]LogHMD: Oculus plugin initialized. Version: 4.16.2-3514769+++UE4+Release-4.16, LibOVR: 1.16.0, SDK: 1.12.0, built Jun 29 2017, 02:10:56
[2017.07.25-16.28.58:443][  0]LogStats: UGameplayTagsManager::ConstructGameplayTagTree: Construct from data asset -  0.000 s
[2017.07.25-16.28.58:443][  0]LogStats: UGameplayTagsManager::ConstructGameplayTagTree: GameplayTagTreeChangedEvent.Broadcast -  0.000 s
[2017.07.25-16.28.58:578][  0]LogAIModule: Creating AISystem for world Untitled
[2017.07.25-16.28.58:594][  0]LogInit: XAudio2 using 'Main Speakers (Realtek High Definition Audio)' : 2 channels at 48 kHz using 32 bits per sample (channel mask 0x3)
[2017.07.25-16.28.58:618][  0]LogInit: FAudioDevice initialized.
[2017.07.25-16.28.58:672][  0]LogDerivedDataCache: Saved boot cache 0.05s 103MB C:/Users/scott/AppData/Local/UnrealEngine/4.16/DerivedDataCache/Boot.ddc.
[2017.07.25-16.28.58:691][  0]LogInit: Texture streaming: Enabled
[2017.07.25-16.28.58:788][  0]LogEngineSessionManager: EngineSessionManager initialized
[2017.07.25-16.28.58:978][  0]LogInit: Transaction tracking system initialized
[2017.07.25-16.28.59:258][  0]BlueprintLog: New page: Editor Load
[2017.07.25-16.29.00:120][  0]LocalizationService: Info Localization service is disabled
[2017.07.25-16.29.00:944][  0]LogConsoleResponse:Display: 
[2017.07.25-16.29.01:074][  0]LogCook:Display: Max memory allowance for cook 16384mb min free memory 0mb
[2017.07.25-16.29.01:074][  0]LogCook:Display: Mobile HDR setting 1
[2017.07.25-16.29.01:663][  0]LogFileCache: Scanning file cache for directory 'C:/Users/scott/Documents/GitHub/VR/VR/Content/' took 0.02s
[2017.07.25-16.29.01:971][  0]SourceControl: Info Source control is disabled
[2017.07.25-16.29.01:971][  0]Cmd: MAP LOAD FILE="../../../../../../Users/scott/Documents/GitHub/VR/VR/Content/Scenes/Prototype.umap" TEMPLATE=0 SHOWPROGRESS=1 FEATURELEVEL=3
[2017.07.25-16.29.01:971][  0]LightingResults: New page: Lighting Build
[2017.07.25-16.29.02:007][  0]MapCheck: New page: Map Check
[2017.07.25-16.29.02:007][  0]LightingResults: New page: Lighting Build
[2017.07.25-16.29.02:609][  0]LogAIModule: Creating AISystem for world Prototype
[2017.07.25-16.29.02:622][  0]LogEditorServer: Finished looking for orphan Actors (0.000 secs)
[2017.07.25-16.29.02:641][  0]Cmd: MAP CHECKDEP NOCLEARLOG
[2017.07.25-16.29.02:699][  0]MapCheck: Info Map check complete: 0 Error(s), 0 Warning(s), took 58.338ms to complete.
[2017.07.25-16.29.02:699][  0]LogFileHelpers: Loading map 'Prototype' took 0.728
[2017.07.25-16.29.02:849][  0]LogCollectionManager: Loaded 0 collections in 0.001247 seconds
[2017.07.25-16.29.02:929][  0]LogFileCache: Scanning file cache for directory 'C:/Users/scott/Documents/GitHub/VR/VR/Saved/Collections/' took 0.01s
[2017.07.25-16.29.02:929][  0]LogFileCache: Scanning file cache for directory 'C:/Users/scott/Documents/GitHub/VR/VR/Content/Developers/scott/Collections/' took 0.01s
[2017.07.25-16.29.02:929][  0]LogFileCache: Scanning file cache for directory 'C:/Users/scott/Documents/GitHub/VR/VR/Content/Collections/' took 0.01s
[2017.07.25-16.29.02:929][  0]LogCollectionManager: Rebuilt the GUID cache for 0 collections in 0.000001 seconds
[2017.07.25-16.29.02:937][  0]LogContentBrowser: Native class hierarchy populated in 0.0081 seconds. Added 2329 classes and 491 folders.
[2017.07.25-16.29.02:994][  0]LogContentBrowser: Native class hierarchy updated for 'WidgetCarousel' in 0.0009 seconds. Added 0 classes and 0 folders.
[2017.07.25-16.29.03:025][  0]LogContentBrowser: Native class hierarchy updated for 'AddContentDialog' in 0.0009 seconds. Added 0 classes and 0 folders.
[2017.07.25-16.29.03:083][  0]LogContentBrowser: Native class hierarchy updated for 'SceneOutliner' in 0.0009 seconds. Added 1 classes and 2 folders.
[2017.07.25-16.29.03:120][  0]LogCrashTracker: Crashtracker disabled due to settings.
[2017.07.25-16.29.03:126][  0]LogSlate: Took 0.000218 seconds to synchronously load lazily loaded font '../../../Engine/Content/Slate/Fonts/Roboto-Regular.ttf' (155K)
[2017.07.25-16.29.03:127][  0]LogSlate: Took 0.000142 seconds to synchronously load lazily loaded font '../../../Engine/Content/Slate/Fonts/Roboto-Bold.ttf' (160K)
[2017.07.25-16.29.03:131][  0]LogSlate: Took 0.000272 seconds to synchronously load lazily loaded font '../../../Engine/Content/Editor/Slate/Fonts/FontAwesome.ttf' (139K)
[2017.07.25-16.29.03:212][  0]LogRenderer: Reallocating scene render targets to support 1616x808 NumSamples 1 (Frame:1).
[2017.07.25-16.29.03:298][  0]LogUObjectGlobals:Warning: Failed to find object 'Class None.'
[2017.07.25-16.29.03:357][  0]LogContentBrowser: Native class hierarchy updated for 'HierarchicalLODOutliner' in 0.0008 seconds. Added 1 classes and 2 folders.
[2017.07.25-16.29.03:357][  0]LogLoad: (Engine Initialization) Total time: 22.44 seconds
[2017.07.25-16.29.03:357][  0]LogLoad: (Engine Initialization) Total Blueprint compile time: 0.18 seconds
[2017.07.25-16.29.03:357][  0]LogExternalProfiler: No external profilers were discovered.  External profiling features will not be available.
[2017.07.25-16.29.03:698][  0]LogOcInput: OculusInput pre-init called
[2017.07.25-16.29.03:709][  0]LogOcInput: OculusInput is initialized. Init status 0. Runtime version: 1.16.0
[2017.07.25-16.29.03:709][  0]LogHMD: Starting GearVRController plugin
[2017.07.25-16.29.03:729][  0]LogContentStreaming: Texture pool size now 600 MB
[2017.07.25-16.29.04:036][  1]LogAssetRegistry: Asset discovery search completed in 15.9697 seconds
[2017.07.25-16.29.04:039][  1]LogCollectionManager: Rebuilt the object cache for 0 collections in 0.000001 seconds (found 0 objects)
[2017.07.25-16.29.04:039][  1]LogCollectionManager: Fixed up redirectors for 0 collections in 0.000029 seconds (updated 0 objects)
[2017.07.25-16.29.18:158][834]LogEditorViewport: Clicking on Actor (LMB): BP_MachineGun_C (BP_MachineGun)
[2017.07.25-16.29.18:829][907]LogSlate: Took 0.000254 seconds to synchronously load lazily loaded font '../../../Engine/Content/Editor/Slate/Fonts/Roboto-Italic.ttf' (157K)
[2017.07.25-16.29.39:302][328]LogSlate: Took 0.000152 seconds to synchronously load lazily loaded font '../../../Engine/Content/Slate/Fonts/Roboto-Light.ttf' (159K)
[2017.07.25-16.29.39:618][328]LogContentBrowser: Native class hierarchy updated for 'BlueprintGraph' in 0.0013 seconds. Added 112 classes and 0 folders.
[2017.07.25-16.29.40:132][328]LogSlate: Took 0.000180 seconds to synchronously load lazily loaded font '../../../Engine/Content/Editor/Slate/Fonts/Roboto-BoldCondensed.ttf' (158K)
[2017.07.25-16.30.00:121][248]LogRenderer: Reallocating scene render targets to support 1616x1260 NumSamples 1 (Frame:1).
[2017.07.25-16.31.04:968][ 82]LogObjectTools:Warning: ForceReplaceReferences replaced references for a transient object 'AnimPreviewInstance_0' or package '/Engine/Transient'.
[2017.07.25-16.31.06:196][182]LogContentBrowser: Native class hierarchy updated for 'SkeletonEditor' in 0.0010 seconds. Added 1 classes and 2 folders.
[2017.07.25-16.31.06:343][182]LogActorComponent: RegisterComponentWithWorld: (/Engine/Transient.World_4:PersistentLevel.Actor_0.DebugSkelMeshComponent_0) Already registered. Aborting.
[2017.07.25-16.31.06:391][182]LogSkeletalMesh: USkeletalMeshComponent::InitArticulated : Bodies already created (/Engine/Transient.World_4:PersistentLevel.Actor_0.DebugSkelMeshComponent_0) - call TermArticulated first.
[2017.07.25-16.31.06:676][182]LogContentBrowser: Native class hierarchy updated for 'ClothingSystemEditorInterface' in 0.0010 seconds. Added 1 classes and 0 folders.
[2017.07.25-16.31.41:717][789]LogEditorViewport: Clicking on Actor (LMB): BP_MachineGun_C (BP_MachineGun)
[2017.07.25-16.32.43:500][225]BlueprintLog: New page: Compile BP_MachineGun
[2017.07.25-16.32.46:634][531]LogTemp: Repeting last play command: Selected Viewport
[2017.07.25-16.32.46:703][531]LogPlayLevel: PlayLevel: No blueprints needed recompiling
[2017.07.25-16.32.46:704][531]PIE: New page: PIE session: Prototype (25 Jul 2017 18:32:46)
[2017.07.25-16.32.46:704][531]LogPlayLevel: Creating play world package: /Game/Scenes/UEDPIE_0_Prototype
[2017.07.25-16.32.46:715][531]LogPlayLevel: PIE: StaticDuplicateObject took: (0.011195s)
[2017.07.25-16.32.46:716][531]LogAIModule: Creating AISystem for world Prototype
[2017.07.25-16.32.46:716][531]LogPlayLevel: PIE: World Init took: (0.000642s)
[2017.07.25-16.32.46:716][531]LogPlayLevel: PIE: Created PIE world by copying editor world from /Game/Scenes/Prototype.Prototype to /Game/Scenes/UEDPIE_0_Prototype.Prototype (0.012057s)
[2017.07.25-16.32.46:747][531]LogInit: XAudio2 using 'Main Speakers (Realtek High Definition Audio)' : 2 channels at 48 kHz using 32 bits per sample (channel mask 0x3)
[2017.07.25-16.32.46:763][531]LogInit: FAudioDevice initialized.
[2017.07.25-16.32.46:804][531]LogUObjectGlobals:Warning: Failed to find object 'Class None.'
[2017.07.25-16.32.46:805][531]LogLoad: Game class is 'GameModeBase'
[2017.07.25-16.32.46:811][531]LogWorld: Bringing World /Game/Scenes/UEDPIE_0_Prototype.Prototype up for play (max tick rate 0) at 2017.07.25-17.32.46
[2017.07.25-16.32.46:812][531]LogWorld: Bringing up level for play took: 0.006117
[2017.07.25-16.32.46:853][531]LogContentBrowser: Native class hierarchy updated for 'MovieSceneCapture' in 0.0009 seconds. Added 11 classes and 0 folders.
[2017.07.25-16.32.46:861][531]PIE: Info Play in editor start time for /Game/Scenes/UEDPIE_0_Prototype -0.308
[2017.07.25-16.32.52:245][137]LogEditorViewport: Clicking on Actor (LMB): BP_MachineGun_C (BP_MachineGun)
[2017.07.25-16.32.58:107][814]Cmd: OBJ SAVEPACKAGE PACKAGE="/Game/Scenes/Prototype" FILE="../../../../../../Users/scott/Documents/GitHub/VR/VR/Content/Scenes/Prototype.umap" SILENT=true AUTOSAVING=false KEEPDIRTY=false
[2017.07.25-16.32.58:326][814]LogSavePackage: Save=193.47ms
[2017.07.25-16.32.58:326][814]LogSavePackage: Moving '../../../../../../Users/scott/Documents/GitHub/VR/VR/Saved/Prototype92FA90AA4EC4ED67B0B70DB61498ABAE.tmp' to '../../../../../../Users/scott/Documents/GitHub/VR/VR/Content/Scenes/Prototype.umap'
[2017.07.25-16.32.58:331][814]LogSavePackage:Display: Finished SavePackage ../../../../../../Users/scott/Documents/GitHub/VR/VR/Content/Scenes/Prototype.umap
[2017.07.25-16.32.58:355][814]Cmd: OBJ SAVEPACKAGE PACKAGE="/Game/Scenes/Prototype_BuiltData" FILE="../../../../../../Users/scott/Documents/GitHub/VR/VR/Content/Scenes/Prototype_BuiltData.uasset" SILENT=true
[2017.07.25-16.32.58:665][814]LogSavePackage: Save=292.60ms
[2017.07.25-16.32.58:665][814]LogSavePackage: Moving '../../../../../../Users/scott/Documents/GitHub/VR/VR/Saved/Prototype_BuiltDataA3FCEB6342A37D6747F05FAA24FD6329.tmp' to '../../../../../../Users/scott/Documents/GitHub/VR/VR/Content/Scenes/Prototype_BuiltData.uasset'
[2017.07.25-16.32.58:668][814]LogSavePackage:Display: Finished SavePackage ../../../../../../Users/scott/Documents/GitHub/VR/VR/Content/Scenes/Prototype_BuiltData.uasset
[2017.07.25-16.33.50:068][281]LogActorComponent: RegisterComponentWithWorld: (/Engine/Transient.World_6:PersistentLevel.Actor_1.DebugSkelMeshComponent_1) Already registered. Aborting.
[2017.07.25-16.33.50:105][281]LogSkeletalMesh: USkeletalMeshComponent::InitArticulated : Bodies already created (/Engine/Transient.World_6:PersistentLevel.Actor_1.DebugSkelMeshComponent_1) - call TermArticulated first.
[2017.07.25-16.34.19:286][840]LogActorComponent: RegisterComponentWithWorld: (/Engine/Transient.World_8:PersistentLevel.Actor_2.DebugSkelMeshComponent_2) Already registered. Aborting.
[2017.07.25-16.34.19:470][840]LogSkeletalMesh: USkeletalMeshComponent::InitArticulated : Bodies already created (/Engine/Transient.World_8:PersistentLevel.Actor_2.DebugSkelMeshComponent_2) - call TermArticulated first.
[2017.07.25-16.34.19:709][840]LogContentBrowser:Verbose: The majority of assets in the view are of type: AnimSequence
[2017.07.25-16.34.24:210][207]LogActorComponent: RegisterComponentWithWorld: (/Engine/Transient.World_11:PersistentLevel.Actor_3.DebugSkelMeshComponent_4) Already registered. Aborting.
[2017.07.25-16.34.24:236][207]LogSkeletalMesh: USkeletalMeshComponent::InitArticulated : Bodies already created (/Engine/Transient.World_11:PersistentLevel.Actor_3.DebugSkelMeshComponent_4) - call TermArticulated first.
[2017.07.25-16.34.28:195][524]LogActorComponent: RegisterComponentWithWorld: (/Engine/Transient.World_12:PersistentLevel.Actor_4.DebugSkelMeshComponent_5) Already registered. Aborting.
[2017.07.25-16.34.28:223][524]LogSkeletalMesh: USkeletalMeshComponent::InitArticulated : Bodies already created (/Engine/Transient.World_12:PersistentLevel.Actor_4.DebugSkelMeshComponent_5) - call TermArticulated first.
[2017.07.25-16.34.28:472][524]LogContentBrowser:Verbose: The majority of assets in the view are of type: AnimSequence
[2017.07.25-16.35.06:748][509]BlueprintLog: New page: Compile ABP_MachineGun
[2017.07.25-16.35.07:341][538]LogSavePackage: Save=65.41ms
[2017.07.25-16.35.07:341][538]LogSavePackage: Moving '../../../../../../Users/scott/Documents/GitHub/VR/VR/Saved/ABP_MachineGun1B3B18CE4B7B037D5D68B7BD89A1B545.tmp' to '../../../../../../Users/scott/Documents/GitHub/VR/VR/Content/Art/Prototype/Weapons/Machine_Gun/ABP_MachineGun.uasset'
[2017.07.25-16.35.07:347][538]LogSavePackage:Display: Finished SavePackage ../../../../../../Users/scott/Documents/GitHub/VR/VR/Content/Art/Prototype/Weapons/Machine_Gun/ABP_MachineGun.uasset
[2017.07.25-16.36.40:649][271]Cmd: OBJ SAVEPACKAGE PACKAGE="/Game/Scripting/Weapons/BP_MachineGun" FILE="../../../../../../Users/scott/Documents/GitHub/VR/VR/Content/Scripting/Weapons/BP_MachineGun.uasset" SILENT=true
[2017.07.25-16.36.40:678][271]LogSavePackage: Save=16.28ms
[2017.07.25-16.36.40:678][271]LogSavePackage: Moving '../../../../../../Users/scott/Documents/GitHub/VR/VR/Saved/BP_MachineGunA7918FA1438142CF7FF26DB9CFE0C090.tmp' to '../../../../../../Users/scott/Documents/GitHub/VR/VR/Content/Scripting/Weapons/BP_MachineGun.uasset'
[2017.07.25-16.36.40:683][271]LogSavePackage:Display: Finished SavePackage ../../../../../../Users/scott/Documents/GitHub/VR/VR/Content/Scripting/Weapons/BP_MachineGun.uasset
[2017.07.25-16.36.40:743][271]LogWindowsTextInputMethodSystem:Display: IME system now deactivated.
[2017.07.25-16.36.40:914][272]Cmd: QUIT_EDITOR
[2017.07.25-16.36.41:050][272]LogExit: Preparing to exit.
[2017.07.25-16.36.41:605][272]LogDirectoryWatcher: A directory notification for 'C:/Users/scott/Documents/GitHub/VR/VR/Content/' was aborted.
[2017.07.25-16.36.41:641][272]LogExit: Editor shut down
[2017.07.25-16.36.41:644][272]LogExit: Transaction tracking system shut down
[2017.07.25-16.36.41:754][272]LogObj: Freed 0b from 0 cluster array pools.
[2017.07.25-16.36.41:754][272]LogExit: Object subsystem successfully closed.
[2017.07.25-16.36.41:778][272]LogD3D11RHI: Shutdown
[2017.07.25-16.36.41:778][272]LogD3D11RHI: CleanupD3DDevice
[2017.07.25-16.36.41:869][272]LogD3D11RHI: ~FD3D11DynamicRHI
[2017.07.25-16.36.41:902][272]LogModuleManager: Shutting down and abandoning module AnimationEditor (540)
[2017.07.25-16.36.41:902][272]LogModuleManager: Shutting down and abandoning module AnimationBlueprintEditor (538)
[2017.07.25-16.36.41:902][272]LogModuleManager: Shutting down and abandoning module MovieSceneCapture (536)
[2017.07.25-16.36.41:902][272]LogModuleManager: Shutting down and abandoning module ClothingSystemEditorInterface (534)
[2017.07.25-16.36.41:902][272]LogModuleManager: Shutting down and abandoning module SkeletonEditor (532)
[2017.07.25-16.36.41:902][272]LogModuleManager: Shutting down and abandoning module SkeletalMeshEditor (530)
[2017.07.25-16.36.41:902][272]LogModuleManager: Shutting down and abandoning module BlueprintGraph (528)
[2017.07.25-16.36.41:902][272]LogModuleManager: Shutting down and abandoning module BlueprintProfiler (526)
[2017.07.25-16.36.41:902][272]LogModuleManager: Shutting down and abandoning module HierarchicalLODOutliner (524)
[2017.07.25-16.36.41:902][272]LogModuleManager: Shutting down and abandoning module CrashTracker (522)
[2017.07.25-16.36.41:902][272]LogModuleManager: Shutting down and abandoning module SceneOutliner (520)
[2017.07.25-16.36.41:902][272]LogModuleManager: Shutting down and abandoning module AddContentDialog (518)
[2017.07.25-16.36.41:902][272]LogDirectoryWatcher: A directory notification for 'C:/Program Files/Epic Games/UE_4.16/FeaturePacks/' was aborted.
[2017.07.25-16.36.41:903][272]LogModuleManager: Shutting down and abandoning module WidgetCarousel (517)
[2017.07.25-16.36.41:903][272]LogModuleManager: Shutting down and abandoning module EditorWidgets (514)
[2017.07.25-16.36.41:903][272]LogModuleManager: Shutting down and abandoning module CollectionManager (512)
[2017.07.25-16.36.41:903][272]LogDirectoryWatcher: A directory notification for 'C:/Users/scott/Documents/GitHub/VR/VR/Content/Collections/' was aborted.
[2017.07.25-16.36.41:903][272]LogDirectoryWatcher: A directory notification for 'C:/Users/scott/Documents/GitHub/VR/VR/Content/Developers/scott/Collections/' was aborted.
[2017.07.25-16.36.41:903][272]LogDirectoryWatcher: A directory notification for 'C:/Users/scott/Documents/GitHub/VR/VR/Saved/Collections/' was aborted.
[2017.07.25-16.36.41:903][272]LogModuleManager: Shutting down and abandoning module StatsViewer (510)
[2017.07.25-16.36.41:903][272]LogModuleManager: Shutting down and abandoning module FoliageEdit (508)
[2017.07.25-16.36.41:903][272]LogModuleManager: Shutting down and abandoning module LandscapeEditor (506)
[2017.07.25-16.36.41:903][272]LogModuleManager: Shutting down and abandoning module MeshPaintMode (504)
[2017.07.25-16.36.41:903][272]LogModuleManager: Shutting down and abandoning module SceneDepthPickerMode (502)
[2017.07.25-16.36.41:903][272]LogModuleManager: Shutting down and abandoning module ActorPickerMode (500)
[2017.07.25-16.36.41:903][272]LogModuleManager: Shutting down and abandoning module GeometryMode (498)
[2017.07.25-16.36.41:903][272]LogModuleManager: Shutting down and abandoning module TextureAlignMode (496)
[2017.07.25-16.36.41:903][272]LogModuleManager: Shutting down and abandoning module BspMode (494)
[2017.07.25-16.36.41:903][272]LogModuleManager: Shutting down and abandoning module HardwareSurvey (492)
[2017.07.25-16.36.41:903][272]LogModuleManager: Shutting down and abandoning module SequenceRecorderSections (490)
[2017.07.25-16.36.41:904][272]LogModuleManager: Shutting down and abandoning module AutomationWorker (488)
[2017.07.25-16.36.41:904][272]LogModuleManager: Shutting down and abandoning module MatineeToLevelSequence (486)
[2017.07.25-16.36.41:904][272]LogModuleManager: Shutting down and abandoning module LevelSequenceEditor (484)
[2017.07.25-16.36.41:904][272]LogModuleManager: Shutting down and abandoning module PlacementMode (483)
[2017.07.25-16.36.41:904][272]LogModuleManager: Shutting down and abandoning module WmfMediaFactory (480)
[2017.07.25-16.36.41:904][272]LogModuleManager: Shutting down and abandoning module WmfMediaEditor (478)
[2017.07.25-16.36.41:904][272]LogModuleManager: Shutting down and abandoning module AvfMediaFactory (476)
[2017.07.25-16.36.41:904][272]LogModuleManager: Shutting down and abandoning module AvfMediaEditor (474)
[2017.07.25-16.36.41:904][272]LogModuleManager: Shutting down and abandoning module AndroidMediaFactory (472)
[2017.07.25-16.36.41:904][272]LogModuleManager: Shutting down and abandoning module Media (471)
[2017.07.25-16.36.41:904][272]LogModuleManager: Shutting down and abandoning module AndroidMediaEditor (468)
[2017.07.25-16.36.41:904][272]LogModuleManager: Shutting down and abandoning module CharacterAI (466)
[2017.07.25-16.36.41:904][272]LogModuleManager: Shutting down and abandoning module AudioCapture (464)
[2017.07.25-16.36.41:904][272]LogModuleManager: Shutting down and abandoning module SequenceRecorder (463)
[2017.07.25-16.36.41:904][272]LogModuleManager: Shutting down and abandoning module SmartSnapping (460)
[2017.07.25-16.36.41:904][272]LogModuleManager: Shutting down and abandoning module SessionServices (458)
[2017.07.25-16.36.41:904][272]LogModuleManager: Shutting down and abandoning module ViewportSnapping (456)
[2017.07.25-16.36.41:904][272]LogModuleManager: Shutting down and abandoning module ViewportInteraction (454)
[2017.07.25-16.36.41:904][272]LogModuleManager: Shutting down and abandoning module ClothPainter (452)
[2017.07.25-16.36.41:904][272]LogModuleManager: Shutting down and abandoning module LogVisualizer (450)
[2017.07.25-16.36.41:904][272]LogModuleManager: Shutting down and abandoning module IntroTutorials (448)
[2017.07.25-16.36.41:904][272]LogModuleManager: Shutting down and abandoning module GameProjectGeneration (447)
[2017.07.25-16.36.41:904][272]LogModuleManager: Shutting down and abandoning module EditorLiveStreaming (444)
[2017.07.25-16.36.41:904][272]LogModuleManager: Shutting down and abandoning module IOSPlatformEditor (442)
[2017.07.25-16.36.41:904][272]LogModuleManager: Shutting down and abandoning module HTML5PlatformEditor (440)
[2017.07.25-16.36.41:904][272]LogModuleManager: Shutting down and abandoning module AndroidPlatformEditor (438)
[2017.07.25-16.36.41:904][272]LogModuleManager: Shutting down and abandoning module AndroidDeviceDetection (437)
[2017.07.25-16.36.42:578][272]LogModuleManager: Shutting down and abandoning module IOSRuntimeSettings (434)
[2017.07.25-16.36.42:578][272]LogModuleManager: Shutting down and abandoning module AndroidRuntimeSettings (432)
[2017.07.25-16.36.42:578][272]LogModuleManager: Shutting down and abandoning module InputBindingEditor (430)
[2017.07.25-16.36.42:578][272]LogModuleManager: Shutting down and abandoning module MergeActors (428)
[2017.07.25-16.36.42:578][272]LogModuleManager: Shutting down and abandoning module SizeMap (426)
[2017.07.25-16.36.42:578][272]LogModuleManager: Shutting down and abandoning module TreeMap (424)
[2017.07.25-16.36.42:578][272]LogModuleManager: Shutting down and abandoning module ReferenceViewer (422)
[2017.07.25-16.36.42:578][272]LogModuleManager: Shutting down and abandoning module LocalizationDashboard (420)
[2017.07.25-16.36.42:578][272]LogModuleManager: Shutting down and abandoning module LocalizationService (419)
[2017.07.25-16.36.42:578][272]LogModuleManager: Shutting down and abandoning module HardwareTargeting (416)
[2017.07.25-16.36.42:578][272]LogModuleManager: Shutting down and abandoning module DeviceProfileEditor (414)
[2017.07.25-16.36.42:578][272]LogModuleManager: Shutting down and abandoning module UndoHistory (412)
[2017.07.25-16.36.42:578][272]LogModuleManager: Shutting down and abandoning module UserFeedback (410)
[2017.07.25-16.36.42:578][272]LogModuleManager: Shutting down and abandoning module XmlParser (408)
[2017.07.25-16.36.42:578][272]LogModuleManager: Shutting down and abandoning module Blutility (406)
[2017.07.25-16.36.42:578][272]LogModuleManager: Shutting down and abandoning module ProjectSettingsViewer (404)
[2017.07.25-16.36.42:578][272]LogModuleManager: Shutting down and abandoning module ProjectTargetPlatformEditor (403)
[2017.07.25-16.36.42:579][272]LogModuleManager: Shutting down and abandoning module EditorSettingsViewer (400)
[2017.07.25-16.36.42:579][272]LogModuleManager: Shutting down and abandoning module SettingsEditor (398)
[2017.07.25-16.36.42:579][272]LogModuleManager: Shutting down and abandoning module ProjectLauncher (396)
[2017.07.25-16.36.42:579][272]LogModuleManager: Shutting down and abandoning module SessionFrontend (394)
[2017.07.25-16.36.42:579][272]LogModuleManager: Shutting down and abandoning module ProfilerClient (392)
[2017.07.25-16.36.42:579][272]LogModuleManager: Shutting down and abandoning module DeviceManager (390)
[2017.07.25-16.36.42:579][272]LogModuleManager: Shutting down and abandoning module TargetDeviceServices (389)
[2017.07.25-16.36.42:642][272]LogModuleManager: Shutting down and abandoning module AutomationController (386)
[2017.07.25-16.36.42:642][272]LogModuleManager: Shutting down and abandoning module AutomationWindow (384)
[2017.07.25-16.36.42:642][272]LogModuleManager: Shutting down and abandoning module Layers (382)
[2017.07.25-16.36.42:642][272]LogModuleManager: Shutting down and abandoning module ComponentVisualizers (380)
[2017.07.25-16.36.42:642][272]LogModuleManager: Shutting down and abandoning module DetailCustomizations (378)
[2017.07.25-16.36.42:642][272]LogModuleManager: Shutting down and abandoning module PackagesDialog (376)
[2017.07.25-16.36.42:642][272]LogModuleManager: Shutting down and abandoning module Persona (374)
[2017.07.25-16.36.42:642][272]LogModuleManager: Shutting down and abandoning module AdvancedPreviewScene (373)
[2017.07.25-16.36.42:642][272]LogModuleManager: Shutting down and abandoning module AnimGraph (371)
[2017.07.25-16.36.42:642][272]LogModuleManager: Shutting down and abandoning module Kismet (368)
[2017.07.25-16.36.42:648][272]LogModuleManager: Shutting down and abandoning module ClassViewer (366)
[2017.07.25-16.36.42:648][272]LogModuleManager: Shutting down and abandoning module Toolbox (364)
[2017.07.25-16.36.42:648][272]LogModuleManager: Shutting down and abandoning module ModuleUI (362)
[2017.07.25-16.36.42:648][272]LogModuleManager: Shutting down and abandoning module MovieSceneTools (360)
[2017.07.25-16.36.42:648][272]LogModuleManager: Shutting down and abandoning module OutputLog (358)
[2017.07.25-16.36.42:648][272]LogModuleManager: Shutting down and abandoning module GammaUI (356)
[2017.07.25-16.36.42:648][272]LogModuleManager: Shutting down and abandoning module Documentation (354)
[2017.07.25-16.36.42:648][272]LogModuleManager: Shutting down and abandoning module MovieSceneTracks (352)
[2017.07.25-16.36.42:648][272]LogModuleManager: Shutting down and abandoning module MovieScene (350)
[2017.07.25-16.36.42:648][272]LogModuleManager: Shutting down and abandoning module Niagara (348)
[2017.07.25-16.36.42:648][272]LogModuleManager: Shutting down and abandoning module NiagaraEditor (347)
[2017.07.25-16.36.42:648][272]LogModuleManager: Shutting down and abandoning module StreamingPauseRendering (344)
[2017.07.25-16.36.42:648][272]LogModuleManager: Shutting down and abandoning module AnalyticsET (342)
[2017.07.25-16.36.42:648][272]LogModuleManager: Shutting down and abandoning module PortalServices (340)
[2017.07.25-16.36.42:648][272]LogModuleManager: Shutting down and abandoning module PortalRpc (338)
[2017.07.25-16.36.42:648][272]LogModuleManager: Shutting down and abandoning module MessagingRpc (336)
[2017.07.25-16.36.42:648][272]LogModuleManager: Shutting down and abandoning module AIModule (334)
[2017.07.25-16.36.42:648][272]LogModuleManager: Shutting down and abandoning module GameplayDebugger (333)
[2017.07.25-16.36.42:648][272]LogModuleManager: Shutting down and abandoning module AITestSuite (331)
[2017.07.25-16.36.42:648][272]LogModuleManager: Shutting down and abandoning module ProfilerService (328)
[2017.07.25-16.36.42:766][272]LogModuleManager: Shutting down and abandoning module TaskGraph (326)
[2017.07.25-16.36.42:766][272]LogModuleManager: Shutting down and abandoning module SteamVRController (324)
[2017.07.25-16.36.42:766][272]LogModuleManager: Shutting down and abandoning module SteamVR (322)
[2017.07.25-16.36.42:766][272]LogModuleManager: Shutting down and abandoning module ProceduralMeshComponentEditor (320)
[2017.07.25-16.36.42:766][272]LogModuleManager: Shutting down and abandoning module ProceduralMeshComponent (318)
[2017.07.25-16.36.42:766][272]LogModuleManager: Shutting down and abandoning module OculusLibrary (316)
[2017.07.25-16.36.42:766][272]LogModuleManager: Shutting down and abandoning module OculusInput (314)
[2017.07.25-16.36.42:766][272]LogModuleManager: Shutting down and abandoning module MobilePatchingUtils (312)
[2017.07.25-16.36.42:766][272]LogModuleManager: Shutting down and abandoning module CustomMeshComponent (310)
[2017.07.25-16.36.42:766][272]LogModuleManager: Shutting down and abandoning module CableComponent (308)
[2017.07.25-16.36.42:766][272]LogModuleManager: Shutting down and abandoning module ArchVisCharacter (306)
[2017.07.25-16.36.42:766][272]LogModuleManager: Shutting down and abandoning module AndroidPermission (304)
[2017.07.25-16.36.42:766][272]LogModuleManager: Shutting down and abandoning module MediaPlayerEditor (300)
[2017.07.25-16.36.42:766][272]LogModuleManager: Shutting down and abandoning module HTML5Networking (298)
[2017.07.25-16.36.42:766][272]LogModuleManager: Shutting down and abandoning module AlembicImporter (296)
[2017.07.25-16.36.42:766][272]LogModuleManager: Shutting down and abandoning module AlembicLibrary (295)
[2017.07.25-16.36.42:766][272]LogModuleManager: Shutting down and abandoning module GeometryCache (294)
[2017.07.25-16.36.42:766][272]LogModuleManager: Shutting down and abandoning module GeometryCacheEd (293)
[2017.07.25-16.36.42:766][272]LogModuleManager: Shutting down and abandoning module SuperSearchEditor (288)
[2017.07.25-16.36.42:766][272]LogModuleManager: Shutting down and abandoning module SuperSearch (287)
[2017.07.25-16.36.42:766][272]LogModuleManager: Shutting down and abandoning module SpeedTreeImporter (284)
[2017.07.25-16.36.42:766][272]LogModuleManager: Shutting down and abandoning module PluginBrowser (282)
[2017.07.25-16.36.42:766][272]LogModuleManager: Shutting down and abandoning module MobileLauncherProfileWizard (280)
[2017.07.25-16.36.42:766][272]LogModuleManager: Shutting down and abandoning module VisualStudioSourceCodeAccess (278)
[2017.07.25-16.36.42:766][272]LogModuleManager: Shutting down and abandoning module DesktopPlatform (277)
[2017.07.25-16.36.42:766][272]LogModuleManager: Shutting down and abandoning module UObjectPlugin (274)
[2017.07.25-16.36.42:766][272]LogModuleManager: Shutting down and abandoning module SubversionSourceControl (272)
[2017.07.25-16.36.42:766][272]LogModuleManager: Shutting down and abandoning module PerforceSourceControl (270)
[2017.07.25-16.36.42:766][272]LogModuleManager: Shutting down and abandoning module GitSourceControl (268)
[2017.07.25-16.36.42:766][272]LogModuleManager: Shutting down and abandoning module SourceControl (267)
[2017.07.25-16.36.42:766][272]LogModuleManager: Shutting down and abandoning module LightPropagationVolumeEditor (264)
[2017.07.25-16.36.42:767][272]LogModuleManager: Shutting down and abandoning module PaperTiledImporter (262)
[2017.07.25-16.36.42:767][272]LogModuleManager: Shutting down and abandoning module PaperSpriteSheetImporter (260)
[2017.07.25-16.36.42:767][272]LogModuleManager: Shutting down and abandoning module Paper2DEditor (258)
[2017.07.25-16.36.42:767][272]LogModuleManager: Shutting down and abandoning module MeshPaint (257)
[2017.07.25-16.36.42:767][272]LogModuleManager: Shutting down and abandoning module LevelEditor (255)
[2017.07.25-16.36.42:767][272]LogModuleManager: Shutting down and abandoning module PixelInspectorModule (254)
[2017.07.25-16.36.42:767][272]LogModuleManager: Shutting down and abandoning module MainFrame (252)
[2017.07.25-16.36.42:767][272]LogModuleManager: Shutting down and abandoning module HotReload (251)
[2017.07.25-16.36.42:767][272]LogModuleManager: Shutting down and abandoning module PhysXVehiclesEditor (246)
[2017.07.25-16.36.42:767][272]LogModuleManager: Shutting down and abandoning module PhysXVehicles (244)
[2017.07.25-16.36.42:767][272]LogModuleManager: Shutting down and abandoning module LocationServicesBPLibrary (242)
[2017.07.25-16.36.42:767][272]LogModuleManager: Shutting down and abandoning module ImmediatePhysicsEditor (240)
[2017.07.25-16.36.42:767][272]LogModuleManager: Shutting down and abandoning module ImmediatePhysics (238)
[2017.07.25-16.36.42:767][272]LogModuleManager: Shutting down and abandoning module UdpMessaging (236)
[2017.07.25-16.36.42:868][272]LogModuleManager: Shutting down and abandoning module TcpMessaging (234)
[2017.07.25-16.36.42:968][272]LogModuleManager: Shutting down and abandoning module GameplayTagsEditor (232)
[2017.07.25-16.36.42:968][272]LogModuleManager: Shutting down and abandoning module FacialAnimationEditor (230)
[2017.07.25-16.36.42:968][272]LogModuleManager: Shutting down and abandoning module FacialAnimation (228)
[2017.07.25-16.36.42:968][272]LogModuleManager: Shutting down and abandoning module AssetManagerEditor (226)
[2017.07.25-16.36.42:968][272]LogModuleManager: Shutting down and abandoning module GraphEditor (225)
[2017.07.25-16.36.42:968][272]LogModuleManager: Shutting down and abandoning module ContentBrowser (223)
[2017.07.25-16.36.42:970][272]LogModuleManager: Shutting down and abandoning module LightPropagationVolumeRuntime (220)
[2017.07.25-16.36.42:970][272]LogModuleManager: Shutting down and abandoning module Paper2D (218)
[2017.07.25-16.36.42:970][272]LogModuleManager: Shutting down and abandoning module WindowsMoviePlayer (216)
[2017.07.25-16.36.42:970][272]LogModuleManager: Shutting down and abandoning module WmfMedia (214)
[2017.07.25-16.36.42:970][272]LogModuleManager: Shutting down and abandoning module ClothingSystemEditor (212)
[2017.07.25-16.36.42:970][272]LogModuleManager: Shutting down and abandoning module ClothingSystemRuntime (210)
[2017.07.25-16.36.42:970][272]LogModuleManager: Shutting down and abandoning module MediaAssets (208)
[2017.07.25-16.36.42:970][272]LogModuleManager: Shutting down and abandoning module GameLiveStreaming (206)
[2017.07.25-16.36.42:970][272]LogModuleManager: Shutting down and abandoning module VREditor (204)
[2017.07.25-16.36.42:970][272]LogModuleManager: Shutting down and abandoning module StringTableEditor (202)
[2017.07.25-16.36.42:970][272]LogModuleManager: Shutting down and abandoning module GameplayTasksEditor (200)
[2017.07.25-16.36.42:970][272]LogModuleManager: Shutting down and abandoning module BehaviorTreeEditor (198)
[2017.07.25-16.36.42:970][272]LogModuleManager: Shutting down and abandoning module FunctionalTesting (196)
[2017.07.25-16.36.42:970][272]LogModuleManager: Shutting down and abandoning module CollisionAnalyzer (194)
[2017.07.25-16.36.42:970][272]LogModuleManager: Shutting down and abandoning module UMG (192)
[2017.07.25-16.36.42:970][272]LogModuleManager: Shutting down and abandoning module UMGEditor (191)
[2017.07.25-16.36.42:970][272]LogModuleManager: Shutting down and abandoning module Sequencer (190)
[2017.07.25-16.36.42:970][272]LogModuleManager: Shutting down and abandoning module AssetTools (188)
[2017.07.25-16.36.42:970][272]LogModuleManager: Shutting down and abandoning module MessageLog (187)
[2017.07.25-16.36.42:970][272]LogModuleManager: Shutting down and abandoning module WorkspaceMenuStructure (186)
[2017.07.25-16.36.42:970][272]LogModuleManager: Shutting down and abandoning module SlateReflector (180)
[2017.07.25-16.36.42:970][272]LogModuleManager: Shutting down and abandoning module Slate (178)
[2017.07.25-16.36.42:970][272]LogModuleManager: Shutting down and abandoning module EditorStyle (176)
[2017.07.25-16.36.42:974][272]LogModuleManager: Shutting down and abandoning module SourceCodeAccess (174)
[2017.07.25-16.36.42:974][272]LogModuleManager: Shutting down and abandoning module HeadMountedDisplay (172)
[2017.07.25-16.36.42:974][272]LogModuleManager: Shutting down and abandoning module XAudio2 (170)
[2017.07.25-16.36.42:974][272]LogModuleManager: Shutting down and abandoning module Networking (168)
[2017.07.25-16.36.42:974][272]LogModuleManager: Shutting down and abandoning module Core (164)
[2017.07.25-16.36.42:974][272]LogModuleManager: Shutting down and abandoning module AssetRegistry (162)
[2017.07.25-16.36.43:198][272]LogDirectoryWatcher: A directory notification for '../../../Engine/Content/' was aborted.
[2017.07.25-16.36.43:198][272]LogDirectoryWatcher: A directory notification for '../../../../../../Users/scott/Documents/GitHub/VR/VR/Content/' was aborted.
[2017.07.25-16.36.43:198][272]LogDirectoryWatcher: A directory notification for '../../../Engine/Plugins/2D/Paper2D/Content/' was aborted.
[2017.07.25-16.36.43:198][272]LogDirectoryWatcher: A directory notification for '../../../Engine/Plugins/Runtime/GearVR/Content/' was aborted.
[2017.07.25-16.36.43:202][272]LogModuleManager: Shutting down and abandoning module DirectoryWatcher (161)
[2017.07.25-16.36.43:202][272]LogModuleManager: Shutting down and abandoning module KismetCompiler (158)
[2017.07.25-16.36.43:202][272]LogModuleManager: Shutting down and abandoning module LevelSequence (156)
[2017.07.25-16.36.43:202][272]LogModuleManager: Shutting down and abandoning module PhysXFormats (154)
[2017.07.25-16.36.43:202][272]LogModuleManager: Shutting down and abandoning module MeshUtilities (152)
[2017.07.25-16.36.43:202][272]LogModuleManager: Shutting down and abandoning module SimplygonSwarm (151)
[2017.07.25-16.36.43:202][272]LogModuleManager: Shutting down and abandoning module SimplygonMeshReduction (149)
[2017.07.25-16.36.43:202][272]LogModuleManager: Shutting down and abandoning module QuadricMeshReduction (147)
[2017.07.25-16.36.43:202][272]LogModuleManager: Shutting down and abandoning module DerivedDataCache (144)
[2017.07.25-16.36.43:224][272]LogDerivedDataCache: Shutdown
[2017.07.25-16.36.43:224][272]LogModuleManager: Shutting down and abandoning module TargetPlatform (142)
[2017.07.25-16.36.43:224][272]LogModuleManager: Shutting down and abandoning module VulkanShaderFormat (141)
[2017.07.25-16.36.43:224][272]LogModuleManager: Shutting down and abandoning module ShaderFormatVectorVM (139)
[2017.07.25-16.36.43:224][272]LogModuleManager: Shutting down and abandoning module ShaderFormatOpenGL (137)
[2017.07.25-16.36.43:224][272]LogModuleManager: Shutting down and abandoning module ShaderFormatD3D (135)
[2017.07.25-16.36.43:224][272]LogModuleManager: Shutting down and abandoning module MetalShaderFormat (133)
[2017.07.25-16.36.43:224][272]LogModuleManager: Shutting down and abandoning module TextureFormatUncompressed (131)
[2017.07.25-16.36.43:224][272]LogModuleManager: Shutting down and abandoning module TextureFormatPVR (129)
[2017.07.25-16.36.43:224][272]LogModuleManager: Shutting down and abandoning module TextureFormatDXT (127)
[2017.07.25-16.36.43:224][272]LogModuleManager: Shutting down and abandoning module TextureFormatIntelISPCTexComp (125)
[2017.07.25-16.36.43:224][272]LogModuleManager: Shutting down and abandoning module TextureFormatASTC (123)
[2017.07.25-16.36.43:224][272]LogModuleManager: Shutting down and abandoning module ImageWrapper (122)
[2017.07.25-16.36.43:224][272]LogModuleManager: Shutting down and abandoning module TextureFormatAndroid (119)
[2017.07.25-16.36.43:224][272]LogModuleManager: Shutting down and abandoning module AudioFormatOpus (117)
[2017.07.25-16.36.43:224][272]LogModuleManager: Shutting down and abandoning module AudioFormatOgg (115)
[2017.07.25-16.36.43:224][272]LogModuleManager: Shutting down and abandoning module AudioFormatADPCM (113)
[2017.07.25-16.36.43:224][272]LogModuleManager: Shutting down and abandoning module LinuxTargetPlatform (111)
[2017.07.25-16.36.43:224][272]LogModuleManager: Shutting down and abandoning module LinuxServerTargetPlatform (109)
[2017.07.25-16.36.43:224][272]LogModuleManager: Shutting down and abandoning module LinuxNoEditorTargetPlatform (107)
[2017.07.25-16.36.43:224][272]LogModuleManager: Shutting down and abandoning module LinuxClientTargetPlatform (105)
[2017.07.25-16.36.43:224][272]LogModuleManager: Shutting down and abandoning module TVOSTargetPlatform (103)
[2017.07.25-16.36.43:224][272]LogModuleManager: Shutting down and abandoning module Messaging (101)
[2017.07.25-16.36.43:224][272]LogModuleManager: Shutting down and abandoning module IOSTargetPlatform (99)
[2017.07.25-16.36.43:224][272]LogModuleManager: Shutting down and abandoning module HTML5TargetPlatform (97)
[2017.07.25-16.36.43:224][272]LogModuleManager: Shutting down and abandoning module Android_PVRTCTargetPlatform (95)
[2017.07.25-16.36.43:224][272]LogModuleManager: Shutting down and abandoning module Android_MultiTargetPlatform (93)
[2017.07.25-16.36.43:224][272]LogModuleManager: Shutting down and abandoning module Android_ETC2TargetPlatform (91)
[2017.07.25-16.36.43:224][272]LogModuleManager: Shutting down and abandoning module Android_ETC1TargetPlatform (89)
[2017.07.25-16.36.43:224][272]LogModuleManager: Shutting down and abandoning module Android_DXTTargetPlatform (87)
[2017.07.25-16.36.43:224][272]LogModuleManager: Shutting down and abandoning module Android_ATCTargetPlatform (85)
[2017.07.25-16.36.43:224][272]LogModuleManager: Shutting down and abandoning module Android_ASTCTargetPlatform (83)
[2017.07.25-16.36.43:224][272]LogModuleManager: Shutting down and abandoning module AndroidTargetPlatform (81)
[2017.07.25-16.36.43:224][272]LogModuleManager: Shutting down and abandoning module WindowsTargetPlatform (79)
[2017.07.25-16.36.43:224][272]LogModuleManager: Shutting down and abandoning module WindowsServerTargetPlatform (77)
[2017.07.25-16.36.43:224][272]LogModuleManager: Shutting down and abandoning module WindowsNoEditorTargetPlatform (75)
[2017.07.25-16.36.43:224][272]LogModuleManager: Shutting down and abandoning module WindowsClientTargetPlatform (73)
[2017.07.25-16.36.43:224][272]LogModuleManager: Shutting down and abandoning module MacTargetPlatform (71)
[2017.07.25-16.36.43:224][272]LogModuleManager: Shutting down and abandoning module MacServerTargetPlatform (69)
[2017.07.25-16.36.43:224][272]LogModuleManager: Shutting down and abandoning module MacNoEditorTargetPlatform (67)
[2017.07.25-16.36.43:224][272]LogModuleManager: Shutting down and abandoning module MacClientTargetPlatform (65)
[2017.07.25-16.36.43:224][272]LogModuleManager: Shutting down and abandoning module AllDesktopTargetPlatform (63)
[2017.07.25-16.36.43:224][272]LogModuleManager: Shutting down and abandoning module InputCore (60)
[2017.07.25-16.36.43:224][272]LogModuleManager: Shutting down and abandoning module Settings (58)
[2017.07.25-16.36.43:224][272]LogModuleManager: Shutting down and abandoning module OculusRift (56)
[2017.07.25-16.36.43:225][272]LogHMD: Oculus shutdown.
[2017.07.25-16.36.43:225][272]LogModuleManager: Shutting down and abandoning module GearVRController (54)
[2017.07.25-16.36.43:225][272]LogModuleManager: Shutting down and abandoning module GearVR (52)
[2017.07.25-16.36.43:225][272]LogModuleManager: Shutting down and abandoning module ExampleDeviceProfileSelector (50)
[2017.07.25-16.36.43:225][272]LogModuleManager: Shutting down and abandoning module OnlineBlueprintSupport (48)
[2017.07.25-16.36.43:225][272]LogModuleManager: Shutting down and abandoning module OnlineSubsystem (44)
[2017.07.25-16.36.43:225][272]LogOnline:Display: Unloading online subsystem: NULL
[2017.07.25-16.36.43:225][272]LogModuleManager: Shutting down and abandoning module XMPP (43)
[2017.07.25-16.36.43:225][272]LogModuleManager: Shutting down and abandoning module HTTP (41)
[2017.07.25-16.36.43:225][272]LogHttp:Display: Http module shutting down, but needs to wait on 1 outstanding Http requests:
[2017.07.25-16.36.43:225][272]LogHttp:Display: 	verb=[POST] url=[https://datarouter.ol.epicgames.com/datarouter/api/v1/public/data?SessionID=%7B9D92081F-48EA-A26D-F4A7-3BB8DD06F810%7D&AppID=UEEditor.Rocket.Release&AppVersion=4.16.2-3514769%2B%2B%2BUE4%2BRelease-4.16&UserID=d0072156447091a74943ad8261b51e33%7C917b68a4689a43d093714a4f6a0dc761%7C0f6f6edd-16ad-4713-872b-9bf79eb283b0&AppEnvironment=datacollector-binary&UploadType=eteventstream] status=Processing
[2017.07.25-16.36.43:255][272]LogModuleManager: Shutting down and abandoning module SSL (40)
[2017.07.25-16.36.43:256][272]LogModuleManager: Shutting down and abandoning module HTTPChunkInstaller (36)
[2017.07.25-16.36.43:256][272]LogModuleManager: Shutting down and abandoning module AnimationModifiers (34)
[2017.07.25-16.36.43:256][272]LogModuleManager: Shutting down and abandoning module PropertyEditor (33)
[2017.07.25-16.36.43:256][272]LogModuleManager: Shutting down and abandoning module AudioEditor (30)
[2017.07.25-16.36.43:256][272]LogModuleManager: Shutting down and abandoning module TextureCompressor (28)
[2017.07.25-16.36.43:256][272]LogModuleManager: Shutting down and abandoning module ShaderCore (26)
[2017.07.25-16.36.43:256][272]LogModuleManager: Shutting down and abandoning module Landscape (24)
[2017.07.25-16.36.43:256][272]LogModuleManager: Shutting down and abandoning module SlateRHIRenderer (22)
[2017.07.25-16.36.43:257][272]LogModuleManager: Shutting down and abandoning module OpenGLDrv (20)
[2017.07.25-16.36.43:257][272]LogModuleManager: Shutting down and abandoning module D3D11RHI (18)
[2017.07.25-16.36.43:257][272]LogModuleManager: Shutting down and abandoning module AnimGraphRuntime (16)
[2017.07.25-16.36.43:257][272]LogModuleManager: Shutting down and abandoning module Renderer (14)
[2017.07.25-16.36.43:257][272]LogModuleManager: Shutting down and abandoning module Engine (12)
[2017.07.25-16.36.43:257][272]LogModuleManager: Shutting down and abandoning module CoreUObject (10)
[2017.07.25-16.36.43:257][272]LogModuleManager: Shutting down and abandoning module NetworkFile (8)
[2017.07.25-16.36.43:257][272]LogModuleManager: Shutting down and abandoning module StreamingFile (6)
[2017.07.25-16.36.43:257][272]LogModuleManager: Shutting down and abandoning module SandboxFile (4)
[2017.07.25-16.36.43:257][272]LogModuleManager: Shutting down and abandoning module PakFile (2)
[2017.07.25-16.36.43:258][272]LogExit: Exiting.
[2017.07.25-16.36.43:268][272]Log file closed, 07/25/17 17:36:43
