Log file open, 07/20/17 17:27:19
LogInit:Display: Running engine for game: VR
LogPlatformFile: Not using cached read wrapper
LogInit:Display: RandInit(-1288046326) SRandInit(-1288046326).
LogTaskGraph: Started task graph with 5 named threads and 8 total threads with 1 sets of task threads.
LogStats: Stats thread started at 0.118287
LogInit: Using libcurl 7.47.1
LogInit:  - built for x86_64-pc-win32
LogInit:  - supports SSL with OpenSSL/1.0.2g
LogInit:  - supports HTTP deflate (compression) using libz 1.2.8
LogInit:  - other features:
LogInit:      CURL_VERSION_SSL
LogInit:      CURL_VERSION_LIBZ
LogInit:      CURL_VERSION_IPV6
LogInit:      CURL_VERSION_ASYNCHDNS
LogInit:      CURL_VERSION_LARGEFILE
LogInit:      CURL_VERSION_IDN
LogInit:  CurlRequestOptions (configurable via config and command line):
LogInit:  - bVerifyPeer = false  - Libcurl will NOT verify peer certificate
LogInit:  - bUseHttpProxy = false  - Libcurl will NOT use HTTP proxy
LogInit:  - bDontReuseConnections = false  - Libcurl will reuse connections
LogInit:  - CertBundlePath = nullptr  - Libcurl will use whatever was configured at build time.
OCULUS: Info: [CAPI] LibOVR module is located at C:\Program Files\Oculus\Support\oculus-runtime\LibOVRRT64_1.dll
OCULUS: Debug: Connected to the server running version (prod = 1).1.16.0(build = 409268) feature version = 0. Client runs version (prod = 1).1.16.0(build = 409268) feature version = 0
LogHMD: GearVR: Emulating GearVR using Oculus Rift!
LogInit: Build: ++UE4+Release-4.16-CL-3514769
LogInit: Engine Version: 4.16.2-3514769+++UE4+Release-4.16
LogInit: Compatible Engine Version: 4.16.0-3452394+++UE4+Release-4.16
LogInit: Net CL: 3452394
LogDevObjectVersion: Number of dev versions registered: 16
LogDevObjectVersion:   Dev-Blueprints (B0D832E4-1F89-4F0D-ACCF-7EB736FD4AA2): 9
LogDevObjectVersion:   Dev-Build (E1C64328-A22C-4D53-A36C-8E866417BD8C): 0
LogDevObjectVersion:   Dev-Core (375EC13C-06E4-48FB-B500-84F0262A717E): 2
LogDevObjectVersion:   Dev-Editor (E4B068ED-F494-42E9-A231-DA0B2E46BB41): 17
LogDevObjectVersion:   Dev-Framework (CFFC743F-43B0-4480-9391-14DF171D2073): 23
LogDevObjectVersion:   Dev-Mobile (B02B49B5-BB20-44E9-A304-32B752E40360): 0
LogDevObjectVersion:   Dev-Networking (A4E4105C-59A1-49B5-A7C5-40C4547EDFEE): 0
LogDevObjectVersion:   Dev-Online (39C831C9-5AE6-47DC-9A44-9C173E1C8E7C): 0
LogDevObjectVersion:   Dev-Physics (78F01B33-EBEA-4F98-B9B4-84EACCB95AA2): 0
LogDevObjectVersion:   Dev-Platform (6631380F-2D4D-43E0-8009-CF276956A95A): 0
LogDevObjectVersion:   Dev-Rendering (12F88B9F-8875-4AFC-A67C-D90C383ABD29): 15
LogDevObjectVersion:   Dev-Sequencer (7B5AE74C-D270-4C10-A958-57980B212A5A): 4
LogDevObjectVersion:   Dev-VR (D7296918-1DD6-4BDD-9DE2-64A83CC13884): 0
LogDevObjectVersion:   Dev-LoadTimes (C2A15278-BFE7-4AFE-6C17-90FF531DF755): 1
LogDevObjectVersion:   Private-Geometry (6EACA3D4-40EC-4CC1-B786-8BED09428FC5): 1
LogDevObjectVersion:   Dev-AnimPhys (29E575DD-E0A3-4627-9D10-D276232CDCEA): 3
LogInit: Compiled (64-bit): Jun 29 2017 02:03:24
LogInit: Compiled with Visual C++: 19.00.24215.01
LogInit: Build Configuration: Development
LogInit: Branch Name: ++UE4+Release-4.16
LogInit: Command line: -EpicPortal 
LogInit: Base directory: C:/Program Files/Epic Games/UE_4.16/Engine/Binaries/Win64/
LogInit: Installed Engine Build: 1
LogInit: Presizing for max 8388607 objects, including 0 objects not considered by GC, pre-allocating 0 bytes for permanent pool.
LogInit: Object subsystem initialized
[2017.07.20-16.27.21:139][  0]LogInit: Selected Device Profile: [Windows]
[2017.07.20-16.27.21:139][  0]LogInit: Applying CVar settings loaded from the selected device profile: [Windows]
[2017.07.20-16.27.21:148][  0]LogInit: Computer: SCOTTPC
[2017.07.20-16.27.21:148][  0]LogInit: User: scott
[2017.07.20-16.27.21:148][  0]LogInit: CPU Page size=4096, Cores=4
[2017.07.20-16.27.21:148][  0]LogInit: High frequency timer resolution =3.423914 MHz
[2017.07.20-16.27.21:148][  0]LogMemory: Memory total: Physical=15.9GB (16GB approx)
[2017.07.20-16.27.21:148][  0]LogMemory: Platform Memory Stats for Windows
[2017.07.20-16.27.21:148][  0]LogMemory: Process Physical Memory: 278.09 MB used, 278.09 MB peak
[2017.07.20-16.27.21:148][  0]LogMemory: Process Virtual Memory: 263.93 MB used, 263.93 MB peak
[2017.07.20-16.27.21:148][  0]LogMemory: Physical Memory: 8695.40 MB used,  7616.50 MB free, 16311.90 MB total
[2017.07.20-16.27.21:148][  0]LogMemory: Virtual Memory: 675.95 MB used,  7616.50 MB free, 134217728.00 MB total
[2017.07.20-16.27.21:266][  0]LogInit: Using OS detected language (en-GB).
[2017.07.20-16.27.21:266][  0]LogInit: Using OS detected locale (en-GB).
[2017.07.20-16.27.21:268][  0]LogTextLocalizationManager: No specific localization for 'en-GB' exists, so the 'en' localization will be used.
[2017.07.20-16.27.22:063][  0]LogD3D11RHI: D3D11 adapters:
[2017.07.20-16.27.22:106][  0]LogD3D11RHI:    0. 'NVIDIA GeForce GTX 1080' (Feature Level 11_0)
[2017.07.20-16.27.22:106][  0]LogD3D11RHI:       8110/0/8155 MB DedicatedVideo/DedicatedSystem/SharedSystem, Outputs:2, VendorId:0x10de
[2017.07.20-16.27.22:107][  0]LogD3D11RHI:    1. 'Microsoft Basic Render Driver' (Feature Level 11_0)
[2017.07.20-16.27.22:107][  0]LogD3D11RHI:       0/0/8155 MB DedicatedVideo/DedicatedSystem/SharedSystem, Outputs:0, VendorId:0x1414
[2017.07.20-16.27.22:107][  0]LogD3D11RHI: Chosen D3D11 Adapter: 0
[2017.07.20-16.27.22:114][  0]LogD3D11RHI: Creating new Direct3DDevice
[2017.07.20-16.27.22:114][  0]LogD3D11RHI:     GPU DeviceId: 0x1b80 (for the marketing name, search the web for "GPU Device Id")
[2017.07.20-16.27.22:114][  0]LogWindows: EnumDisplayDevices:
[2017.07.20-16.27.22:114][  0]LogWindows:    0. 'NVIDIA GeForce GTX 1080' (P:1 D:1)
[2017.07.20-16.27.22:114][  0]LogWindows:    1. 'NVIDIA GeForce GTX 1080' (P:0 D:1)
[2017.07.20-16.27.22:114][  0]LogWindows:    2. 'NVIDIA GeForce GTX 1080' (P:0 D:0)
[2017.07.20-16.27.22:114][  0]LogWindows:    3. 'NVIDIA GeForce GTX 1080' (P:0 D:0)
[2017.07.20-16.27.22:115][  0]LogWindows: DebugString: FoundDriverCount:4 
[2017.07.20-16.27.22:115][  0]LogD3D11RHI:     Adapter Name: NVIDIA GeForce GTX 1080
[2017.07.20-16.27.22:115][  0]LogD3D11RHI:   Driver Version: 382.05 (internal:22.21.13.8205, unified:382.05)
[2017.07.20-16.27.22:115][  0]LogD3D11RHI:      Driver Date: 5-1-2017
[2017.07.20-16.27.22:115][  0]LogRHI: Texture pool is 1361 MB (70% of 1945 MB)
[2017.07.20-16.27.22:144][  0]LogD3D11RHI: Async texture creation enabled
[2017.07.20-16.27.22:153][  0]LogD3D11RHI: GPU Timing Frequency: 1000.000000 (Debug: 2 1)
[2017.07.20-16.27.22:245][  0]LogShaderCompilers: Guid format shader working directory is -7 characters bigger than the processId version (../../../../../../Users/scott/Documents/GitHub/VR/VR/Intermediate/Shaders/WorkingDirectory/13560/).
[2017.07.20-16.27.22:245][  0]LogShaderCompilers: Cleaned the shader compiler working directory 'C:/Users/scott/AppData/Local/Temp/UnrealShaderWorkingDir/D72E2D364E8C7E6BEB52A689FDA6FF57/'.
[2017.07.20-16.27.22:245][  0]LogShaderCompilers:Display: Using Local Shader Compiler.
[2017.07.20-16.27.23:158][  0]LogTemp:Display: Loaded TP AllDesktopTargetPlatform
[2017.07.20-16.27.23:204][  0]LogTemp:Display: Loaded TP MacClientTargetPlatform
[2017.07.20-16.27.23:249][  0]LogTemp:Display: Loaded TP MacNoEditorTargetPlatform
[2017.07.20-16.27.23:292][  0]LogTemp:Display: Loaded TP MacServerTargetPlatform
[2017.07.20-16.27.23:335][  0]LogTemp:Display: Loaded TP MacTargetPlatform
[2017.07.20-16.27.23:378][  0]LogTemp:Display: Loaded TP WindowsClientTargetPlatform
[2017.07.20-16.27.23:421][  0]LogTemp:Display: Loaded TP WindowsNoEditorTargetPlatform
[2017.07.20-16.27.23:464][  0]LogTemp:Display: Loaded TP WindowsServerTargetPlatform
[2017.07.20-16.27.23:502][  0]LogTemp:Display: Loaded TP WindowsTargetPlatform
[2017.07.20-16.27.23:545][  0]LogTemp:Display: Loaded TP AndroidTargetPlatform
[2017.07.20-16.27.23:588][  0]LogTemp:Display: Loaded TP Android_ASTCTargetPlatform
[2017.07.20-16.27.23:630][  0]LogTemp:Display: Loaded TP Android_ATCTargetPlatform
[2017.07.20-16.27.23:675][  0]LogTemp:Display: Loaded TP Android_DXTTargetPlatform
[2017.07.20-16.27.23:716][  0]LogTemp:Display: Loaded TP Android_ETC1TargetPlatform
[2017.07.20-16.27.23:758][  0]LogTemp:Display: Loaded TP Android_ETC2TargetPlatform
[2017.07.20-16.27.23:844][  0]LogTemp:Display: Loaded TP Android_MultiTargetPlatform
[2017.07.20-16.27.23:844][  0]LogTemp:Display: Loaded TP Android_PVRTCTargetPlatform
[2017.07.20-16.27.23:879][  0]LogTemp:Display: Loaded TP HTML5TargetPlatform
[2017.07.20-16.27.23:961][  0]LogTemp:Display: Loaded TP IOSTargetPlatform
[2017.07.20-16.27.23:986][  0]LogTemp:Display: Loaded TP TVOSTargetPlatform
[2017.07.20-16.27.24:028][  0]LogTemp:Display: Loaded TP LinuxClientTargetPlatform
[2017.07.20-16.27.24:069][  0]LogTemp:Display: Loaded TP LinuxNoEditorTargetPlatform
[2017.07.20-16.27.24:112][  0]LogTemp:Display: Loaded TP LinuxServerTargetPlatform
[2017.07.20-16.27.24:156][  0]LogTemp:Display: Loaded TP LinuxTargetPlatform
[2017.07.20-16.27.24:156][  0]LogTargetPlatformManager:Display: Building Assets For Windows
[2017.07.20-16.27.24:577][  0]LogDerivedDataCache:Display: Max Cache Size: 512 MB
[2017.07.20-16.27.24:668][  0]LogDerivedDataCache: Loaded boot cache 0.09s 94MB C:/Users/scott/AppData/Local/UnrealEngine/4.16/DerivedDataCache/Boot.ddc.
[2017.07.20-16.27.24:668][  0]LogDerivedDataCache:Display: Loaded Boot cache: C:/Users/scott/AppData/Local/UnrealEngine/4.16/DerivedDataCache/Boot.ddc
[2017.07.20-16.27.24:668][  0]LogDerivedDataCache: FDerivedDataBackendGraph:  Pak pak cache file ../../../../../../Users/scott/Documents/GitHub/VR/VR/DerivedDataCache/DDC.ddp not found, will not use a pak cache.
[2017.07.20-16.27.24:669][  0]LogDerivedDataCache: Unable to find inner node Pak for hierarchical cache Hierarchy.
[2017.07.20-16.27.24:669][  0]LogDerivedDataCache: FDerivedDataBackendGraph:  CompressedPak pak cache file ../../../../../../Users/scott/Documents/GitHub/VR/VR/DerivedDataCache/Compressed.ddp not found, will not use a pak cache.
[2017.07.20-16.27.24:669][  0]LogDerivedDataCache: Unable to find inner node CompressedPak for hierarchical cache Hierarchy.
[2017.07.20-16.27.24:683][  0]LogDerivedDataCache:Display: Pak cache opened for reading ../../../Engine/DerivedDataCache/Compressed.ddp.
[2017.07.20-16.27.24:695][  0]LogDerivedDataCache: Using Local data cache path C:/Users/scott/AppData/Local/UnrealEngine/Common/DerivedDataCache: Writable
[2017.07.20-16.27.24:704][  0]LogMaterial: Verifying Global Shaders for PCD3D_SM5
[2017.07.20-16.27.24:704][  0]LogSlate: Using Freetype 2.6.0
[2017.07.20-16.27.24:705][  0]LogSlate: SlateFontCache - WITH_FREETYPE: 1, WITH_HARFBUZZ: 1
[2017.07.20-16.27.24:705][  0]LogSlate: SlateFontCache - WITH_FREETYPE: 1, WITH_HARFBUZZ: 1
[2017.07.20-16.27.24:971][  0]LogInit: Selected Device Profile: [Windows]
[2017.07.20-16.27.25:033][  0]LogContentStreaming: Texture pool size is 0.00 MB
[2017.07.20-16.27.25:169][  0]LogMeshUtilities: Using QuadricMeshReduction for automatic static mesh reduction
[2017.07.20-16.27.25:212][  0]LogSimplygon: Simplygon DLL not present - disabling.
[2017.07.20-16.27.25:251][  0]LogMeshUtilities: Using SimplygonSwarm for distributed automatic mesh merging
[2017.07.20-16.27.25:251][  0]LogMeshUtilities: No automatic skeletal mesh reduction module available
[2017.07.20-16.27.25:251][  0]LogMeshUtilities: No automatic mesh merging module available
[2017.07.20-16.27.25:743][  0]LogNetVersion: VR , NetCL: 3452394, EngineNetVer: 2, GameNetVer: 0 (Checksum: 1895307458)
[2017.07.20-16.27.25:799][  0]LogAssetRegistry: FAssetRegistry took 0.0257 seconds to start up
[2017.07.20-16.27.25:868][  0]LogPackageLocalizationCache: Processed 4 localized package path(s) for 2 prioritized culture(s) in 0.049821 seconds
[2017.07.20-16.27.25:873][  0]LogUObjectArray: 34194 objects as part of root set at end of initial load.
[2017.07.20-16.27.25:873][  0]LogUObjectAllocator: 7260424 out of 0 bytes used by permanent object pool.
[2017.07.20-16.27.25:873][  0]LogUObjectArray: CloseDisregardForGC: 0/0 objects in disregard for GC pool
[2017.07.20-16.27.25:924][  0]LogInit: WinSock: version 1.1 (2.2), MaxSocks=32767, MaxUdp=65467
[2017.07.20-16.27.27:934][  0]LogTcpMessaging: Initializing TcpMessaging bridge
[2017.07.20-16.27.27:969][  0]LogUdpMessaging: Initializing bridge on interface 0.0.0.0:0 to multicast group 230.0.0.1:6666.
[2017.07.20-16.27.28:430][  0]LogMaterial: Uniform references updated for custom material expression Custom.
[2017.07.20-16.27.28:791][  0]SourceControl: Info Source control is disabled
[2017.07.20-16.27.28:876][  0]SourceControl: Info Source control is disabled
[2017.07.20-16.27.28:916][  0]SourceControl: Info Source control is disabled
[2017.07.20-16.27.28:955][  0]SourceControl: Info Source control is disabled
[2017.07.20-16.27.29:517][  0]LogAndroidPermission: UAndroidPermissionCallbackProxy::GetInstance
[2017.07.20-16.27.30:017][  0]LogEngine: Initializing Engine...
[2017.07.20-16.27.37:351][  0]LogHMD: Failed to initialize OpenVR with code 108
[2017.07.20-16.27.37:351][  0]LogHMD: Oculus plugin initialized. Version: 4.16.2-3514769+++UE4+Release-4.16, LibOVR: 1.16.0, SDK: 1.12.0, built Jun 29 2017, 02:10:56
[2017.07.20-16.27.37:610][  0]LogStats: UGameplayTagsManager::ConstructGameplayTagTree: Construct from data asset -  0.000 s
[2017.07.20-16.27.37:610][  0]LogStats: UGameplayTagsManager::ConstructGameplayTagTree: GameplayTagTreeChangedEvent.Broadcast -  0.000 s
[2017.07.20-16.27.37:720][  0]LogAIModule: Creating AISystem for world Untitled
[2017.07.20-16.27.37:735][  0]LogInit: XAudio2 using 'Main Speakers (Realtek High Definition Audio)' : 2 channels at 48 kHz using 32 bits per sample (channel mask 0x3)
[2017.07.20-16.27.37:760][  0]LogInit: FAudioDevice initialized.
[2017.07.20-16.27.37:809][  0]LogDerivedDataCache: Saved boot cache 0.05s 103MB C:/Users/scott/AppData/Local/UnrealEngine/4.16/DerivedDataCache/Boot.ddc.
[2017.07.20-16.27.37:823][  0]LogInit: Texture streaming: Enabled
[2017.07.20-16.27.37:905][  0]LogEngineSessionManager: EngineSessionManager initialized
[2017.07.20-16.27.38:092][  0]LogInit: Transaction tracking system initialized
[2017.07.20-16.27.38:514][  0]BlueprintLog: New page: Editor Load
[2017.07.20-16.27.39:356][  0]LocalizationService: Info Localization service is disabled
[2017.07.20-16.27.40:181][  0]LogConsoleResponse:Display: 
[2017.07.20-16.27.40:336][  0]LogCook:Display: Max memory allowance for cook 16384mb min free memory 0mb
[2017.07.20-16.27.40:336][  0]LogCook:Display: Mobile HDR setting 1
[2017.07.20-16.27.41:185][  0]LogFileCache: Scanning file cache for directory 'C:/Users/scott/Documents/GitHub/VR/VR/Content/' took 0.01s
[2017.07.20-16.27.41:224][  0]SourceControl: Info Source control is disabled
[2017.07.20-16.27.41:224][  0]Cmd: MAP LOAD FILE="../../../../../../Users/scott/Documents/GitHub/VR/VR/Content/VirtualRealityBP/Maps/StartupMap.umap" TEMPLATE=0 SHOWPROGRESS=1 FEATURELEVEL=3
[2017.07.20-16.27.41:227][  0]LightingResults: New page: Lighting Build
[2017.07.20-16.27.41:262][  0]MapCheck: New page: Map Check
[2017.07.20-16.27.41:262][  0]LightingResults: New page: Lighting Build
[2017.07.20-16.27.41:365][  0]LogAIModule: Creating AISystem for world StartupMap
[2017.07.20-16.27.41:377][  0]LogEditorServer: Finished looking for orphan Actors (0.000 secs)
[2017.07.20-16.27.41:388][  0]Cmd: MAP CHECKDEP NOCLEARLOG
[2017.07.20-16.27.41:437][  0]MapCheck: Info Map check complete: 0 Error(s), 0 Warning(s), took 48.658ms to complete.
[2017.07.20-16.27.41:437][  0]LogFileHelpers: Loading map 'StartupMap' took 0.213
[2017.07.20-16.27.41:603][  0]LogCollectionManager: Loaded 0 collections in 0.001119 seconds
[2017.07.20-16.27.41:691][  0]LogFileCache: Scanning file cache for directory 'C:/Users/scott/Documents/GitHub/VR/VR/Saved/Collections/' took 0.01s
[2017.07.20-16.27.41:691][  0]LogFileCache: Scanning file cache for directory 'C:/Users/scott/Documents/GitHub/VR/VR/Content/Developers/scott/Collections/' took 0.01s
[2017.07.20-16.27.41:691][  0]LogFileCache: Scanning file cache for directory 'C:/Users/scott/Documents/GitHub/VR/VR/Content/Collections/' took 0.01s
[2017.07.20-16.27.41:691][  0]LogCollectionManager: Rebuilt the GUID cache for 0 collections in 0.000001 seconds
[2017.07.20-16.27.41:699][  0]LogContentBrowser: Native class hierarchy populated in 0.0077 seconds. Added 2329 classes and 491 folders.
[2017.07.20-16.27.41:755][  0]LogContentBrowser: Native class hierarchy updated for 'WidgetCarousel' in 0.0004 seconds. Added 0 classes and 0 folders.
[2017.07.20-16.27.41:873][  0]LogContentBrowser: Native class hierarchy updated for 'AddContentDialog' in 0.0004 seconds. Added 0 classes and 0 folders.
[2017.07.20-16.27.41:933][  0]LogContentBrowser: Native class hierarchy updated for 'SceneOutliner' in 0.0005 seconds. Added 1 classes and 2 folders.
[2017.07.20-16.27.41:966][  0]LogCrashTracker: Crashtracker disabled due to settings.
[2017.07.20-16.27.41:971][  0]LogSlate: Took 0.000157 seconds to synchronously load lazily loaded font '../../../Engine/Content/Slate/Fonts/Roboto-Regular.ttf' (155K)
[2017.07.20-16.27.41:972][  0]LogSlate: Took 0.000128 seconds to synchronously load lazily loaded font '../../../Engine/Content/Slate/Fonts/Roboto-Bold.ttf' (160K)
[2017.07.20-16.27.41:978][  0]LogSlate: Took 0.001538 seconds to synchronously load lazily loaded font '../../../Engine/Content/Editor/Slate/Fonts/FontAwesome.ttf' (139K)
[2017.07.20-16.27.42:080][  0]LogRenderer: Reallocating scene render targets to support 1616x808 NumSamples 1 (Frame:1).
[2017.07.20-16.27.42:180][  0]LogUObjectGlobals:Warning: Failed to find object 'Class None.'
[2017.07.20-16.27.42:239][  0]LogContentBrowser: Native class hierarchy updated for 'HierarchicalLODOutliner' in 0.0005 seconds. Added 1 classes and 2 folders.
[2017.07.20-16.27.42:239][  0]LogLoad: (Engine Initialization) Total time: 23.53 seconds
[2017.07.20-16.27.42:239][  0]LogLoad: (Engine Initialization) Total Blueprint compile time: 0.04 seconds
[2017.07.20-16.27.42:239][  0]LogExternalProfiler: No external profilers were discovered.  External profiling features will not be available.
[2017.07.20-16.27.42:250][  0]LogWindowsTextInputMethodSystem:Display: IME system now deactivated.
[2017.07.20-16.27.42:250][  0]LogOcInput: OculusInput pre-init called
[2017.07.20-16.27.42:260][  0]LogOcInput: OculusInput is initialized. Init status 0. Runtime version: 1.16.0
[2017.07.20-16.27.42:260][  0]LogHMD: Starting GearVRController plugin
[2017.07.20-16.27.42:273][  0]LogAssetRegistry: Asset discovery search completed in 16.4955 seconds
[2017.07.20-16.27.42:274][  0]LogCollectionManager: Rebuilt the object cache for 0 collections in 0.000001 seconds (found 0 objects)
[2017.07.20-16.27.42:274][  0]LogCollectionManager: Fixed up redirectors for 0 collections in 0.000017 seconds (updated 0 objects)
[2017.07.20-16.27.42:276][  0]LogContentStreaming: Texture pool size now 600 MB
[2017.07.20-16.29.08:559][478]LogMaterial: Missing cached shader map for material M_Rock, compiling. 
[2017.07.20-16.29.08:615][478]LogSlate: Took 0.003232 seconds to synchronously load lazily loaded font '../../../Engine/Content/Slate/Fonts/Roboto-Light.ttf' (159K)
[2017.07.20-16.29.08:818][478]LogMaterial: Missing cached shader map for material M_SkyBox, compiling. 
[2017.07.20-16.29.08:837][478]LogMaterial: Missing cached shader map for material GridMaterial, compiling. 
[2017.07.20-16.30.35:406][539]Cmd: OBJ SAVEPACKAGE PACKAGE="/Game/Scenes/Prototype" FILE="../../../../../../Users/scott/Documents/GitHub/VR/VR/Content/Scenes/Prototype.umap" SILENT=true AUTOSAVING=false KEEPDIRTY=false
[2017.07.20-16.30.35:425][539]LogSavePackage: Save=8.01ms
[2017.07.20-16.30.35:425][539]LogSavePackage: Moving '../../../../../../Users/scott/Documents/GitHub/VR/VR/Saved/Prototype951FE24349527F9D373077B7EBFA4B8A.tmp' to '../../../../../../Users/scott/Documents/GitHub/VR/VR/Content/Scenes/Prototype.umap'
[2017.07.20-16.30.35:431][539]LogSavePackage:Display: Finished SavePackage ../../../../../../Users/scott/Documents/GitHub/VR/VR/Content/Scenes/Prototype.umap
[2017.07.20-16.30.35:431][539]LogFileHelpers: Saving map 'Prototype' took 0.077
[2017.07.20-16.30.35:434][539]Cmd: MAP LOAD FILE="../../../../../../Users/scott/Documents/GitHub/VR/VR/Content/Scenes/Prototype.umap" TEMPLATE=0 SHOWPROGRESS=1 FEATURELEVEL=3
[2017.07.20-16.30.35:434][539]LightingResults: New page: Lighting Build
[2017.07.20-16.30.35:434][539]LoadErrors: New page: Loading map: Prototype.umap
[2017.07.20-16.30.35:435][539]MapCheck: New page: Map Check
[2017.07.20-16.30.35:435][539]LightingResults: New page: Lighting Build
[2017.07.20-16.30.35:445][539]LogEditorServer: Finished looking for orphan Actors (0.000 secs)
[2017.07.20-16.30.35:445][539]LogAIModule: Creating AISystem for world Prototype
[2017.07.20-16.30.35:453][539]LogSlate: Took 0.000157 seconds to synchronously load lazily loaded font '../../../Engine/Content/Slate/Fonts/Roboto-Regular.ttf' (155K)
[2017.07.20-16.30.35:492][539]Cmd: MAP CHECKDEP NOCLEARLOG
[2017.07.20-16.30.35:542][539]MapCheck: Info Map check complete: 0 Error(s), 0 Warning(s), took 49.542ms to complete.
[2017.07.20-16.30.35:542][539]LogFileHelpers: Loading map 'Prototype' took 0.109
[2017.07.20-16.30.51:129][383]LogActorFactory: Actor Factory created Plane
[2017.07.20-16.30.51:136][383]LogMaterial: Missing cached shader map for material BasicShapeMaterial, compiling. 
[2017.07.20-16.30.51:916][469]LogActorFactory: Actor Factory created Plane
[2017.07.20-16.30.55:740][855]LogSlate: Took 0.002799 seconds to synchronously load lazily loaded font '../../../Engine/Content/Editor/Slate/Fonts/Roboto-Italic.ttf' (157K)
[2017.07.20-16.31.00:436][413]Cmd: CAMERA ALIGN ACTIVEVIEWPORTONLY
[2017.07.20-16.32.11:727][793]Cmd: OBJ SAVEPACKAGE PACKAGE="/Game/Scenes/Prototype" FILE="../../../../../../Users/scott/Documents/GitHub/VR/VR/Content/Scenes/Prototype.umap" SILENT=true AUTOSAVING=false KEEPDIRTY=false
[2017.07.20-16.32.11:759][793]LogSavePackage: Save=13.98ms
[2017.07.20-16.32.11:759][793]LogSavePackage: Moving '../../../../../../Users/scott/Documents/GitHub/VR/VR/Saved/PrototypeDAB62DD84DAD0EB60FE0078B97055DAC.tmp' to '../../../../../../Users/scott/Documents/GitHub/VR/VR/Content/Scenes/Prototype.umap'
[2017.07.20-16.32.11:765][793]LogSavePackage:Display: Finished SavePackage ../../../../../../Users/scott/Documents/GitHub/VR/VR/Content/Scenes/Prototype.umap
[2017.07.20-16.32.37:679][794]LogMaterial: Missing cached shader map for material M_Sky_Panning_Clouds2, compiling. 
[2017.07.20-16.32.37:743][794]LogAIModule: Creating AISystem for world MotionControllerMap
[2017.07.20-16.32.37:765][794]Cmd: MAP LOAD FILE="../../../../../../Users/scott/Documents/GitHub/VR/VR/Content/VirtualRealityBP/Maps/MotionControllerMap.umap" TEMPLATE=0 SHOWPROGRESS=1 FEATURELEVEL=3
[2017.07.20-16.32.37:766][794]LightingResults: New page: Lighting Build
[2017.07.20-16.32.37:766][794]LoadErrors: New page: Loading map: MotionControllerMap.umap
[2017.07.20-16.32.37:767][794]MapCheck: New page: Map Check
[2017.07.20-16.32.37:767][794]LightingResults: New page: Lighting Build
[2017.07.20-16.32.37:779][794]LogEditorServer: Finished looking for orphan Actors (0.000 secs)
[2017.07.20-16.32.37:805][794]Cmd: MAP CHECKDEP NOCLEARLOG
[2017.07.20-16.32.37:861][794]MapCheck: Info Map check complete: 0 Error(s), 0 Warning(s), took 56.208ms to complete.
[2017.07.20-16.32.37:861][794]LogFileHelpers: Loading map 'MotionControllerMap' took 0.097
[2017.07.20-16.33.10:999][778]LogUObjectGlobals:Warning: Failed to find object 'Object None.'
[2017.07.20-16.33.10:999][778]LogUObjectGlobals:Warning: Failed to find object 'Object None.'
[2017.07.20-16.33.11:803][865]LogSlate: Took 0.000157 seconds to synchronously load lazily loaded font '../../../Engine/Content/Slate/Fonts/Roboto-Light.ttf' (159K)
[2017.07.20-16.33.14:456][138]LogUObjectGlobals:Warning: Failed to find object 'Object None.'
[2017.07.20-16.33.14:457][138]LogUObjectGlobals:Warning: Failed to find object 'Object None.'
[2017.07.20-16.33.21:048][888]LogUObjectGlobals:Warning: Failed to find object 'Object None.'
[2017.07.20-16.33.21:048][888]LogUObjectGlobals:Warning: Failed to find object 'Object None.'
[2017.07.20-16.33.26:833][552]LogUObjectGlobals:Warning: Failed to find object 'Object None.'
[2017.07.20-16.33.26:833][552]LogUObjectGlobals:Warning: Failed to find object 'Object None.'
[2017.07.20-16.34.23:149][515]Cmd: MAP LOAD FILE="../../../../../../Users/scott/Documents/GitHub/VR/VR/Content/Scenes/Prototype.umap" TEMPLATE=0 SHOWPROGRESS=1 FEATURELEVEL=3
[2017.07.20-16.34.23:172][515]LightingResults: New page: Lighting Build
[2017.07.20-16.34.23:173][515]LoadErrors: New page: Loading map: Prototype.umap
[2017.07.20-16.34.23:205][515]MapCheck: New page: Map Check
[2017.07.20-16.34.23:205][515]LightingResults: New page: Lighting Build
[2017.07.20-16.34.23:218][515]LogAIModule: Creating AISystem for world Prototype
[2017.07.20-16.34.23:223][515]LogEditorServer: Finished looking for orphan Actors (0.000 secs)
[2017.07.20-16.34.23:257][515]Cmd: MAP CHECKDEP NOCLEARLOG
[2017.07.20-16.34.23:311][515]MapCheck: Info Map check complete: 0 Error(s), 0 Warning(s), took 54.094ms to complete.
[2017.07.20-16.34.23:311][515]LogFileHelpers: Loading map 'Prototype' took 0.163
[2017.07.20-16.35.53:830][763]LogEditorViewport: Clicking on Actor (LMB): StaticMeshActor (Floor)
[2017.07.20-16.38.27:147][425]LogActorFactory: Actor Factory created Cylinder
[2017.07.20-16.38.27:745][490]LogActorFactory: Actor Factory created Cylinder
[2017.07.20-16.40.14:068][132]LogEditorViewport: Clicking Background
[2017.07.20-16.40.40:826][855]LogActorFactory: Actor Factory created Cube
[2017.07.20-16.40.41:573][942]LogActorFactory: Actor Factory created Cube
[2017.07.20-16.41.00:610][ 91]Cmd: DELETE
[2017.07.20-16.41.00:610][ 91]Cmd: ACTOR DELETE
[2017.07.20-16.41.00:613][ 91]LogEditorActor: Deleted Actor: StaticMeshActor
[2017.07.20-16.41.00:623][ 91]LogEditorActor: Deleted 1 Actors (0.011 secs)
[2017.07.20-16.41.07:668][925]Cmd: BRUSH ADD SELECTNEWBRUSH
[2017.07.20-16.43.58:281][895]Cmd: DELETE
[2017.07.20-16.43.58:281][895]Cmd: ACTOR DELETE
[2017.07.20-16.43.58:282][895]LogEditorActor: Deleted Actor: Brush
[2017.07.20-16.43.58:304][895]LogEditorActor: Deleted 1 Actors (0.022 secs)
[2017.07.20-16.44.03:831][535]Cmd: CAMERA ALIGN ACTIVEVIEWPORTONLY
[2017.07.20-16.44.10:117][216]Cmd: CAMERA ALIGN ACTIVEVIEWPORTONLY
[2017.07.20-16.44.43:088][ 75]LogSavePackage: Save=35.90ms
[2017.07.20-16.44.43:088][ 75]LogSavePackage: Moving '../../../../../../Users/scott/Documents/GitHub/VR/VR/Saved/Prototype_Auto1A8B83DCE43FECE52211817992F4E976D.tmp' to '../../../../../../Users/scott/Documents/GitHub/VR/VR/Saved/Autosaves/Game/Scenes/Prototype_Auto1.umap'
[2017.07.20-16.44.43:090][ 75]LogSavePackage:Display: Finished SavePackage ../../../../../../Users/scott/Documents/GitHub/VR/VR/Saved/Autosaves/Game/Scenes/Prototype_Auto1.umap
[2017.07.20-16.44.43:093][ 75]LogFileHelpers: Editor autosave (incl. sublevels) for '/Game/Scenes/Prototype' took 0.062
[2017.07.20-16.44.43:093][ 75]LogFileHelpers: Editor autosave (incl. sublevels) for all levels took 0.062
[2017.07.20-16.45.03:704][471]Cmd: TRANSACTION UNDO
[2017.07.20-16.45.03:704][471]LogEditorTransaction: Undo Move Actors
[2017.07.20-16.45.03:706][471]LogActorComponent: ~FComponentReregisterContext: (/Game/Scenes/Prototype.Prototype:PersistentLevel.BoxBrush2.BrushComponent0) Component already registered.
[2017.07.20-16.45.03:707][471]LogGeometryMode:Warning: Unable to find 1 Edge(s) in new BSP
[2017.07.20-16.45.03:707][471]LogGeometryMode:Warning: Unable to resolve BoxBrush4 Brush in new BSP, see above
[2017.07.20-16.45.03:707][471]LogGeometryMode:Warning: Unable to find all previously selected geometry data, resetting selection
[2017.07.20-16.46.16:052][839]Cmd: CAMERA ALIGN ACTIVEVIEWPORTONLY
[2017.07.20-16.47.11:309][188]LogEditorViewport: Clicking Background
[2017.07.20-16.47.18:064][965]LogEditorViewport: Clicking Background
[2017.07.20-16.47.20:539][246]LogTemp: Repeting last play command: Selected Viewport
[2017.07.20-16.47.20:931][246]LogPlayLevel: PlayLevel: No blueprints needed recompiling
[2017.07.20-16.47.20:932][246]PIE: New page: PIE session: Prototype (20 Jul 2017 18:47:20)
[2017.07.20-16.47.20:932][246]LogPlayLevel: Creating play world package: /Game/Scenes/UEDPIE_0_Prototype
[2017.07.20-16.47.20:936][246]LogPlayLevel: PIE: StaticDuplicateObject took: (0.003680s)
[2017.07.20-16.47.20:936][246]LogAIModule: Creating AISystem for world Prototype
[2017.07.20-16.47.20:936][246]LogPlayLevel: PIE: World Init took: (0.000616s)
[2017.07.20-16.47.20:937][246]LogPlayLevel: PIE: Created PIE world by copying editor world from /Game/Scenes/Prototype.Prototype to /Game/Scenes/UEDPIE_0_Prototype.Prototype (0.004512s)
[2017.07.20-16.47.20:958][246]LogInit: XAudio2 using 'Main Speakers (Realtek High Definition Audio)' : 2 channels at 48 kHz using 32 bits per sample (channel mask 0x3)
[2017.07.20-16.47.20:978][246]LogInit: FAudioDevice initialized.
[2017.07.20-16.47.21:025][246]LogUObjectGlobals:Warning: Failed to find object 'Class None.'
[2017.07.20-16.47.21:025][246]LogLoad: Game class is 'GameModeBase'
[2017.07.20-16.47.21:029][246]LogWorld: Bringing World /Game/Scenes/UEDPIE_0_Prototype.Prototype up for play (max tick rate 0) at 2017.07.20-17.47.21
[2017.07.20-16.47.21:031][246]LogWorld: Bringing up level for play took: 0.002568
[2017.07.20-16.47.21:073][246]LogContentBrowser: Native class hierarchy updated for 'MovieSceneCapture' in 0.0006 seconds. Added 11 classes and 0 folders.
[2017.07.20-16.47.21:079][246]PIE: Info Play in editor start time for /Game/Scenes/UEDPIE_0_Prototype 0.911
[2017.07.20-16.52.16:761][627]LogMaterial: Missing cached shader map for material M_CobbleStone_Pebble, compiling. 
[2017.07.20-16.52.22:936][329]Cmd: TRANSACTION UNDO
[2017.07.20-16.52.22:936][329]LogEditorTransaction: Undo Create Actors
[2017.07.20-16.52.32:375][396]LogMaterial: Missing cached shader map for material M_Rock_Sandstone, compiling. 
[2017.07.20-16.52.37:210][933]LogEditorViewport: Clicking on Actor (LMB): StaticMeshActor (Floor)
[2017.07.20-16.52.49:811][315]LogEditorActor: Deleted Actor: StaticMeshActor
[2017.07.20-16.52.49:820][315]LogEditorActor: Deleted 1 Actors (0.010 secs)
[2017.07.20-16.52.56:802][125]Cmd: BRUSH ADD SELECTNEWBRUSH
[2017.07.20-16.52.58:121][275]Cmd: DELETE
[2017.07.20-16.52.58:121][275]Cmd: ACTOR DELETE
[2017.07.20-16.52.58:122][275]LogEditorActor: Deleted Actor: Brush
[2017.07.20-16.52.58:134][275]LogEditorActor: Deleted 1 Actors (0.013 secs)
[2017.07.20-16.52.59:926][487]Cmd: TRANSACTION UNDO
[2017.07.20-16.52.59:926][487]LogEditorTransaction: Undo Delete Actors
[2017.07.20-16.52.59:929][487]LogActorComponent: ~FComponentReregisterContext: (/Game/Scenes/Prototype.Prototype:PersistentLevel.BoxBrush6.BrushComponent0) Component already registered.
[2017.07.20-16.53.00:453][533]Cmd: TRANSACTION UNDO
[2017.07.20-16.53.00:453][533]LogEditorTransaction: Undo Brush Add
[2017.07.20-16.53.00:856][579]Cmd: TRANSACTION UNDO
[2017.07.20-16.53.00:856][579]LogEditorTransaction: Undo Delete selection
[2017.07.20-16.53.05:489][107]LogEditorViewport: Clicking on Actor (LMB): StaticMeshActor (Floor)
[2017.07.20-16.53.05:863][149]Cmd: DELETE
[2017.07.20-16.53.05:863][149]Cmd: ACTOR DELETE
[2017.07.20-16.53.05:863][149]LogEditorActor: Deleted Actor: StaticMeshActor
[2017.07.20-16.53.05:871][149]LogEditorActor: Deleted 1 Actors (0.008 secs)
[2017.07.20-16.53.07:556][341]Cmd: BRUSH ADD SELECTNEWBRUSH
[2017.07.20-16.53.36:131][660]LogEditorViewport: Clicking Background
[2017.07.20-16.53.42:559][385]LogMaterial: Missing cached shader map for material M_Metal_Rust, compiling. 
[2017.07.20-16.53.54:004][264]LogMaterial: Missing cached shader map for material M_Brick_Clay_New, compiling. 
[2017.07.20-16.53.59:993][874]LogMaterial: Missing cached shader map for material M_Concrete_Grime, compiling. 
[2017.07.20-16.54.42:408][207]LogMaterial: Missing cached shader map for material M_Brick_Cut_Stone, compiling. 
[2017.07.20-16.55.00:073][133]Cmd: TRANSACTION UNDO
[2017.07.20-16.55.00:073][133]LogEditorTransaction: Undo Clicking on Actors
[2017.07.20-16.55.12:875][417]LogEditorViewport: Clicking Background
[2017.07.20-16.55.16:100][789]Cmd: ACTOR SELECT ALL
[2017.07.20-16.55.17:108][902]LogEditorViewport: Clicking Background
[2017.07.20-16.56.28:814][643]Cmd: POLY TEXSCALE  UU=8.000000 VV=8.000000
[2017.07.20-16.56.32:727][ 97]Cmd: POLY TEXSCALE  UU=2.000000 VV=2.000000
[2017.07.20-16.56.34:150][263]LogEditorViewport: Clicking Background
[2017.07.20-16.56.53:102][302]Cmd: TRANSACTION UNDO
[2017.07.20-16.56.53:102][302]LogEditorTransaction: Undo Move Actors
[2017.07.20-16.56.54:566][426]Cmd: TRANSACTION UNDO
[2017.07.20-16.56.54:566][426]LogEditorTransaction: Undo Move Actors
[2017.07.20-16.57.08:942][897]Cmd: CAMERA ALIGN ACTIVEVIEWPORTONLY
[2017.07.20-16.57.25:566][742]Cmd: POLY TEXSCALE  UU=2.000000 VV=2.000000
[2017.07.20-16.57.40:584][449]LogEditorViewport: Clicking Background
[2017.07.20-16.57.41:282][531]Cmd: TRANSACTION UNDO
[2017.07.20-16.57.41:282][531]LogEditorTransaction: Undo Clicking Background
[2017.07.20-16.57.43:633][787]Cmd: POLY TEXSCALE  UU=1.000000 VV=1.000000
[2017.07.20-16.57.48:777][385]Cmd: POLY TEXSCALE  UU=2.000000 VV=2.000000
[2017.07.20-16.57.52:191][782]Cmd: POLY TEXSCALE  UU=1.000000 VV=1.000000
[2017.07.20-16.57.53:229][902]LogEditorViewport: Clicking Background
[2017.07.20-16.58.09:028][688]Cmd: POLY SELECT MATCHING BRUSH
[2017.07.20-16.58.10:745][882]LogEditorViewport: Clicking Background
[2017.07.20-16.58.21:861][133]LogEditorActor: Deleted Actor: Brush
[2017.07.20-16.58.21:861][133]LogEditorActor: Deleted Actor: Brush
[2017.07.20-16.58.21:861][133]LogEditorActor: Deleted Actor: Brush
[2017.07.20-16.58.21:861][133]LogEditorActor: Deleted Actor: Brush
[2017.07.20-16.58.21:861][133]LogEditorActor: Deleted Actor: Brush
[2017.07.20-16.58.21:861][133]LogEditorActor: Deleted Actor: Brush
[2017.07.20-16.58.21:861][133]LogEditorActor: Deleted Actor: Brush
[2017.07.20-16.58.21:861][133]LogEditorActor: Deleted Actor: Brush
[2017.07.20-16.58.21:862][133]LogEditorActor: Deleted Actor: Brush
[2017.07.20-16.58.21:879][133]LogEditorActor: Deleted 9 Actors (0.018 secs)
[2017.07.20-16.58.34:686][602]LogEditorViewport: Clicking Background
[2017.07.20-16.58.35:099][647]Cmd: OBJ SAVEPACKAGE PACKAGE="/Game/Scenes/Prototype" FILE="../../../../../../Users/scott/Documents/GitHub/VR/VR/Content/Scenes/Prototype.umap" SILENT=true AUTOSAVING=false KEEPDIRTY=false
[2017.07.20-16.58.35:232][647]LogSavePackage: Save=114.23ms
[2017.07.20-16.58.35:232][647]LogSavePackage: Moving '../../../../../../Users/scott/Documents/GitHub/VR/VR/Saved/PrototypeFD62072245041680128C468333654BB6.tmp' to '../../../../../../Users/scott/Documents/GitHub/VR/VR/Content/Scenes/Prototype.umap'
[2017.07.20-16.58.35:238][647]LogSavePackage:Display: Finished SavePackage ../../../../../../Users/scott/Documents/GitHub/VR/VR/Content/Scenes/Prototype.umap
[2017.07.20-16.59.19:320][704]LogEditorViewport: Clicking Background
[2017.07.20-16.59.22:510][ 61]Cmd: OBJ SAVEPACKAGE PACKAGE="/Game/Scenes/Prototype" FILE="../../../../../../Users/scott/Documents/GitHub/VR/VR/Content/Scenes/Prototype.umap" SILENT=true AUTOSAVING=false KEEPDIRTY=false
[2017.07.20-16.59.22:573][ 61]LogSavePackage: Save=50.28ms
[2017.07.20-16.59.22:573][ 61]LogSavePackage: Moving '../../../../../../Users/scott/Documents/GitHub/VR/VR/Saved/Prototype9BB9224B46F5659D5666F189B3DA6E6F.tmp' to '../../../../../../Users/scott/Documents/GitHub/VR/VR/Content/Scenes/Prototype.umap'
[2017.07.20-16.59.22:578][ 61]LogSavePackage:Display: Finished SavePackage ../../../../../../Users/scott/Documents/GitHub/VR/VR/Content/Scenes/Prototype.umap
[2017.07.20-16.59.27:156][540]MapCheck: New page: Map Check
[2017.07.20-16.59.27:183][540]Cmd: MAP REBUILD ALLVISIBLE
[2017.07.20-16.59.27:183][540]LogEditorServer: Rebuildmap Clear paths rebuilt
[2017.07.20-16.59.27:312][540]LogMaterial: Missing cached shader map for material FDebugViewModeMaterialProxy M_Metal_Rust, compiling. 
[2017.07.20-16.59.27:319][540]LogMaterial: Missing cached shader map for material FDebugViewModeMaterialProxy M_Brick_Cut_Stone, compiling. 
[2017.07.20-16.59.27:325][540]LogMaterial: Missing cached shader map for material FDebugViewModeMaterialProxy M_Rock_Sandstone, compiling. 
[2017.07.20-16.59.27:330][540]LogMaterial: Missing cached shader map for material FDebugViewModeMaterialProxy MatineeCam_mat, compiling. 
[2017.07.20-16.59.27:892][540]TextureStreamingBuild:Display: Compiling optional shaders took 0.587 seconds.
[2017.07.20-16.59.27:913][540]LogLevel:Display: Export Material TexCoord Scales took 0.021 seconds.
[2017.07.20-16.59.27:917][540]TextureStreamingBuild:Display: Build Texture Streaming took 0.004 seconds.
[2017.07.20-16.59.27:924][540]LightingResults: New page: Lighting Build - 20 Jul 2017 18:59:27
[2017.07.20-16.59.28:002][540]LogSwarmInterface: [OpenConnection] Registering TCP channel ...
[2017.07.20-16.59.28:167][540]LogSwarmInterface: [OpenConnection] Connecting to agent ...
[2017.07.20-16.59.28:204][540]LogSwarmInterface: [TryOpenConnection] Testing the Agent
[2017.07.20-16.59.28:727][540]LogSwarmInterface: [TryOpenConnection] Opening Connection to Agent
[2017.07.20-16.59.28:727][540]LogSwarmInterface: [TryOpenConnection] Local Process ID is 13560
[2017.07.20-16.59.31:594][540]LogStaticLightingSystem: Running Lightmass w/ ImmediateImport mode ENABLED
[2017.07.20-16.59.31:594][540]LogStaticLightingSystem: Running Lightmass w/ ImmediateProcess mode ENABLED
[2017.07.20-16.59.31:594][540]LogStaticLightingSystem: Running Lightmass w/ Sorting mode ENABLED
[2017.07.20-16.59.31:594][540]LogStaticLightingSystem: Running Lightmass w/ Mapping paddings ENABLED
[2017.07.20-16.59.31:594][540]LogStaticLightingSystem: Running Lightmass w/ Mapping debug paddings DISABLED
[2017.07.20-16.59.31:810][540]Cmd: MAP CHECK DONTDISPLAYDIALOG
[2017.07.20-16.59.31:810][540]MapCheck: New page: Prototype - 20 Jul 2017 18:59:31
[2017.07.20-16.59.31:819][540]MapCheck:Error: Error WorldSettings Maps need lighting rebuilt 
[2017.07.20-16.59.32:013][540]MapCheck: Info Map check complete: 1 Error(s), 0 Warning(s), took 203.684ms to complete.
[2017.07.20-16.59.32:036][540]LogEditorBuildUtils: Build time 0:04
[2017.07.20-16.59.32:098][540]LogMaterial: Missing cached shader map for material FLightmassMaterialRenderer M_Metal_Rust, compiling. 
[2017.07.20-16.59.32:105][540]LogMaterial: Missing cached shader map for material FLightmassMaterialRenderer M_Metal_Rust, compiling. 
[2017.07.20-16.59.32:157][541]LogMaterial: Missing cached shader map for material FLightmassMaterialRenderer M_Rock_Sandstone, compiling. 
[2017.07.20-16.59.32:163][541]LogMaterial: Missing cached shader map for material FLightmassMaterialRenderer M_Rock_Sandstone, compiling. 
[2017.07.20-16.59.32:202][542]LogMaterial: Missing cached shader map for material FLightmassMaterialRenderer M_Brick_Cut_Stone, compiling. 
[2017.07.20-16.59.32:209][542]LogMaterial: Missing cached shader map for material FLightmassMaterialRenderer M_Brick_Cut_Stone, compiling. 
[2017.07.20-16.59.32:243][543]LogMaterial: Missing cached shader map for material FLightmassMaterialRenderer WorldGridMaterial, compiling. Is special engine material.
[2017.07.20-16.59.32:251][543]LogMaterial: Missing cached shader map for material FLightmassMaterialRenderer WorldGridMaterial, compiling. Is special engine material.
[2017.07.20-16.59.36:304][557]Job is a success!
[2017.07.20-16.59.36:912][558]LogTexture:Display: Building textures: HQ_Lightmap0_1 (AutoDXT, 1024X1024)
[2017.07.20-16.59.36:912][558]LogTexture:Display: Building textures: HQ_Lightmap0_2 (AutoDXT, 64X64)
[2017.07.20-16.59.36:912][558]LogTexture:Display: Building textures: LQ_Lightmap_0_2 (DXT1, 64X64)
[2017.07.20-16.59.36:912][558]LogTexture:Display: Building textures: LQ_Lightmap_0_1 (DXT1, 1024X1024)
[2017.07.20-16.59.36:912][558]LogTexture:Display: Building textures: ShadowMapTexture2D_1 (G8, 32X32)
[2017.07.20-16.59.36:912][558]LogTexture:Display: Building textures: ShadowMapTexture2D_0 (G8, 256X512)
[2017.07.20-16.59.36:967][558]Lightmass on SCOTTPC: 2.07 sec total, 109 ms importing, 19 ms setup, 379 ms photons, 1.40 sec processing, 0 ms extra exporting [67/67 mappings]. Threads: 9.67 sec total, 967 ms processing.
[2017.07.20-16.59.36:998][558]LogStaticLightingSystem: Illumination: 8.72 sec (138 ms encoding lightmaps, 36 ms encoding shadowmaps)
[2017.07.20-16.59.36:998][558]LogStaticLightingSystem: Lightmap texture memory:  2.0 MB (0.0 MB streaming, 2.0 MB non-streaming), 4 textures
[2017.07.20-16.59.36:998][558]LogStaticLightingSystem: Shadowmap texture memory: 0.2 MB (0.0 MB streaming, 0.2 MB non-streaming), 2 textures
[2017.07.20-16.59.37:605][558]DumpUnbuiltLightIteractions
[2017.07.20-16.59.37:605][558]Lights with unbuilt interactions: 0
[2017.07.20-16.59.37:605][558]
[2017.07.20-16.59.37:605][558]Primitives with unbuilt interactions: 0
[2017.07.20-16.59.37:614][559]Cmd: MAP CHECK NOTIFYRESULTS
[2017.07.20-16.59.37:614][559]MapCheck: New page: Prototype - 20 Jul 2017 18:59:37
[2017.07.20-16.59.37:682][559]MapCheck: Info Map check complete: 0 Error(s), 0 Warning(s), took 67.22ms to complete.
[2017.07.20-17.00.28:698][295]Cmd: BRUSH ADD SELECTNEWBRUSH
[2017.07.20-17.00.41:528][799]Cmd: TRANSACTION UNDO
[2017.07.20-17.00.41:528][799]LogEditorTransaction: Undo Edit Z
[2017.07.20-17.00.41:533][799]LogActorComponent: ~FComponentReregisterContext: (/Game/Scenes/Prototype.Prototype:PersistentLevel.BoxBrush16.BrushComponent0) Component already registered.
[2017.07.20-17.01.23:705][536]LogEditorViewport: Clicking Background
[2017.07.20-17.01.39:353][339]Cmd: CAMERA ALIGN ACTIVEVIEWPORTONLY
[2017.07.20-17.02.41:986][591]Cmd: EDIT COPY
[2017.07.20-17.02.42:201][615]Cmd: EDIT PASTE
[2017.07.20-17.02.59:864][578]Cmd: TRANSACTION UNDO
[2017.07.20-17.02.59:864][578]LogEditorTransaction: Undo Edit Outer Radius
[2017.07.20-17.03.15:156][292]Cmd: EDIT COPY
[2017.07.20-17.03.15:555][337]Cmd: EDIT PASTE
[2017.07.20-17.03.42:116][174]LogEditorViewport: Clicking Background
[2017.07.20-17.03.48:318][880]Cmd: OBJ SAVEPACKAGE PACKAGE="/Game/Scenes/Prototype" FILE="../../../../../../Users/scott/Documents/GitHub/VR/VR/Content/Scenes/Prototype.umap" SILENT=true AUTOSAVING=false KEEPDIRTY=false
[2017.07.20-17.03.48:802][880]LogSavePackage: Save=466.78ms
[2017.07.20-17.03.48:802][880]LogSavePackage: Moving '../../../../../../Users/scott/Documents/GitHub/VR/VR/Saved/Prototype4F39F4964C7DDBE4BBF2AFBCE18573B7.tmp' to '../../../../../../Users/scott/Documents/GitHub/VR/VR/Content/Scenes/Prototype.umap'
[2017.07.20-17.03.48:807][880]LogSavePackage:Display: Finished SavePackage ../../../../../../Users/scott/Documents/GitHub/VR/VR/Content/Scenes/Prototype.umap
[2017.07.20-17.03.48:830][880]Cmd: OBJ SAVEPACKAGE PACKAGE="/Game/Scenes/Prototype_BuiltData" FILE="../../../../../../Users/scott/Documents/GitHub/VR/VR/Content/Scenes/Prototype_BuiltData.uasset" SILENT=true
[2017.07.20-17.03.48:876][880]LogSavePackage: Save=42.72ms
[2017.07.20-17.03.48:876][880]LogSavePackage: Moving '../../../../../../Users/scott/Documents/GitHub/VR/VR/Saved/Prototype_BuiltDataAA752F3C4144A2387FB3458F5AF2FEC3.tmp' to '../../../../../../Users/scott/Documents/GitHub/VR/VR/Content/Scenes/Prototype_BuiltData.uasset'
[2017.07.20-17.03.48:881][880]LogSavePackage:Display: Finished SavePackage ../../../../../../Users/scott/Documents/GitHub/VR/VR/Content/Scenes/Prototype_BuiltData.uasset
[2017.07.20-17.03.49:826][964]MapCheck: New page: Map Check
[2017.07.20-17.03.49:850][964]Cmd: MAP REBUILD ALLVISIBLE
[2017.07.20-17.03.49:850][964]LogEditorServer: Rebuildmap Clear paths rebuilt
[2017.07.20-17.03.51:893][964]LogEditorServer: Cleared 204 NULL BSP materials after rebuild.
[2017.07.20-17.03.51:918][964]LogMaterial: Missing cached shader map for material FDebugViewModeMaterialProxy M_Metal_Rust, compiling. 
[2017.07.20-17.03.51:923][964]LogMaterial: Missing cached shader map for material FDebugViewModeMaterialProxy M_Brick_Cut_Stone, compiling. 
[2017.07.20-17.03.51:930][964]LogMaterial: Missing cached shader map for material FDebugViewModeMaterialProxy WorldGridMaterial, compiling. Is special engine material.
[2017.07.20-17.03.51:936][964]LogMaterial: Missing cached shader map for material FDebugViewModeMaterialProxy M_Rock_Sandstone, compiling. 
[2017.07.20-17.03.51:941][964]LogMaterial: Missing cached shader map for material FDebugViewModeMaterialProxy MatineeCam_mat, compiling. 
[2017.07.20-17.03.52:519][964]TextureStreamingBuild:Display: Compiling optional shaders took 0.606 seconds.
[2017.07.20-17.03.52:529][964]LogLevel:Display: Export Material TexCoord Scales took 0.010 seconds.
[2017.07.20-17.03.52:535][964]TextureStreamingBuild:Display: Build Texture Streaming took 0.006 seconds.
[2017.07.20-17.03.52:544][964]LightingResults: New page: Lighting Build - 20 Jul 2017 19:03:52
[2017.07.20-17.03.52:603][964]LogSwarmInterface: [OpenConnection] Registering TCP channel ...
[2017.07.20-17.03.52:606][964]LogSwarmInterface: [OpenConnection] Connecting to agent ...
[2017.07.20-17.03.52:606][964]LogSwarmInterface: [TryOpenConnection] Testing the Agent
[2017.07.20-17.03.52:607][964]LogSwarmInterface: [TryOpenConnection] Opening Connection to Agent
[2017.07.20-17.03.52:607][964]LogSwarmInterface: [TryOpenConnection] Local Process ID is 13560
[2017.07.20-17.03.57:140][964]LogStaticLightingSystem: Running Lightmass w/ ImmediateImport mode ENABLED
[2017.07.20-17.03.57:140][964]LogStaticLightingSystem: Running Lightmass w/ ImmediateProcess mode ENABLED
[2017.07.20-17.03.57:140][964]LogStaticLightingSystem: Running Lightmass w/ Sorting mode ENABLED
[2017.07.20-17.03.57:140][964]LogStaticLightingSystem: Running Lightmass w/ Mapping paddings ENABLED
[2017.07.20-17.03.57:140][964]LogStaticLightingSystem: Running Lightmass w/ Mapping debug paddings DISABLED
[2017.07.20-17.03.57:336][964]Cmd: MAP CHECK DONTDISPLAYDIALOG
[2017.07.20-17.03.57:336][964]MapCheck: New page: Prototype - 20 Jul 2017 19:03:57
[2017.07.20-17.03.57:394][964]MapCheck: Info Map check complete: 0 Error(s), 0 Warning(s), took 58.73ms to complete.
[2017.07.20-17.03.57:417][964]LogEditorBuildUtils: Build time 0:07
[2017.07.20-17.03.59:844][972]Job is a success!
[2017.07.20-17.04.00:590][973]LogTexture:Display: Building textures: HQ_Lightmap1_1 (AutoDXT, 1024X1024)
[2017.07.20-17.04.00:590][973]LogTexture:Display: Building textures: LQ_Lightmap_1_1 (DXT1, 1024X1024)
[2017.07.20-17.04.00:590][973]LogTexture:Display: Building textures: HQ_Lightmap1_2 (AutoDXT, 64X64)
[2017.07.20-17.04.00:590][973]LogTexture:Display: Building textures: LQ_Lightmap_1_2 (DXT1, 64X64)
[2017.07.20-17.04.00:716][973]LogTexture:Display: Building textures: ShadowMapTexture2D_3 (G8, 32X32)
[2017.07.20-17.04.00:716][973]LogTexture:Display: Building textures: ShadowMapTexture2D_2 (G8, 1024X512)
[2017.07.20-17.04.00:732][973]Lightmass on SCOTTPC: 2.76 sec total, 78 ms importing, 24 ms setup, 413 ms photons, 2.21 sec processing, 0 ms extra exporting [567/567 mappings]. Threads: 15.3 sec total, 5.39 sec processing.
[2017.07.20-17.04.00:783][973]LogStaticLightingSystem: Illumination: 7.88 sec (211 ms encoding lightmaps, 124 ms encoding shadowmaps)
[2017.07.20-17.04.00:783][973]LogStaticLightingSystem: Lightmap texture memory:  2.0 MB (0.0 MB streaming, 2.0 MB non-streaming), 4 textures
[2017.07.20-17.04.00:783][973]LogStaticLightingSystem: Shadowmap texture memory: 0.7 MB (0.0 MB streaming, 0.7 MB non-streaming), 2 textures
[2017.07.20-17.04.01:147][973]DumpUnbuiltLightIteractions
[2017.07.20-17.04.01:147][973]Lights with unbuilt interactions: 0
[2017.07.20-17.04.01:147][973]
[2017.07.20-17.04.01:147][973]Primitives with unbuilt interactions: 0
[2017.07.20-17.04.01:153][974]Cmd: MAP CHECK NOTIFYRESULTS
[2017.07.20-17.04.01:153][974]MapCheck: New page: Prototype - 20 Jul 2017 19:04:01
[2017.07.20-17.04.01:225][974]MapCheck: Info Map check complete: 0 Error(s), 0 Warning(s), took 72.076ms to complete.
[2017.07.20-17.04.29:995][882]Cmd: BRUSH ADD SELECTNEWBRUSH
[2017.07.20-17.05.33:236][932]LogGeometryMode:Warning: Unable to find 1 Poly(s) in new BSP
[2017.07.20-17.05.33:236][932]LogGeometryMode:Warning: Unable to resolve CylinderBrush Brush in new BSP, see above
[2017.07.20-17.05.33:236][932]LogGeometryMode:Warning: Unable to find all previously selected geometry data, resetting selection
[2017.07.20-17.05.42:325][974]Cmd: TRANSACTION UNDO
[2017.07.20-17.05.42:325][974]LogEditorTransaction: Undo Edit Z
[2017.07.20-17.05.42:344][974]LogActorComponent: ~FComponentReregisterContext: (/Game/Scenes/Prototype.Prototype:PersistentLevel.BoxBrush13.BrushComponent0) Component already registered.
[2017.07.20-17.05.42:630][996]Cmd: TRANSACTION UNDO
[2017.07.20-17.05.42:630][996]LogEditorTransaction: Undo Edit Outer Radius
[2017.07.20-17.05.42:649][996]LogActorComponent: ~FComponentReregisterContext: (/Game/Scenes/Prototype.Prototype:PersistentLevel.BoxBrush13.BrushComponent0) Component already registered.
[2017.07.20-17.05.44:247][175]Cmd: TRANSACTION UNDO
[2017.07.20-17.05.44:247][175]LogEditorTransaction: Undo Move Actors
[2017.07.20-17.05.44:266][175]LogActorComponent: ~FComponentReregisterContext: (/Game/Scenes/Prototype.Prototype:PersistentLevel.BoxBrush13.BrushComponent0) Component already registered.
[2017.07.20-17.05.44:277][175]LogActorComponent: ~FComponentReregisterContext: (/Game/Scenes/Prototype.Prototype:PersistentLevel.BoxBrush18.BrushComponent0) Component already registered.
[2017.07.20-17.05.44:312][175]LogGeometryMode:Warning: Unable to find 1 Poly(s) in new BSP
[2017.07.20-17.05.44:312][175]LogGeometryMode:Warning: Unable to resolve CylinderBrush Brush in new BSP, see above
[2017.07.20-17.05.44:312][175]LogGeometryMode:Warning: Unable to find all previously selected geometry data, resetting selection
[2017.07.20-17.05.44:723][221]Cmd: TRANSACTION UNDO
[2017.07.20-17.05.44:723][221]LogEditorTransaction: Undo Move Actors
[2017.07.20-17.05.44:742][221]LogActorComponent: ~FComponentReregisterContext: (/Game/Scenes/Prototype.Prototype:PersistentLevel.BoxBrush13.BrushComponent0) Component already registered.
[2017.07.20-17.05.44:753][221]LogActorComponent: ~FComponentReregisterContext: (/Game/Scenes/Prototype.Prototype:PersistentLevel.BoxBrush18.BrushComponent0) Component already registered.
[2017.07.20-17.05.44:783][221]LogGeometryMode:Warning: Unable to find 1 Poly(s) in new BSP
[2017.07.20-17.05.44:783][221]LogGeometryMode:Warning: Unable to resolve CylinderBrush Brush in new BSP, see above
[2017.07.20-17.05.44:783][221]LogGeometryMode:Warning: Unable to find all previously selected geometry data, resetting selection
[2017.07.20-17.05.46:100][375]Cmd: TRANSACTION UNDO
[2017.07.20-17.05.46:100][375]LogEditorTransaction: Undo Modifier [Edit]
[2017.07.20-17.05.59:448][818]Cmd: TRANSACTION UNDO
[2017.07.20-17.05.59:448][818]LogEditorTransaction: Undo Move Actors
[2017.07.20-17.05.59:467][818]LogActorComponent: ~FComponentReregisterContext: (/Game/Scenes/Prototype.Prototype:PersistentLevel.BoxBrush13.BrushComponent0) Component already registered.
[2017.07.20-17.05.59:478][818]LogActorComponent: ~FComponentReregisterContext: (/Game/Scenes/Prototype.Prototype:PersistentLevel.BoxBrush18.BrushComponent0) Component already registered.
[2017.07.20-17.06.00:101][877]Cmd: TRANSACTION UNDO
[2017.07.20-17.06.00:101][877]LogEditorTransaction: Undo Move Actors
[2017.07.20-17.06.00:120][877]LogActorComponent: ~FComponentReregisterContext: (/Game/Scenes/Prototype.Prototype:PersistentLevel.BoxBrush13.BrushComponent0) Component already registered.
[2017.07.20-17.06.00:131][877]LogActorComponent: ~FComponentReregisterContext: (/Game/Scenes/Prototype.Prototype:PersistentLevel.BoxBrush18.BrushComponent0) Component already registered.
[2017.07.20-17.06.00:160][877]LogGeometryMode:Warning: Unable to find 1 Poly(s) in new BSP
[2017.07.20-17.06.00:160][877]LogGeometryMode:Warning: Unable to resolve CylinderBrush Brush in new BSP, see above
[2017.07.20-17.06.00:160][877]LogGeometryMode:Warning: Unable to find all previously selected geometry data, resetting selection
[2017.07.20-17.06.40:656][415]LogEditorViewport: Clicking Background
[2017.07.20-17.06.49:169][410]LogEditorViewport: Clicking on Actor (LMB): Brush (Cylinder Brush)
[2017.07.20-17.06.53:111][864]LogEditorViewport: Clicking Background
[2017.07.20-17.06.53:910][958]LogEditorViewport: Clicking on Actor (LMB): Brush (Cylinder Brush)
[2017.07.20-17.07.05:732][297]LogEditorViewport: Clicking on Actor (LMB): Brush (Cylinder Brush2)
[2017.07.20-17.07.10:073][781]LogEditorViewport: Clicking on Actor (LMB): Brush (Cylinder Brush2)
[2017.07.20-17.07.41:198][269]LogEditorViewport: Clicking on Actor (LMB): Brush (Cylinder Brush)
[2017.07.20-17.07.51:125][356]LogEditorViewport: Clicking Background
[2017.07.20-17.08.04:816][933]LogMaterial: Missing cached shader map for material M_LightStage_Skybox_Master, compiling. 
[2017.07.20-17.08.04:821][933]LogMaterial: Missing cached shader map for material M_LightStage_Skybox_Master, compiling. 
[2017.07.20-17.08.06:584][127]Cmd: TRANSACTION UNDO
[2017.07.20-17.08.06:584][127]LogEditorTransaction: Undo Create Actors
[2017.07.20-17.08.06:597][127]LogPhysics:Warning: FDerivedDataPhysXCooker::BuildTriMesh: Triangle data from '/Game/Scenes/Prototype.Prototype:PersistentLevel.ModelComponent_2379' invalid (20472 verts, 0 indices).
[2017.07.20-17.08.08:358][330]LogEditorViewport: Clicking Background
[2017.07.20-17.08.09:356][445]LogActorFactory: Actor Factory created Skybox
[2017.07.20-17.08.10:020][523]LogActorFactory: Actor Factory created Skybox
[2017.07.20-17.08.13:113][883]Cmd: TRANSACTION UNDO
[2017.07.20-17.08.13:113][883]LogEditorTransaction: Undo Create Actors
[2017.07.20-17.08.14:951][ 63]LogEditorViewport: Clicking Background
[2017.07.20-17.08.32:495][803]LogEditorViewport: Clicking Background
[2017.07.20-17.08.32:908][848]Cmd: OBJ SAVEPACKAGE PACKAGE="/Game/Scenes/Prototype" FILE="../../../../../../Users/scott/Documents/GitHub/VR/VR/Content/Scenes/Prototype.umap" SILENT=true AUTOSAVING=false KEEPDIRTY=false
[2017.07.20-17.08.33:294][848]LogSavePackage: Save=366.53ms
[2017.07.20-17.08.33:294][848]LogSavePackage: Moving '../../../../../../Users/scott/Documents/GitHub/VR/VR/Saved/PrototypeD2FDBC5C46CF88E01EDD4B9DA823107E.tmp' to '../../../../../../Users/scott/Documents/GitHub/VR/VR/Content/Scenes/Prototype.umap'
[2017.07.20-17.08.33:301][848]LogSavePackage:Display: Finished SavePackage ../../../../../../Users/scott/Documents/GitHub/VR/VR/Content/Scenes/Prototype.umap
[2017.07.20-17.08.33:322][848]Cmd: OBJ SAVEPACKAGE PACKAGE="/Game/Scenes/Prototype_BuiltData" FILE="../../../../../../Users/scott/Documents/GitHub/VR/VR/Content/Scenes/Prototype_BuiltData.uasset" SILENT=true
[2017.07.20-17.08.33:388][848]LogSavePackage: Save=59.12ms
[2017.07.20-17.08.33:388][848]LogSavePackage: Moving '../../../../../../Users/scott/Documents/GitHub/VR/VR/Saved/Prototype_BuiltDataBB8EC2DB41ABFE869BD17FA3CA2984C2.tmp' to '../../../../../../Users/scott/Documents/GitHub/VR/VR/Content/Scenes/Prototype_BuiltData.uasset'
[2017.07.20-17.08.33:394][848]LogSavePackage:Display: Finished SavePackage ../../../../../../Users/scott/Documents/GitHub/VR/VR/Content/Scenes/Prototype_BuiltData.uasset
[2017.07.20-17.09.12:595][256]LogPlayLevel: PlayLevel: No blueprints needed recompiling
[2017.07.20-17.09.12:596][256]OCULUS: Debug: [HMDState] Using default profile Scott
[2017.07.20-17.09.12:596][256]OCULUS: Info: IAD changed to 63.5mm
[2017.07.20-17.09.12:596][256]OCULUS: Debug: Creating factory
[2017.07.20-17.09.12:596][256]LogHMD: New ovr session is created
[2017.07.20-17.09.12:596][256]LogHMD: HMD Oculus Rift DK2, res = 1920 x 1080
[2017.07.20-17.09.12:596][256]PIE: New page: PIE session: Prototype (20 Jul 2017 19:09:12)
[2017.07.20-17.09.12:596][256]LogPlayLevel: Creating play world package: /Game/Scenes/UEDPIE_0_Prototype
[2017.07.20-17.09.12:628][256]LogPlayLevel: PIE: StaticDuplicateObject took: (0.031747s)
[2017.07.20-17.09.12:629][256]LogAIModule: Creating AISystem for world Prototype
[2017.07.20-17.09.12:629][256]LogPlayLevel: PIE: World Init took: (0.000684s)
[2017.07.20-17.09.12:629][256]LogPlayLevel: PIE: Created PIE world by copying editor world from /Game/Scenes/Prototype.Prototype to /Game/Scenes/UEDPIE_0_Prototype.Prototype (0.032655s)
[2017.07.20-17.09.12:642][256]LogHMD: Vision Tracking Acquired
[2017.07.20-17.09.12:653][256]LogInit: XAudio2 using 'Main Speakers (Realtek High Definition Audio)' : 2 channels at 48 kHz using 32 bits per sample (channel mask 0x3)
[2017.07.20-17.09.12:668][256]LogInit: FAudioDevice initialized.
[2017.07.20-17.09.12:790][256]LogUObjectGlobals:Warning: Failed to find object 'Class None.'
[2017.07.20-17.09.12:790][256]LogLoad: Game class is 'GameModeBase'
[2017.07.20-17.09.12:794][256]LogWorld: Bringing World /Game/Scenes/UEDPIE_0_Prototype.Prototype up for play (max tick rate 0) at 2017.07.20-18.09.12
[2017.07.20-17.09.12:794][256]LogWorld: Bringing up level for play took: 0.002254
[2017.07.20-17.09.12:802][256]PIE: Info Play in editor start time for /Game/Scenes/UEDPIE_0_Prototype 0.634
[2017.07.20-17.09.12:811][256]LogHMD: Reallocation of eye buffer was requested
[2017.07.20-17.09.12:814][256]LogHMD: Allocated a new swap texture set (size 2392 x 1472, mipcount = 1, format = RGBA8), 0x00000266C19C69A0
[2017.07.20-17.09.12:844][256]LogRenderer: Reallocating scene render targets to support 2392x1472 NumSamples 1 (Frame:1).
[2017.07.20-17.09.21:952][940]OCULUS: Error: WaitableTimer slept too long/short (i.e. 2.813491 ms)
[2017.07.20-17.09.23:876][ 84]LogHMD: Lost Vision Tracking
[2017.07.20-17.09.24:966][166]OCULUS: Error: WaitableTimer slept too long/short (i.e. 3.080438 ms)
[2017.07.20-17.09.25:196][183]LogHMD: Vision Tracking Acquired
[2017.07.20-17.09.25:476][204]LogHMD: Lost Vision Tracking
[2017.07.20-17.09.27:873][383]LogHMD: Destroying ovr session
[2017.07.20-17.09.27:873][383]LogHMD: Freeing textureSet 0x00000266C19C69A0
[2017.07.20-17.09.31:412][780]Cmd: OBJ SAVEPACKAGE PACKAGE="/Game/Scenes/Prototype" FILE="../../../../../../Users/scott/Documents/GitHub/VR/VR/Content/Scenes/Prototype.umap" SILENT=true AUTOSAVING=false KEEPDIRTY=false
[2017.07.20-17.09.31:739][780]LogSavePackage: Save=309.61ms
[2017.07.20-17.09.31:739][780]LogSavePackage: Moving '../../../../../../Users/scott/Documents/GitHub/VR/VR/Saved/PrototypeFC8346734D6D7A6BBBACBE83CA1DD788.tmp' to '../../../../../../Users/scott/Documents/GitHub/VR/VR/Content/Scenes/Prototype.umap'
[2017.07.20-17.09.31:742][780]LogSavePackage:Display: Finished SavePackage ../../../../../../Users/scott/Documents/GitHub/VR/VR/Content/Scenes/Prototype.umap
[2017.07.20-17.09.31:758][780]Cmd: OBJ SAVEPACKAGE PACKAGE="/Game/Scenes/Prototype_BuiltData" FILE="../../../../../../Users/scott/Documents/GitHub/VR/VR/Content/Scenes/Prototype_BuiltData.uasset" SILENT=true
[2017.07.20-17.09.31:825][780]LogSavePackage: Save=61.98ms
[2017.07.20-17.09.31:825][780]LogSavePackage: Moving '../../../../../../Users/scott/Documents/GitHub/VR/VR/Saved/Prototype_BuiltData915653794C8FB212B50ABC96F77830F1.tmp' to '../../../../../../Users/scott/Documents/GitHub/VR/VR/Content/Scenes/Prototype_BuiltData.uasset'
[2017.07.20-17.09.31:828][780]LogSavePackage:Display: Finished SavePackage ../../../../../../Users/scott/Documents/GitHub/VR/VR/Content/Scenes/Prototype_BuiltData.uasset
[2017.07.20-17.09.35:389][175]Cmd: QUIT_EDITOR
[2017.07.20-17.09.35:874][175]LogWindowsTextInputMethodSystem:Display: IME system now deactivated.
[2017.07.20-17.09.35:890][175]LogExit: Preparing to exit.
[2017.07.20-17.09.36:936][175]LogDirectoryWatcher: A directory notification for 'C:/Users/scott/Documents/GitHub/VR/VR/Content/' was aborted.
[2017.07.20-17.09.37:017][175]LogExit: Editor shut down
[2017.07.20-17.09.37:043][175]LogExit: Transaction tracking system shut down
[2017.07.20-17.09.37:202][175]LogObj: Freed 0b from 0 cluster array pools.
[2017.07.20-17.09.37:202][175]LogExit: Object subsystem successfully closed.
[2017.07.20-17.09.37:231][175]LogD3D11RHI: Shutdown
[2017.07.20-17.09.37:231][175]LogD3D11RHI: CleanupD3DDevice
[2017.07.20-17.09.37:429][175]LogD3D11RHI: ~FD3D11DynamicRHI
[2017.07.20-17.09.37:451][175]LogModuleManager: Shutting down and abandoning module HierarchicalLODUtilities (530)
[2017.07.20-17.09.37:451][175]LogModuleManager: Shutting down and abandoning module MovieSceneCapture (528)
[2017.07.20-17.09.37:451][175]LogModuleManager: Shutting down and abandoning module StaticMeshEditor (526)
[2017.07.20-17.09.37:451][175]LogModuleManager: Shutting down and abandoning module HierarchicalLODOutliner (524)
[2017.07.20-17.09.37:451][175]LogModuleManager: Shutting down and abandoning module CrashTracker (522)
[2017.07.20-17.09.37:451][175]LogModuleManager: Shutting down and abandoning module SceneOutliner (520)
[2017.07.20-17.09.37:451][175]LogModuleManager: Shutting down and abandoning module AddContentDialog (518)
[2017.07.20-17.09.37:451][175]LogDirectoryWatcher: A directory notification for 'C:/Program Files/Epic Games/UE_4.16/FeaturePacks/' was aborted.
[2017.07.20-17.09.37:457][175]LogModuleManager: Shutting down and abandoning module WidgetCarousel (517)
[2017.07.20-17.09.37:457][175]LogModuleManager: Shutting down and abandoning module EditorWidgets (514)
[2017.07.20-17.09.37:457][175]LogModuleManager: Shutting down and abandoning module CollectionManager (512)
[2017.07.20-17.09.37:457][175]LogDirectoryWatcher: A directory notification for 'C:/Users/scott/Documents/GitHub/VR/VR/Content/Collections/' was aborted.
[2017.07.20-17.09.37:457][175]LogDirectoryWatcher: A directory notification for 'C:/Users/scott/Documents/GitHub/VR/VR/Content/Developers/scott/Collections/' was aborted.
[2017.07.20-17.09.37:457][175]LogDirectoryWatcher: A directory notification for 'C:/Users/scott/Documents/GitHub/VR/VR/Saved/Collections/' was aborted.
[2017.07.20-17.09.37:457][175]LogModuleManager: Shutting down and abandoning module StatsViewer (510)
[2017.07.20-17.09.37:457][175]LogModuleManager: Shutting down and abandoning module FoliageEdit (508)
[2017.07.20-17.09.37:457][175]LogModuleManager: Shutting down and abandoning module LandscapeEditor (506)
[2017.07.20-17.09.37:457][175]LogModuleManager: Shutting down and abandoning module MeshPaintMode (504)
[2017.07.20-17.09.37:457][175]LogModuleManager: Shutting down and abandoning module SceneDepthPickerMode (502)
[2017.07.20-17.09.37:457][175]LogModuleManager: Shutting down and abandoning module ActorPickerMode (500)
[2017.07.20-17.09.37:457][175]LogModuleManager: Shutting down and abandoning module GeometryMode (498)
[2017.07.20-17.09.37:457][175]LogModuleManager: Shutting down and abandoning module TextureAlignMode (496)
[2017.07.20-17.09.37:457][175]LogModuleManager: Shutting down and abandoning module BspMode (494)
[2017.07.20-17.09.37:457][175]LogModuleManager: Shutting down and abandoning module HardwareSurvey (492)
[2017.07.20-17.09.37:457][175]LogModuleManager: Shutting down and abandoning module SequenceRecorderSections (490)
[2017.07.20-17.09.37:457][175]LogModuleManager: Shutting down and abandoning module AutomationWorker (488)
[2017.07.20-17.09.37:457][175]LogModuleManager: Shutting down and abandoning module MatineeToLevelSequence (486)
[2017.07.20-17.09.37:457][175]LogModuleManager: Shutting down and abandoning module LevelSequenceEditor (484)
[2017.07.20-17.09.37:457][175]LogModuleManager: Shutting down and abandoning module PlacementMode (483)
[2017.07.20-17.09.37:458][175]LogModuleManager: Shutting down and abandoning module WmfMediaFactory (480)
[2017.07.20-17.09.37:458][175]LogModuleManager: Shutting down and abandoning module WmfMediaEditor (478)
[2017.07.20-17.09.37:458][175]LogModuleManager: Shutting down and abandoning module AvfMediaFactory (476)
[2017.07.20-17.09.37:458][175]LogModuleManager: Shutting down and abandoning module AvfMediaEditor (474)
[2017.07.20-17.09.37:458][175]LogModuleManager: Shutting down and abandoning module AndroidMediaFactory (472)
[2017.07.20-17.09.37:458][175]LogModuleManager: Shutting down and abandoning module Media (471)
[2017.07.20-17.09.37:458][175]LogModuleManager: Shutting down and abandoning module AndroidMediaEditor (468)
[2017.07.20-17.09.37:458][175]LogModuleManager: Shutting down and abandoning module CharacterAI (466)
[2017.07.20-17.09.37:458][175]LogModuleManager: Shutting down and abandoning module AudioCapture (464)
[2017.07.20-17.09.37:458][175]LogModuleManager: Shutting down and abandoning module SequenceRecorder (463)
[2017.07.20-17.09.37:458][175]LogModuleManager: Shutting down and abandoning module SmartSnapping (460)
[2017.07.20-17.09.37:458][175]LogModuleManager: Shutting down and abandoning module SessionServices (458)
[2017.07.20-17.09.37:458][175]LogModuleManager: Shutting down and abandoning module ViewportSnapping (456)
[2017.07.20-17.09.37:458][175]LogModuleManager: Shutting down and abandoning module ViewportInteraction (454)
[2017.07.20-17.09.37:458][175]LogModuleManager: Shutting down and abandoning module ClothPainter (452)
[2017.07.20-17.09.37:458][175]LogModuleManager: Shutting down and abandoning module LogVisualizer (450)
[2017.07.20-17.09.37:458][175]LogModuleManager: Shutting down and abandoning module IntroTutorials (448)
[2017.07.20-17.09.37:458][175]LogModuleManager: Shutting down and abandoning module GameProjectGeneration (447)
[2017.07.20-17.09.37:458][175]LogModuleManager: Shutting down and abandoning module EditorLiveStreaming (444)
[2017.07.20-17.09.37:458][175]LogModuleManager: Shutting down and abandoning module IOSPlatformEditor (442)
[2017.07.20-17.09.37:458][175]LogModuleManager: Shutting down and abandoning module HTML5PlatformEditor (440)
[2017.07.20-17.09.37:458][175]LogModuleManager: Shutting down and abandoning module AndroidPlatformEditor (438)
[2017.07.20-17.09.37:458][175]LogModuleManager: Shutting down and abandoning module AndroidDeviceDetection (437)
[2017.07.20-17.09.37:515][175]LogModuleManager: Shutting down and abandoning module IOSRuntimeSettings (434)
[2017.07.20-17.09.37:515][175]LogModuleManager: Shutting down and abandoning module AndroidRuntimeSettings (432)
[2017.07.20-17.09.37:515][175]LogModuleManager: Shutting down and abandoning module InputBindingEditor (430)
[2017.07.20-17.09.37:515][175]LogModuleManager: Shutting down and abandoning module MergeActors (428)
[2017.07.20-17.09.37:515][175]LogModuleManager: Shutting down and abandoning module SizeMap (426)
[2017.07.20-17.09.37:515][175]LogModuleManager: Shutting down and abandoning module TreeMap (424)
[2017.07.20-17.09.37:515][175]LogModuleManager: Shutting down and abandoning module ReferenceViewer (422)
[2017.07.20-17.09.37:515][175]LogModuleManager: Shutting down and abandoning module LocalizationDashboard (420)
[2017.07.20-17.09.37:515][175]LogModuleManager: Shutting down and abandoning module LocalizationService (419)
[2017.07.20-17.09.37:515][175]LogModuleManager: Shutting down and abandoning module HardwareTargeting (416)
[2017.07.20-17.09.37:515][175]LogModuleManager: Shutting down and abandoning module DeviceProfileEditor (414)
[2017.07.20-17.09.37:515][175]LogModuleManager: Shutting down and abandoning module UndoHistory (412)
[2017.07.20-17.09.37:515][175]LogModuleManager: Shutting down and abandoning module UserFeedback (410)
[2017.07.20-17.09.37:515][175]LogModuleManager: Shutting down and abandoning module XmlParser (408)
[2017.07.20-17.09.37:515][175]LogModuleManager: Shutting down and abandoning module Blutility (406)
[2017.07.20-17.09.37:515][175]LogModuleManager: Shutting down and abandoning module ProjectSettingsViewer (404)
[2017.07.20-17.09.37:516][175]LogModuleManager: Shutting down and abandoning module ProjectTargetPlatformEditor (403)
[2017.07.20-17.09.37:516][175]LogModuleManager: Shutting down and abandoning module EditorSettingsViewer (400)
[2017.07.20-17.09.37:516][175]LogModuleManager: Shutting down and abandoning module SettingsEditor (398)
[2017.07.20-17.09.37:516][175]LogModuleManager: Shutting down and abandoning module ProjectLauncher (396)
[2017.07.20-17.09.37:516][175]LogModuleManager: Shutting down and abandoning module SessionFrontend (394)
[2017.07.20-17.09.37:516][175]LogModuleManager: Shutting down and abandoning module ProfilerClient (392)
[2017.07.20-17.09.37:516][175]LogModuleManager: Shutting down and abandoning module DeviceManager (390)
[2017.07.20-17.09.37:516][175]LogModuleManager: Shutting down and abandoning module TargetDeviceServices (389)
[2017.07.20-17.09.37:580][175]LogModuleManager: Shutting down and abandoning module AutomationController (386)
[2017.07.20-17.09.37:580][175]LogModuleManager: Shutting down and abandoning module AutomationWindow (384)
[2017.07.20-17.09.37:580][175]LogModuleManager: Shutting down and abandoning module Layers (382)
[2017.07.20-17.09.37:580][175]LogModuleManager: Shutting down and abandoning module ComponentVisualizers (380)
[2017.07.20-17.09.37:580][175]LogModuleManager: Shutting down and abandoning module DetailCustomizations (378)
[2017.07.20-17.09.37:580][175]LogModuleManager: Shutting down and abandoning module PackagesDialog (376)
[2017.07.20-17.09.37:580][175]LogModuleManager: Shutting down and abandoning module Persona (374)
[2017.07.20-17.09.37:581][175]LogModuleManager: Shutting down and abandoning module AdvancedPreviewScene (373)
[2017.07.20-17.09.37:581][175]LogModuleManager: Shutting down and abandoning module AnimGraph (371)
[2017.07.20-17.09.37:581][175]LogModuleManager: Shutting down and abandoning module Kismet (368)
[2017.07.20-17.09.37:582][175]LogModuleManager: Shutting down and abandoning module ClassViewer (366)
[2017.07.20-17.09.37:582][175]LogModuleManager: Shutting down and abandoning module Toolbox (364)
[2017.07.20-17.09.37:582][175]LogModuleManager: Shutting down and abandoning module ModuleUI (362)
[2017.07.20-17.09.37:582][175]LogModuleManager: Shutting down and abandoning module MovieSceneTools (360)
[2017.07.20-17.09.37:582][175]LogModuleManager: Shutting down and abandoning module OutputLog (358)
[2017.07.20-17.09.37:582][175]LogModuleManager: Shutting down and abandoning module GammaUI (356)
[2017.07.20-17.09.37:582][175]LogModuleManager: Shutting down and abandoning module Documentation (354)
[2017.07.20-17.09.37:582][175]LogModuleManager: Shutting down and abandoning module MovieSceneTracks (352)
[2017.07.20-17.09.37:582][175]LogModuleManager: Shutting down and abandoning module MovieScene (350)
[2017.07.20-17.09.37:582][175]LogModuleManager: Shutting down and abandoning module Niagara (348)
[2017.07.20-17.09.37:582][175]LogModuleManager: Shutting down and abandoning module NiagaraEditor (347)
[2017.07.20-17.09.37:582][175]LogModuleManager: Shutting down and abandoning module StreamingPauseRendering (344)
[2017.07.20-17.09.37:582][175]LogModuleManager: Shutting down and abandoning module AnalyticsET (342)
[2017.07.20-17.09.37:582][175]LogModuleManager: Shutting down and abandoning module PortalServices (340)
[2017.07.20-17.09.37:582][175]LogModuleManager: Shutting down and abandoning module PortalRpc (338)
[2017.07.20-17.09.37:582][175]LogModuleManager: Shutting down and abandoning module MessagingRpc (336)
[2017.07.20-17.09.37:582][175]LogModuleManager: Shutting down and abandoning module AIModule (334)
[2017.07.20-17.09.37:582][175]LogModuleManager: Shutting down and abandoning module GameplayDebugger (333)
[2017.07.20-17.09.37:582][175]LogModuleManager: Shutting down and abandoning module AITestSuite (331)
[2017.07.20-17.09.37:582][175]LogModuleManager: Shutting down and abandoning module ProfilerService (328)
[2017.07.20-17.09.37:598][175]LogModuleManager: Shutting down and abandoning module TaskGraph (326)
[2017.07.20-17.09.37:598][175]LogModuleManager: Shutting down and abandoning module SteamVRController (324)
[2017.07.20-17.09.37:598][175]LogModuleManager: Shutting down and abandoning module SteamVR (322)
[2017.07.20-17.09.37:598][175]LogModuleManager: Shutting down and abandoning module ProceduralMeshComponentEditor (320)
[2017.07.20-17.09.37:598][175]LogModuleManager: Shutting down and abandoning module ProceduralMeshComponent (318)
[2017.07.20-17.09.37:598][175]LogModuleManager: Shutting down and abandoning module OculusLibrary (316)
[2017.07.20-17.09.37:598][175]LogModuleManager: Shutting down and abandoning module OculusInput (314)
[2017.07.20-17.09.37:598][175]LogModuleManager: Shutting down and abandoning module MobilePatchingUtils (312)
[2017.07.20-17.09.37:598][175]LogModuleManager: Shutting down and abandoning module CustomMeshComponent (310)
[2017.07.20-17.09.37:598][175]LogModuleManager: Shutting down and abandoning module CableComponent (308)
[2017.07.20-17.09.37:598][175]LogModuleManager: Shutting down and abandoning module ArchVisCharacter (306)
[2017.07.20-17.09.37:598][175]LogModuleManager: Shutting down and abandoning module AndroidPermission (304)
[2017.07.20-17.09.37:598][175]LogModuleManager: Shutting down and abandoning module MediaPlayerEditor (300)
[2017.07.20-17.09.37:598][175]LogModuleManager: Shutting down and abandoning module HTML5Networking (298)
[2017.07.20-17.09.37:598][175]LogModuleManager: Shutting down and abandoning module AlembicImporter (296)
[2017.07.20-17.09.37:598][175]LogModuleManager: Shutting down and abandoning module AlembicLibrary (295)
[2017.07.20-17.09.37:598][175]LogModuleManager: Shutting down and abandoning module GeometryCache (294)
[2017.07.20-17.09.37:598][175]LogModuleManager: Shutting down and abandoning module GeometryCacheEd (293)
[2017.07.20-17.09.37:598][175]LogModuleManager: Shutting down and abandoning module SuperSearchEditor (288)
[2017.07.20-17.09.37:598][175]LogModuleManager: Shutting down and abandoning module SuperSearch (287)
[2017.07.20-17.09.37:598][175]LogModuleManager: Shutting down and abandoning module SpeedTreeImporter (284)
[2017.07.20-17.09.37:598][175]LogModuleManager: Shutting down and abandoning module PluginBrowser (282)
[2017.07.20-17.09.37:598][175]LogModuleManager: Shutting down and abandoning module MobileLauncherProfileWizard (280)
[2017.07.20-17.09.37:598][175]LogModuleManager: Shutting down and abandoning module VisualStudioSourceCodeAccess (278)
[2017.07.20-17.09.37:598][175]LogModuleManager: Shutting down and abandoning module DesktopPlatform (277)
[2017.07.20-17.09.37:598][175]LogModuleManager: Shutting down and abandoning module UObjectPlugin (274)
[2017.07.20-17.09.37:598][175]LogModuleManager: Shutting down and abandoning module SubversionSourceControl (272)
[2017.07.20-17.09.37:598][175]LogModuleManager: Shutting down and abandoning module PerforceSourceControl (270)
[2017.07.20-17.09.37:598][175]LogModuleManager: Shutting down and abandoning module GitSourceControl (268)
[2017.07.20-17.09.37:598][175]LogModuleManager: Shutting down and abandoning module SourceControl (267)
[2017.07.20-17.09.37:598][175]LogModuleManager: Shutting down and abandoning module LightPropagationVolumeEditor (264)
[2017.07.20-17.09.37:598][175]LogModuleManager: Shutting down and abandoning module PaperTiledImporter (262)
[2017.07.20-17.09.37:598][175]LogModuleManager: Shutting down and abandoning module PaperSpriteSheetImporter (260)
[2017.07.20-17.09.37:598][175]LogModuleManager: Shutting down and abandoning module Paper2DEditor (258)
[2017.07.20-17.09.37:598][175]LogModuleManager: Shutting down and abandoning module MeshPaint (257)
[2017.07.20-17.09.37:598][175]LogModuleManager: Shutting down and abandoning module LevelEditor (255)
[2017.07.20-17.09.37:599][175]LogModuleManager: Shutting down and abandoning module PixelInspectorModule (254)
[2017.07.20-17.09.37:599][175]LogModuleManager: Shutting down and abandoning module MainFrame (252)
[2017.07.20-17.09.37:599][175]LogModuleManager: Shutting down and abandoning module HotReload (251)
[2017.07.20-17.09.37:599][175]LogModuleManager: Shutting down and abandoning module PhysXVehiclesEditor (246)
[2017.07.20-17.09.37:599][175]LogModuleManager: Shutting down and abandoning module PhysXVehicles (244)
[2017.07.20-17.09.37:599][175]LogModuleManager: Shutting down and abandoning module LocationServicesBPLibrary (242)
[2017.07.20-17.09.37:599][175]LogModuleManager: Shutting down and abandoning module ImmediatePhysicsEditor (240)
[2017.07.20-17.09.37:599][175]LogModuleManager: Shutting down and abandoning module ImmediatePhysics (238)
[2017.07.20-17.09.37:599][175]LogModuleManager: Shutting down and abandoning module UdpMessaging (236)
[2017.07.20-17.09.37:700][175]LogModuleManager: Shutting down and abandoning module TcpMessaging (234)
[2017.07.20-17.09.37:801][175]LogModuleManager: Shutting down and abandoning module GameplayTagsEditor (232)
[2017.07.20-17.09.37:801][175]LogModuleManager: Shutting down and abandoning module FacialAnimationEditor (230)
[2017.07.20-17.09.37:801][175]LogModuleManager: Shutting down and abandoning module FacialAnimation (228)
[2017.07.20-17.09.37:801][175]LogModuleManager: Shutting down and abandoning module AssetManagerEditor (226)
[2017.07.20-17.09.37:801][175]LogModuleManager: Shutting down and abandoning module GraphEditor (225)
[2017.07.20-17.09.37:801][175]LogModuleManager: Shutting down and abandoning module ContentBrowser (223)
[2017.07.20-17.09.37:802][175]LogModuleManager: Shutting down and abandoning module LightPropagationVolumeRuntime (220)
[2017.07.20-17.09.37:802][175]LogModuleManager: Shutting down and abandoning module Paper2D (218)
[2017.07.20-17.09.37:802][175]LogModuleManager: Shutting down and abandoning module WindowsMoviePlayer (216)
[2017.07.20-17.09.37:802][175]LogModuleManager: Shutting down and abandoning module WmfMedia (214)
[2017.07.20-17.09.37:802][175]LogModuleManager: Shutting down and abandoning module ClothingSystemEditor (212)
[2017.07.20-17.09.37:803][175]LogModuleManager: Shutting down and abandoning module ClothingSystemRuntime (210)
[2017.07.20-17.09.37:803][175]LogModuleManager: Shutting down and abandoning module MediaAssets (208)
[2017.07.20-17.09.37:803][175]LogModuleManager: Shutting down and abandoning module GameLiveStreaming (206)
[2017.07.20-17.09.37:803][175]LogModuleManager: Shutting down and abandoning module VREditor (204)
[2017.07.20-17.09.37:803][175]LogModuleManager: Shutting down and abandoning module StringTableEditor (202)
[2017.07.20-17.09.37:803][175]LogModuleManager: Shutting down and abandoning module GameplayTasksEditor (200)
[2017.07.20-17.09.37:803][175]LogModuleManager: Shutting down and abandoning module BehaviorTreeEditor (198)
[2017.07.20-17.09.37:803][175]LogModuleManager: Shutting down and abandoning module FunctionalTesting (196)
[2017.07.20-17.09.37:803][175]LogModuleManager: Shutting down and abandoning module CollisionAnalyzer (194)
[2017.07.20-17.09.37:803][175]LogModuleManager: Shutting down and abandoning module UMG (192)
[2017.07.20-17.09.37:803][175]LogModuleManager: Shutting down and abandoning module UMGEditor (191)
[2017.07.20-17.09.37:803][175]LogModuleManager: Shutting down and abandoning module Sequencer (190)
[2017.07.20-17.09.37:803][175]LogModuleManager: Shutting down and abandoning module AssetTools (188)
[2017.07.20-17.09.37:803][175]LogModuleManager: Shutting down and abandoning module MessageLog (187)
[2017.07.20-17.09.37:803][175]LogModuleManager: Shutting down and abandoning module WorkspaceMenuStructure (186)
[2017.07.20-17.09.37:803][175]LogModuleManager: Shutting down and abandoning module SlateReflector (180)
[2017.07.20-17.09.37:803][175]LogModuleManager: Shutting down and abandoning module Slate (178)
[2017.07.20-17.09.37:803][175]LogModuleManager: Shutting down and abandoning module EditorStyle (176)
[2017.07.20-17.09.37:805][175]LogModuleManager: Shutting down and abandoning module SourceCodeAccess (174)
[2017.07.20-17.09.37:805][175]LogModuleManager: Shutting down and abandoning module HeadMountedDisplay (172)
[2017.07.20-17.09.37:806][175]LogModuleManager: Shutting down and abandoning module XAudio2 (170)
[2017.07.20-17.09.37:806][175]LogModuleManager: Shutting down and abandoning module Networking (168)
[2017.07.20-17.09.37:806][175]LogModuleManager: Shutting down and abandoning module Core (164)
[2017.07.20-17.09.37:806][175]LogModuleManager: Shutting down and abandoning module AssetRegistry (162)
[2017.07.20-17.09.37:868][175]LogDirectoryWatcher: A directory notification for '../../../Engine/Content/' was aborted.
[2017.07.20-17.09.37:868][175]LogDirectoryWatcher: A directory notification for '../../../../../../Users/scott/Documents/GitHub/VR/VR/Content/' was aborted.
[2017.07.20-17.09.37:868][175]LogDirectoryWatcher: A directory notification for '../../../Engine/Plugins/2D/Paper2D/Content/' was aborted.
[2017.07.20-17.09.37:868][175]LogDirectoryWatcher: A directory notification for '../../../Engine/Plugins/Runtime/GearVR/Content/' was aborted.
[2017.07.20-17.09.37:875][175]LogModuleManager: Shutting down and abandoning module DirectoryWatcher (161)
[2017.07.20-17.09.37:880][175]LogModuleManager: Shutting down and abandoning module KismetCompiler (158)
[2017.07.20-17.09.37:880][175]LogModuleManager: Shutting down and abandoning module LevelSequence (156)
[2017.07.20-17.09.37:880][175]LogModuleManager: Shutting down and abandoning module PhysXFormats (154)
[2017.07.20-17.09.37:880][175]LogModuleManager: Shutting down and abandoning module MeshUtilities (152)
[2017.07.20-17.09.37:880][175]LogModuleManager: Shutting down and abandoning module SimplygonSwarm (151)
[2017.07.20-17.09.37:880][175]LogModuleManager: Shutting down and abandoning module SimplygonMeshReduction (149)
[2017.07.20-17.09.37:880][175]LogModuleManager: Shutting down and abandoning module QuadricMeshReduction (147)
[2017.07.20-17.09.37:880][175]LogModuleManager: Shutting down and abandoning module DerivedDataCache (144)
[2017.07.20-17.09.37:958][175]LogDerivedDataCache: Shutdown
[2017.07.20-17.09.37:958][175]LogModuleManager: Shutting down and abandoning module TargetPlatform (142)
[2017.07.20-17.09.37:958][175]LogModuleManager: Shutting down and abandoning module VulkanShaderFormat (141)
[2017.07.20-17.09.37:958][175]LogModuleManager: Shutting down and abandoning module ShaderFormatVectorVM (139)
[2017.07.20-17.09.37:958][175]LogModuleManager: Shutting down and abandoning module ShaderFormatOpenGL (137)
[2017.07.20-17.09.37:958][175]LogModuleManager: Shutting down and abandoning module ShaderFormatD3D (135)
[2017.07.20-17.09.37:958][175]LogModuleManager: Shutting down and abandoning module MetalShaderFormat (133)
[2017.07.20-17.09.37:958][175]LogModuleManager: Shutting down and abandoning module TextureFormatUncompressed (131)
[2017.07.20-17.09.37:958][175]LogModuleManager: Shutting down and abandoning module TextureFormatPVR (129)
[2017.07.20-17.09.37:958][175]LogModuleManager: Shutting down and abandoning module TextureFormatDXT (127)
[2017.07.20-17.09.37:958][175]LogModuleManager: Shutting down and abandoning module TextureFormatIntelISPCTexComp (125)
[2017.07.20-17.09.37:958][175]LogModuleManager: Shutting down and abandoning module TextureFormatASTC (123)
[2017.07.20-17.09.37:958][175]LogModuleManager: Shutting down and abandoning module ImageWrapper (122)
[2017.07.20-17.09.37:958][175]LogModuleManager: Shutting down and abandoning module TextureFormatAndroid (119)
[2017.07.20-17.09.37:958][175]LogModuleManager: Shutting down and abandoning module AudioFormatOpus (117)
[2017.07.20-17.09.37:959][175]LogModuleManager: Shutting down and abandoning module AudioFormatOgg (115)
[2017.07.20-17.09.37:959][175]LogModuleManager: Shutting down and abandoning module AudioFormatADPCM (113)
[2017.07.20-17.09.37:959][175]LogModuleManager: Shutting down and abandoning module LinuxTargetPlatform (111)
[2017.07.20-17.09.37:959][175]LogModuleManager: Shutting down and abandoning module LinuxServerTargetPlatform (109)
[2017.07.20-17.09.37:959][175]LogModuleManager: Shutting down and abandoning module LinuxNoEditorTargetPlatform (107)
[2017.07.20-17.09.37:959][175]LogModuleManager: Shutting down and abandoning module LinuxClientTargetPlatform (105)
[2017.07.20-17.09.37:959][175]LogModuleManager: Shutting down and abandoning module TVOSTargetPlatform (103)
[2017.07.20-17.09.37:959][175]LogModuleManager: Shutting down and abandoning module Messaging (101)
[2017.07.20-17.09.37:959][175]LogModuleManager: Shutting down and abandoning module IOSTargetPlatform (99)
[2017.07.20-17.09.37:959][175]LogModuleManager: Shutting down and abandoning module HTML5TargetPlatform (97)
[2017.07.20-17.09.37:959][175]LogModuleManager: Shutting down and abandoning module Android_PVRTCTargetPlatform (95)
[2017.07.20-17.09.37:959][175]LogModuleManager: Shutting down and abandoning module Android_MultiTargetPlatform (93)
[2017.07.20-17.09.37:959][175]LogModuleManager: Shutting down and abandoning module Android_ETC2TargetPlatform (91)
[2017.07.20-17.09.37:959][175]LogModuleManager: Shutting down and abandoning module Android_ETC1TargetPlatform (89)
[2017.07.20-17.09.37:959][175]LogModuleManager: Shutting down and abandoning module Android_DXTTargetPlatform (87)
[2017.07.20-17.09.37:959][175]LogModuleManager: Shutting down and abandoning module Android_ATCTargetPlatform (85)
[2017.07.20-17.09.37:959][175]LogModuleManager: Shutting down and abandoning module Android_ASTCTargetPlatform (83)
[2017.07.20-17.09.37:959][175]LogModuleManager: Shutting down and abandoning module AndroidTargetPlatform (81)
[2017.07.20-17.09.37:959][175]LogModuleManager: Shutting down and abandoning module WindowsTargetPlatform (79)
[2017.07.20-17.09.37:959][175]LogModuleManager: Shutting down and abandoning module WindowsServerTargetPlatform (77)
[2017.07.20-17.09.37:959][175]LogModuleManager: Shutting down and abandoning module WindowsNoEditorTargetPlatform (75)
[2017.07.20-17.09.37:959][175]LogModuleManager: Shutting down and abandoning module WindowsClientTargetPlatform (73)
[2017.07.20-17.09.37:959][175]LogModuleManager: Shutting down and abandoning module MacTargetPlatform (71)
[2017.07.20-17.09.37:959][175]LogModuleManager: Shutting down and abandoning module MacServerTargetPlatform (69)
[2017.07.20-17.09.37:959][175]LogModuleManager: Shutting down and abandoning module MacNoEditorTargetPlatform (67)
[2017.07.20-17.09.37:959][175]LogModuleManager: Shutting down and abandoning module MacClientTargetPlatform (65)
[2017.07.20-17.09.37:959][175]LogModuleManager: Shutting down and abandoning module AllDesktopTargetPlatform (63)
[2017.07.20-17.09.37:959][175]LogModuleManager: Shutting down and abandoning module InputCore (60)
[2017.07.20-17.09.37:959][175]LogModuleManager: Shutting down and abandoning module Settings (58)
[2017.07.20-17.09.37:959][175]LogModuleManager: Shutting down and abandoning module OculusRift (56)
[2017.07.20-17.09.37:960][175]LogHMD: Oculus shutdown.
[2017.07.20-17.09.37:960][175]LogModuleManager: Shutting down and abandoning module GearVRController (54)
[2017.07.20-17.09.37:960][175]LogModuleManager: Shutting down and abandoning module GearVR (52)
[2017.07.20-17.09.37:960][175]LogModuleManager: Shutting down and abandoning module ExampleDeviceProfileSelector (50)
[2017.07.20-17.09.37:960][175]LogModuleManager: Shutting down and abandoning module OnlineBlueprintSupport (48)
[2017.07.20-17.09.37:960][175]LogModuleManager: Shutting down and abandoning module OnlineSubsystem (44)
[2017.07.20-17.09.37:960][175]LogOnline:Display: Unloading online subsystem: NULL
[2017.07.20-17.09.37:960][175]LogModuleManager: Shutting down and abandoning module XMPP (43)
[2017.07.20-17.09.37:960][175]LogModuleManager: Shutting down and abandoning module HTTP (41)
[2017.07.20-17.09.37:960][175]LogHttp:Display: Http module shutting down, but needs to wait on 1 outstanding Http requests:
[2017.07.20-17.09.37:960][175]LogHttp:Display: 	verb=[POST] url=[https://datarouter.ol.epicgames.com/datarouter/api/v1/public/data?SessionID=%7B4A73D341-43A6-CE03-AEFF-9A8A03B642C3%7D&AppID=UEEditor.Rocket.Release&AppVersion=4.16.2-3514769%2B%2B%2BUE4%2BRelease-4.16&UserID=d0072156447091a74943ad8261b51e33%7C917b68a4689a43d093714a4f6a0dc761%7C0f6f6edd-16ad-4713-872b-9bf79eb283b0&AppEnvironment=datacollector-binary&UploadType=eteventstream] status=Processing
[2017.07.20-17.09.37:973][175]LogModuleManager: Shutting down and abandoning module SSL (40)
[2017.07.20-17.09.37:975][175]LogModuleManager: Shutting down and abandoning module HTTPChunkInstaller (36)
[2017.07.20-17.09.37:975][175]LogModuleManager: Shutting down and abandoning module AnimationModifiers (34)
[2017.07.20-17.09.37:975][175]LogModuleManager: Shutting down and abandoning module PropertyEditor (33)
[2017.07.20-17.09.37:975][175]LogModuleManager: Shutting down and abandoning module AudioEditor (30)
[2017.07.20-17.09.37:975][175]LogModuleManager: Shutting down and abandoning module TextureCompressor (28)
[2017.07.20-17.09.37:975][175]LogModuleManager: Shutting down and abandoning module ShaderCore (26)
[2017.07.20-17.09.37:975][175]LogModuleManager: Shutting down and abandoning module Landscape (24)
[2017.07.20-17.09.37:975][175]LogModuleManager: Shutting down and abandoning module SlateRHIRenderer (22)
[2017.07.20-17.09.37:978][175]LogModuleManager: Shutting down and abandoning module OpenGLDrv (20)
[2017.07.20-17.09.37:978][175]LogModuleManager: Shutting down and abandoning module D3D11RHI (18)
[2017.07.20-17.09.37:978][175]LogModuleManager: Shutting down and abandoning module AnimGraphRuntime (16)
[2017.07.20-17.09.37:978][175]LogModuleManager: Shutting down and abandoning module Renderer (14)
[2017.07.20-17.09.37:978][175]LogModuleManager: Shutting down and abandoning module Engine (12)
[2017.07.20-17.09.37:978][175]LogModuleManager: Shutting down and abandoning module CoreUObject (10)
[2017.07.20-17.09.37:978][175]LogModuleManager: Shutting down and abandoning module NetworkFile (8)
[2017.07.20-17.09.37:978][175]LogModuleManager: Shutting down and abandoning module StreamingFile (6)
[2017.07.20-17.09.37:978][175]LogModuleManager: Shutting down and abandoning module SandboxFile (4)
[2017.07.20-17.09.37:978][175]LogModuleManager: Shutting down and abandoning module PakFile (2)
[2017.07.20-17.09.37:979][175]LogExit: Exiting.
[2017.07.20-17.09.37:991][175]Log file closed, 07/20/17 18:09:37
