Log file open, 07/20/17 18:10:39
LogInit:Display: Running engine for game: VR
LogPlatformFile: Not using cached read wrapper
LogInit:Display: RandInit(-977540280) SRandInit(-977540280).
LogTaskGraph: Started task graph with 5 named threads and 8 total threads with 1 sets of task threads.
LogStats: Stats thread started at 0.085743
LogInit: Using libcurl 7.47.1
LogInit:  - built for x86_64-pc-win32
LogInit:  - supports SSL with OpenSSL/1.0.2g
LogInit:  - supports HTTP deflate (compression) using libz 1.2.8
LogInit:  - other features:
LogInit:      CURL_VERSION_SSL
LogInit:      CURL_VERSION_LIBZ
LogInit:      CURL_VERSION_IPV6
LogInit:      CURL_VERSION_ASYNCHDNS
LogInit:      CURL_VERSION_LARGEFILE
LogInit:      CURL_VERSION_IDN
LogInit:  CurlRequestOptions (configurable via config and command line):
LogInit:  - bVerifyPeer = false  - Libcurl will NOT verify peer certificate
LogInit:  - bUseHttpProxy = false  - Libcurl will NOT use HTTP proxy
LogInit:  - bDontReuseConnections = false  - Libcurl will reuse connections
LogInit:  - CertBundlePath = nullptr  - Libcurl will use whatever was configured at build time.
OCULUS: Info: [CAPI] LibOVR module is located at C:\Program Files\Oculus\Support\oculus-runtime\LibOVRRT64_1.dll
OCULUS: Debug: Connected to the server running version (prod = 1).1.16.0(build = 409268) feature version = 0. Client runs version (prod = 1).1.16.0(build = 409268) feature version = 0
OCULUS: Debug: [HMDState] Using default profile Scott
OCULUS: Info: IAD changed to 63.5mm
OCULUS: Debug: Creating factory
LogHMD: GearVR: Emulating GearVR using Oculus Rift!
LogInit: Build: ++UE4+Release-4.16-CL-3514769
LogInit: Engine Version: 4.16.2-3514769+++UE4+Release-4.16
LogInit: Compatible Engine Version: 4.16.0-3452394+++UE4+Release-4.16
LogInit: Net CL: 3452394
LogDevObjectVersion: Number of dev versions registered: 16
LogDevObjectVersion:   Dev-Blueprints (B0D832E4-1F89-4F0D-ACCF-7EB736FD4AA2): 9
LogDevObjectVersion:   Dev-Build (E1C64328-A22C-4D53-A36C-8E866417BD8C): 0
LogDevObjectVersion:   Dev-Core (375EC13C-06E4-48FB-B500-84F0262A717E): 2
LogDevObjectVersion:   Dev-Editor (E4B068ED-F494-42E9-A231-DA0B2E46BB41): 17
LogDevObjectVersion:   Dev-Framework (CFFC743F-43B0-4480-9391-14DF171D2073): 23
LogDevObjectVersion:   Dev-Mobile (B02B49B5-BB20-44E9-A304-32B752E40360): 0
LogDevObjectVersion:   Dev-Networking (A4E4105C-59A1-49B5-A7C5-40C4547EDFEE): 0
LogDevObjectVersion:   Dev-Online (39C831C9-5AE6-47DC-9A44-9C173E1C8E7C): 0
LogDevObjectVersion:   Dev-Physics (78F01B33-EBEA-4F98-B9B4-84EACCB95AA2): 0
LogDevObjectVersion:   Dev-Platform (6631380F-2D4D-43E0-8009-CF276956A95A): 0
LogDevObjectVersion:   Dev-Rendering (12F88B9F-8875-4AFC-A67C-D90C383ABD29): 15
LogDevObjectVersion:   Dev-Sequencer (7B5AE74C-D270-4C10-A958-57980B212A5A): 4
LogDevObjectVersion:   Dev-VR (D7296918-1DD6-4BDD-9DE2-64A83CC13884): 0
LogDevObjectVersion:   Dev-LoadTimes (C2A15278-BFE7-4AFE-6C17-90FF531DF755): 1
LogDevObjectVersion:   Private-Geometry (6EACA3D4-40EC-4CC1-B786-8BED09428FC5): 1
LogDevObjectVersion:   Dev-AnimPhys (29E575DD-E0A3-4627-9D10-D276232CDCEA): 3
LogInit: Compiled (64-bit): Jun 29 2017 02:03:24
LogInit: Compiled with Visual C++: 19.00.24215.01
LogInit: Build Configuration: Development
LogInit: Branch Name: ++UE4+Release-4.16
LogInit: Command line: -EpicPortal 
LogInit: Base directory: C:/Program Files/Epic Games/UE_4.16/Engine/Binaries/Win64/
LogInit: Installed Engine Build: 1
LogInit: Presizing for max 8388607 objects, including 0 objects not considered by GC, pre-allocating 0 bytes for permanent pool.
LogInit: Object subsystem initialized
[2017.07.20-17.10.39:824][  0]LogInit: Selected Device Profile: [Windows]
[2017.07.20-17.10.39:824][  0]LogInit: Applying CVar settings loaded from the selected device profile: [Windows]
[2017.07.20-17.10.39:832][  0]LogInit: Computer: SCOTTPC
[2017.07.20-17.10.39:832][  0]LogInit: User: scott
[2017.07.20-17.10.39:832][  0]LogInit: CPU Page size=4096, Cores=4
[2017.07.20-17.10.39:833][  0]LogInit: High frequency timer resolution =3.423914 MHz
[2017.07.20-17.10.39:833][  0]LogMemory: Memory total: Physical=15.9GB (16GB approx)
[2017.07.20-17.10.39:833][  0]LogMemory: Platform Memory Stats for Windows
[2017.07.20-17.10.39:833][  0]LogMemory: Process Physical Memory: 278.71 MB used, 278.71 MB peak
[2017.07.20-17.10.39:833][  0]LogMemory: Process Virtual Memory: 264.06 MB used, 264.06 MB peak
[2017.07.20-17.10.39:833][  0]LogMemory: Physical Memory: 9935.29 MB used,  6376.61 MB free, 16311.90 MB total
[2017.07.20-17.10.39:833][  0]LogMemory: Virtual Memory: 675.95 MB used,  6376.61 MB free, 134217728.00 MB total
[2017.07.20-17.10.40:028][  0]LogInit: Using OS detected language (en-GB).
[2017.07.20-17.10.40:028][  0]LogInit: Using OS detected locale (en-GB).
[2017.07.20-17.10.40:031][  0]LogTextLocalizationManager: No specific localization for 'en-GB' exists, so the 'en' localization will be used.
[2017.07.20-17.10.40:906][  0]LogD3D11RHI: D3D11 adapters:
[2017.07.20-17.10.41:034][  0]LogD3D11RHI:    0. 'NVIDIA GeForce GTX 1080' (Feature Level 11_0)
[2017.07.20-17.10.41:034][  0]LogD3D11RHI:       8110/0/8155 MB DedicatedVideo/DedicatedSystem/SharedSystem, Outputs:2, VendorId:0x10de
[2017.07.20-17.10.41:036][  0]LogD3D11RHI:    1. 'Microsoft Basic Render Driver' (Feature Level 11_0)
[2017.07.20-17.10.41:036][  0]LogD3D11RHI:       0/0/8155 MB DedicatedVideo/DedicatedSystem/SharedSystem, Outputs:0, VendorId:0x1414
[2017.07.20-17.10.41:036][  0]LogD3D11RHI: Chosen D3D11 Adapter: 0
[2017.07.20-17.10.41:043][  0]LogD3D11RHI: Creating new Direct3DDevice
[2017.07.20-17.10.41:044][  0]LogD3D11RHI:     GPU DeviceId: 0x1b80 (for the marketing name, search the web for "GPU Device Id")
[2017.07.20-17.10.41:044][  0]LogWindows: EnumDisplayDevices:
[2017.07.20-17.10.41:044][  0]LogWindows:    0. 'NVIDIA GeForce GTX 1080' (P:1 D:1)
[2017.07.20-17.10.41:044][  0]LogWindows:    1. 'NVIDIA GeForce GTX 1080' (P:0 D:1)
[2017.07.20-17.10.41:044][  0]LogWindows:    2. 'NVIDIA GeForce GTX 1080' (P:0 D:0)
[2017.07.20-17.10.41:044][  0]LogWindows:    3. 'NVIDIA GeForce GTX 1080' (P:0 D:0)
[2017.07.20-17.10.41:044][  0]LogWindows: DebugString: FoundDriverCount:4 
[2017.07.20-17.10.41:044][  0]LogD3D11RHI:     Adapter Name: NVIDIA GeForce GTX 1080
[2017.07.20-17.10.41:044][  0]LogD3D11RHI:   Driver Version: 382.05 (internal:22.21.13.8205, unified:382.05)
[2017.07.20-17.10.41:044][  0]LogD3D11RHI:      Driver Date: 5-1-2017
[2017.07.20-17.10.41:044][  0]LogRHI: Texture pool is 1361 MB (70% of 1945 MB)
[2017.07.20-17.10.41:072][  0]LogD3D11RHI: Async texture creation enabled
[2017.07.20-17.10.41:082][  0]LogD3D11RHI: GPU Timing Frequency: 1000.000000 (Debug: 2 1)
[2017.07.20-17.10.41:174][  0]LogShaderCompilers: Guid format shader working directory is -7 characters bigger than the processId version (../../../../../../Users/scott/Documents/GitHub/VR/VR/Intermediate/Shaders/WorkingDirectory/15272/).
[2017.07.20-17.10.41:174][  0]LogShaderCompilers: Cleaned the shader compiler working directory 'C:/Users/scott/AppData/Local/Temp/UnrealShaderWorkingDir/7785877146103CFAD3524DA29B05C178/'.
[2017.07.20-17.10.41:174][  0]LogShaderCompilers:Display: Using Local Shader Compiler.
[2017.07.20-17.10.42:119][  0]LogTemp:Display: Loaded TP AllDesktopTargetPlatform
[2017.07.20-17.10.42:164][  0]LogTemp:Display: Loaded TP MacClientTargetPlatform
[2017.07.20-17.10.42:217][  0]LogTemp:Display: Loaded TP MacNoEditorTargetPlatform
[2017.07.20-17.10.42:261][  0]LogTemp:Display: Loaded TP MacServerTargetPlatform
[2017.07.20-17.10.42:307][  0]LogTemp:Display: Loaded TP MacTargetPlatform
[2017.07.20-17.10.42:352][  0]LogTemp:Display: Loaded TP WindowsClientTargetPlatform
[2017.07.20-17.10.42:398][  0]LogTemp:Display: Loaded TP WindowsNoEditorTargetPlatform
[2017.07.20-17.10.42:442][  0]LogTemp:Display: Loaded TP WindowsServerTargetPlatform
[2017.07.20-17.10.42:483][  0]LogTemp:Display: Loaded TP WindowsTargetPlatform
[2017.07.20-17.10.42:526][  0]LogTemp:Display: Loaded TP AndroidTargetPlatform
[2017.07.20-17.10.42:570][  0]LogTemp:Display: Loaded TP Android_ASTCTargetPlatform
[2017.07.20-17.10.42:614][  0]LogTemp:Display: Loaded TP Android_ATCTargetPlatform
[2017.07.20-17.10.42:658][  0]LogTemp:Display: Loaded TP Android_DXTTargetPlatform
[2017.07.20-17.10.42:703][  0]LogTemp:Display: Loaded TP Android_ETC1TargetPlatform
[2017.07.20-17.10.42:748][  0]LogTemp:Display: Loaded TP Android_ETC2TargetPlatform
[2017.07.20-17.10.42:834][  0]LogTemp:Display: Loaded TP Android_MultiTargetPlatform
[2017.07.20-17.10.42:834][  0]LogTemp:Display: Loaded TP Android_PVRTCTargetPlatform
[2017.07.20-17.10.42:869][  0]LogTemp:Display: Loaded TP HTML5TargetPlatform
[2017.07.20-17.10.42:954][  0]LogTemp:Display: Loaded TP IOSTargetPlatform
[2017.07.20-17.10.42:980][  0]LogTemp:Display: Loaded TP TVOSTargetPlatform
[2017.07.20-17.10.43:023][  0]LogTemp:Display: Loaded TP LinuxClientTargetPlatform
[2017.07.20-17.10.43:067][  0]LogTemp:Display: Loaded TP LinuxNoEditorTargetPlatform
[2017.07.20-17.10.43:112][  0]LogTemp:Display: Loaded TP LinuxServerTargetPlatform
[2017.07.20-17.10.43:157][  0]LogTemp:Display: Loaded TP LinuxTargetPlatform
[2017.07.20-17.10.43:157][  0]LogTargetPlatformManager:Display: Building Assets For Windows
[2017.07.20-17.10.43:592][  0]LogDerivedDataCache:Display: Max Cache Size: 512 MB
[2017.07.20-17.10.43:689][  0]LogDerivedDataCache: Loaded boot cache 0.10s 103MB C:/Users/scott/AppData/Local/UnrealEngine/4.16/DerivedDataCache/Boot.ddc.
[2017.07.20-17.10.43:689][  0]LogDerivedDataCache:Display: Loaded Boot cache: C:/Users/scott/AppData/Local/UnrealEngine/4.16/DerivedDataCache/Boot.ddc
[2017.07.20-17.10.43:689][  0]LogDerivedDataCache: FDerivedDataBackendGraph:  Pak pak cache file ../../../../../../Users/scott/Documents/GitHub/VR/VR/DerivedDataCache/DDC.ddp not found, will not use a pak cache.
[2017.07.20-17.10.43:689][  0]LogDerivedDataCache: Unable to find inner node Pak for hierarchical cache Hierarchy.
[2017.07.20-17.10.43:689][  0]LogDerivedDataCache: FDerivedDataBackendGraph:  CompressedPak pak cache file ../../../../../../Users/scott/Documents/GitHub/VR/VR/DerivedDataCache/Compressed.ddp not found, will not use a pak cache.
[2017.07.20-17.10.43:689][  0]LogDerivedDataCache: Unable to find inner node CompressedPak for hierarchical cache Hierarchy.
[2017.07.20-17.10.43:703][  0]LogDerivedDataCache:Display: Pak cache opened for reading ../../../Engine/DerivedDataCache/Compressed.ddp.
[2017.07.20-17.10.43:716][  0]LogDerivedDataCache: Using Local data cache path C:/Users/scott/AppData/Local/UnrealEngine/Common/DerivedDataCache: Writable
[2017.07.20-17.10.43:726][  0]LogMaterial: Verifying Global Shaders for PCD3D_SM5
[2017.07.20-17.10.43:726][  0]LogSlate: Using Freetype 2.6.0
[2017.07.20-17.10.43:727][  0]LogSlate: SlateFontCache - WITH_FREETYPE: 1, WITH_HARFBUZZ: 1
[2017.07.20-17.10.43:727][  0]LogSlate: SlateFontCache - WITH_FREETYPE: 1, WITH_HARFBUZZ: 1
[2017.07.20-17.10.44:004][  0]LogInit: Selected Device Profile: [Windows]
[2017.07.20-17.10.44:071][  0]LogContentStreaming: Texture pool size is 0.00 MB
[2017.07.20-17.10.44:213][  0]LogMeshUtilities: Using QuadricMeshReduction for automatic static mesh reduction
[2017.07.20-17.10.44:254][  0]LogSimplygon: Simplygon DLL not present - disabling.
[2017.07.20-17.10.44:295][  0]LogMeshUtilities: Using SimplygonSwarm for distributed automatic mesh merging
[2017.07.20-17.10.44:295][  0]LogMeshUtilities: No automatic skeletal mesh reduction module available
[2017.07.20-17.10.44:295][  0]LogMeshUtilities: No automatic mesh merging module available
[2017.07.20-17.10.44:772][  0]LogNetVersion: VR , NetCL: 3452394, EngineNetVer: 2, GameNetVer: 0 (Checksum: 1895307458)
[2017.07.20-17.10.44:828][  0]LogAssetRegistry: FAssetRegistry took 0.0249 seconds to start up
[2017.07.20-17.10.44:899][  0]LogPackageLocalizationCache: Processed 4 localized package path(s) for 2 prioritized culture(s) in 0.048824 seconds
[2017.07.20-17.10.44:904][  0]LogUObjectArray: 34194 objects as part of root set at end of initial load.
[2017.07.20-17.10.44:904][  0]LogUObjectAllocator: 7260424 out of 0 bytes used by permanent object pool.
[2017.07.20-17.10.44:904][  0]LogUObjectArray: CloseDisregardForGC: 0/0 objects in disregard for GC pool
[2017.07.20-17.10.44:960][  0]LogInit: WinSock: version 1.1 (2.2), MaxSocks=32767, MaxUdp=65467
[2017.07.20-17.10.47:066][  0]LogTcpMessaging: Initializing TcpMessaging bridge
[2017.07.20-17.10.47:101][  0]LogUdpMessaging: Initializing bridge on interface 0.0.0.0:0 to multicast group 230.0.0.1:6666.
[2017.07.20-17.10.47:566][  0]LogMaterial: Uniform references updated for custom material expression Custom.
[2017.07.20-17.10.47:912][  0]SourceControl: Info Source control is disabled
[2017.07.20-17.10.48:007][  0]SourceControl: Info Source control is disabled
[2017.07.20-17.10.48:050][  0]SourceControl: Info Source control is disabled
[2017.07.20-17.10.48:091][  0]SourceControl: Info Source control is disabled
[2017.07.20-17.10.48:680][  0]LogAndroidPermission: UAndroidPermissionCallbackProxy::GetInstance
[2017.07.20-17.10.49:203][  0]LogEngine: Initializing Engine...
[2017.07.20-17.10.49:203][  0]LogHMD: Oculus plugin initialized. Version: 4.16.2-3514769+++UE4+Release-4.16, LibOVR: 1.16.0, SDK: 1.12.0, built Jun 29 2017, 02:10:56
[2017.07.20-17.10.49:392][  0]OCULUS: Debug: [HMDState] Using default profile Scott
[2017.07.20-17.10.49:392][  0]OCULUS: Info: IAD changed to 63.5mm
[2017.07.20-17.10.49:392][  0]LogStats: UGameplayTagsManager::ConstructGameplayTagTree: Construct from data asset -  0.000 s
[2017.07.20-17.10.49:392][  0]LogStats: UGameplayTagsManager::ConstructGameplayTagTree: GameplayTagTreeChangedEvent.Broadcast -  0.000 s
[2017.07.20-17.10.49:513][  0]LogAIModule: Creating AISystem for world Untitled
[2017.07.20-17.10.49:530][  0]LogInit: XAudio2 using 'Main Speakers (Realtek High Definition Audio)' : 2 channels at 48 kHz using 32 bits per sample (channel mask 0x3)
[2017.07.20-17.10.49:554][  0]LogInit: FAudioDevice initialized.
[2017.07.20-17.10.49:606][  0]LogDerivedDataCache: Saved boot cache 0.05s 103MB C:/Users/scott/AppData/Local/UnrealEngine/4.16/DerivedDataCache/Boot.ddc.
[2017.07.20-17.10.49:623][  0]LogInit: Texture streaming: Enabled
[2017.07.20-17.10.49:709][  0]LogEngineSessionManager: EngineSessionManager initialized
[2017.07.20-17.10.49:906][  0]LogInit: Transaction tracking system initialized
[2017.07.20-17.10.50:193][  0]BlueprintLog: New page: Editor Load
[2017.07.20-17.10.51:054][  0]LocalizationService: Info Localization service is disabled
[2017.07.20-17.10.51:926][  0]LogConsoleResponse:Display: 
[2017.07.20-17.10.52:066][  0]LogCook:Display: Max memory allowance for cook 16384mb min free memory 0mb
[2017.07.20-17.10.52:066][  0]LogCook:Display: Mobile HDR setting 1
[2017.07.20-17.10.52:201][  0]LogFileCache: Scanning file cache for directory 'C:/Users/scott/Documents/GitHub/VR/VR/Content/' took 0.01s
[2017.07.20-17.10.52:997][  0]SourceControl: Info Source control is disabled
[2017.07.20-17.10.52:997][  0]Cmd: MAP LOAD FILE="../../../../../../Users/scott/Documents/GitHub/VR/VR/Content/VirtualRealityBP/Maps/StartupMap.umap" TEMPLATE=0 SHOWPROGRESS=1 FEATURELEVEL=3
[2017.07.20-17.10.52:998][  0]LightingResults: New page: Lighting Build
[2017.07.20-17.10.53:036][  0]MapCheck: New page: Map Check
[2017.07.20-17.10.53:036][  0]LightingResults: New page: Lighting Build
[2017.07.20-17.10.53:109][  0]LogAIModule: Creating AISystem for world StartupMap
[2017.07.20-17.10.53:115][  0]LogEditorServer: Finished looking for orphan Actors (0.000 secs)
[2017.07.20-17.10.53:131][  0]Cmd: MAP CHECKDEP NOCLEARLOG
[2017.07.20-17.10.53:183][  0]MapCheck: Info Map check complete: 0 Error(s), 0 Warning(s), took 51.699ms to complete.
[2017.07.20-17.10.53:183][  0]LogFileHelpers: Loading map 'StartupMap' took 0.186
[2017.07.20-17.10.53:354][  0]LogCollectionManager: Loaded 0 collections in 0.001286 seconds
[2017.07.20-17.10.53:443][  0]LogFileCache: Scanning file cache for directory 'C:/Users/scott/Documents/GitHub/VR/VR/Saved/Collections/' took 0.01s
[2017.07.20-17.10.53:443][  0]LogFileCache: Scanning file cache for directory 'C:/Users/scott/Documents/GitHub/VR/VR/Content/Developers/scott/Collections/' took 0.01s
[2017.07.20-17.10.53:443][  0]LogFileCache: Scanning file cache for directory 'C:/Users/scott/Documents/GitHub/VR/VR/Content/Collections/' took 0.01s
[2017.07.20-17.10.53:443][  0]LogCollectionManager: Rebuilt the GUID cache for 0 collections in 0.000001 seconds
[2017.07.20-17.10.53:451][  0]LogContentBrowser: Native class hierarchy populated in 0.0079 seconds. Added 2329 classes and 491 folders.
[2017.07.20-17.10.53:508][  0]LogContentBrowser: Native class hierarchy updated for 'WidgetCarousel' in 0.0005 seconds. Added 0 classes and 0 folders.
[2017.07.20-17.10.53:558][  0]LogContentBrowser: Native class hierarchy updated for 'AddContentDialog' in 0.0005 seconds. Added 0 classes and 0 folders.
[2017.07.20-17.10.53:600][  0]LogContentBrowser: Native class hierarchy updated for 'SceneOutliner' in 0.0005 seconds. Added 1 classes and 2 folders.
[2017.07.20-17.10.53:633][  0]LogCrashTracker: Crashtracker disabled due to settings.
[2017.07.20-17.10.53:638][  0]LogSlate: Took 0.000267 seconds to synchronously load lazily loaded font '../../../Engine/Content/Slate/Fonts/Roboto-Regular.ttf' (155K)
[2017.07.20-17.10.53:640][  0]LogSlate: Took 0.000242 seconds to synchronously load lazily loaded font '../../../Engine/Content/Slate/Fonts/Roboto-Bold.ttf' (160K)
[2017.07.20-17.10.53:644][  0]LogSlate: Took 0.000495 seconds to synchronously load lazily loaded font '../../../Engine/Content/Editor/Slate/Fonts/FontAwesome.ttf' (139K)
[2017.07.20-17.10.53:726][  0]LogRenderer: Reallocating scene render targets to support 1616x808 NumSamples 1 (Frame:1).
[2017.07.20-17.10.53:814][  0]LogUObjectGlobals:Warning: Failed to find object 'Class None.'
[2017.07.20-17.10.53:874][  0]LogContentBrowser: Native class hierarchy updated for 'HierarchicalLODOutliner' in 0.0005 seconds. Added 1 classes and 2 folders.
[2017.07.20-17.10.53:874][  0]LogLoad: (Engine Initialization) Total time: 15.64 seconds
[2017.07.20-17.10.53:874][  0]LogLoad: (Engine Initialization) Total Blueprint compile time: 0.04 seconds
[2017.07.20-17.10.53:874][  0]LogExternalProfiler: No external profilers were discovered.  External profiling features will not be available.
[2017.07.20-17.10.53:883][  0]LogWindowsTextInputMethodSystem:Display: IME system now deactivated.
[2017.07.20-17.10.53:885][  0]LogOcInput: OculusInput pre-init called
[2017.07.20-17.10.53:895][  0]LogOcInput: OculusInput is initialized. Init status 0. Runtime version: 1.16.0
[2017.07.20-17.10.53:895][  0]LogHMD: Starting GearVRController plugin
[2017.07.20-17.10.53:909][  0]LogAssetRegistry: Asset discovery search completed in 9.1029 seconds
[2017.07.20-17.10.53:911][  0]LogCollectionManager: Rebuilt the object cache for 0 collections in 0.000001 seconds (found 0 objects)
[2017.07.20-17.10.53:911][  0]LogCollectionManager: Fixed up redirectors for 0 collections in 0.000018 seconds (updated 0 objects)
[2017.07.20-17.10.53:913][  0]LogContentStreaming: Texture pool size now 600 MB
[2017.07.20-17.11.03:102][821]LogSlate: Took 0.000370 seconds to synchronously load lazily loaded font '../../../Engine/Content/Slate/Fonts/Roboto-Light.ttf' (159K)
[2017.07.20-17.11.03:515][821]LogAIModule: Creating AISystem for world Prototype
[2017.07.20-17.11.03:539][821]Cmd: MAP LOAD FILE="../../../../../../Users/scott/Documents/GitHub/VR/VR/Content/Scenes/Prototype.umap" TEMPLATE=0 SHOWPROGRESS=1 FEATURELEVEL=3
[2017.07.20-17.11.03:539][821]LightingResults: New page: Lighting Build
[2017.07.20-17.11.03:540][821]LoadErrors: New page: Loading map: Prototype.umap
[2017.07.20-17.11.03:540][821]MapCheck: New page: Map Check
[2017.07.20-17.11.03:540][821]LightingResults: New page: Lighting Build
[2017.07.20-17.11.03:553][821]LogEditorServer: Finished looking for orphan Actors (0.000 secs)
[2017.07.20-17.11.03:577][821]Cmd: MAP CHECKDEP NOCLEARLOG
[2017.07.20-17.11.03:630][821]MapCheck: Info Map check complete: 0 Error(s), 0 Warning(s), took 53.498ms to complete.
[2017.07.20-17.11.03:630][821]LogFileHelpers: Loading map 'Prototype' took 0.092
[2017.07.20-17.11.08:787][433]LogTemp: Repeting last play command: VR Preview
[2017.07.20-17.11.08:820][433]LogPlayLevel: PlayLevel: No blueprints needed recompiling
[2017.07.20-17.11.08:821][433]OCULUS: Debug: [HMDState] Using default profile Scott
[2017.07.20-17.11.08:821][433]OCULUS: Info: IAD changed to 63.5mm
[2017.07.20-17.11.08:821][433]LogHMD: New ovr session is created
[2017.07.20-17.11.08:821][433]LogHMD: HMD Oculus Rift DK2, res = 1920 x 1080
[2017.07.20-17.11.08:821][433]PIE: New page: PIE session: Prototype (20 Jul 2017 19:11:08)
[2017.07.20-17.11.08:822][433]LogPlayLevel: Creating play world package: /Game/Scenes/UEDPIE_0_Prototype
[2017.07.20-17.11.08:853][433]LogPlayLevel: PIE: StaticDuplicateObject took: (0.031191s)
[2017.07.20-17.11.08:853][433]LogAIModule: Creating AISystem for world Prototype
[2017.07.20-17.11.08:853][433]LogPlayLevel: PIE: World Init took: (0.000737s)
[2017.07.20-17.11.08:854][433]LogPlayLevel: PIE: Created PIE world by copying editor world from /Game/Scenes/Prototype.Prototype to /Game/Scenes/UEDPIE_0_Prototype.Prototype (0.032175s)
[2017.07.20-17.11.08:863][433]LogHMD: Vision Tracking Acquired
[2017.07.20-17.11.08:873][433]LogInit: XAudio2 using 'Main Speakers (Realtek High Definition Audio)' : 2 channels at 48 kHz using 32 bits per sample (channel mask 0x3)
[2017.07.20-17.11.08:894][433]LogInit: FAudioDevice initialized.
[2017.07.20-17.11.09:035][433]LogUObjectGlobals:Warning: Failed to find object 'Class None.'
[2017.07.20-17.11.09:035][433]LogLoad: Game class is 'GameModeBase'
[2017.07.20-17.11.09:038][433]LogWorld: Bringing World /Game/Scenes/UEDPIE_0_Prototype.Prototype up for play (max tick rate 0) at 2017.07.20-18.11.09
[2017.07.20-17.11.09:039][433]LogWorld: Bringing up level for play took: 0.002167
[2017.07.20-17.11.09:078][433]LogContentBrowser: Native class hierarchy updated for 'MovieSceneCapture' in 0.0006 seconds. Added 11 classes and 0 folders.
[2017.07.20-17.11.09:084][433]PIE: Info Play in editor start time for /Game/Scenes/UEDPIE_0_Prototype 0.916
[2017.07.20-17.11.09:089][433]LogHMD: Reallocation of eye buffer was requested
[2017.07.20-17.11.09:091][433]LogHMD: Allocated a new swap texture set (size 2392 x 1472, mipcount = 1, format = RGBA8), 0x000001F4025A32D0
[2017.07.20-17.11.09:119][433]LogRenderer: Reallocating scene render targets to support 2392x1472 NumSamples 1 (Frame:1).
[2017.07.20-17.11.27:599][819]OCULUS: Error: WaitableTimer slept too long/short (i.e. 2.583281 ms)
[2017.07.20-17.11.33:626][271]OCULUS: Error: WaitableTimer slept too long/short (i.e. 3.206393 ms)
[2017.07.20-17.11.36:640][497]OCULUS: Error: WaitableTimer slept too long/short (i.e. 3.359023 ms)
[2017.07.20-17.11.40:384][778]LogHMD: Lost Vision Tracking
[2017.07.20-17.11.41:118][833]LogHMD: Vision Tracking Acquired
[2017.07.20-17.11.42:668][949]OCULUS: Error: WaitableTimer slept too long/short (i.e. 4.239428 ms)
[2017.07.20-17.11.46:852][263]LogHMD: Lost Vision Tracking
[2017.07.20-17.11.47:691][326]LogHMD: Vision Tracking Acquired
[2017.07.20-17.11.55:798][934]LogHMD: Lost Vision Tracking
[2017.07.20-17.11.56:452][983]LogHMD: Vision Tracking Acquired
[2017.07.20-17.11.57:252][ 43]LogHMD: Lost Vision Tracking
[2017.07.20-17.11.57:518][ 63]LogHMD: Vision Tracking Acquired
[2017.07.20-17.11.57:972][ 97]LogHMD: Lost Vision Tracking
[2017.07.20-17.11.58:172][112]LogHMD: Vision Tracking Acquired
[2017.07.20-17.11.58:545][140]LogHMD: Lost Vision Tracking
[2017.07.20-17.11.58:774][157]OCULUS: Error: WaitableTimer slept too long/short (i.e. 3.570003 ms)
[2017.07.20-17.12.00:038][252]LogHMD: Vision Tracking Acquired
[2017.07.20-17.12.00:679][300]LogHMD: Lost Vision Tracking
[2017.07.20-17.12.01:199][339]LogHMD: Vision Tracking Acquired
[2017.07.20-17.12.03:252][493]LogHMD: Lost Vision Tracking
[2017.07.20-17.12.04:305][572]LogHMD: Vision Tracking Acquired
[2017.07.20-17.12.04:801][609]OCULUS: Error: WaitableTimer slept too long/short (i.e. 3.338540 ms)
[2017.07.20-17.12.06:532][739]LogHMD: Lost Vision Tracking
[2017.07.20-17.12.10:587][ 42]LogHMD: Destroying ovr session
[2017.07.20-17.12.10:587][ 42]LogHMD: Freeing textureSet 0x000001F4025A32D0
[2017.07.20-17.12.32:311][575]LogTemp: Repeting last play command: VR Preview
[2017.07.20-17.12.32:320][575]LogPlayLevel: PlayLevel: No blueprints needed recompiling
[2017.07.20-17.12.32:321][575]OCULUS: Debug: [HMDState] Using default profile Scott
[2017.07.20-17.12.32:321][575]OCULUS: Info: IAD changed to 63.5mm
[2017.07.20-17.12.32:321][575]LogHMD: New ovr session is created
[2017.07.20-17.12.32:322][575]LogHMD: HMD Oculus Rift DK2, res = 1920 x 1080
[2017.07.20-17.12.32:322][575]PIE: New page: PIE session: Prototype (20 Jul 2017 19:12:32)
[2017.07.20-17.12.32:322][575]LogPlayLevel: Creating play world package: /Game/Scenes/UEDPIE_0_Prototype
[2017.07.20-17.12.32:349][575]LogPlayLevel: PIE: StaticDuplicateObject took: (0.027775s)
[2017.07.20-17.12.32:350][575]LogAIModule: Creating AISystem for world Prototype
[2017.07.20-17.12.32:350][575]LogPlayLevel: PIE: World Init took: (0.000543s)
[2017.07.20-17.12.32:350][575]LogPlayLevel: PIE: Created PIE world by copying editor world from /Game/Scenes/Prototype.Prototype to /Game/Scenes/UEDPIE_0_Prototype.Prototype (0.028490s)
[2017.07.20-17.12.32:367][575]LogInit: XAudio2 using 'Main Speakers (Realtek High Definition Audio)' : 2 channels at 48 kHz using 32 bits per sample (channel mask 0x3)
[2017.07.20-17.12.32:382][575]LogInit: FAudioDevice initialized.
[2017.07.20-17.12.32:499][575]LogUObjectGlobals:Warning: Failed to find object 'Class None.'
[2017.07.20-17.12.32:499][575]LogLoad: Game class is 'GameModeBase'
[2017.07.20-17.12.32:501][575]LogWorld: Bringing World /Game/Scenes/UEDPIE_0_Prototype.Prototype up for play (max tick rate 0) at 2017.07.20-18.12.32
[2017.07.20-17.12.32:501][575]LogWorld: Bringing up level for play took: 0.002136
[2017.07.20-17.12.32:507][575]PIE: Info Play in editor start time for /Game/Scenes/UEDPIE_0_Prototype 0.339
[2017.07.20-17.12.32:513][575]LogHMD: Need to reallocate eye buffer, reason: no textureset was allocated
[2017.07.20-17.12.32:515][575]LogHMD: Allocated a new swap texture set (size 2392 x 1472, mipcount = 1, format = RGBA8), 0x000001F4025A1890
[2017.07.20-17.12.34:467][721]LogHMD: Vision Tracking Acquired
[2017.07.20-17.12.37:028][913]OCULUS: Error: WaitableTimer slept too long/short (i.e. 2.904892 ms)
[2017.07.20-17.12.48:893][803]LogHMD: Lost Vision Tracking
[2017.07.20-17.12.51:601][  5]LogHMD: Destroying ovr session
[2017.07.20-17.12.51:601][  5]LogHMD: Freeing textureSet 0x000001F4025A1890
[2017.07.20-17.12.59:049][846]LogEditorViewport: Clicking on Actor (context menu): StaticMeshActor (Base)
[2017.07.20-17.13.10:061][ 81]Cmd: MAP LOAD FILE="../../../../../../Users/scott/Documents/GitHub/VR/VR/Content/VirtualRealityBP/Maps/MotionControllerMap.umap" TEMPLATE=0 SHOWPROGRESS=1 FEATURELEVEL=3
[2017.07.20-17.13.10:087][ 81]LightingResults: New page: Lighting Build
[2017.07.20-17.13.10:087][ 81]LoadErrors: New page: Loading map: MotionControllerMap.umap
[2017.07.20-17.13.10:089][ 81]MapCheck: New page: Map Check
[2017.07.20-17.13.10:089][ 81]LightingResults: New page: Lighting Build
[2017.07.20-17.13.10:246][ 81]LogAIModule: Creating AISystem for world MotionControllerMap
[2017.07.20-17.13.10:259][ 81]LogEditorServer: Finished looking for orphan Actors (0.000 secs)
[2017.07.20-17.13.10:286][ 81]Cmd: MAP CHECKDEP NOCLEARLOG
[2017.07.20-17.13.10:340][ 81]MapCheck: Info Map check complete: 0 Error(s), 0 Warning(s), took 53.773ms to complete.
[2017.07.20-17.13.10:340][ 81]LogFileHelpers: Loading map 'MotionControllerMap' took 0.280
[2017.07.20-17.13.34:802][960]Cmd: EDIT COPY
[2017.07.20-17.13.35:106][995]LogSlate: Took 0.000754 seconds to synchronously load lazily loaded font '../../../Engine/Content/Editor/Slate/Fonts/Roboto-Italic.ttf' (157K)
[2017.07.20-17.13.47:732][457]Cmd: MAP LOAD FILE="../../../../../../Users/scott/Documents/GitHub/VR/VR/Content/Scenes/Prototype.umap" TEMPLATE=0 SHOWPROGRESS=1 FEATURELEVEL=3
[2017.07.20-17.13.47:752][457]LightingResults: New page: Lighting Build
[2017.07.20-17.13.47:752][457]LoadErrors: New page: Loading map: Prototype.umap
[2017.07.20-17.13.47:783][457]MapCheck: New page: Map Check
[2017.07.20-17.13.47:783][457]LightingResults: New page: Lighting Build
[2017.07.20-17.13.47:824][457]LogAIModule: Creating AISystem for world Prototype
[2017.07.20-17.13.47:829][457]LogEditorServer: Finished looking for orphan Actors (0.000 secs)
[2017.07.20-17.13.47:851][457]Cmd: MAP CHECKDEP NOCLEARLOG
[2017.07.20-17.13.47:905][457]MapCheck: Info Map check complete: 0 Error(s), 0 Warning(s), took 53.64ms to complete.
[2017.07.20-17.13.47:905][457]LogFileHelpers: Loading map 'Prototype' took 0.174
[2017.07.20-17.13.49:192][609]LogEditorViewport: Clicking on Actor (LMB): MotionControllerPawn_C (MotionControllerPawn)
[2017.07.20-17.13.49:618][652]Cmd: DELETE
[2017.07.20-17.13.49:618][652]Cmd: ACTOR DELETE
[2017.07.20-17.13.49:623][652]LogEditorActor: Deleted Actor: MotionControllerPawn_C
[2017.07.20-17.13.49:655][652]LogEditorActor: Deleted 1 Actors (0.037 secs)
[2017.07.20-17.13.52:109][943]Cmd: EDIT PASTE
[2017.07.20-17.14.03:079][203]LogTemp: Repeting last play command: VR Preview
[2017.07.20-17.14.03:088][203]LogPlayLevel: PlayLevel: No blueprints needed recompiling
[2017.07.20-17.14.03:101][203]OCULUS: Debug: [HMDState] Using default profile Scott
[2017.07.20-17.14.03:101][203]OCULUS: Info: IAD changed to 63.5mm
[2017.07.20-17.14.03:101][203]LogHMD: New ovr session is created
[2017.07.20-17.14.03:102][203]LogHMD: HMD Oculus Rift DK2, res = 1920 x 1080
[2017.07.20-17.14.03:102][203]PIE: New page: PIE session: Prototype (20 Jul 2017 19:14:03)
[2017.07.20-17.14.03:102][203]LogPlayLevel: Creating play world package: /Game/Scenes/UEDPIE_0_Prototype
[2017.07.20-17.14.03:132][203]LogPlayLevel: PIE: StaticDuplicateObject took: (0.030141s)
[2017.07.20-17.14.03:133][203]LogAIModule: Creating AISystem for world Prototype
[2017.07.20-17.14.03:133][203]LogPlayLevel: PIE: World Init took: (0.000525s)
[2017.07.20-17.14.03:133][203]LogPlayLevel: PIE: Created PIE world by copying editor world from /Game/Scenes/Prototype.Prototype to /Game/Scenes/UEDPIE_0_Prototype.Prototype (0.030850s)
[2017.07.20-17.14.03:178][203]LogInit: XAudio2 using 'Main Speakers (Realtek High Definition Audio)' : 2 channels at 48 kHz using 32 bits per sample (channel mask 0x3)
[2017.07.20-17.14.03:192][203]LogInit: FAudioDevice initialized.
[2017.07.20-17.14.03:312][203]LogUObjectGlobals:Warning: Failed to find object 'Class None.'
[2017.07.20-17.14.03:312][203]LogLoad: Game class is 'GameModeBase'
[2017.07.20-17.14.03:314][203]LogWorld: Bringing World /Game/Scenes/UEDPIE_0_Prototype.Prototype up for play (max tick rate 0) at 2017.07.20-18.14.03
[2017.07.20-17.14.03:314][203]LogWorld: Bringing up level for play took: 0.002037
[2017.07.20-17.14.03:323][203]PIE: Info Play in editor start time for /Game/Scenes/UEDPIE_0_Prototype 1.155
[2017.07.20-17.14.03:332][203]LogHMD: Need to reallocate eye buffer, reason: no textureset was allocated
[2017.07.20-17.14.03:334][203]LogHMD: Allocated a new swap texture set (size 2392 x 1472, mipcount = 1, format = RGBA8), 0x000001F4083EA010
[2017.07.20-17.14.05:471][362]OCULUS: Error: WaitableTimer slept too long/short (i.e. 4.010259 ms)
[2017.07.20-17.14.05:655][376]LogHMD: Vision Tracking Acquired
[2017.07.20-17.14.08:485][588]OCULUS: Error: WaitableTimer slept too long/short (i.e. 4.073726 ms)
[2017.07.20-17.14.08:976][625]LogHMD: Lost Vision Tracking
[2017.07.20-17.14.09:656][676]LogHMD: Vision Tracking Acquired
[2017.07.20-17.14.37:963][799]LogHMD: Lost Vision Tracking
[2017.07.20-17.14.39:951][947]LogHMD: Destroying ovr session
[2017.07.20-17.14.39:951][947]LogHMD: Freeing textureSet 0x000001F4083EA010
[2017.07.20-17.17.14:882][993]Cmd: OBJ SAVEPACKAGE PACKAGE="/Game/Scenes/Prototype" FILE="../../../../../../Users/scott/Documents/GitHub/VR/VR/Content/Scenes/Prototype.umap" SILENT=true AUTOSAVING=false KEEPDIRTY=false
[2017.07.20-17.17.15:213][993]LogSavePackage: Save=309.06ms
[2017.07.20-17.17.15:213][993]LogSavePackage: Moving '../../../../../../Users/scott/Documents/GitHub/VR/VR/Saved/PrototypeE05185AD4D13D8A2D3F827B735D01533.tmp' to '../../../../../../Users/scott/Documents/GitHub/VR/VR/Content/Scenes/Prototype.umap'
[2017.07.20-17.17.15:219][993]LogSavePackage:Display: Finished SavePackage ../../../../../../Users/scott/Documents/GitHub/VR/VR/Content/Scenes/Prototype.umap
[2017.07.20-17.17.15:256][993]LogFileHelpers: Saving map 'Prototype' took 0.429
[2017.07.20-17.17.20:209][576]LogMaterial: Missing cached shader map for material Material_0, compiling. 
[2017.07.20-17.17.20:209][576]LogMaterial:Warning: Failed to compile Material /Engine/Transient.Material_0 for platform PCD3D_SM5, Default Material will be used in game.
[2017.07.20-17.17.20:209][576]LogMaterial:Warning: 	Only transparent or postprocess materials can read from scene depth.
[2017.07.20-17.17.28:858][545]LogMaterial: Missing cached shader map for material M_Brick_Clay_Old, compiling. 
[2017.07.20-17.17.36:429][224]Cmd: POLY SELECT MATCHING BRUSH
[2017.07.20-17.17.41:746][774]LogMaterial: Missing cached shader map for material M_Basic_Wall, compiling. 
[2017.07.20-17.17.54:483][100]LogMaterial: Missing cached shader map for material M_Rock_Basalt, compiling. 
[2017.07.20-17.18.03:352][990]Cmd: TRANSACTION UNDO
[2017.07.20-17.18.03:352][990]LogEditorTransaction: Undo Select Brush Surface
[2017.07.20-17.18.03:440][990]LogSlate: Took 0.000142 seconds to synchronously load lazily loaded font '../../../Engine/Content/Slate/Fonts/Roboto-Light.ttf' (159K)
[2017.07.20-17.18.04:098][ 57]Cmd: TRANSACTION UNDO
[2017.07.20-17.18.04:098][ 57]LogEditorTransaction: Undo Select Brush Surface
[2017.07.20-17.18.18:069][625]Cmd: POLY TEXSCALE  UU=1.000000 VV=1.000000
[2017.07.20-17.18.22:867][178]Cmd: POLY TEXSCALE  UU=0.500000 VV=0.500000
[2017.07.20-17.18.26:330][574]Cmd: POLY TEXSCALE  UU=2.000000 VV=2.000000
[2017.07.20-17.18.30:134][981]LogEditorViewport: Clicking Background
[2017.07.20-17.18.38:705][955]Cmd: POLY SELECT MATCHING BRUSH
[2017.07.20-17.18.47:987][921]LogMaterial: Missing cached shader map for material M_CobbleStone_Rough, compiling. 
[2017.07.20-17.19.15:089][808]Cmd: POLY TEXSCALE  UU=0.500000 VV=0.500000
[2017.07.20-17.19.20:336][395]Cmd: POLY TEXSCALE  UU=0.333333 VV=0.333333
[2017.07.20-17.19.36:013][ 65]Cmd: POLY SELECT MATCHING BRUSH
[2017.07.20-17.19.43:950][929]Cmd: POLY TEXSCALE  UU=0.500000 VV=0.500000
[2017.07.20-17.19.49:781][592]LogEditorViewport: Clicking Background
[2017.07.20-17.20.12:948][305]LogActorFactory: Actor Factory created SM_Rock
[2017.07.20-17.20.13:133][317]LogActorFactory: Actor Factory created SM_Rock
[2017.07.20-17.20.22:632][367]LogEditorViewport: Clicking Background
[2017.07.20-17.20.26:582][813]LogEditorViewport: Clicking on Actor (LMB): StaticMeshActor (SM_Rock)
[2017.07.20-17.20.46:512][995]Cmd: DELETE
[2017.07.20-17.20.46:512][995]Cmd: ACTOR DELETE
[2017.07.20-17.20.46:514][995]LogEditorActor: Deleted Actor: StaticMeshActor
[2017.07.20-17.20.46:522][995]LogEditorActor: Deleted 1 Actors (0.009 secs)
[2017.07.20-17.21.29:562][555]Cmd: OBJ SAVEPACKAGE PACKAGE="/Game/Scenes/Prototype" FILE="../../../../../../Users/scott/Documents/GitHub/VR/VR/Content/Scenes/Prototype.umap" SILENT=true AUTOSAVING=false KEEPDIRTY=false
[2017.07.20-17.21.29:890][555]LogSavePackage: Save=316.49ms
[2017.07.20-17.21.29:890][555]LogSavePackage: Moving '../../../../../../Users/scott/Documents/GitHub/VR/VR/Saved/PrototypeA40BDAFA4EBCE4334F60C29E74FD6E9F.tmp' to '../../../../../../Users/scott/Documents/GitHub/VR/VR/Content/Scenes/Prototype.umap'
[2017.07.20-17.21.29:905][555]LogSavePackage:Display: Finished SavePackage ../../../../../../Users/scott/Documents/GitHub/VR/VR/Content/Scenes/Prototype.umap
[2017.07.20-17.21.29:926][555]LogFileHelpers: Saving map 'Prototype' took 0.422
[2017.07.20-17.21.30:126][556]Cmd: QUIT_EDITOR
[2017.07.20-17.21.30:769][556]LogWindowsTextInputMethodSystem:Display: IME system now deactivated.
[2017.07.20-17.21.30:779][556]LogExit: Preparing to exit.
[2017.07.20-17.21.31:431][556]LogDirectoryWatcher: A directory notification for 'C:/Users/scott/Documents/GitHub/VR/VR/Content/' was aborted.
[2017.07.20-17.21.31:450][556]LogExit: Editor shut down
[2017.07.20-17.21.31:456][556]LogExit: Transaction tracking system shut down
[2017.07.20-17.21.31:505][556]LogObj: Freed 0b from 0 cluster array pools.
[2017.07.20-17.21.31:506][556]LogExit: Object subsystem successfully closed.
[2017.07.20-17.21.31:519][556]LogD3D11RHI: Shutdown
[2017.07.20-17.21.31:519][556]LogD3D11RHI: CleanupD3DDevice
[2017.07.20-17.21.31:570][556]LogD3D11RHI: ~FD3D11DynamicRHI
[2017.07.20-17.21.31:587][556]LogModuleManager: Shutting down and abandoning module MovieSceneCapture (526)
[2017.07.20-17.21.31:587][556]LogModuleManager: Shutting down and abandoning module HierarchicalLODOutliner (524)
[2017.07.20-17.21.31:587][556]LogModuleManager: Shutting down and abandoning module CrashTracker (522)
[2017.07.20-17.21.31:587][556]LogModuleManager: Shutting down and abandoning module SceneOutliner (520)
[2017.07.20-17.21.31:587][556]LogModuleManager: Shutting down and abandoning module AddContentDialog (518)
[2017.07.20-17.21.31:587][556]LogDirectoryWatcher: A directory notification for 'C:/Program Files/Epic Games/UE_4.16/FeaturePacks/' was aborted.
[2017.07.20-17.21.31:587][556]LogModuleManager: Shutting down and abandoning module WidgetCarousel (517)
[2017.07.20-17.21.31:587][556]LogModuleManager: Shutting down and abandoning module EditorWidgets (514)
[2017.07.20-17.21.31:587][556]LogModuleManager: Shutting down and abandoning module CollectionManager (512)
[2017.07.20-17.21.31:587][556]LogDirectoryWatcher: A directory notification for 'C:/Users/scott/Documents/GitHub/VR/VR/Content/Collections/' was aborted.
[2017.07.20-17.21.31:588][556]LogDirectoryWatcher: A directory notification for 'C:/Users/scott/Documents/GitHub/VR/VR/Content/Developers/scott/Collections/' was aborted.
[2017.07.20-17.21.31:588][556]LogDirectoryWatcher: A directory notification for 'C:/Users/scott/Documents/GitHub/VR/VR/Saved/Collections/' was aborted.
[2017.07.20-17.21.31:588][556]LogModuleManager: Shutting down and abandoning module StatsViewer (510)
[2017.07.20-17.21.31:588][556]LogModuleManager: Shutting down and abandoning module FoliageEdit (508)
[2017.07.20-17.21.31:588][556]LogModuleManager: Shutting down and abandoning module LandscapeEditor (506)
[2017.07.20-17.21.31:588][556]LogModuleManager: Shutting down and abandoning module MeshPaintMode (504)
[2017.07.20-17.21.31:588][556]LogModuleManager: Shutting down and abandoning module SceneDepthPickerMode (502)
[2017.07.20-17.21.31:588][556]LogModuleManager: Shutting down and abandoning module ActorPickerMode (500)
[2017.07.20-17.21.31:588][556]LogModuleManager: Shutting down and abandoning module GeometryMode (498)
[2017.07.20-17.21.31:588][556]LogModuleManager: Shutting down and abandoning module TextureAlignMode (496)
[2017.07.20-17.21.31:588][556]LogModuleManager: Shutting down and abandoning module BspMode (494)
[2017.07.20-17.21.31:588][556]LogModuleManager: Shutting down and abandoning module HardwareSurvey (492)
[2017.07.20-17.21.31:588][556]LogModuleManager: Shutting down and abandoning module SequenceRecorderSections (490)
[2017.07.20-17.21.31:588][556]LogModuleManager: Shutting down and abandoning module AutomationWorker (488)
[2017.07.20-17.21.31:588][556]LogModuleManager: Shutting down and abandoning module MatineeToLevelSequence (486)
[2017.07.20-17.21.31:588][556]LogModuleManager: Shutting down and abandoning module LevelSequenceEditor (484)
[2017.07.20-17.21.31:588][556]LogModuleManager: Shutting down and abandoning module PlacementMode (483)
[2017.07.20-17.21.31:588][556]LogModuleManager: Shutting down and abandoning module WmfMediaFactory (480)
[2017.07.20-17.21.31:588][556]LogModuleManager: Shutting down and abandoning module WmfMediaEditor (478)
[2017.07.20-17.21.31:588][556]LogModuleManager: Shutting down and abandoning module AvfMediaFactory (476)
[2017.07.20-17.21.31:588][556]LogModuleManager: Shutting down and abandoning module AvfMediaEditor (474)
[2017.07.20-17.21.31:588][556]LogModuleManager: Shutting down and abandoning module AndroidMediaFactory (472)
[2017.07.20-17.21.31:588][556]LogModuleManager: Shutting down and abandoning module Media (471)
[2017.07.20-17.21.31:588][556]LogModuleManager: Shutting down and abandoning module AndroidMediaEditor (468)
[2017.07.20-17.21.31:588][556]LogModuleManager: Shutting down and abandoning module CharacterAI (466)
[2017.07.20-17.21.31:588][556]LogModuleManager: Shutting down and abandoning module AudioCapture (464)
[2017.07.20-17.21.31:588][556]LogModuleManager: Shutting down and abandoning module SequenceRecorder (463)
[2017.07.20-17.21.31:588][556]LogModuleManager: Shutting down and abandoning module SmartSnapping (460)
[2017.07.20-17.21.31:588][556]LogModuleManager: Shutting down and abandoning module SessionServices (458)
[2017.07.20-17.21.31:588][556]LogModuleManager: Shutting down and abandoning module ViewportSnapping (456)
[2017.07.20-17.21.31:588][556]LogModuleManager: Shutting down and abandoning module ViewportInteraction (454)
[2017.07.20-17.21.31:588][556]LogModuleManager: Shutting down and abandoning module ClothPainter (452)
[2017.07.20-17.21.31:588][556]LogModuleManager: Shutting down and abandoning module LogVisualizer (450)
[2017.07.20-17.21.31:588][556]LogModuleManager: Shutting down and abandoning module IntroTutorials (448)
[2017.07.20-17.21.31:588][556]LogModuleManager: Shutting down and abandoning module GameProjectGeneration (447)
[2017.07.20-17.21.31:588][556]LogModuleManager: Shutting down and abandoning module EditorLiveStreaming (444)
[2017.07.20-17.21.31:588][556]LogModuleManager: Shutting down and abandoning module IOSPlatformEditor (442)
[2017.07.20-17.21.31:588][556]LogModuleManager: Shutting down and abandoning module HTML5PlatformEditor (440)
[2017.07.20-17.21.31:588][556]LogModuleManager: Shutting down and abandoning module AndroidPlatformEditor (438)
[2017.07.20-17.21.31:588][556]LogModuleManager: Shutting down and abandoning module AndroidDeviceDetection (437)
[2017.07.20-17.21.31:594][556]LogModuleManager: Shutting down and abandoning module IOSRuntimeSettings (434)
[2017.07.20-17.21.31:594][556]LogModuleManager: Shutting down and abandoning module AndroidRuntimeSettings (432)
[2017.07.20-17.21.31:594][556]LogModuleManager: Shutting down and abandoning module InputBindingEditor (430)
[2017.07.20-17.21.31:594][556]LogModuleManager: Shutting down and abandoning module MergeActors (428)
[2017.07.20-17.21.31:594][556]LogModuleManager: Shutting down and abandoning module SizeMap (426)
[2017.07.20-17.21.31:594][556]LogModuleManager: Shutting down and abandoning module TreeMap (424)
[2017.07.20-17.21.31:594][556]LogModuleManager: Shutting down and abandoning module ReferenceViewer (422)
[2017.07.20-17.21.31:594][556]LogModuleManager: Shutting down and abandoning module LocalizationDashboard (420)
[2017.07.20-17.21.31:594][556]LogModuleManager: Shutting down and abandoning module LocalizationService (419)
[2017.07.20-17.21.31:594][556]LogModuleManager: Shutting down and abandoning module HardwareTargeting (416)
[2017.07.20-17.21.31:594][556]LogModuleManager: Shutting down and abandoning module DeviceProfileEditor (414)
[2017.07.20-17.21.31:594][556]LogModuleManager: Shutting down and abandoning module UndoHistory (412)
[2017.07.20-17.21.31:594][556]LogModuleManager: Shutting down and abandoning module UserFeedback (410)
[2017.07.20-17.21.31:594][556]LogModuleManager: Shutting down and abandoning module XmlParser (408)
[2017.07.20-17.21.31:594][556]LogModuleManager: Shutting down and abandoning module Blutility (406)
[2017.07.20-17.21.31:594][556]LogModuleManager: Shutting down and abandoning module ProjectSettingsViewer (404)
[2017.07.20-17.21.31:594][556]LogModuleManager: Shutting down and abandoning module ProjectTargetPlatformEditor (403)
[2017.07.20-17.21.31:594][556]LogModuleManager: Shutting down and abandoning module EditorSettingsViewer (400)
[2017.07.20-17.21.31:594][556]LogModuleManager: Shutting down and abandoning module SettingsEditor (398)
[2017.07.20-17.21.31:594][556]LogModuleManager: Shutting down and abandoning module ProjectLauncher (396)
[2017.07.20-17.21.31:594][556]LogModuleManager: Shutting down and abandoning module SessionFrontend (394)
[2017.07.20-17.21.31:594][556]LogModuleManager: Shutting down and abandoning module ProfilerClient (392)
[2017.07.20-17.21.31:594][556]LogModuleManager: Shutting down and abandoning module DeviceManager (390)
[2017.07.20-17.21.31:594][556]LogModuleManager: Shutting down and abandoning module TargetDeviceServices (389)
[2017.07.20-17.21.31:656][556]LogModuleManager: Shutting down and abandoning module AutomationController (386)
[2017.07.20-17.21.31:656][556]LogModuleManager: Shutting down and abandoning module AutomationWindow (384)
[2017.07.20-17.21.31:656][556]LogModuleManager: Shutting down and abandoning module Layers (382)
[2017.07.20-17.21.31:656][556]LogModuleManager: Shutting down and abandoning module ComponentVisualizers (380)
[2017.07.20-17.21.31:656][556]LogModuleManager: Shutting down and abandoning module DetailCustomizations (378)
[2017.07.20-17.21.31:656][556]LogModuleManager: Shutting down and abandoning module PackagesDialog (376)
[2017.07.20-17.21.31:656][556]LogModuleManager: Shutting down and abandoning module Persona (374)
[2017.07.20-17.21.31:656][556]LogModuleManager: Shutting down and abandoning module AdvancedPreviewScene (373)
[2017.07.20-17.21.31:656][556]LogModuleManager: Shutting down and abandoning module AnimGraph (371)
[2017.07.20-17.21.31:656][556]LogModuleManager: Shutting down and abandoning module Kismet (368)
[2017.07.20-17.21.31:657][556]LogModuleManager: Shutting down and abandoning module ClassViewer (366)
[2017.07.20-17.21.31:657][556]LogModuleManager: Shutting down and abandoning module Toolbox (364)
[2017.07.20-17.21.31:657][556]LogModuleManager: Shutting down and abandoning module ModuleUI (362)
[2017.07.20-17.21.31:657][556]LogModuleManager: Shutting down and abandoning module MovieSceneTools (360)
[2017.07.20-17.21.31:657][556]LogModuleManager: Shutting down and abandoning module OutputLog (358)
[2017.07.20-17.21.31:657][556]LogModuleManager: Shutting down and abandoning module GammaUI (356)
[2017.07.20-17.21.31:657][556]LogModuleManager: Shutting down and abandoning module Documentation (354)
[2017.07.20-17.21.31:657][556]LogModuleManager: Shutting down and abandoning module MovieSceneTracks (352)
[2017.07.20-17.21.31:657][556]LogModuleManager: Shutting down and abandoning module MovieScene (350)
[2017.07.20-17.21.31:657][556]LogModuleManager: Shutting down and abandoning module Niagara (348)
[2017.07.20-17.21.31:657][556]LogModuleManager: Shutting down and abandoning module NiagaraEditor (347)
[2017.07.20-17.21.31:657][556]LogModuleManager: Shutting down and abandoning module StreamingPauseRendering (344)
[2017.07.20-17.21.31:657][556]LogModuleManager: Shutting down and abandoning module AnalyticsET (342)
[2017.07.20-17.21.31:657][556]LogModuleManager: Shutting down and abandoning module PortalServices (340)
[2017.07.20-17.21.31:657][556]LogModuleManager: Shutting down and abandoning module PortalRpc (338)
[2017.07.20-17.21.31:657][556]LogModuleManager: Shutting down and abandoning module MessagingRpc (336)
[2017.07.20-17.21.31:657][556]LogModuleManager: Shutting down and abandoning module AIModule (334)
[2017.07.20-17.21.31:657][556]LogModuleManager: Shutting down and abandoning module GameplayDebugger (333)
[2017.07.20-17.21.31:657][556]LogModuleManager: Shutting down and abandoning module AITestSuite (331)
[2017.07.20-17.21.31:657][556]LogModuleManager: Shutting down and abandoning module ProfilerService (328)
[2017.07.20-17.21.31:793][556]LogModuleManager: Shutting down and abandoning module TaskGraph (326)
[2017.07.20-17.21.31:793][556]LogModuleManager: Shutting down and abandoning module SteamVRController (324)
[2017.07.20-17.21.31:793][556]LogModuleManager: Shutting down and abandoning module SteamVR (322)
[2017.07.20-17.21.31:793][556]LogModuleManager: Shutting down and abandoning module ProceduralMeshComponentEditor (320)
[2017.07.20-17.21.31:793][556]LogModuleManager: Shutting down and abandoning module ProceduralMeshComponent (318)
[2017.07.20-17.21.31:793][556]LogModuleManager: Shutting down and abandoning module OculusLibrary (316)
[2017.07.20-17.21.31:793][556]LogModuleManager: Shutting down and abandoning module OculusInput (314)
[2017.07.20-17.21.31:793][556]LogModuleManager: Shutting down and abandoning module MobilePatchingUtils (312)
[2017.07.20-17.21.31:793][556]LogModuleManager: Shutting down and abandoning module CustomMeshComponent (310)
[2017.07.20-17.21.31:793][556]LogModuleManager: Shutting down and abandoning module CableComponent (308)
[2017.07.20-17.21.31:793][556]LogModuleManager: Shutting down and abandoning module ArchVisCharacter (306)
[2017.07.20-17.21.31:793][556]LogModuleManager: Shutting down and abandoning module AndroidPermission (304)
[2017.07.20-17.21.31:793][556]LogModuleManager: Shutting down and abandoning module MediaPlayerEditor (300)
[2017.07.20-17.21.31:793][556]LogModuleManager: Shutting down and abandoning module HTML5Networking (298)
[2017.07.20-17.21.31:793][556]LogModuleManager: Shutting down and abandoning module AlembicImporter (296)
[2017.07.20-17.21.31:793][556]LogModuleManager: Shutting down and abandoning module AlembicLibrary (295)
[2017.07.20-17.21.31:793][556]LogModuleManager: Shutting down and abandoning module GeometryCache (294)
[2017.07.20-17.21.31:793][556]LogModuleManager: Shutting down and abandoning module GeometryCacheEd (293)
[2017.07.20-17.21.31:793][556]LogModuleManager: Shutting down and abandoning module SuperSearchEditor (288)
[2017.07.20-17.21.31:793][556]LogModuleManager: Shutting down and abandoning module SuperSearch (287)
[2017.07.20-17.21.31:793][556]LogModuleManager: Shutting down and abandoning module SpeedTreeImporter (284)
[2017.07.20-17.21.31:793][556]LogModuleManager: Shutting down and abandoning module PluginBrowser (282)
[2017.07.20-17.21.31:793][556]LogModuleManager: Shutting down and abandoning module MobileLauncherProfileWizard (280)
[2017.07.20-17.21.31:794][556]LogModuleManager: Shutting down and abandoning module VisualStudioSourceCodeAccess (278)
[2017.07.20-17.21.31:794][556]LogModuleManager: Shutting down and abandoning module DesktopPlatform (277)
[2017.07.20-17.21.31:794][556]LogModuleManager: Shutting down and abandoning module UObjectPlugin (274)
[2017.07.20-17.21.31:794][556]LogModuleManager: Shutting down and abandoning module SubversionSourceControl (272)
[2017.07.20-17.21.31:794][556]LogModuleManager: Shutting down and abandoning module PerforceSourceControl (270)
[2017.07.20-17.21.31:794][556]LogModuleManager: Shutting down and abandoning module GitSourceControl (268)
[2017.07.20-17.21.31:794][556]LogModuleManager: Shutting down and abandoning module SourceControl (267)
[2017.07.20-17.21.31:794][556]LogModuleManager: Shutting down and abandoning module LightPropagationVolumeEditor (264)
[2017.07.20-17.21.31:794][556]LogModuleManager: Shutting down and abandoning module PaperTiledImporter (262)
[2017.07.20-17.21.31:794][556]LogModuleManager: Shutting down and abandoning module PaperSpriteSheetImporter (260)
[2017.07.20-17.21.31:794][556]LogModuleManager: Shutting down and abandoning module Paper2DEditor (258)
[2017.07.20-17.21.31:794][556]LogModuleManager: Shutting down and abandoning module MeshPaint (257)
[2017.07.20-17.21.31:794][556]LogModuleManager: Shutting down and abandoning module LevelEditor (255)
[2017.07.20-17.21.31:794][556]LogModuleManager: Shutting down and abandoning module PixelInspectorModule (254)
[2017.07.20-17.21.31:794][556]LogModuleManager: Shutting down and abandoning module MainFrame (252)
[2017.07.20-17.21.31:794][556]LogModuleManager: Shutting down and abandoning module HotReload (251)
[2017.07.20-17.21.31:794][556]LogModuleManager: Shutting down and abandoning module PhysXVehiclesEditor (246)
[2017.07.20-17.21.31:794][556]LogModuleManager: Shutting down and abandoning module PhysXVehicles (244)
[2017.07.20-17.21.31:794][556]LogModuleManager: Shutting down and abandoning module LocationServicesBPLibrary (242)
[2017.07.20-17.21.31:794][556]LogModuleManager: Shutting down and abandoning module ImmediatePhysicsEditor (240)
[2017.07.20-17.21.31:794][556]LogModuleManager: Shutting down and abandoning module ImmediatePhysics (238)
[2017.07.20-17.21.31:794][556]LogModuleManager: Shutting down and abandoning module UdpMessaging (236)
[2017.07.20-17.21.31:895][556]LogModuleManager: Shutting down and abandoning module TcpMessaging (234)
[2017.07.20-17.21.32:296][556]LogModuleManager: Shutting down and abandoning module GameplayTagsEditor (232)
[2017.07.20-17.21.32:296][556]LogModuleManager: Shutting down and abandoning module FacialAnimationEditor (230)
[2017.07.20-17.21.32:296][556]LogModuleManager: Shutting down and abandoning module FacialAnimation (228)
[2017.07.20-17.21.32:296][556]LogModuleManager: Shutting down and abandoning module AssetManagerEditor (226)
[2017.07.20-17.21.32:296][556]LogModuleManager: Shutting down and abandoning module GraphEditor (225)
[2017.07.20-17.21.32:296][556]LogModuleManager: Shutting down and abandoning module ContentBrowser (223)
[2017.07.20-17.21.32:297][556]LogModuleManager: Shutting down and abandoning module LightPropagationVolumeRuntime (220)
[2017.07.20-17.21.32:297][556]LogModuleManager: Shutting down and abandoning module Paper2D (218)
[2017.07.20-17.21.32:297][556]LogModuleManager: Shutting down and abandoning module WindowsMoviePlayer (216)
[2017.07.20-17.21.32:297][556]LogModuleManager: Shutting down and abandoning module WmfMedia (214)
[2017.07.20-17.21.32:297][556]LogModuleManager: Shutting down and abandoning module ClothingSystemEditor (212)
[2017.07.20-17.21.32:297][556]LogModuleManager: Shutting down and abandoning module ClothingSystemRuntime (210)
[2017.07.20-17.21.32:297][556]LogModuleManager: Shutting down and abandoning module MediaAssets (208)
[2017.07.20-17.21.32:297][556]LogModuleManager: Shutting down and abandoning module GameLiveStreaming (206)
[2017.07.20-17.21.32:297][556]LogModuleManager: Shutting down and abandoning module VREditor (204)
[2017.07.20-17.21.32:297][556]LogModuleManager: Shutting down and abandoning module StringTableEditor (202)
[2017.07.20-17.21.32:297][556]LogModuleManager: Shutting down and abandoning module GameplayTasksEditor (200)
[2017.07.20-17.21.32:297][556]LogModuleManager: Shutting down and abandoning module BehaviorTreeEditor (198)
[2017.07.20-17.21.32:297][556]LogModuleManager: Shutting down and abandoning module FunctionalTesting (196)
[2017.07.20-17.21.32:297][556]LogModuleManager: Shutting down and abandoning module CollisionAnalyzer (194)
[2017.07.20-17.21.32:297][556]LogModuleManager: Shutting down and abandoning module UMG (192)
[2017.07.20-17.21.32:297][556]LogModuleManager: Shutting down and abandoning module UMGEditor (191)
[2017.07.20-17.21.32:297][556]LogModuleManager: Shutting down and abandoning module Sequencer (190)
[2017.07.20-17.21.32:298][556]LogModuleManager: Shutting down and abandoning module AssetTools (188)
[2017.07.20-17.21.32:298][556]LogModuleManager: Shutting down and abandoning module MessageLog (187)
[2017.07.20-17.21.32:298][556]LogModuleManager: Shutting down and abandoning module WorkspaceMenuStructure (186)
[2017.07.20-17.21.32:298][556]LogModuleManager: Shutting down and abandoning module SlateReflector (180)
[2017.07.20-17.21.32:298][556]LogModuleManager: Shutting down and abandoning module Slate (178)
[2017.07.20-17.21.32:298][556]LogModuleManager: Shutting down and abandoning module EditorStyle (176)
[2017.07.20-17.21.32:300][556]LogModuleManager: Shutting down and abandoning module SourceCodeAccess (174)
[2017.07.20-17.21.32:300][556]LogModuleManager: Shutting down and abandoning module HeadMountedDisplay (172)
[2017.07.20-17.21.32:300][556]LogModuleManager: Shutting down and abandoning module XAudio2 (170)
[2017.07.20-17.21.32:300][556]LogModuleManager: Shutting down and abandoning module Networking (168)
[2017.07.20-17.21.32:300][556]LogModuleManager: Shutting down and abandoning module Core (164)
[2017.07.20-17.21.32:300][556]LogModuleManager: Shutting down and abandoning module AssetRegistry (162)
[2017.07.20-17.21.32:347][556]LogDirectoryWatcher: A directory notification for '../../../Engine/Content/' was aborted.
[2017.07.20-17.21.32:347][556]LogDirectoryWatcher: A directory notification for '../../../../../../Users/scott/Documents/GitHub/VR/VR/Content/' was aborted.
[2017.07.20-17.21.32:347][556]LogDirectoryWatcher: A directory notification for '../../../Engine/Plugins/2D/Paper2D/Content/' was aborted.
[2017.07.20-17.21.32:348][556]LogDirectoryWatcher: A directory notification for '../../../Engine/Plugins/Runtime/GearVR/Content/' was aborted.
[2017.07.20-17.21.32:350][556]LogModuleManager: Shutting down and abandoning module DirectoryWatcher (161)
[2017.07.20-17.21.32:350][556]LogModuleManager: Shutting down and abandoning module KismetCompiler (158)
[2017.07.20-17.21.32:350][556]LogModuleManager: Shutting down and abandoning module LevelSequence (156)
[2017.07.20-17.21.32:350][556]LogModuleManager: Shutting down and abandoning module PhysXFormats (154)
[2017.07.20-17.21.32:350][556]LogModuleManager: Shutting down and abandoning module MeshUtilities (152)
[2017.07.20-17.21.32:350][556]LogModuleManager: Shutting down and abandoning module SimplygonSwarm (151)
[2017.07.20-17.21.32:350][556]LogModuleManager: Shutting down and abandoning module SimplygonMeshReduction (149)
[2017.07.20-17.21.32:350][556]LogModuleManager: Shutting down and abandoning module QuadricMeshReduction (147)
[2017.07.20-17.21.32:350][556]LogModuleManager: Shutting down and abandoning module DerivedDataCache (144)
[2017.07.20-17.21.32:438][556]LogDerivedDataCache: Shutdown
[2017.07.20-17.21.32:438][556]LogModuleManager: Shutting down and abandoning module TargetPlatform (142)
[2017.07.20-17.21.32:438][556]LogModuleManager: Shutting down and abandoning module VulkanShaderFormat (141)
[2017.07.20-17.21.32:438][556]LogModuleManager: Shutting down and abandoning module ShaderFormatVectorVM (139)
[2017.07.20-17.21.32:438][556]LogModuleManager: Shutting down and abandoning module ShaderFormatOpenGL (137)
[2017.07.20-17.21.32:438][556]LogModuleManager: Shutting down and abandoning module ShaderFormatD3D (135)
[2017.07.20-17.21.32:438][556]LogModuleManager: Shutting down and abandoning module MetalShaderFormat (133)
[2017.07.20-17.21.32:438][556]LogModuleManager: Shutting down and abandoning module TextureFormatUncompressed (131)
[2017.07.20-17.21.32:438][556]LogModuleManager: Shutting down and abandoning module TextureFormatPVR (129)
[2017.07.20-17.21.32:438][556]LogModuleManager: Shutting down and abandoning module TextureFormatDXT (127)
[2017.07.20-17.21.32:438][556]LogModuleManager: Shutting down and abandoning module TextureFormatIntelISPCTexComp (125)
[2017.07.20-17.21.32:438][556]LogModuleManager: Shutting down and abandoning module TextureFormatASTC (123)
[2017.07.20-17.21.32:438][556]LogModuleManager: Shutting down and abandoning module ImageWrapper (122)
[2017.07.20-17.21.32:438][556]LogModuleManager: Shutting down and abandoning module TextureFormatAndroid (119)
[2017.07.20-17.21.32:438][556]LogModuleManager: Shutting down and abandoning module AudioFormatOpus (117)
[2017.07.20-17.21.32:438][556]LogModuleManager: Shutting down and abandoning module AudioFormatOgg (115)
[2017.07.20-17.21.32:438][556]LogModuleManager: Shutting down and abandoning module AudioFormatADPCM (113)
[2017.07.20-17.21.32:438][556]LogModuleManager: Shutting down and abandoning module LinuxTargetPlatform (111)
[2017.07.20-17.21.32:438][556]LogModuleManager: Shutting down and abandoning module LinuxServerTargetPlatform (109)
[2017.07.20-17.21.32:438][556]LogModuleManager: Shutting down and abandoning module LinuxNoEditorTargetPlatform (107)
[2017.07.20-17.21.32:438][556]LogModuleManager: Shutting down and abandoning module LinuxClientTargetPlatform (105)
[2017.07.20-17.21.32:438][556]LogModuleManager: Shutting down and abandoning module TVOSTargetPlatform (103)
[2017.07.20-17.21.32:438][556]LogModuleManager: Shutting down and abandoning module Messaging (101)
[2017.07.20-17.21.32:438][556]LogModuleManager: Shutting down and abandoning module IOSTargetPlatform (99)
[2017.07.20-17.21.32:438][556]LogModuleManager: Shutting down and abandoning module HTML5TargetPlatform (97)
[2017.07.20-17.21.32:438][556]LogModuleManager: Shutting down and abandoning module Android_PVRTCTargetPlatform (95)
[2017.07.20-17.21.32:438][556]LogModuleManager: Shutting down and abandoning module Android_MultiTargetPlatform (93)
[2017.07.20-17.21.32:439][556]LogModuleManager: Shutting down and abandoning module Android_ETC2TargetPlatform (91)
[2017.07.20-17.21.32:439][556]LogModuleManager: Shutting down and abandoning module Android_ETC1TargetPlatform (89)
[2017.07.20-17.21.32:439][556]LogModuleManager: Shutting down and abandoning module Android_DXTTargetPlatform (87)
[2017.07.20-17.21.32:439][556]LogModuleManager: Shutting down and abandoning module Android_ATCTargetPlatform (85)
[2017.07.20-17.21.32:439][556]LogModuleManager: Shutting down and abandoning module Android_ASTCTargetPlatform (83)
[2017.07.20-17.21.32:439][556]LogModuleManager: Shutting down and abandoning module AndroidTargetPlatform (81)
[2017.07.20-17.21.32:439][556]LogModuleManager: Shutting down and abandoning module WindowsTargetPlatform (79)
[2017.07.20-17.21.32:439][556]LogModuleManager: Shutting down and abandoning module WindowsServerTargetPlatform (77)
[2017.07.20-17.21.32:439][556]LogModuleManager: Shutting down and abandoning module WindowsNoEditorTargetPlatform (75)
[2017.07.20-17.21.32:439][556]LogModuleManager: Shutting down and abandoning module WindowsClientTargetPlatform (73)
[2017.07.20-17.21.32:439][556]LogModuleManager: Shutting down and abandoning module MacTargetPlatform (71)
[2017.07.20-17.21.32:439][556]LogModuleManager: Shutting down and abandoning module MacServerTargetPlatform (69)
[2017.07.20-17.21.32:439][556]LogModuleManager: Shutting down and abandoning module MacNoEditorTargetPlatform (67)
[2017.07.20-17.21.32:439][556]LogModuleManager: Shutting down and abandoning module MacClientTargetPlatform (65)
[2017.07.20-17.21.32:439][556]LogModuleManager: Shutting down and abandoning module AllDesktopTargetPlatform (63)
[2017.07.20-17.21.32:439][556]LogModuleManager: Shutting down and abandoning module InputCore (60)
[2017.07.20-17.21.32:439][556]LogModuleManager: Shutting down and abandoning module Settings (58)
[2017.07.20-17.21.32:439][556]LogModuleManager: Shutting down and abandoning module OculusRift (56)
[2017.07.20-17.21.32:439][556]LogHMD: Oculus shutdown.
[2017.07.20-17.21.32:439][556]LogModuleManager: Shutting down and abandoning module GearVRController (54)
[2017.07.20-17.21.32:439][556]LogModuleManager: Shutting down and abandoning module GearVR (52)
[2017.07.20-17.21.32:439][556]LogModuleManager: Shutting down and abandoning module ExampleDeviceProfileSelector (50)
[2017.07.20-17.21.32:439][556]LogModuleManager: Shutting down and abandoning module OnlineBlueprintSupport (48)
[2017.07.20-17.21.32:439][556]LogModuleManager: Shutting down and abandoning module OnlineSubsystem (44)
[2017.07.20-17.21.32:439][556]LogOnline:Display: Unloading online subsystem: NULL
[2017.07.20-17.21.32:439][556]LogModuleManager: Shutting down and abandoning module XMPP (43)
[2017.07.20-17.21.32:439][556]LogModuleManager: Shutting down and abandoning module HTTP (41)
[2017.07.20-17.21.32:440][556]LogHttp:Display: Http module shutting down, but needs to wait on 1 outstanding Http requests:
[2017.07.20-17.21.32:440][556]LogHttp:Display: 	verb=[POST] url=[https://datarouter.ol.epicgames.com/datarouter/api/v1/public/data?SessionID=%7B47751ACA-4F4E-DC82-88FB-A297954F4752%7D&AppID=UEEditor.Rocket.Release&AppVersion=4.16.2-3514769%2B%2B%2BUE4%2BRelease-4.16&UserID=d0072156447091a74943ad8261b51e33%7C917b68a4689a43d093714a4f6a0dc761%7C0f6f6edd-16ad-4713-872b-9bf79eb283b0&AppEnvironment=datacollector-binary&UploadType=eteventstream] status=Processing
[2017.07.20-17.21.32:453][556]LogModuleManager: Shutting down and abandoning module SSL (40)
[2017.07.20-17.21.32:455][556]LogModuleManager: Shutting down and abandoning module HTTPChunkInstaller (36)
[2017.07.20-17.21.32:455][556]LogModuleManager: Shutting down and abandoning module AnimationModifiers (34)
[2017.07.20-17.21.32:455][556]LogModuleManager: Shutting down and abandoning module PropertyEditor (33)
[2017.07.20-17.21.32:455][556]LogModuleManager: Shutting down and abandoning module AudioEditor (30)
[2017.07.20-17.21.32:455][556]LogModuleManager: Shutting down and abandoning module TextureCompressor (28)
[2017.07.20-17.21.32:455][556]LogModuleManager: Shutting down and abandoning module ShaderCore (26)
[2017.07.20-17.21.32:455][556]LogModuleManager: Shutting down and abandoning module Landscape (24)
[2017.07.20-17.21.32:455][556]LogModuleManager: Shutting down and abandoning module SlateRHIRenderer (22)
[2017.07.20-17.21.32:455][556]LogModuleManager: Shutting down and abandoning module OpenGLDrv (20)
[2017.07.20-17.21.32:455][556]LogModuleManager: Shutting down and abandoning module D3D11RHI (18)
[2017.07.20-17.21.32:455][556]LogModuleManager: Shutting down and abandoning module AnimGraphRuntime (16)
[2017.07.20-17.21.32:455][556]LogModuleManager: Shutting down and abandoning module Renderer (14)
[2017.07.20-17.21.32:455][556]LogModuleManager: Shutting down and abandoning module Engine (12)
[2017.07.20-17.21.32:455][556]LogModuleManager: Shutting down and abandoning module CoreUObject (10)
[2017.07.20-17.21.32:455][556]LogModuleManager: Shutting down and abandoning module NetworkFile (8)
[2017.07.20-17.21.32:455][556]LogModuleManager: Shutting down and abandoning module StreamingFile (6)
[2017.07.20-17.21.32:455][556]LogModuleManager: Shutting down and abandoning module SandboxFile (4)
[2017.07.20-17.21.32:455][556]LogModuleManager: Shutting down and abandoning module PakFile (2)
[2017.07.20-17.21.32:457][556]LogExit: Exiting.
[2017.07.20-17.21.32:463][556]Log file closed, 07/20/17 18:21:32
