Log file open, 07/20/17 22:57:27
LogInit:Display: Running engine for game: VR
LogPlatformFile: Not using cached read wrapper
LogInit:Display: RandInit(770472174) SRandInit(770472174).
LogTaskGraph: Started task graph with 5 named threads and 8 total threads with 1 sets of task threads.
LogStats: Stats thread started at 0.080266
LogInit: Using libcurl 7.47.1
LogInit:  - built for x86_64-pc-win32
LogInit:  - supports SSL with OpenSSL/1.0.2g
LogInit:  - supports HTTP deflate (compression) using libz 1.2.8
LogInit:  - other features:
LogInit:      CURL_VERSION_SSL
LogInit:      CURL_VERSION_LIBZ
LogInit:      CURL_VERSION_IPV6
LogInit:      CURL_VERSION_ASYNCHDNS
LogInit:      CURL_VERSION_LARGEFILE
LogInit:      CURL_VERSION_IDN
LogInit:  CurlRequestOptions (configurable via config and command line):
LogInit:  - bVerifyPeer = false  - Libcurl will NOT verify peer certificate
LogInit:  - bUseHttpProxy = false  - Libcurl will NOT use HTTP proxy
LogInit:  - bDontReuseConnections = false  - Libcurl will reuse connections
LogInit:  - CertBundlePath = nullptr  - Libcurl will use whatever was configured at build time.
OCULUS: Info: [CAPI] LibOVR module is located at C:\Program Files\Oculus\Support\oculus-runtime\LibOVRRT64_1.dll
OCULUS: Debug: Connected to the server running version (prod = 1).1.16.0(build = 409268) feature version = 0. Client runs version (prod = 1).1.16.0(build = 409268) feature version = 0
LogHMD: GearVR: Emulating GearVR using Oculus Rift!
LogInit: Build: ++UE4+Release-4.16-CL-3514769
LogInit: Engine Version: 4.16.2-3514769+++UE4+Release-4.16
LogInit: Compatible Engine Version: 4.16.0-3452394+++UE4+Release-4.16
LogInit: Net CL: 3452394
LogDevObjectVersion: Number of dev versions registered: 16
LogDevObjectVersion:   Dev-Blueprints (B0D832E4-1F89-4F0D-ACCF-7EB736FD4AA2): 9
LogDevObjectVersion:   Dev-Build (E1C64328-A22C-4D53-A36C-8E866417BD8C): 0
LogDevObjectVersion:   Dev-Core (375EC13C-06E4-48FB-B500-84F0262A717E): 2
LogDevObjectVersion:   Dev-Editor (E4B068ED-F494-42E9-A231-DA0B2E46BB41): 17
LogDevObjectVersion:   Dev-Framework (CFFC743F-43B0-4480-9391-14DF171D2073): 23
LogDevObjectVersion:   Dev-Mobile (B02B49B5-BB20-44E9-A304-32B752E40360): 0
LogDevObjectVersion:   Dev-Networking (A4E4105C-59A1-49B5-A7C5-40C4547EDFEE): 0
LogDevObjectVersion:   Dev-Online (39C831C9-5AE6-47DC-9A44-9C173E1C8E7C): 0
LogDevObjectVersion:   Dev-Physics (78F01B33-EBEA-4F98-B9B4-84EACCB95AA2): 0
LogDevObjectVersion:   Dev-Platform (6631380F-2D4D-43E0-8009-CF276956A95A): 0
LogDevObjectVersion:   Dev-Rendering (12F88B9F-8875-4AFC-A67C-D90C383ABD29): 15
LogDevObjectVersion:   Dev-Sequencer (7B5AE74C-D270-4C10-A958-57980B212A5A): 4
LogDevObjectVersion:   Dev-VR (D7296918-1DD6-4BDD-9DE2-64A83CC13884): 0
LogDevObjectVersion:   Dev-LoadTimes (C2A15278-BFE7-4AFE-6C17-90FF531DF755): 1
LogDevObjectVersion:   Private-Geometry (6EACA3D4-40EC-4CC1-B786-8BED09428FC5): 1
LogDevObjectVersion:   Dev-AnimPhys (29E575DD-E0A3-4627-9D10-D276232CDCEA): 3
LogInit: Compiled (64-bit): Jun 29 2017 02:03:24
LogInit: Compiled with Visual C++: 19.00.24215.01
LogInit: Build Configuration: Development
LogInit: Branch Name: ++UE4+Release-4.16
LogInit: Command line: -EpicPortal 
LogInit: Base directory: C:/Program Files/Epic Games/UE_4.16/Engine/Binaries/Win64/
LogInit: Installed Engine Build: 1
LogInit: Presizing for max 8388607 objects, including 0 objects not considered by GC, pre-allocating 0 bytes for permanent pool.
LogInit: Object subsystem initialized
[2017.07.20-21.57.28:304][  0]LogInit: Selected Device Profile: [Windows]
[2017.07.20-21.57.28:305][  0]LogInit: Applying CVar settings loaded from the selected device profile: [Windows]
[2017.07.20-21.57.28:312][  0]LogInit: Computer: SCOTTPC
[2017.07.20-21.57.28:312][  0]LogInit: User: scott
[2017.07.20-21.57.28:312][  0]LogInit: CPU Page size=4096, Cores=4
[2017.07.20-21.57.28:312][  0]LogInit: High frequency timer resolution =3.423909 MHz
[2017.07.20-21.57.28:312][  0]LogMemory: Memory total: Physical=15.9GB (16GB approx)
[2017.07.20-21.57.28:312][  0]LogMemory: Platform Memory Stats for Windows
[2017.07.20-21.57.28:312][  0]LogMemory: Process Physical Memory: 277.02 MB used, 277.02 MB peak
[2017.07.20-21.57.28:312][  0]LogMemory: Process Virtual Memory: 263.89 MB used, 263.89 MB peak
[2017.07.20-21.57.28:312][  0]LogMemory: Physical Memory: 8132.49 MB used,  8179.41 MB free, 16311.90 MB total
[2017.07.20-21.57.28:312][  0]LogMemory: Virtual Memory: 675.95 MB used,  8179.41 MB free, 134217728.00 MB total
[2017.07.20-21.57.28:365][  0]LogInit: Using OS detected language (en-GB).
[2017.07.20-21.57.28:365][  0]LogInit: Using OS detected locale (en-GB).
[2017.07.20-21.57.28:367][  0]LogTextLocalizationManager: No specific localization for 'en-GB' exists, so the 'en' localization will be used.
[2017.07.20-21.57.29:145][  0]LogD3D11RHI: D3D11 adapters:
[2017.07.20-21.57.29:186][  0]LogD3D11RHI:    0. 'NVIDIA GeForce GTX 1080' (Feature Level 11_0)
[2017.07.20-21.57.29:186][  0]LogD3D11RHI:       8110/0/8155 MB DedicatedVideo/DedicatedSystem/SharedSystem, Outputs:2, VendorId:0x10de
[2017.07.20-21.57.29:187][  0]LogD3D11RHI:    1. 'Microsoft Basic Render Driver' (Feature Level 11_0)
[2017.07.20-21.57.29:187][  0]LogD3D11RHI:       0/0/8155 MB DedicatedVideo/DedicatedSystem/SharedSystem, Outputs:0, VendorId:0x1414
[2017.07.20-21.57.29:187][  0]LogD3D11RHI: Chosen D3D11 Adapter: 0
[2017.07.20-21.57.29:193][  0]LogD3D11RHI: Creating new Direct3DDevice
[2017.07.20-21.57.29:193][  0]LogD3D11RHI:     GPU DeviceId: 0x1b80 (for the marketing name, search the web for "GPU Device Id")
[2017.07.20-21.57.29:193][  0]LogWindows: EnumDisplayDevices:
[2017.07.20-21.57.29:193][  0]LogWindows:    0. 'NVIDIA GeForce GTX 1080' (P:1 D:1)
[2017.07.20-21.57.29:193][  0]LogWindows:    1. 'NVIDIA GeForce GTX 1080' (P:0 D:1)
[2017.07.20-21.57.29:193][  0]LogWindows:    2. 'NVIDIA GeForce GTX 1080' (P:0 D:0)
[2017.07.20-21.57.29:193][  0]LogWindows:    3. 'NVIDIA GeForce GTX 1080' (P:0 D:0)
[2017.07.20-21.57.29:193][  0]LogWindows: DebugString: FoundDriverCount:4 
[2017.07.20-21.57.29:193][  0]LogD3D11RHI:     Adapter Name: NVIDIA GeForce GTX 1080
[2017.07.20-21.57.29:193][  0]LogD3D11RHI:   Driver Version: 382.05 (internal:22.21.13.8205, unified:382.05)
[2017.07.20-21.57.29:193][  0]LogD3D11RHI:      Driver Date: 5-1-2017
[2017.07.20-21.57.29:193][  0]LogRHI: Texture pool is 1361 MB (70% of 1945 MB)
[2017.07.20-21.57.29:219][  0]LogD3D11RHI: Async texture creation enabled
[2017.07.20-21.57.29:229][  0]LogD3D11RHI: GPU Timing Frequency: 1000.000000 (Debug: 2 1)
[2017.07.20-21.57.29:320][  0]LogShaderCompilers: Guid format shader working directory is -7 characters bigger than the processId version (../../../../../../Users/scott/Documents/GitHub/VR/VR/Intermediate/Shaders/WorkingDirectory/10528/).
[2017.07.20-21.57.29:320][  0]LogShaderCompilers: Cleaned the shader compiler working directory 'C:/Users/scott/AppData/Local/Temp/UnrealShaderWorkingDir/4A963D5D42927EA1181AAEB2DE763C71/'.
[2017.07.20-21.57.29:320][  0]LogShaderCompilers:Display: Using Local Shader Compiler.
[2017.07.20-21.57.30:172][  0]LogTemp:Display: Loaded TP AllDesktopTargetPlatform
[2017.07.20-21.57.30:211][  0]LogTemp:Display: Loaded TP MacClientTargetPlatform
[2017.07.20-21.57.30:250][  0]LogTemp:Display: Loaded TP MacNoEditorTargetPlatform
[2017.07.20-21.57.30:289][  0]LogTemp:Display: Loaded TP MacServerTargetPlatform
[2017.07.20-21.57.30:329][  0]LogTemp:Display: Loaded TP MacTargetPlatform
[2017.07.20-21.57.30:367][  0]LogTemp:Display: Loaded TP WindowsClientTargetPlatform
[2017.07.20-21.57.30:406][  0]LogTemp:Display: Loaded TP WindowsNoEditorTargetPlatform
[2017.07.20-21.57.30:446][  0]LogTemp:Display: Loaded TP WindowsServerTargetPlatform
[2017.07.20-21.57.30:480][  0]LogTemp:Display: Loaded TP WindowsTargetPlatform
[2017.07.20-21.57.30:518][  0]LogTemp:Display: Loaded TP AndroidTargetPlatform
[2017.07.20-21.57.30:555][  0]LogTemp:Display: Loaded TP Android_ASTCTargetPlatform
[2017.07.20-21.57.30:593][  0]LogTemp:Display: Loaded TP Android_ATCTargetPlatform
[2017.07.20-21.57.30:631][  0]LogTemp:Display: Loaded TP Android_DXTTargetPlatform
[2017.07.20-21.57.30:668][  0]LogTemp:Display: Loaded TP Android_ETC1TargetPlatform
[2017.07.20-21.57.30:707][  0]LogTemp:Display: Loaded TP Android_ETC2TargetPlatform
[2017.07.20-21.57.30:783][  0]LogTemp:Display: Loaded TP Android_MultiTargetPlatform
[2017.07.20-21.57.30:783][  0]LogTemp:Display: Loaded TP Android_PVRTCTargetPlatform
[2017.07.20-21.57.30:813][  0]LogTemp:Display: Loaded TP HTML5TargetPlatform
[2017.07.20-21.57.30:889][  0]LogTemp:Display: Loaded TP IOSTargetPlatform
[2017.07.20-21.57.30:913][  0]LogTemp:Display: Loaded TP TVOSTargetPlatform
[2017.07.20-21.57.30:951][  0]LogTemp:Display: Loaded TP LinuxClientTargetPlatform
[2017.07.20-21.57.30:988][  0]LogTemp:Display: Loaded TP LinuxNoEditorTargetPlatform
[2017.07.20-21.57.31:025][  0]LogTemp:Display: Loaded TP LinuxServerTargetPlatform
[2017.07.20-21.57.31:064][  0]LogTemp:Display: Loaded TP LinuxTargetPlatform
[2017.07.20-21.57.31:064][  0]LogTargetPlatformManager:Display: Building Assets For Windows
[2017.07.20-21.57.31:439][  0]LogDerivedDataCache:Display: Max Cache Size: 512 MB
[2017.07.20-21.57.31:531][  0]LogDerivedDataCache: Loaded boot cache 0.09s 103MB C:/Users/scott/AppData/Local/UnrealEngine/4.16/DerivedDataCache/Boot.ddc.
[2017.07.20-21.57.31:531][  0]LogDerivedDataCache:Display: Loaded Boot cache: C:/Users/scott/AppData/Local/UnrealEngine/4.16/DerivedDataCache/Boot.ddc
[2017.07.20-21.57.31:531][  0]LogDerivedDataCache: FDerivedDataBackendGraph:  Pak pak cache file ../../../../../../Users/scott/Documents/GitHub/VR/VR/DerivedDataCache/DDC.ddp not found, will not use a pak cache.
[2017.07.20-21.57.31:531][  0]LogDerivedDataCache: Unable to find inner node Pak for hierarchical cache Hierarchy.
[2017.07.20-21.57.31:531][  0]LogDerivedDataCache: FDerivedDataBackendGraph:  CompressedPak pak cache file ../../../../../../Users/scott/Documents/GitHub/VR/VR/DerivedDataCache/Compressed.ddp not found, will not use a pak cache.
[2017.07.20-21.57.31:531][  0]LogDerivedDataCache: Unable to find inner node CompressedPak for hierarchical cache Hierarchy.
[2017.07.20-21.57.31:544][  0]LogDerivedDataCache:Display: Pak cache opened for reading ../../../Engine/DerivedDataCache/Compressed.ddp.
[2017.07.20-21.57.31:556][  0]LogDerivedDataCache: Using Local data cache path C:/Users/scott/AppData/Local/UnrealEngine/Common/DerivedDataCache: Writable
[2017.07.20-21.57.31:565][  0]LogMaterial: Verifying Global Shaders for PCD3D_SM5
[2017.07.20-21.57.31:565][  0]LogSlate: Using Freetype 2.6.0
[2017.07.20-21.57.31:566][  0]LogSlate: SlateFontCache - WITH_FREETYPE: 1, WITH_HARFBUZZ: 1
[2017.07.20-21.57.31:566][  0]LogSlate: SlateFontCache - WITH_FREETYPE: 1, WITH_HARFBUZZ: 1
[2017.07.20-21.57.31:824][  0]LogInit: Selected Device Profile: [Windows]
[2017.07.20-21.57.31:883][  0]LogContentStreaming: Texture pool size is 0.00 MB
[2017.07.20-21.57.32:009][  0]LogMeshUtilities: Using QuadricMeshReduction for automatic static mesh reduction
[2017.07.20-21.57.32:047][  0]LogSimplygon: Simplygon DLL not present - disabling.
[2017.07.20-21.57.32:082][  0]LogMeshUtilities: Using SimplygonSwarm for distributed automatic mesh merging
[2017.07.20-21.57.32:082][  0]LogMeshUtilities: No automatic skeletal mesh reduction module available
[2017.07.20-21.57.32:082][  0]LogMeshUtilities: No automatic mesh merging module available
[2017.07.20-21.57.32:531][  0]LogNetVersion: VR , NetCL: 3452394, EngineNetVer: 2, GameNetVer: 0 (Checksum: 1895307458)
[2017.07.20-21.57.32:587][  0]LogAssetRegistry: FAssetRegistry took 0.0244 seconds to start up
[2017.07.20-21.57.32:636][  0]LogPackageLocalizationCache: Processed 4 localized package path(s) for 2 prioritized culture(s) in 0.032758 seconds
[2017.07.20-21.57.32:642][  0]LogUObjectArray: 34194 objects as part of root set at end of initial load.
[2017.07.20-21.57.32:642][  0]LogUObjectAllocator: 7260416 out of 0 bytes used by permanent object pool.
[2017.07.20-21.57.32:642][  0]LogUObjectArray: CloseDisregardForGC: 0/0 objects in disregard for GC pool
[2017.07.20-21.57.32:690][  0]LogInit: WinSock: version 1.1 (2.2), MaxSocks=32767, MaxUdp=65467
[2017.07.20-21.57.34:549][  0]LogTcpMessaging: Initializing TcpMessaging bridge
[2017.07.20-21.57.34:581][  0]LogUdpMessaging: Initializing bridge on interface 0.0.0.0:0 to multicast group 230.0.0.1:6666.
[2017.07.20-21.57.34:986][  0]LogMaterial: Uniform references updated for custom material expression Custom.
[2017.07.20-21.57.35:300][  0]SourceControl: Info Source control is disabled
[2017.07.20-21.57.35:329][  0]SourceControl: Info Source control is disabled
[2017.07.20-21.57.35:364][  0]SourceControl: Info Source control is disabled
[2017.07.20-21.57.35:398][  0]SourceControl: Info Source control is disabled
[2017.07.20-21.57.35:893][  0]LogAndroidPermission: UAndroidPermissionCallbackProxy::GetInstance
[2017.07.20-21.57.36:336][  0]LogEngine: Initializing Engine...
[2017.07.20-21.57.36:366][  0]LogHMD: Failed to initialize OpenVR with code 108
[2017.07.20-21.57.36:366][  0]LogHMD: Oculus plugin initialized. Version: 4.16.2-3514769+++UE4+Release-4.16, LibOVR: 1.16.0, SDK: 1.12.0, built Jun 29 2017, 02:10:56
[2017.07.20-21.57.36:535][  0]LogStats: UGameplayTagsManager::ConstructGameplayTagTree: Construct from data asset -  0.000 s
[2017.07.20-21.57.36:535][  0]LogStats: UGameplayTagsManager::ConstructGameplayTagTree: GameplayTagTreeChangedEvent.Broadcast -  0.000 s
[2017.07.20-21.57.36:633][  0]LogAIModule: Creating AISystem for world Untitled
[2017.07.20-21.57.36:643][  0]LogInit: XAudio2 using 'Main Speakers (Realtek High Definition Audio)' : 2 channels at 48 kHz using 32 bits per sample (channel mask 0x3)
[2017.07.20-21.57.36:659][  0]LogInit: FAudioDevice initialized.
[2017.07.20-21.57.36:703][  0]LogDerivedDataCache: Saved boot cache 0.04s 103MB C:/Users/scott/AppData/Local/UnrealEngine/4.16/DerivedDataCache/Boot.ddc.
[2017.07.20-21.57.36:718][  0]LogInit: Texture streaming: Enabled
[2017.07.20-21.57.36:790][  0]LogEngineSessionManager: EngineSessionManager initialized
[2017.07.20-21.57.36:986][  0]LogInit: Transaction tracking system initialized
[2017.07.20-21.57.37:236][  0]BlueprintLog: New page: Editor Load
[2017.07.20-21.57.37:988][  0]LocalizationService: Info Localization service is disabled
[2017.07.20-21.57.38:824][  0]LogConsoleResponse:Display: 
[2017.07.20-21.57.38:963][  0]LogCook:Display: Max memory allowance for cook 16384mb min free memory 0mb
[2017.07.20-21.57.38:963][  0]LogCook:Display: Mobile HDR setting 1
[2017.07.20-21.57.39:277][  0]LogFileCache: Scanning file cache for directory 'C:/Users/scott/Documents/GitHub/VR/VR/Content/' took 0.02s
[2017.07.20-21.57.39:729][  0]SourceControl: Info Source control is disabled
[2017.07.20-21.57.39:729][  0]Cmd: MAP LOAD FILE="../../../../../../Users/scott/Documents/GitHub/VR/VR/Content/VirtualRealityBP/Maps/StartupMap.umap" TEMPLATE=0 SHOWPROGRESS=1 FEATURELEVEL=3
[2017.07.20-21.57.39:733][  0]LightingResults: New page: Lighting Build
[2017.07.20-21.57.39:764][  0]MapCheck: New page: Map Check
[2017.07.20-21.57.39:764][  0]LightingResults: New page: Lighting Build
[2017.07.20-21.57.39:867][  0]LogAIModule: Creating AISystem for world StartupMap
[2017.07.20-21.57.39:876][  0]LogEditorServer: Finished looking for orphan Actors (0.000 secs)
[2017.07.20-21.57.39:889][  0]Cmd: MAP CHECKDEP NOCLEARLOG
[2017.07.20-21.57.39:926][  0]MapCheck: Info Map check complete: 0 Error(s), 0 Warning(s), took 37.257ms to complete.
[2017.07.20-21.57.39:926][  0]LogFileHelpers: Loading map 'StartupMap' took 0.197
[2017.07.20-21.57.40:068][  0]LogCollectionManager: Loaded 0 collections in 0.001198 seconds
[2017.07.20-21.57.40:153][  0]LogFileCache: Scanning file cache for directory 'C:/Users/scott/Documents/GitHub/VR/VR/Saved/Collections/' took 0.01s
[2017.07.20-21.57.40:153][  0]LogFileCache: Scanning file cache for directory 'C:/Users/scott/Documents/GitHub/VR/VR/Content/Developers/scott/Collections/' took 0.01s
[2017.07.20-21.57.40:153][  0]LogFileCache: Scanning file cache for directory 'C:/Users/scott/Documents/GitHub/VR/VR/Content/Collections/' took 0.01s
[2017.07.20-21.57.40:153][  0]LogCollectionManager: Rebuilt the GUID cache for 0 collections in 0.000001 seconds
[2017.07.20-21.57.40:164][  0]LogContentBrowser: Native class hierarchy populated in 0.0101 seconds. Added 2329 classes and 491 folders.
[2017.07.20-21.57.40:215][  0]LogContentBrowser: Native class hierarchy updated for 'WidgetCarousel' in 0.0004 seconds. Added 0 classes and 0 folders.
[2017.07.20-21.57.40:325][  0]LogContentBrowser: Native class hierarchy updated for 'AddContentDialog' in 0.0005 seconds. Added 0 classes and 0 folders.
[2017.07.20-21.57.40:362][  0]LogContentBrowser: Native class hierarchy updated for 'SceneOutliner' in 0.0005 seconds. Added 1 classes and 2 folders.
[2017.07.20-21.57.40:414][  0]LogCrashTracker: Crashtracker disabled due to settings.
[2017.07.20-21.57.40:422][  0]LogSlate: Took 0.000235 seconds to synchronously load lazily loaded font '../../../Engine/Content/Slate/Fonts/Roboto-Regular.ttf' (155K)
[2017.07.20-21.57.40:424][  0]LogSlate: Took 0.000188 seconds to synchronously load lazily loaded font '../../../Engine/Content/Slate/Fonts/Roboto-Bold.ttf' (160K)
[2017.07.20-21.57.40:443][  0]LogSlate: Took 0.010674 seconds to synchronously load lazily loaded font '../../../Engine/Content/Editor/Slate/Fonts/FontAwesome.ttf' (139K)
[2017.07.20-21.57.40:539][  0]LogRenderer: Reallocating scene render targets to support 1616x808 NumSamples 1 (Frame:1).
[2017.07.20-21.57.40:635][  0]LogUObjectGlobals:Warning: Failed to find object 'Class None.'
[2017.07.20-21.57.40:689][  0]LogContentBrowser: Native class hierarchy updated for 'HierarchicalLODOutliner' in 0.0005 seconds. Added 1 classes and 2 folders.
[2017.07.20-21.57.40:689][  0]LogLoad: (Engine Initialization) Total time: 14.16 seconds
[2017.07.20-21.57.40:689][  0]LogLoad: (Engine Initialization) Total Blueprint compile time: 0.03 seconds
[2017.07.20-21.57.40:689][  0]LogExternalProfiler: No external profilers were discovered.  External profiling features will not be available.
[2017.07.20-21.57.41:041][  0]LogOcInput: OculusInput pre-init called
[2017.07.20-21.57.41:050][  0]LogOcInput: OculusInput is initialized. Init status 0. Runtime version: 1.16.0
[2017.07.20-21.57.41:050][  0]LogHMD: Starting GearVRController plugin
[2017.07.20-21.57.41:068][  0]LogContentStreaming: Texture pool size now 600 MB
[2017.07.20-21.57.41:375][  1]LogAssetRegistry: Asset discovery search completed in 8.8100 seconds
[2017.07.20-21.57.41:377][  1]LogCollectionManager: Rebuilt the object cache for 0 collections in 0.000001 seconds (found 0 objects)
[2017.07.20-21.57.41:377][  1]LogCollectionManager: Fixed up redirectors for 0 collections in 0.000022 seconds (updated 0 objects)
[2017.07.20-21.59.53:947][ 48]LogSlate:Warning: Prevented a slow task dialog from being summoned while a context menu was open
[2017.07.20-21.59.54:801][ 48]LogAIModule: Creating AISystem for world Demonstration_Large
[2017.07.20-21.59.55:542][ 48]LogAIModule: Creating AISystem for world Overview
[2017.07.20-22.00.34:191][948]LogSlate: Took 0.001304 seconds to synchronously load lazily loaded font '../../../Engine/Content/Slate/Fonts/Roboto-Light.ttf' (159K)
[2017.07.20-22.02.09:805][822]LogAIModule: Creating AISystem for world Prototype
[2017.07.20-22.02.09:834][822]Cmd: MAP LOAD FILE="../../../../../../Users/scott/Documents/GitHub/VR/VR/Content/Scenes/Prototype.umap" TEMPLATE=0 SHOWPROGRESS=1 FEATURELEVEL=3
[2017.07.20-22.02.09:834][822]LightingResults: New page: Lighting Build
[2017.07.20-22.02.09:834][822]LoadErrors: New page: Loading map: Prototype.umap
[2017.07.20-22.02.09:835][822]MapCheck: New page: Map Check
[2017.07.20-22.02.09:835][822]LightingResults: New page: Lighting Build
[2017.07.20-22.02.09:884][822]LogEditorServer: Finished looking for orphan Actors (0.000 secs)
[2017.07.20-22.02.09:908][822]Cmd: MAP CHECKDEP NOCLEARLOG
[2017.07.20-22.02.09:985][822]MapCheck: Info Map check complete: 0 Error(s), 0 Warning(s), took 76.632ms to complete.
[2017.07.20-22.02.09:985][822]LogFileHelpers: Loading map 'Prototype' took 0.152
[2017.07.20-22.02.34:055][630]LogEditorViewport: Clicking on Actor (LMB): StaticMeshActor (SM_Env_Reeds_6)
[2017.07.20-22.02.34:670][665]LogEditorViewport: Clicking on Actor (CTRL LMB): StaticMeshActor (SM_Env_Reeds_4)
[2017.07.20-22.02.35:643][764]LogEditorViewport: Clicking on Actor (CTRL LMB): StaticMeshActor (SM_Env_Reeds_03)
[2017.07.20-22.02.39:854][208]LogEditorViewport: Clicking on Actor (CTRL LMB): StaticMeshActor (SM_Env_Reeds_5)
[2017.07.20-22.02.40:992][330]LogEditorViewport: Clicking on Actor (CTRL LMB): StaticMeshActor (SM_Env_Reeds_7)
[2017.07.20-22.03.02:255][523]Cmd: SELECT NONE
[2017.07.20-22.03.05:696][900]LogActorFactory: Actor Factory created SM_Env_Cloud_05
[2017.07.20-22.03.06:215][949]LogActorFactory: Actor Factory created SM_Env_Cloud_05
[2017.07.20-22.03.30:114][424]Cmd: CAMERA ALIGN ACTIVEVIEWPORTONLY
[2017.07.20-22.03.31:892][595]LogEditorViewport: Clicking on Actor (LMB): StaticMeshActor (SM_Env_Cloud_05)
[2017.07.20-22.03.36:446][ 54]LogActorFactory: Actor Factory created SM_Env_Cloud_03
[2017.07.20-22.03.37:046][111]LogActorFactory: Actor Factory created SM_Env_Cloud_03
[2017.07.20-22.03.40:961][509]Cmd: CAMERA ALIGN ACTIVEVIEWPORTONLY
[2017.07.20-22.03.55:713][ 33]LogActorFactory: Actor Factory created SM_Env_Cloud_07
[2017.07.20-22.03.56:729][125]LogActorFactory: Actor Factory created SM_Env_Cloud_07
[2017.07.20-22.03.58:576][322]Cmd: CAMERA ALIGN ACTIVEVIEWPORTONLY
[2017.07.20-22.04.13:769][889]LogEditorViewport: Clicking on Actor (CTRL LMB): StaticMeshActor (SM_Env_Cloud_03)
[2017.07.20-22.04.14:358][927]LogEditorViewport: Clicking on Actor (CTRL LMB): StaticMeshActor (SM_Env_Cloud_05)
[2017.07.20-22.04.20:217][539]Cmd: OBJ SAVEPACKAGE PACKAGE="/Game/Scenes/Prototype" FILE="../../../../../../Users/scott/Documents/GitHub/VR/VR/Content/Scenes/Prototype.umap" SILENT=true AUTOSAVING=false KEEPDIRTY=false
[2017.07.20-22.04.20:540][539]LogSavePackage: Save=300.17ms
[2017.07.20-22.04.20:540][539]LogSavePackage: Moving '../../../../../../Users/scott/Documents/GitHub/VR/VR/Saved/PrototypeE0A308ED4439723DD62255B56FACB3CB.tmp' to '../../../../../../Users/scott/Documents/GitHub/VR/VR/Content/Scenes/Prototype.umap'
[2017.07.20-22.04.20:544][539]LogSavePackage:Display: Finished SavePackage ../../../../../../Users/scott/Documents/GitHub/VR/VR/Content/Scenes/Prototype.umap
[2017.07.20-22.04.20:571][539]Cmd: OBJ SAVEPACKAGE PACKAGE="/Game/Scenes/Prototype_BuiltData" FILE="../../../../../../Users/scott/Documents/GitHub/VR/VR/Content/Scenes/Prototype_BuiltData.uasset" SILENT=true
[2017.07.20-22.04.20:788][539]LogSavePackage: Save=189.52ms
[2017.07.20-22.04.20:788][539]LogSavePackage: Moving '../../../../../../Users/scott/Documents/GitHub/VR/VR/Saved/Prototype_BuiltData1D31428641178CC170A0E593EC9C83D7.tmp' to '../../../../../../Users/scott/Documents/GitHub/VR/VR/Content/Scenes/Prototype_BuiltData.uasset'
[2017.07.20-22.04.20:790][539]LogSavePackage:Display: Finished SavePackage ../../../../../../Users/scott/Documents/GitHub/VR/VR/Content/Scenes/Prototype_BuiltData.uasset
[2017.07.20-22.04.44:960][133]LogTemp: Repeting last play command: VR Preview
[2017.07.20-22.04.45:088][133]LogPlayLevel: PlayLevel: No blueprints needed recompiling
[2017.07.20-22.04.45:092][133]OCULUS: Debug: [HMDState] Using default profile Scott
[2017.07.20-22.04.45:092][133]OCULUS: Info: IAD changed to 63.5mm
[2017.07.20-22.04.45:092][133]OCULUS: Debug: Creating factory
[2017.07.20-22.04.45:092][133]LogHMD: New ovr session is created
[2017.07.20-22.04.45:092][133]LogHMD: HMD Oculus Rift DK2, res = 1920 x 1080
[2017.07.20-22.04.45:093][133]PIE: New page: PIE session: Prototype (21 Jul 2017 00:04:45)
[2017.07.20-22.04.45:093][133]LogPlayLevel: Creating play world package: /Game/Scenes/UEDPIE_0_Prototype
[2017.07.20-22.04.45:127][133]LogPlayLevel: PIE: StaticDuplicateObject took: (0.034040s)
[2017.07.20-22.04.45:128][133]LogAIModule: Creating AISystem for world Prototype
[2017.07.20-22.04.45:128][133]LogPlayLevel: PIE: World Init took: (0.000687s)
[2017.07.20-22.04.45:128][133]LogPlayLevel: PIE: Created PIE world by copying editor world from /Game/Scenes/Prototype.Prototype to /Game/Scenes/UEDPIE_0_Prototype.Prototype (0.034976s)
[2017.07.20-22.04.45:142][133]LogHMD: Vision Tracking Acquired
[2017.07.20-22.04.45:150][133]LogInit: XAudio2 using 'Main Speakers (Realtek High Definition Audio)' : 2 channels at 48 kHz using 32 bits per sample (channel mask 0x3)
[2017.07.20-22.04.45:164][133]LogInit: FAudioDevice initialized.
[2017.07.20-22.04.45:275][133]LogUObjectGlobals:Warning: Failed to find object 'Class None.'
[2017.07.20-22.04.45:276][133]LogLoad: Game class is 'GameModeBase'
[2017.07.20-22.04.45:281][133]LogWorld: Bringing World /Game/Scenes/UEDPIE_0_Prototype.Prototype up for play (max tick rate 0) at 2017.07.20-23.04.45
[2017.07.20-22.04.45:282][133]LogWorld: Bringing up level for play took: 0.004122
[2017.07.20-22.04.45:325][133]LogContentBrowser: Native class hierarchy updated for 'MovieSceneCapture' in 0.0008 seconds. Added 11 classes and 0 folders.
[2017.07.20-22.04.45:339][133]PIE: Info Play in editor start time for /Game/Scenes/UEDPIE_0_Prototype 0.208
[2017.07.20-22.04.45:344][133]LogHMD: Reallocation of eye buffer was requested
[2017.07.20-22.04.45:346][133]LogHMD: Allocated a new swap texture set (size 2392 x 1472, mipcount = 1, format = RGBA8), 0x000001EDEACC36D0
[2017.07.20-22.04.45:377][133]LogRenderer: Reallocating scene render targets to support 2392x1472 NumSamples 1 (Frame:1).
[2017.07.20-22.04.57:961][  9]LogHMD: Lost Vision Tracking
[2017.07.20-22.04.58:681][ 63]LogHMD: Vision Tracking Acquired
[2017.07.20-22.05.12:291][ 83]LogHMD: Destroying ovr session
[2017.07.20-22.05.12:291][ 83]LogHMD: Freeing textureSet 0x000001EDEACC36D0
[2017.07.20-22.05.15:806][439]LogTemp: Repeting last play command: VR Preview
[2017.07.20-22.05.15:816][439]LogPlayLevel: PlayLevel: No blueprints needed recompiling
[2017.07.20-22.05.15:817][439]OCULUS: Debug: [HMDState] Using default profile Scott
[2017.07.20-22.05.15:817][439]OCULUS: Info: IAD changed to 63.5mm
[2017.07.20-22.05.15:817][439]LogHMD: New ovr session is created
[2017.07.20-22.05.15:817][439]LogHMD: HMD Oculus Rift DK2, res = 1920 x 1080
[2017.07.20-22.05.15:817][439]PIE: New page: PIE session: Prototype (21 Jul 2017 00:05:15)
[2017.07.20-22.05.15:817][439]LogPlayLevel: Creating play world package: /Game/Scenes/UEDPIE_0_Prototype
[2017.07.20-22.05.15:846][439]LogPlayLevel: PIE: StaticDuplicateObject took: (0.028782s)
[2017.07.20-22.05.15:847][439]LogAIModule: Creating AISystem for world Prototype
[2017.07.20-22.05.15:847][439]LogPlayLevel: PIE: World Init took: (0.000638s)
[2017.07.20-22.05.15:847][439]LogPlayLevel: PIE: Created PIE world by copying editor world from /Game/Scenes/Prototype.Prototype to /Game/Scenes/UEDPIE_0_Prototype.Prototype (0.029637s)
[2017.07.20-22.05.15:860][439]LogInit: XAudio2 using 'Main Speakers (Realtek High Definition Audio)' : 2 channels at 48 kHz using 32 bits per sample (channel mask 0x3)
[2017.07.20-22.05.15:872][439]LogInit: FAudioDevice initialized.
[2017.07.20-22.05.15:969][439]LogUObjectGlobals:Warning: Failed to find object 'Class None.'
[2017.07.20-22.05.15:969][439]LogLoad: Game class is 'GameModeBase'
[2017.07.20-22.05.15:973][439]LogWorld: Bringing World /Game/Scenes/UEDPIE_0_Prototype.Prototype up for play (max tick rate 0) at 2017.07.20-23.05.15
[2017.07.20-22.05.15:974][439]LogWorld: Bringing up level for play took: 0.003549
[2017.07.20-22.05.15:984][439]PIE: Info Play in editor start time for /Game/Scenes/UEDPIE_0_Prototype 0.853
[2017.07.20-22.05.15:990][439]LogHMD: Need to reallocate eye buffer, reason: no textureset was allocated
[2017.07.20-22.05.15:992][439]LogHMD: Allocated a new swap texture set (size 2392 x 1472, mipcount = 1, format = RGBA8), 0x000001EDEF86C460
[2017.07.20-22.05.24:761][ 95]LogHMD: Lost Vision Tracking
[2017.07.20-22.05.27:811][323]LogHMD: Destroying ovr session
[2017.07.20-22.05.27:811][323]LogHMD: Freeing textureSet 0x000001EDEF86C460
[2017.07.20-22.05.29:211][451]MapCheck: New page: Map Check
[2017.07.20-22.05.29:226][451]Cmd: MAP REBUILD ALLVISIBLE
[2017.07.20-22.05.29:226][451]LogEditorServer: Rebuildmap Clear paths rebuilt
[2017.07.20-22.05.32:044][451]LogMaterial: Missing cached shader map for material FDebugViewModeMaterialProxy WorldGridMaterial, compiling. Is special engine material.
[2017.07.20-22.05.32:051][451]LogMaterial: Missing cached shader map for material FDebugViewModeMaterialProxy M_RoundPlatform, compiling. 
[2017.07.20-22.05.32:057][451]LogMaterial: Missing cached shader map for material FDebugViewModeMaterialProxy M_Rock_Sandstone, compiling. 
[2017.07.20-22.05.32:063][451]LogMaterial: Missing cached shader map for material FDebugViewModeMaterialProxy M_Brick_Cut_Stone, compiling. 
[2017.07.20-22.05.32:073][451]LogMaterial: Missing cached shader map for material FDebugViewModeMaterialProxy MaterialInstanceDynamic_2, compiling. 
[2017.07.20-22.05.32:080][451]LogMaterial: Missing cached shader map for material FDebugViewModeMaterialProxy M_Rocks, compiling. 
[2017.07.20-22.05.32:103][451]LogMaterial: Missing cached shader map for material FDebugViewModeMaterialProxy M_Brown, compiling. 
[2017.07.20-22.05.32:111][451]LogMaterial: Missing cached shader map for material FDebugViewModeMaterialProxy M_Green, compiling. 
[2017.07.20-22.05.32:118][451]LogMaterial: Missing cached shader map for material FDebugViewModeMaterialProxy MAT_PolygonAdventure_01, compiling. 
[2017.07.20-22.05.32:125][451]LogMaterial: Missing cached shader map for material FDebugViewModeMaterialProxy MatineeCam_mat, compiling. 
[2017.07.20-22.05.32:872][451]TextureStreamingBuild:Display: Compiling optional shaders took 0.834 seconds.
[2017.07.20-22.05.32:880][451]LogLevel:Display: Export Material TexCoord Scales took 0.008 seconds.
[2017.07.20-22.05.32:888][451]TextureStreamingBuild:Display: Build Texture Streaming took 0.008 seconds.
[2017.07.20-22.05.32:897][451]LightingResults: New page: Lighting Build - 21 Jul 2017 00:05:32
[2017.07.20-22.05.33:000][451]LogSwarmInterface: [OpenConnection] Registering TCP channel ...
[2017.07.20-22.05.33:064][451]LogSwarmInterface: [OpenConnection] Connecting to agent ...
[2017.07.20-22.05.33:097][451]LogSwarmInterface: [TryOpenConnection] Testing the Agent
[2017.07.20-22.05.33:622][451]LogSwarmInterface: [TryOpenConnection] Opening Connection to Agent
[2017.07.20-22.05.33:622][451]LogSwarmInterface: [TryOpenConnection] Local Process ID is 10528
[2017.07.20-22.05.36:190][451]LogStaticLightingSystem: Running Lightmass w/ ImmediateImport mode ENABLED
[2017.07.20-22.05.36:190][451]LogStaticLightingSystem: Running Lightmass w/ ImmediateProcess mode ENABLED
[2017.07.20-22.05.36:190][451]LogStaticLightingSystem: Running Lightmass w/ Sorting mode ENABLED
[2017.07.20-22.05.36:190][451]LogStaticLightingSystem: Running Lightmass w/ Mapping paddings ENABLED
[2017.07.20-22.05.36:190][451]LogStaticLightingSystem: Running Lightmass w/ Mapping debug paddings DISABLED
[2017.07.20-22.05.36:382][451]Cmd: MAP CHECK DONTDISPLAYDIALOG
[2017.07.20-22.05.36:382][451]MapCheck: New page: Prototype - 21 Jul 2017 00:05:36
[2017.07.20-22.05.36:383][451]MapCheck:Error: Error WorldSettings Maps need lighting rebuilt 
[2017.07.20-22.05.36:460][451]MapCheck: Info Map check complete: 1 Error(s), 0 Warning(s), took 77.153ms to complete.
[2017.07.20-22.05.36:482][451]LogEditorBuildUtils: Build time 0:07
[2017.07.20-22.05.42:117][714]Job is a success!
[2017.07.20-22.05.42:891][715]LogTexture:Display: Building textures: HQ_Lightmap0_1 (AutoDXT, 1024X1024)
[2017.07.20-22.05.42:891][715]LogTexture:Display: Building textures: LQ_Lightmap_0_1 (DXT1, 1024X1024)
[2017.07.20-22.05.42:891][715]LogTexture:Display: Building textures: HQ_Lightmap0_2 (AutoDXT, 1024X1024)
[2017.07.20-22.05.42:891][715]LogTexture:Display: Building textures: LQ_Lightmap_1_3 (DXT1, 128X128)
[2017.07.20-22.05.42:891][715]LogTexture:Display: Building textures: HQ_Lightmap1_3 (AutoDXT, 128X128)
[2017.07.20-22.05.42:891][715]LogTexture:Display: Building textures: LQ_Lightmap_0_2 (DXT1, 1024X1024)
[2017.07.20-22.05.42:891][715]LogTexture:Display: Building textures: HQ_Lightmap1_4 (AutoDXT, 128X128)
[2017.07.20-22.05.42:891][715]LogTexture:Display: Building textures: LQ_Lightmap_1_4 (DXT1, 128X128)
[2017.07.20-22.05.42:891][715]LogTexture:Display: Building textures: HQ_Lightmap1_5 (AutoDXT, 64X64)
[2017.07.20-22.05.42:891][715]LogTexture:Display: Building textures: LQ_Lightmap_1_5 (DXT1, 64X64)
[2017.07.20-22.05.43:017][715]LogTexture:Display: Building textures: ShadowMapTexture2D_7 (G8, 64X64)
[2017.07.20-22.05.43:017][715]LogTexture:Display: Building textures: ShadowMapTexture2D_8 (G8, 64X64)
[2017.07.20-22.05.43:017][715]LogTexture:Display: Building textures: ShadowMapTexture2D_9 (G8, 32X32)
[2017.07.20-22.05.43:017][715]LogTexture:Display: Building textures: ShadowMapTexture2D_6 (G8, 1024X256)
[2017.07.20-22.05.43:017][715]LogTexture:Display: Building textures: ShadowMapTexture2D_5 (G8, 1024X512)
[2017.07.20-22.05.43:038][715]Lightmass on SCOTTPC: 5.88 sec total, 141 ms importing, 14 ms setup, 851 ms photons, 4.85 sec processing, 0 ms extra exporting [638/638 mappings]. Threads: 33.8 sec total, 22.3 sec processing.
[2017.07.20-22.05.43:106][715]LogStaticLightingSystem: Illumination: 10.1 sec (528 ms encoding lightmaps, 122 ms encoding shadowmaps)
[2017.07.20-22.05.43:106][715]LogStaticLightingSystem: Lightmap texture memory:  4.1 MB (2.1 MB streaming, 2.0 MB non-streaming), 10 textures
[2017.07.20-22.05.43:106][715]LogStaticLightingSystem: Shadowmap texture memory: 1.0 MB (0.3 MB streaming, 0.7 MB non-streaming), 5 textures
[2017.07.20-22.05.43:194][715]DumpUnbuiltLightIteractions
[2017.07.20-22.05.43:194][715]Lights with unbuilt interactions: 0
[2017.07.20-22.05.43:194][715]
[2017.07.20-22.05.43:194][715]Primitives with unbuilt interactions: 0
[2017.07.20-22.05.43:203][716]Cmd: MAP CHECK NOTIFYRESULTS
[2017.07.20-22.05.43:203][716]MapCheck: New page: Prototype - 21 Jul 2017 00:05:43
[2017.07.20-22.05.43:293][716]MapCheck: Info Map check complete: 0 Error(s), 0 Warning(s), took 89.942ms to complete.
[2017.07.20-22.05.46:318][998]Cmd: OBJ SAVEPACKAGE PACKAGE="/Game/Scenes/Prototype" FILE="../../../../../../Users/scott/Documents/GitHub/VR/VR/Content/Scenes/Prototype.umap" SILENT=true AUTOSAVING=false KEEPDIRTY=false
[2017.07.20-22.05.46:655][998]LogSavePackage: Save=313.57ms
[2017.07.20-22.05.46:655][998]LogSavePackage: Moving '../../../../../../Users/scott/Documents/GitHub/VR/VR/Saved/Prototype12CAA766490E6C1C48F6F28E9518DE57.tmp' to '../../../../../../Users/scott/Documents/GitHub/VR/VR/Content/Scenes/Prototype.umap'
[2017.07.20-22.05.46:657][998]LogSavePackage:Display: Finished SavePackage ../../../../../../Users/scott/Documents/GitHub/VR/VR/Content/Scenes/Prototype.umap
[2017.07.20-22.05.46:673][998]Cmd: OBJ SAVEPACKAGE PACKAGE="/Game/Scenes/Prototype_BuiltData" FILE="../../../../../../Users/scott/Documents/GitHub/VR/VR/Content/Scenes/Prototype_BuiltData.uasset" SILENT=true
[2017.07.20-22.05.46:843][998]LogSavePackage: Save=158.07ms
[2017.07.20-22.05.46:843][998]LogSavePackage: Moving '../../../../../../Users/scott/Documents/GitHub/VR/VR/Saved/Prototype_BuiltData2B84A7B74CE90FFF3506E1B2D6532BD9.tmp' to '../../../../../../Users/scott/Documents/GitHub/VR/VR/Content/Scenes/Prototype_BuiltData.uasset'
[2017.07.20-22.05.46:847][998]LogSavePackage:Display: Finished SavePackage ../../../../../../Users/scott/Documents/GitHub/VR/VR/Content/Scenes/Prototype_BuiltData.uasset
[2017.07.20-22.06.06:375][966]LogWindowsTextInputMethodSystem:Display: IME system now deactivated.
[2017.07.20-22.06.06:554][967]Cmd: QUIT_EDITOR
[2017.07.20-22.06.06:636][967]LogExit: Preparing to exit.
[2017.07.20-22.06.07:871][967]LogDirectoryWatcher: A directory notification for 'C:/Users/scott/Documents/GitHub/VR/VR/Content/' was aborted.
[2017.07.20-22.06.07:899][967]LogExit: Editor shut down
[2017.07.20-22.06.07:903][967]LogExit: Transaction tracking system shut down
[2017.07.20-22.06.07:969][967]LogObj: Freed 0b from 0 cluster array pools.
[2017.07.20-22.06.07:969][967]LogExit: Object subsystem successfully closed.
[2017.07.20-22.06.07:988][967]LogD3D11RHI: Shutdown
[2017.07.20-22.06.07:988][967]LogD3D11RHI: CleanupD3DDevice
[2017.07.20-22.06.08:062][967]LogD3D11RHI: ~FD3D11DynamicRHI
[2017.07.20-22.06.08:079][967]LogModuleManager: Shutting down and abandoning module HierarchicalLODUtilities (528)
[2017.07.20-22.06.08:079][967]LogModuleManager: Shutting down and abandoning module MovieSceneCapture (526)
[2017.07.20-22.06.08:079][967]LogModuleManager: Shutting down and abandoning module HierarchicalLODOutliner (524)
[2017.07.20-22.06.08:079][967]LogModuleManager: Shutting down and abandoning module CrashTracker (522)
[2017.07.20-22.06.08:079][967]LogModuleManager: Shutting down and abandoning module SceneOutliner (520)
[2017.07.20-22.06.08:079][967]LogModuleManager: Shutting down and abandoning module AddContentDialog (518)
[2017.07.20-22.06.08:079][967]LogDirectoryWatcher: A directory notification for 'C:/Program Files/Epic Games/UE_4.16/FeaturePacks/' was aborted.
[2017.07.20-22.06.08:080][967]LogModuleManager: Shutting down and abandoning module WidgetCarousel (517)
[2017.07.20-22.06.08:080][967]LogModuleManager: Shutting down and abandoning module EditorWidgets (514)
[2017.07.20-22.06.08:080][967]LogModuleManager: Shutting down and abandoning module CollectionManager (512)
[2017.07.20-22.06.08:080][967]LogDirectoryWatcher: A directory notification for 'C:/Users/scott/Documents/GitHub/VR/VR/Content/Collections/' was aborted.
[2017.07.20-22.06.08:080][967]LogDirectoryWatcher: A directory notification for 'C:/Users/scott/Documents/GitHub/VR/VR/Content/Developers/scott/Collections/' was aborted.
[2017.07.20-22.06.08:080][967]LogDirectoryWatcher: A directory notification for 'C:/Users/scott/Documents/GitHub/VR/VR/Saved/Collections/' was aborted.
[2017.07.20-22.06.08:080][967]LogModuleManager: Shutting down and abandoning module StatsViewer (510)
[2017.07.20-22.06.08:080][967]LogModuleManager: Shutting down and abandoning module FoliageEdit (508)
[2017.07.20-22.06.08:080][967]LogModuleManager: Shutting down and abandoning module LandscapeEditor (506)
[2017.07.20-22.06.08:080][967]LogModuleManager: Shutting down and abandoning module MeshPaintMode (504)
[2017.07.20-22.06.08:080][967]LogModuleManager: Shutting down and abandoning module SceneDepthPickerMode (502)
[2017.07.20-22.06.08:080][967]LogModuleManager: Shutting down and abandoning module ActorPickerMode (500)
[2017.07.20-22.06.08:080][967]LogModuleManager: Shutting down and abandoning module GeometryMode (498)
[2017.07.20-22.06.08:080][967]LogModuleManager: Shutting down and abandoning module TextureAlignMode (496)
[2017.07.20-22.06.08:080][967]LogModuleManager: Shutting down and abandoning module BspMode (494)
[2017.07.20-22.06.08:080][967]LogModuleManager: Shutting down and abandoning module HardwareSurvey (492)
[2017.07.20-22.06.08:080][967]LogModuleManager: Shutting down and abandoning module SequenceRecorderSections (490)
[2017.07.20-22.06.08:080][967]LogModuleManager: Shutting down and abandoning module AutomationWorker (488)
[2017.07.20-22.06.08:080][967]LogModuleManager: Shutting down and abandoning module MatineeToLevelSequence (486)
[2017.07.20-22.06.08:080][967]LogModuleManager: Shutting down and abandoning module LevelSequenceEditor (484)
[2017.07.20-22.06.08:080][967]LogModuleManager: Shutting down and abandoning module PlacementMode (483)
[2017.07.20-22.06.08:080][967]LogModuleManager: Shutting down and abandoning module WmfMediaFactory (480)
[2017.07.20-22.06.08:080][967]LogModuleManager: Shutting down and abandoning module WmfMediaEditor (478)
[2017.07.20-22.06.08:080][967]LogModuleManager: Shutting down and abandoning module AvfMediaFactory (476)
[2017.07.20-22.06.08:080][967]LogModuleManager: Shutting down and abandoning module AvfMediaEditor (474)
[2017.07.20-22.06.08:080][967]LogModuleManager: Shutting down and abandoning module AndroidMediaFactory (472)
[2017.07.20-22.06.08:080][967]LogModuleManager: Shutting down and abandoning module Media (471)
[2017.07.20-22.06.08:080][967]LogModuleManager: Shutting down and abandoning module AndroidMediaEditor (468)
[2017.07.20-22.06.08:080][967]LogModuleManager: Shutting down and abandoning module CharacterAI (466)
[2017.07.20-22.06.08:080][967]LogModuleManager: Shutting down and abandoning module AudioCapture (464)
[2017.07.20-22.06.08:080][967]LogModuleManager: Shutting down and abandoning module SequenceRecorder (463)
[2017.07.20-22.06.08:080][967]LogModuleManager: Shutting down and abandoning module SmartSnapping (460)
[2017.07.20-22.06.08:081][967]LogModuleManager: Shutting down and abandoning module SessionServices (458)
[2017.07.20-22.06.08:081][967]LogModuleManager: Shutting down and abandoning module ViewportSnapping (456)
[2017.07.20-22.06.08:081][967]LogModuleManager: Shutting down and abandoning module ViewportInteraction (454)
[2017.07.20-22.06.08:081][967]LogModuleManager: Shutting down and abandoning module ClothPainter (452)
[2017.07.20-22.06.08:081][967]LogModuleManager: Shutting down and abandoning module LogVisualizer (450)
[2017.07.20-22.06.08:081][967]LogModuleManager: Shutting down and abandoning module IntroTutorials (448)
[2017.07.20-22.06.08:081][967]LogModuleManager: Shutting down and abandoning module GameProjectGeneration (447)
[2017.07.20-22.06.08:081][967]LogModuleManager: Shutting down and abandoning module EditorLiveStreaming (444)
[2017.07.20-22.06.08:081][967]LogModuleManager: Shutting down and abandoning module IOSPlatformEditor (442)
[2017.07.20-22.06.08:081][967]LogModuleManager: Shutting down and abandoning module HTML5PlatformEditor (440)
[2017.07.20-22.06.08:081][967]LogModuleManager: Shutting down and abandoning module AndroidPlatformEditor (438)
[2017.07.20-22.06.08:081][967]LogModuleManager: Shutting down and abandoning module AndroidDeviceDetection (437)
[2017.07.20-22.06.08:454][967]LogModuleManager: Shutting down and abandoning module IOSRuntimeSettings (434)
[2017.07.20-22.06.08:454][967]LogModuleManager: Shutting down and abandoning module AndroidRuntimeSettings (432)
[2017.07.20-22.06.08:454][967]LogModuleManager: Shutting down and abandoning module InputBindingEditor (430)
[2017.07.20-22.06.08:454][967]LogModuleManager: Shutting down and abandoning module MergeActors (428)
[2017.07.20-22.06.08:454][967]LogModuleManager: Shutting down and abandoning module SizeMap (426)
[2017.07.20-22.06.08:454][967]LogModuleManager: Shutting down and abandoning module TreeMap (424)
[2017.07.20-22.06.08:454][967]LogModuleManager: Shutting down and abandoning module ReferenceViewer (422)
[2017.07.20-22.06.08:454][967]LogModuleManager: Shutting down and abandoning module LocalizationDashboard (420)
[2017.07.20-22.06.08:454][967]LogModuleManager: Shutting down and abandoning module LocalizationService (419)
[2017.07.20-22.06.08:454][967]LogModuleManager: Shutting down and abandoning module HardwareTargeting (416)
[2017.07.20-22.06.08:454][967]LogModuleManager: Shutting down and abandoning module DeviceProfileEditor (414)
[2017.07.20-22.06.08:454][967]LogModuleManager: Shutting down and abandoning module UndoHistory (412)
[2017.07.20-22.06.08:454][967]LogModuleManager: Shutting down and abandoning module UserFeedback (410)
[2017.07.20-22.06.08:454][967]LogModuleManager: Shutting down and abandoning module XmlParser (408)
[2017.07.20-22.06.08:454][967]LogModuleManager: Shutting down and abandoning module Blutility (406)
[2017.07.20-22.06.08:454][967]LogModuleManager: Shutting down and abandoning module ProjectSettingsViewer (404)
[2017.07.20-22.06.08:454][967]LogModuleManager: Shutting down and abandoning module ProjectTargetPlatformEditor (403)
[2017.07.20-22.06.08:454][967]LogModuleManager: Shutting down and abandoning module EditorSettingsViewer (400)
[2017.07.20-22.06.08:454][967]LogModuleManager: Shutting down and abandoning module SettingsEditor (398)
[2017.07.20-22.06.08:454][967]LogModuleManager: Shutting down and abandoning module ProjectLauncher (396)
[2017.07.20-22.06.08:454][967]LogModuleManager: Shutting down and abandoning module SessionFrontend (394)
[2017.07.20-22.06.08:454][967]LogModuleManager: Shutting down and abandoning module ProfilerClient (392)
[2017.07.20-22.06.08:454][967]LogModuleManager: Shutting down and abandoning module DeviceManager (390)
[2017.07.20-22.06.08:454][967]LogModuleManager: Shutting down and abandoning module TargetDeviceServices (389)
[2017.07.20-22.06.08:517][967]LogModuleManager: Shutting down and abandoning module AutomationController (386)
[2017.07.20-22.06.08:517][967]LogModuleManager: Shutting down and abandoning module AutomationWindow (384)
[2017.07.20-22.06.08:517][967]LogModuleManager: Shutting down and abandoning module Layers (382)
[2017.07.20-22.06.08:517][967]LogModuleManager: Shutting down and abandoning module ComponentVisualizers (380)
[2017.07.20-22.06.08:517][967]LogModuleManager: Shutting down and abandoning module DetailCustomizations (378)
[2017.07.20-22.06.08:517][967]LogModuleManager: Shutting down and abandoning module PackagesDialog (376)
[2017.07.20-22.06.08:517][967]LogModuleManager: Shutting down and abandoning module Persona (374)
[2017.07.20-22.06.08:517][967]LogModuleManager: Shutting down and abandoning module AdvancedPreviewScene (373)
[2017.07.20-22.06.08:517][967]LogModuleManager: Shutting down and abandoning module AnimGraph (371)
[2017.07.20-22.06.08:517][967]LogModuleManager: Shutting down and abandoning module Kismet (368)
[2017.07.20-22.06.08:518][967]LogModuleManager: Shutting down and abandoning module ClassViewer (366)
[2017.07.20-22.06.08:518][967]LogModuleManager: Shutting down and abandoning module Toolbox (364)
[2017.07.20-22.06.08:518][967]LogModuleManager: Shutting down and abandoning module ModuleUI (362)
[2017.07.20-22.06.08:518][967]LogModuleManager: Shutting down and abandoning module MovieSceneTools (360)
[2017.07.20-22.06.08:518][967]LogModuleManager: Shutting down and abandoning module OutputLog (358)
[2017.07.20-22.06.08:518][967]LogModuleManager: Shutting down and abandoning module GammaUI (356)
[2017.07.20-22.06.08:518][967]LogModuleManager: Shutting down and abandoning module Documentation (354)
[2017.07.20-22.06.08:518][967]LogModuleManager: Shutting down and abandoning module MovieSceneTracks (352)
[2017.07.20-22.06.08:518][967]LogModuleManager: Shutting down and abandoning module MovieScene (350)
[2017.07.20-22.06.08:518][967]LogModuleManager: Shutting down and abandoning module Niagara (348)
[2017.07.20-22.06.08:518][967]LogModuleManager: Shutting down and abandoning module NiagaraEditor (347)
[2017.07.20-22.06.08:518][967]LogModuleManager: Shutting down and abandoning module StreamingPauseRendering (344)
[2017.07.20-22.06.08:518][967]LogModuleManager: Shutting down and abandoning module AnalyticsET (342)
[2017.07.20-22.06.08:518][967]LogModuleManager: Shutting down and abandoning module PortalServices (340)
[2017.07.20-22.06.08:518][967]LogModuleManager: Shutting down and abandoning module PortalRpc (338)
[2017.07.20-22.06.08:518][967]LogModuleManager: Shutting down and abandoning module MessagingRpc (336)
[2017.07.20-22.06.08:518][967]LogModuleManager: Shutting down and abandoning module AIModule (334)
[2017.07.20-22.06.08:518][967]LogModuleManager: Shutting down and abandoning module GameplayDebugger (333)
[2017.07.20-22.06.08:518][967]LogModuleManager: Shutting down and abandoning module AITestSuite (331)
[2017.07.20-22.06.08:518][967]LogModuleManager: Shutting down and abandoning module ProfilerService (328)
[2017.07.20-22.06.08:704][967]LogModuleManager: Shutting down and abandoning module TaskGraph (326)
[2017.07.20-22.06.08:704][967]LogModuleManager: Shutting down and abandoning module SteamVRController (324)
[2017.07.20-22.06.08:704][967]LogModuleManager: Shutting down and abandoning module SteamVR (322)
[2017.07.20-22.06.08:704][967]LogModuleManager: Shutting down and abandoning module ProceduralMeshComponentEditor (320)
[2017.07.20-22.06.08:704][967]LogModuleManager: Shutting down and abandoning module ProceduralMeshComponent (318)
[2017.07.20-22.06.08:704][967]LogModuleManager: Shutting down and abandoning module OculusLibrary (316)
[2017.07.20-22.06.08:704][967]LogModuleManager: Shutting down and abandoning module OculusInput (314)
[2017.07.20-22.06.08:704][967]LogModuleManager: Shutting down and abandoning module MobilePatchingUtils (312)
[2017.07.20-22.06.08:704][967]LogModuleManager: Shutting down and abandoning module CustomMeshComponent (310)
[2017.07.20-22.06.08:704][967]LogModuleManager: Shutting down and abandoning module CableComponent (308)
[2017.07.20-22.06.08:704][967]LogModuleManager: Shutting down and abandoning module ArchVisCharacter (306)
[2017.07.20-22.06.08:704][967]LogModuleManager: Shutting down and abandoning module AndroidPermission (304)
[2017.07.20-22.06.08:704][967]LogModuleManager: Shutting down and abandoning module MediaPlayerEditor (300)
[2017.07.20-22.06.08:704][967]LogModuleManager: Shutting down and abandoning module HTML5Networking (298)
[2017.07.20-22.06.08:704][967]LogModuleManager: Shutting down and abandoning module AlembicImporter (296)
[2017.07.20-22.06.08:704][967]LogModuleManager: Shutting down and abandoning module AlembicLibrary (295)
[2017.07.20-22.06.08:704][967]LogModuleManager: Shutting down and abandoning module GeometryCache (294)
[2017.07.20-22.06.08:704][967]LogModuleManager: Shutting down and abandoning module GeometryCacheEd (293)
[2017.07.20-22.06.08:704][967]LogModuleManager: Shutting down and abandoning module SuperSearchEditor (288)
[2017.07.20-22.06.08:704][967]LogModuleManager: Shutting down and abandoning module SuperSearch (287)
[2017.07.20-22.06.08:704][967]LogModuleManager: Shutting down and abandoning module SpeedTreeImporter (284)
[2017.07.20-22.06.08:704][967]LogModuleManager: Shutting down and abandoning module PluginBrowser (282)
[2017.07.20-22.06.08:704][967]LogModuleManager: Shutting down and abandoning module MobileLauncherProfileWizard (280)
[2017.07.20-22.06.08:704][967]LogModuleManager: Shutting down and abandoning module VisualStudioSourceCodeAccess (278)
[2017.07.20-22.06.08:704][967]LogModuleManager: Shutting down and abandoning module DesktopPlatform (277)
[2017.07.20-22.06.08:704][967]LogModuleManager: Shutting down and abandoning module UObjectPlugin (274)
[2017.07.20-22.06.08:704][967]LogModuleManager: Shutting down and abandoning module SubversionSourceControl (272)
[2017.07.20-22.06.08:704][967]LogModuleManager: Shutting down and abandoning module PerforceSourceControl (270)
[2017.07.20-22.06.08:704][967]LogModuleManager: Shutting down and abandoning module GitSourceControl (268)
[2017.07.20-22.06.08:704][967]LogModuleManager: Shutting down and abandoning module SourceControl (267)
[2017.07.20-22.06.08:704][967]LogModuleManager: Shutting down and abandoning module LightPropagationVolumeEditor (264)
[2017.07.20-22.06.08:704][967]LogModuleManager: Shutting down and abandoning module PaperTiledImporter (262)
[2017.07.20-22.06.08:704][967]LogModuleManager: Shutting down and abandoning module PaperSpriteSheetImporter (260)
[2017.07.20-22.06.08:705][967]LogModuleManager: Shutting down and abandoning module Paper2DEditor (258)
[2017.07.20-22.06.08:705][967]LogModuleManager: Shutting down and abandoning module MeshPaint (257)
[2017.07.20-22.06.08:705][967]LogModuleManager: Shutting down and abandoning module LevelEditor (255)
[2017.07.20-22.06.08:705][967]LogModuleManager: Shutting down and abandoning module PixelInspectorModule (254)
[2017.07.20-22.06.08:705][967]LogModuleManager: Shutting down and abandoning module MainFrame (252)
[2017.07.20-22.06.08:705][967]LogModuleManager: Shutting down and abandoning module HotReload (251)
[2017.07.20-22.06.08:705][967]LogModuleManager: Shutting down and abandoning module PhysXVehiclesEditor (246)
[2017.07.20-22.06.08:705][967]LogModuleManager: Shutting down and abandoning module PhysXVehicles (244)
[2017.07.20-22.06.08:705][967]LogModuleManager: Shutting down and abandoning module LocationServicesBPLibrary (242)
[2017.07.20-22.06.08:705][967]LogModuleManager: Shutting down and abandoning module ImmediatePhysicsEditor (240)
[2017.07.20-22.06.08:705][967]LogModuleManager: Shutting down and abandoning module ImmediatePhysics (238)
[2017.07.20-22.06.08:705][967]LogModuleManager: Shutting down and abandoning module UdpMessaging (236)
[2017.07.20-22.06.08:806][967]LogModuleManager: Shutting down and abandoning module TcpMessaging (234)
[2017.07.20-22.06.08:906][967]LogModuleManager: Shutting down and abandoning module GameplayTagsEditor (232)
[2017.07.20-22.06.08:906][967]LogModuleManager: Shutting down and abandoning module FacialAnimationEditor (230)
[2017.07.20-22.06.08:906][967]LogModuleManager: Shutting down and abandoning module FacialAnimation (228)
[2017.07.20-22.06.08:906][967]LogModuleManager: Shutting down and abandoning module AssetManagerEditor (226)
[2017.07.20-22.06.08:906][967]LogModuleManager: Shutting down and abandoning module GraphEditor (225)
[2017.07.20-22.06.08:906][967]LogModuleManager: Shutting down and abandoning module ContentBrowser (223)
[2017.07.20-22.06.08:907][967]LogModuleManager: Shutting down and abandoning module LightPropagationVolumeRuntime (220)
[2017.07.20-22.06.08:907][967]LogModuleManager: Shutting down and abandoning module Paper2D (218)
[2017.07.20-22.06.08:907][967]LogModuleManager: Shutting down and abandoning module WindowsMoviePlayer (216)
[2017.07.20-22.06.08:907][967]LogModuleManager: Shutting down and abandoning module WmfMedia (214)
[2017.07.20-22.06.08:907][967]LogModuleManager: Shutting down and abandoning module ClothingSystemEditor (212)
[2017.07.20-22.06.08:907][967]LogModuleManager: Shutting down and abandoning module ClothingSystemRuntime (210)
[2017.07.20-22.06.08:907][967]LogModuleManager: Shutting down and abandoning module MediaAssets (208)
[2017.07.20-22.06.08:907][967]LogModuleManager: Shutting down and abandoning module GameLiveStreaming (206)
[2017.07.20-22.06.08:907][967]LogModuleManager: Shutting down and abandoning module VREditor (204)
[2017.07.20-22.06.08:907][967]LogModuleManager: Shutting down and abandoning module StringTableEditor (202)
[2017.07.20-22.06.08:907][967]LogModuleManager: Shutting down and abandoning module GameplayTasksEditor (200)
[2017.07.20-22.06.08:907][967]LogModuleManager: Shutting down and abandoning module BehaviorTreeEditor (198)
[2017.07.20-22.06.08:907][967]LogModuleManager: Shutting down and abandoning module FunctionalTesting (196)
[2017.07.20-22.06.08:907][967]LogModuleManager: Shutting down and abandoning module CollisionAnalyzer (194)
[2017.07.20-22.06.08:907][967]LogModuleManager: Shutting down and abandoning module UMG (192)
[2017.07.20-22.06.08:907][967]LogModuleManager: Shutting down and abandoning module UMGEditor (191)
[2017.07.20-22.06.08:907][967]LogModuleManager: Shutting down and abandoning module Sequencer (190)
[2017.07.20-22.06.08:907][967]LogModuleManager: Shutting down and abandoning module AssetTools (188)
[2017.07.20-22.06.08:907][967]LogModuleManager: Shutting down and abandoning module MessageLog (187)
[2017.07.20-22.06.08:907][967]LogModuleManager: Shutting down and abandoning module WorkspaceMenuStructure (186)
[2017.07.20-22.06.08:907][967]LogModuleManager: Shutting down and abandoning module SlateReflector (180)
[2017.07.20-22.06.08:907][967]LogModuleManager: Shutting down and abandoning module Slate (178)
[2017.07.20-22.06.08:907][967]LogModuleManager: Shutting down and abandoning module EditorStyle (176)
[2017.07.20-22.06.08:909][967]LogModuleManager: Shutting down and abandoning module SourceCodeAccess (174)
[2017.07.20-22.06.08:909][967]LogModuleManager: Shutting down and abandoning module HeadMountedDisplay (172)
[2017.07.20-22.06.08:909][967]LogModuleManager: Shutting down and abandoning module XAudio2 (170)
[2017.07.20-22.06.08:909][967]LogModuleManager: Shutting down and abandoning module Networking (168)
[2017.07.20-22.06.08:909][967]LogModuleManager: Shutting down and abandoning module Core (164)
[2017.07.20-22.06.08:909][967]LogModuleManager: Shutting down and abandoning module AssetRegistry (162)
[2017.07.20-22.06.09:072][967]LogDirectoryWatcher: A directory notification for '../../../Engine/Content/' was aborted.
[2017.07.20-22.06.09:073][967]LogDirectoryWatcher: A directory notification for '../../../../../../Users/scott/Documents/GitHub/VR/VR/Content/' was aborted.
[2017.07.20-22.06.09:073][967]LogDirectoryWatcher: A directory notification for '../../../Engine/Plugins/2D/Paper2D/Content/' was aborted.
[2017.07.20-22.06.09:073][967]LogDirectoryWatcher: A directory notification for '../../../Engine/Plugins/Runtime/GearVR/Content/' was aborted.
[2017.07.20-22.06.09:076][967]LogModuleManager: Shutting down and abandoning module DirectoryWatcher (161)
[2017.07.20-22.06.09:076][967]LogModuleManager: Shutting down and abandoning module KismetCompiler (158)
[2017.07.20-22.06.09:076][967]LogModuleManager: Shutting down and abandoning module LevelSequence (156)
[2017.07.20-22.06.09:076][967]LogModuleManager: Shutting down and abandoning module PhysXFormats (154)
[2017.07.20-22.06.09:076][967]LogModuleManager: Shutting down and abandoning module MeshUtilities (152)
[2017.07.20-22.06.09:076][967]LogModuleManager: Shutting down and abandoning module SimplygonSwarm (151)
[2017.07.20-22.06.09:076][967]LogModuleManager: Shutting down and abandoning module SimplygonMeshReduction (149)
[2017.07.20-22.06.09:076][967]LogModuleManager: Shutting down and abandoning module QuadricMeshReduction (147)
[2017.07.20-22.06.09:076][967]LogModuleManager: Shutting down and abandoning module DerivedDataCache (144)
[2017.07.20-22.06.09:099][967]LogDerivedDataCache: Shutdown
[2017.07.20-22.06.09:099][967]LogModuleManager: Shutting down and abandoning module TargetPlatform (142)
[2017.07.20-22.06.09:099][967]LogModuleManager: Shutting down and abandoning module VulkanShaderFormat (141)
[2017.07.20-22.06.09:099][967]LogModuleManager: Shutting down and abandoning module ShaderFormatVectorVM (139)
[2017.07.20-22.06.09:099][967]LogModuleManager: Shutting down and abandoning module ShaderFormatOpenGL (137)
[2017.07.20-22.06.09:099][967]LogModuleManager: Shutting down and abandoning module ShaderFormatD3D (135)
[2017.07.20-22.06.09:099][967]LogModuleManager: Shutting down and abandoning module MetalShaderFormat (133)
[2017.07.20-22.06.09:099][967]LogModuleManager: Shutting down and abandoning module TextureFormatUncompressed (131)
[2017.07.20-22.06.09:099][967]LogModuleManager: Shutting down and abandoning module TextureFormatPVR (129)
[2017.07.20-22.06.09:099][967]LogModuleManager: Shutting down and abandoning module TextureFormatDXT (127)
[2017.07.20-22.06.09:099][967]LogModuleManager: Shutting down and abandoning module TextureFormatIntelISPCTexComp (125)
[2017.07.20-22.06.09:099][967]LogModuleManager: Shutting down and abandoning module TextureFormatASTC (123)
[2017.07.20-22.06.09:099][967]LogModuleManager: Shutting down and abandoning module ImageWrapper (122)
[2017.07.20-22.06.09:099][967]LogModuleManager: Shutting down and abandoning module TextureFormatAndroid (119)
[2017.07.20-22.06.09:099][967]LogModuleManager: Shutting down and abandoning module AudioFormatOpus (117)
[2017.07.20-22.06.09:099][967]LogModuleManager: Shutting down and abandoning module AudioFormatOgg (115)
[2017.07.20-22.06.09:099][967]LogModuleManager: Shutting down and abandoning module AudioFormatADPCM (113)
[2017.07.20-22.06.09:099][967]LogModuleManager: Shutting down and abandoning module LinuxTargetPlatform (111)
[2017.07.20-22.06.09:099][967]LogModuleManager: Shutting down and abandoning module LinuxServerTargetPlatform (109)
[2017.07.20-22.06.09:099][967]LogModuleManager: Shutting down and abandoning module LinuxNoEditorTargetPlatform (107)
[2017.07.20-22.06.09:099][967]LogModuleManager: Shutting down and abandoning module LinuxClientTargetPlatform (105)
[2017.07.20-22.06.09:099][967]LogModuleManager: Shutting down and abandoning module TVOSTargetPlatform (103)
[2017.07.20-22.06.09:099][967]LogModuleManager: Shutting down and abandoning module Messaging (101)
[2017.07.20-22.06.09:099][967]LogModuleManager: Shutting down and abandoning module IOSTargetPlatform (99)
[2017.07.20-22.06.09:099][967]LogModuleManager: Shutting down and abandoning module HTML5TargetPlatform (97)
[2017.07.20-22.06.09:099][967]LogModuleManager: Shutting down and abandoning module Android_PVRTCTargetPlatform (95)
[2017.07.20-22.06.09:099][967]LogModuleManager: Shutting down and abandoning module Android_MultiTargetPlatform (93)
[2017.07.20-22.06.09:099][967]LogModuleManager: Shutting down and abandoning module Android_ETC2TargetPlatform (91)
[2017.07.20-22.06.09:099][967]LogModuleManager: Shutting down and abandoning module Android_ETC1TargetPlatform (89)
[2017.07.20-22.06.09:099][967]LogModuleManager: Shutting down and abandoning module Android_DXTTargetPlatform (87)
[2017.07.20-22.06.09:099][967]LogModuleManager: Shutting down and abandoning module Android_ATCTargetPlatform (85)
[2017.07.20-22.06.09:099][967]LogModuleManager: Shutting down and abandoning module Android_ASTCTargetPlatform (83)
[2017.07.20-22.06.09:099][967]LogModuleManager: Shutting down and abandoning module AndroidTargetPlatform (81)
[2017.07.20-22.06.09:099][967]LogModuleManager: Shutting down and abandoning module WindowsTargetPlatform (79)
[2017.07.20-22.06.09:099][967]LogModuleManager: Shutting down and abandoning module WindowsServerTargetPlatform (77)
[2017.07.20-22.06.09:099][967]LogModuleManager: Shutting down and abandoning module WindowsNoEditorTargetPlatform (75)
[2017.07.20-22.06.09:099][967]LogModuleManager: Shutting down and abandoning module WindowsClientTargetPlatform (73)
[2017.07.20-22.06.09:099][967]LogModuleManager: Shutting down and abandoning module MacTargetPlatform (71)
[2017.07.20-22.06.09:099][967]LogModuleManager: Shutting down and abandoning module MacServerTargetPlatform (69)
[2017.07.20-22.06.09:099][967]LogModuleManager: Shutting down and abandoning module MacNoEditorTargetPlatform (67)
[2017.07.20-22.06.09:099][967]LogModuleManager: Shutting down and abandoning module MacClientTargetPlatform (65)
[2017.07.20-22.06.09:099][967]LogModuleManager: Shutting down and abandoning module AllDesktopTargetPlatform (63)
[2017.07.20-22.06.09:099][967]LogModuleManager: Shutting down and abandoning module InputCore (60)
[2017.07.20-22.06.09:099][967]LogModuleManager: Shutting down and abandoning module Settings (58)
[2017.07.20-22.06.09:099][967]LogModuleManager: Shutting down and abandoning module OculusRift (56)
[2017.07.20-22.06.09:100][967]LogHMD: Oculus shutdown.
[2017.07.20-22.06.09:100][967]LogModuleManager: Shutting down and abandoning module GearVRController (54)
[2017.07.20-22.06.09:100][967]LogModuleManager: Shutting down and abandoning module GearVR (52)
[2017.07.20-22.06.09:100][967]LogModuleManager: Shutting down and abandoning module ExampleDeviceProfileSelector (50)
[2017.07.20-22.06.09:100][967]LogModuleManager: Shutting down and abandoning module OnlineBlueprintSupport (48)
[2017.07.20-22.06.09:100][967]LogModuleManager: Shutting down and abandoning module OnlineSubsystem (44)
[2017.07.20-22.06.09:100][967]LogOnline:Display: Unloading online subsystem: NULL
[2017.07.20-22.06.09:100][967]LogModuleManager: Shutting down and abandoning module XMPP (43)
[2017.07.20-22.06.09:100][967]LogModuleManager: Shutting down and abandoning module HTTP (41)
[2017.07.20-22.06.09:100][967]LogHttp:Display: Http module shutting down, but needs to wait on 1 outstanding Http requests:
[2017.07.20-22.06.09:100][967]LogHttp:Display: 	verb=[POST] url=[https://datarouter.ol.epicgames.com/datarouter/api/v1/public/data?SessionID=%7B61236C9E-4E12-2986-082F-DD9A70C7B4CF%7D&AppID=UEEditor.Rocket.Release&AppVersion=4.16.2-3514769%2B%2B%2BUE4%2BRelease-4.16&UserID=d0072156447091a74943ad8261b51e33%7C917b68a4689a43d093714a4f6a0dc761%7C0f6f6edd-16ad-4713-872b-9bf79eb283b0&AppEnvironment=datacollector-binary&UploadType=eteventstream] status=Processing
[2017.07.20-22.06.09:125][967]LogModuleManager: Shutting down and abandoning module SSL (40)
[2017.07.20-22.06.09:126][967]LogModuleManager: Shutting down and abandoning module HTTPChunkInstaller (36)
[2017.07.20-22.06.09:126][967]LogModuleManager: Shutting down and abandoning module AnimationModifiers (34)
[2017.07.20-22.06.09:126][967]LogModuleManager: Shutting down and abandoning module PropertyEditor (33)
[2017.07.20-22.06.09:126][967]LogModuleManager: Shutting down and abandoning module AudioEditor (30)
[2017.07.20-22.06.09:126][967]LogModuleManager: Shutting down and abandoning module TextureCompressor (28)
[2017.07.20-22.06.09:126][967]LogModuleManager: Shutting down and abandoning module ShaderCore (26)
[2017.07.20-22.06.09:126][967]LogModuleManager: Shutting down and abandoning module Landscape (24)
[2017.07.20-22.06.09:126][967]LogModuleManager: Shutting down and abandoning module SlateRHIRenderer (22)
[2017.07.20-22.06.09:127][967]LogModuleManager: Shutting down and abandoning module OpenGLDrv (20)
[2017.07.20-22.06.09:127][967]LogModuleManager: Shutting down and abandoning module D3D11RHI (18)
[2017.07.20-22.06.09:127][967]LogModuleManager: Shutting down and abandoning module AnimGraphRuntime (16)
[2017.07.20-22.06.09:127][967]LogModuleManager: Shutting down and abandoning module Renderer (14)
[2017.07.20-22.06.09:127][967]LogModuleManager: Shutting down and abandoning module Engine (12)
[2017.07.20-22.06.09:127][967]LogModuleManager: Shutting down and abandoning module CoreUObject (10)
[2017.07.20-22.06.09:127][967]LogModuleManager: Shutting down and abandoning module NetworkFile (8)
[2017.07.20-22.06.09:127][967]LogModuleManager: Shutting down and abandoning module StreamingFile (6)
[2017.07.20-22.06.09:127][967]LogModuleManager: Shutting down and abandoning module SandboxFile (4)
[2017.07.20-22.06.09:127][967]LogModuleManager: Shutting down and abandoning module PakFile (2)
[2017.07.20-22.06.09:129][967]LogExit: Exiting.
[2017.07.20-22.06.09:138][967]Log file closed, 07/20/17 23:06:09
