Log file open, 07/20/17 19:10:09
LogInit:Display: Running engine for game: VR
LogPlatformFile: Not using cached read wrapper
LogInit:Display: RandInit(-1639701609) SRandInit(-1639701609).
LogTaskGraph: Started task graph with 5 named threads and 8 total threads with 1 sets of task threads.
LogStats: Stats thread started at 0.081599
LogInit: Using libcurl 7.47.1
LogInit:  - built for x86_64-pc-win32
LogInit:  - supports SSL with OpenSSL/1.0.2g
LogInit:  - supports HTTP deflate (compression) using libz 1.2.8
LogInit:  - other features:
LogInit:      CURL_VERSION_SSL
LogInit:      CURL_VERSION_LIBZ
LogInit:      CURL_VERSION_IPV6
LogInit:      CURL_VERSION_ASYNCHDNS
LogInit:      CURL_VERSION_LARGEFILE
LogInit:      CURL_VERSION_IDN
LogInit:  CurlRequestOptions (configurable via config and command line):
LogInit:  - bVerifyPeer = false  - Libcurl will NOT verify peer certificate
LogInit:  - bUseHttpProxy = false  - Libcurl will NOT use HTTP proxy
LogInit:  - bDontReuseConnections = false  - Libcurl will reuse connections
LogInit:  - CertBundlePath = nullptr  - Libcurl will use whatever was configured at build time.
OCULUS: Info: [CAPI] LibOVR module is located at C:\Program Files\Oculus\Support\oculus-runtime\LibOVRRT64_1.dll
OCULUS: Debug: Connected to the server running version (prod = 1).1.16.0(build = 409268) feature version = 0. Client runs version (prod = 1).1.16.0(build = 409268) feature version = 0
LogHMD: GearVR: Emulating GearVR using Oculus Rift!
LogInit: Build: ++UE4+Release-4.16-CL-3514769
LogInit: Engine Version: 4.16.2-3514769+++UE4+Release-4.16
LogInit: Compatible Engine Version: 4.16.0-3452394+++UE4+Release-4.16
LogInit: Net CL: 3452394
LogDevObjectVersion: Number of dev versions registered: 16
LogDevObjectVersion:   Dev-Blueprints (B0D832E4-1F89-4F0D-ACCF-7EB736FD4AA2): 9
LogDevObjectVersion:   Dev-Build (E1C64328-A22C-4D53-A36C-8E866417BD8C): 0
LogDevObjectVersion:   Dev-Core (375EC13C-06E4-48FB-B500-84F0262A717E): 2
LogDevObjectVersion:   Dev-Editor (E4B068ED-F494-42E9-A231-DA0B2E46BB41): 17
LogDevObjectVersion:   Dev-Framework (CFFC743F-43B0-4480-9391-14DF171D2073): 23
LogDevObjectVersion:   Dev-Mobile (B02B49B5-BB20-44E9-A304-32B752E40360): 0
LogDevObjectVersion:   Dev-Networking (A4E4105C-59A1-49B5-A7C5-40C4547EDFEE): 0
LogDevObjectVersion:   Dev-Online (39C831C9-5AE6-47DC-9A44-9C173E1C8E7C): 0
LogDevObjectVersion:   Dev-Physics (78F01B33-EBEA-4F98-B9B4-84EACCB95AA2): 0
LogDevObjectVersion:   Dev-Platform (6631380F-2D4D-43E0-8009-CF276956A95A): 0
LogDevObjectVersion:   Dev-Rendering (12F88B9F-8875-4AFC-A67C-D90C383ABD29): 15
LogDevObjectVersion:   Dev-Sequencer (7B5AE74C-D270-4C10-A958-57980B212A5A): 4
LogDevObjectVersion:   Dev-VR (D7296918-1DD6-4BDD-9DE2-64A83CC13884): 0
LogDevObjectVersion:   Dev-LoadTimes (C2A15278-BFE7-4AFE-6C17-90FF531DF755): 1
LogDevObjectVersion:   Private-Geometry (6EACA3D4-40EC-4CC1-B786-8BED09428FC5): 1
LogDevObjectVersion:   Dev-AnimPhys (29E575DD-E0A3-4627-9D10-D276232CDCEA): 3
LogInit: Compiled (64-bit): Jun 29 2017 02:03:24
LogInit: Compiled with Visual C++: 19.00.24215.01
LogInit: Build Configuration: Development
LogInit: Branch Name: ++UE4+Release-4.16
LogInit: Command line: -EpicPortal 
LogInit: Base directory: C:/Program Files/Epic Games/UE_4.16/Engine/Binaries/Win64/
LogInit: Installed Engine Build: 1
LogInit: Presizing for max 8388607 objects, including 0 objects not considered by GC, pre-allocating 0 bytes for permanent pool.
LogInit: Object subsystem initialized
[2017.07.20-18.10.09:979][  0]LogInit: Selected Device Profile: [Windows]
[2017.07.20-18.10.09:979][  0]LogInit: Applying CVar settings loaded from the selected device profile: [Windows]
[2017.07.20-18.10.09:987][  0]LogInit: Computer: SCOTTPC
[2017.07.20-18.10.09:987][  0]LogInit: User: scott
[2017.07.20-18.10.09:987][  0]LogInit: CPU Page size=4096, Cores=4
[2017.07.20-18.10.09:987][  0]LogInit: High frequency timer resolution =3.423914 MHz
[2017.07.20-18.10.09:987][  0]LogMemory: Memory total: Physical=15.9GB (16GB approx)
[2017.07.20-18.10.09:987][  0]LogMemory: Platform Memory Stats for Windows
[2017.07.20-18.10.09:987][  0]LogMemory: Process Physical Memory: 278.41 MB used, 278.41 MB peak
[2017.07.20-18.10.09:987][  0]LogMemory: Process Virtual Memory: 264.08 MB used, 264.08 MB peak
[2017.07.20-18.10.09:987][  0]LogMemory: Physical Memory: 9846.59 MB used,  6465.31 MB free, 16311.90 MB total
[2017.07.20-18.10.09:987][  0]LogMemory: Virtual Memory: 676.95 MB used,  6465.31 MB free, 134217728.00 MB total
[2017.07.20-18.10.10:050][  0]LogInit: Using OS detected language (en-GB).
[2017.07.20-18.10.10:050][  0]LogInit: Using OS detected locale (en-GB).
[2017.07.20-18.10.10:052][  0]LogTextLocalizationManager: No specific localization for 'en-GB' exists, so the 'en' localization will be used.
[2017.07.20-18.10.10:855][  0]LogD3D11RHI: D3D11 adapters:
[2017.07.20-18.10.10:921][  0]LogD3D11RHI:    0. 'NVIDIA GeForce GTX 1080' (Feature Level 11_0)
[2017.07.20-18.10.10:921][  0]LogD3D11RHI:       8110/0/8155 MB DedicatedVideo/DedicatedSystem/SharedSystem, Outputs:2, VendorId:0x10de
[2017.07.20-18.10.10:923][  0]LogD3D11RHI:    1. 'Microsoft Basic Render Driver' (Feature Level 11_0)
[2017.07.20-18.10.10:923][  0]LogD3D11RHI:       0/0/8155 MB DedicatedVideo/DedicatedSystem/SharedSystem, Outputs:0, VendorId:0x1414
[2017.07.20-18.10.10:923][  0]LogD3D11RHI: Chosen D3D11 Adapter: 0
[2017.07.20-18.10.10:931][  0]LogD3D11RHI: Creating new Direct3DDevice
[2017.07.20-18.10.10:931][  0]LogD3D11RHI:     GPU DeviceId: 0x1b80 (for the marketing name, search the web for "GPU Device Id")
[2017.07.20-18.10.10:931][  0]LogWindows: EnumDisplayDevices:
[2017.07.20-18.10.10:931][  0]LogWindows:    0. 'NVIDIA GeForce GTX 1080' (P:1 D:1)
[2017.07.20-18.10.10:931][  0]LogWindows:    1. 'NVIDIA GeForce GTX 1080' (P:0 D:1)
[2017.07.20-18.10.10:932][  0]LogWindows:    2. 'NVIDIA GeForce GTX 1080' (P:0 D:0)
[2017.07.20-18.10.10:932][  0]LogWindows:    3. 'NVIDIA GeForce GTX 1080' (P:0 D:0)
[2017.07.20-18.10.10:932][  0]LogWindows: DebugString: FoundDriverCount:4 
[2017.07.20-18.10.10:932][  0]LogD3D11RHI:     Adapter Name: NVIDIA GeForce GTX 1080
[2017.07.20-18.10.10:932][  0]LogD3D11RHI:   Driver Version: 382.05 (internal:22.21.13.8205, unified:382.05)
[2017.07.20-18.10.10:932][  0]LogD3D11RHI:      Driver Date: 5-1-2017
[2017.07.20-18.10.10:932][  0]LogRHI: Texture pool is 1361 MB (70% of 1945 MB)
[2017.07.20-18.10.10:959][  0]LogD3D11RHI: Async texture creation enabled
[2017.07.20-18.10.10:969][  0]LogD3D11RHI: GPU Timing Frequency: 1000.000000 (Debug: 2 1)
[2017.07.20-18.10.11:061][  0]LogShaderCompilers: Guid format shader working directory is -7 characters bigger than the processId version (../../../../../../Users/scott/Documents/GitHub/VR/VR/Intermediate/Shaders/WorkingDirectory/17692/).
[2017.07.20-18.10.11:062][  0]LogShaderCompilers: Cleaned the shader compiler working directory 'C:/Users/scott/AppData/Local/Temp/UnrealShaderWorkingDir/C4F6B7E44350FC81236F2083BE1B81A3/'.
[2017.07.20-18.10.11:062][  0]LogShaderCompilers:Display: Using Local Shader Compiler.
[2017.07.20-18.10.11:990][  0]LogTemp:Display: Loaded TP AllDesktopTargetPlatform
[2017.07.20-18.10.12:032][  0]LogTemp:Display: Loaded TP MacClientTargetPlatform
[2017.07.20-18.10.12:076][  0]LogTemp:Display: Loaded TP MacNoEditorTargetPlatform
[2017.07.20-18.10.12:119][  0]LogTemp:Display: Loaded TP MacServerTargetPlatform
[2017.07.20-18.10.12:161][  0]LogTemp:Display: Loaded TP MacTargetPlatform
[2017.07.20-18.10.12:207][  0]LogTemp:Display: Loaded TP WindowsClientTargetPlatform
[2017.07.20-18.10.12:250][  0]LogTemp:Display: Loaded TP WindowsNoEditorTargetPlatform
[2017.07.20-18.10.12:293][  0]LogTemp:Display: Loaded TP WindowsServerTargetPlatform
[2017.07.20-18.10.12:331][  0]LogTemp:Display: Loaded TP WindowsTargetPlatform
[2017.07.20-18.10.12:372][  0]LogTemp:Display: Loaded TP AndroidTargetPlatform
[2017.07.20-18.10.12:412][  0]LogTemp:Display: Loaded TP Android_ASTCTargetPlatform
[2017.07.20-18.10.12:452][  0]LogTemp:Display: Loaded TP Android_ATCTargetPlatform
[2017.07.20-18.10.12:494][  0]LogTemp:Display: Loaded TP Android_DXTTargetPlatform
[2017.07.20-18.10.12:534][  0]LogTemp:Display: Loaded TP Android_ETC1TargetPlatform
[2017.07.20-18.10.12:574][  0]LogTemp:Display: Loaded TP Android_ETC2TargetPlatform
[2017.07.20-18.10.12:657][  0]LogTemp:Display: Loaded TP Android_MultiTargetPlatform
[2017.07.20-18.10.12:657][  0]LogTemp:Display: Loaded TP Android_PVRTCTargetPlatform
[2017.07.20-18.10.12:703][  0]LogTemp:Display: Loaded TP HTML5TargetPlatform
[2017.07.20-18.10.12:810][  0]LogTemp:Display: Loaded TP IOSTargetPlatform
[2017.07.20-18.10.12:834][  0]LogTemp:Display: Loaded TP TVOSTargetPlatform
[2017.07.20-18.10.12:879][  0]LogTemp:Display: Loaded TP LinuxClientTargetPlatform
[2017.07.20-18.10.12:926][  0]LogTemp:Display: Loaded TP LinuxNoEditorTargetPlatform
[2017.07.20-18.10.12:975][  0]LogTemp:Display: Loaded TP LinuxServerTargetPlatform
[2017.07.20-18.10.13:017][  0]LogTemp:Display: Loaded TP LinuxTargetPlatform
[2017.07.20-18.10.13:017][  0]LogTargetPlatformManager:Display: Building Assets For Windows
[2017.07.20-18.10.13:426][  0]LogDerivedDataCache:Display: Max Cache Size: 512 MB
[2017.07.20-18.10.13:516][  0]LogDerivedDataCache: Loaded boot cache 0.09s 103MB C:/Users/scott/AppData/Local/UnrealEngine/4.16/DerivedDataCache/Boot.ddc.
[2017.07.20-18.10.13:516][  0]LogDerivedDataCache:Display: Loaded Boot cache: C:/Users/scott/AppData/Local/UnrealEngine/4.16/DerivedDataCache/Boot.ddc
[2017.07.20-18.10.13:516][  0]LogDerivedDataCache: FDerivedDataBackendGraph:  Pak pak cache file ../../../../../../Users/scott/Documents/GitHub/VR/VR/DerivedDataCache/DDC.ddp not found, will not use a pak cache.
[2017.07.20-18.10.13:516][  0]LogDerivedDataCache: Unable to find inner node Pak for hierarchical cache Hierarchy.
[2017.07.20-18.10.13:516][  0]LogDerivedDataCache: FDerivedDataBackendGraph:  CompressedPak pak cache file ../../../../../../Users/scott/Documents/GitHub/VR/VR/DerivedDataCache/Compressed.ddp not found, will not use a pak cache.
[2017.07.20-18.10.13:516][  0]LogDerivedDataCache: Unable to find inner node CompressedPak for hierarchical cache Hierarchy.
[2017.07.20-18.10.13:530][  0]LogDerivedDataCache:Display: Pak cache opened for reading ../../../Engine/DerivedDataCache/Compressed.ddp.
[2017.07.20-18.10.13:543][  0]LogDerivedDataCache: Using Local data cache path C:/Users/scott/AppData/Local/UnrealEngine/Common/DerivedDataCache: Writable
[2017.07.20-18.10.13:551][  0]LogMaterial: Verifying Global Shaders for PCD3D_SM5
[2017.07.20-18.10.13:551][  0]LogSlate: Using Freetype 2.6.0
[2017.07.20-18.10.13:551][  0]LogSlate: SlateFontCache - WITH_FREETYPE: 1, WITH_HARFBUZZ: 1
[2017.07.20-18.10.13:551][  0]LogSlate: SlateFontCache - WITH_FREETYPE: 1, WITH_HARFBUZZ: 1
[2017.07.20-18.10.13:821][  0]LogInit: Selected Device Profile: [Windows]
[2017.07.20-18.10.13:884][  0]LogContentStreaming: Texture pool size is 0.00 MB
[2017.07.20-18.10.14:018][  0]LogMeshUtilities: Using QuadricMeshReduction for automatic static mesh reduction
[2017.07.20-18.10.14:057][  0]LogSimplygon: Simplygon DLL not present - disabling.
[2017.07.20-18.10.14:097][  0]LogMeshUtilities: Using SimplygonSwarm for distributed automatic mesh merging
[2017.07.20-18.10.14:097][  0]LogMeshUtilities: No automatic skeletal mesh reduction module available
[2017.07.20-18.10.14:097][  0]LogMeshUtilities: No automatic mesh merging module available
[2017.07.20-18.10.14:544][  0]LogNetVersion: VR , NetCL: 3452394, EngineNetVer: 2, GameNetVer: 0 (Checksum: 1895307458)
[2017.07.20-18.10.14:599][  0]LogAssetRegistry: FAssetRegistry took 0.0252 seconds to start up
[2017.07.20-18.10.14:666][  0]LogPackageLocalizationCache: Processed 4 localized package path(s) for 2 prioritized culture(s) in 0.044506 seconds
[2017.07.20-18.10.14:671][  0]LogUObjectArray: 34194 objects as part of root set at end of initial load.
[2017.07.20-18.10.14:671][  0]LogUObjectAllocator: 7260424 out of 0 bytes used by permanent object pool.
[2017.07.20-18.10.14:671][  0]LogUObjectArray: CloseDisregardForGC: 0/0 objects in disregard for GC pool
[2017.07.20-18.10.14:723][  0]LogInit: WinSock: version 1.1 (2.2), MaxSocks=32767, MaxUdp=65467
[2017.07.20-18.10.16:718][  0]LogTcpMessaging: Initializing TcpMessaging bridge
[2017.07.20-18.10.16:756][  0]LogUdpMessaging: Initializing bridge on interface 0.0.0.0:0 to multicast group 230.0.0.1:6666.
[2017.07.20-18.10.17:213][  0]LogMaterial: Uniform references updated for custom material expression Custom.
[2017.07.20-18.10.17:558][  0]SourceControl: Info Source control is disabled
[2017.07.20-18.10.17:654][  0]SourceControl: Info Source control is disabled
[2017.07.20-18.10.17:697][  0]SourceControl: Info Source control is disabled
[2017.07.20-18.10.17:736][  0]SourceControl: Info Source control is disabled
[2017.07.20-18.10.18:320][  0]LogAndroidPermission: UAndroidPermissionCallbackProxy::GetInstance
[2017.07.20-18.10.18:806][  0]LogEngine: Initializing Engine...
[2017.07.20-18.10.24:576][  0]LogHMD: Failed to initialize OpenVR with code 108
[2017.07.20-18.10.24:576][  0]LogHMD: Oculus plugin initialized. Version: 4.16.2-3514769+++UE4+Release-4.16, LibOVR: 1.16.0, SDK: 1.12.0, built Jun 29 2017, 02:10:56
[2017.07.20-18.10.24:753][  0]LogStats: UGameplayTagsManager::ConstructGameplayTagTree: Construct from data asset -  0.000 s
[2017.07.20-18.10.24:753][  0]LogStats: UGameplayTagsManager::ConstructGameplayTagTree: GameplayTagTreeChangedEvent.Broadcast -  0.000 s
[2017.07.20-18.10.24:873][  0]LogAIModule: Creating AISystem for world Untitled
[2017.07.20-18.10.24:890][  0]LogInit: XAudio2 using 'Main Speakers (Realtek High Definition Audio)' : 2 channels at 48 kHz using 32 bits per sample (channel mask 0x3)
[2017.07.20-18.10.24:911][  0]LogInit: FAudioDevice initialized.
[2017.07.20-18.10.24:958][  0]LogDerivedDataCache: Saved boot cache 0.05s 103MB C:/Users/scott/AppData/Local/UnrealEngine/4.16/DerivedDataCache/Boot.ddc.
[2017.07.20-18.10.24:971][  0]LogInit: Texture streaming: Enabled
[2017.07.20-18.10.25:057][  0]LogEngineSessionManager: EngineSessionManager initialized
[2017.07.20-18.10.25:245][  0]LogInit: Transaction tracking system initialized
[2017.07.20-18.10.25:515][  0]BlueprintLog: New page: Editor Load
[2017.07.20-18.10.26:345][  0]LocalizationService: Info Localization service is disabled
[2017.07.20-18.10.27:132][  0]LogConsoleResponse:Display: 
[2017.07.20-18.10.27:259][  0]LogCook:Display: Max memory allowance for cook 16384mb min free memory 0mb
[2017.07.20-18.10.27:259][  0]LogCook:Display: Mobile HDR setting 1
[2017.07.20-18.10.27:830][  0]LogFileCache: Scanning file cache for directory 'C:/Users/scott/Documents/GitHub/VR/VR/Content/' took 0.01s
[2017.07.20-18.10.28:126][  0]SourceControl: Info Source control is disabled
[2017.07.20-18.10.28:126][  0]Cmd: MAP LOAD FILE="../../../../../../Users/scott/Documents/GitHub/VR/VR/Content/VirtualRealityBP/Maps/StartupMap.umap" TEMPLATE=0 SHOWPROGRESS=1 FEATURELEVEL=3
[2017.07.20-18.10.28:127][  0]LightingResults: New page: Lighting Build
[2017.07.20-18.10.28:164][  0]MapCheck: New page: Map Check
[2017.07.20-18.10.28:164][  0]LightingResults: New page: Lighting Build
[2017.07.20-18.10.28:243][  0]LogAIModule: Creating AISystem for world StartupMap
[2017.07.20-18.10.28:248][  0]LogEditorServer: Finished looking for orphan Actors (0.000 secs)
[2017.07.20-18.10.28:260][  0]Cmd: MAP CHECKDEP NOCLEARLOG
[2017.07.20-18.10.28:311][  0]MapCheck: Info Map check complete: 0 Error(s), 0 Warning(s), took 50.97ms to complete.
[2017.07.20-18.10.28:311][  0]LogFileHelpers: Loading map 'StartupMap' took 0.184
[2017.07.20-18.10.28:455][  0]LogCollectionManager: Loaded 0 collections in 0.001166 seconds
[2017.07.20-18.10.28:530][  0]LogFileCache: Scanning file cache for directory 'C:/Users/scott/Documents/GitHub/VR/VR/Saved/Collections/' took 0.01s
[2017.07.20-18.10.28:530][  0]LogFileCache: Scanning file cache for directory 'C:/Users/scott/Documents/GitHub/VR/VR/Content/Developers/scott/Collections/' took 0.01s
[2017.07.20-18.10.28:530][  0]LogFileCache: Scanning file cache for directory 'C:/Users/scott/Documents/GitHub/VR/VR/Content/Collections/' took 0.01s
[2017.07.20-18.10.28:530][  0]LogCollectionManager: Rebuilt the GUID cache for 0 collections in 0.000001 seconds
[2017.07.20-18.10.28:537][  0]LogContentBrowser: Native class hierarchy populated in 0.0070 seconds. Added 2329 classes and 491 folders.
[2017.07.20-18.10.28:591][  0]LogContentBrowser: Native class hierarchy updated for 'WidgetCarousel' in 0.0004 seconds. Added 0 classes and 0 folders.
[2017.07.20-18.10.28:620][  0]LogContentBrowser: Native class hierarchy updated for 'AddContentDialog' in 0.0004 seconds. Added 0 classes and 0 folders.
[2017.07.20-18.10.28:659][  0]LogContentBrowser: Native class hierarchy updated for 'SceneOutliner' in 0.0004 seconds. Added 1 classes and 2 folders.
[2017.07.20-18.10.28:690][  0]LogCrashTracker: Crashtracker disabled due to settings.
[2017.07.20-18.10.28:694][  0]LogSlate: Took 0.000159 seconds to synchronously load lazily loaded font '../../../Engine/Content/Slate/Fonts/Roboto-Regular.ttf' (155K)
[2017.07.20-18.10.28:695][  0]LogSlate: Took 0.000127 seconds to synchronously load lazily loaded font '../../../Engine/Content/Slate/Fonts/Roboto-Bold.ttf' (160K)
[2017.07.20-18.10.28:698][  0]LogSlate: Took 0.000174 seconds to synchronously load lazily loaded font '../../../Engine/Content/Editor/Slate/Fonts/FontAwesome.ttf' (139K)
[2017.07.20-18.10.28:779][  0]LogRenderer: Reallocating scene render targets to support 1616x808 NumSamples 1 (Frame:1).
[2017.07.20-18.10.28:907][  0]LogUObjectGlobals:Warning: Failed to find object 'Class None.'
[2017.07.20-18.10.28:965][  0]LogContentBrowser: Native class hierarchy updated for 'HierarchicalLODOutliner' in 0.0005 seconds. Added 1 classes and 2 folders.
[2017.07.20-18.10.28:965][  0]LogLoad: (Engine Initialization) Total time: 20.92 seconds
[2017.07.20-18.10.28:965][  0]LogLoad: (Engine Initialization) Total Blueprint compile time: 0.04 seconds
[2017.07.20-18.10.28:965][  0]LogExternalProfiler: No external profilers were discovered.  External profiling features will not be available.
[2017.07.20-18.10.28:976][  0]LogWindowsTextInputMethodSystem:Display: IME system now deactivated.
[2017.07.20-18.10.28:977][  0]LogOcInput: OculusInput pre-init called
[2017.07.20-18.10.28:987][  0]LogOcInput: OculusInput is initialized. Init status 0. Runtime version: 1.16.0
[2017.07.20-18.10.28:987][  0]LogHMD: Starting GearVRController plugin
[2017.07.20-18.10.28:999][  0]LogAssetRegistry: Asset discovery search completed in 14.4230 seconds
[2017.07.20-18.10.29:001][  0]LogCollectionManager: Rebuilt the object cache for 0 collections in 0.000001 seconds (found 0 objects)
[2017.07.20-18.10.29:001][  0]LogCollectionManager: Fixed up redirectors for 0 collections in 0.000018 seconds (updated 0 objects)
[2017.07.20-18.10.29:003][  0]LogContentStreaming: Texture pool size now 600 MB
[2017.07.20-18.10.43:803][470]LogSlate: Took 0.000114 seconds to synchronously load lazily loaded font '../../../Engine/Content/Slate/Fonts/Roboto-Light.ttf' (159K)
[2017.07.20-18.10.44:235][470]LogAIModule: Creating AISystem for world Prototype
[2017.07.20-18.10.44:260][470]Cmd: MAP LOAD FILE="../../../../../../Users/scott/Documents/GitHub/VR/VR/Content/Scenes/Prototype.umap" TEMPLATE=0 SHOWPROGRESS=1 FEATURELEVEL=3
[2017.07.20-18.10.44:260][470]LightingResults: New page: Lighting Build
[2017.07.20-18.10.44:261][470]LoadErrors: New page: Loading map: Prototype.umap
[2017.07.20-18.10.44:261][470]MapCheck: New page: Map Check
[2017.07.20-18.10.44:261][470]LightingResults: New page: Lighting Build
[2017.07.20-18.10.44:275][470]LogEditorServer: Finished looking for orphan Actors (0.000 secs)
[2017.07.20-18.10.44:297][470]Cmd: MAP CHECKDEP NOCLEARLOG
[2017.07.20-18.10.44:347][470]MapCheck: Info Map check complete: 0 Error(s), 0 Warning(s), took 50.905ms to complete.
[2017.07.20-18.10.44:347][470]LogFileHelpers: Loading map 'Prototype' took 0.088
[2017.07.20-18.13.01:238][867]MapCheck: New page: Map Check
[2017.07.20-18.13.01:256][867]Cmd: MAP REBUILD ALLVISIBLE
[2017.07.20-18.13.01:256][867]LogEditorServer: Rebuildmap Clear paths rebuilt
[2017.07.20-18.13.03:902][867]LogEditorServer: Cleared 8 NULL BSP materials after rebuild.
[2017.07.20-18.13.03:902][867]LightingResults: New page: Lighting Build - 20 Jul 2017 20:13:03
[2017.07.20-18.13.03:988][867]LogSwarmInterface: [OpenConnection] Registering TCP channel ...
[2017.07.20-18.13.04:108][867]LogSwarmInterface: [OpenConnection] Connecting to agent ...
[2017.07.20-18.13.04:116][867]LogSwarmInterface: [TryOpenConnection] Testing the Agent
[2017.07.20-18.13.04:625][867]LogSwarmInterface: [TryOpenConnection] Opening Connection to Agent
[2017.07.20-18.13.04:625][867]LogSwarmInterface: [TryOpenConnection] Local Process ID is 17692
[2017.07.20-18.13.07:424][867]LogStaticLightingSystem: Running Lightmass w/ ImmediateImport mode ENABLED
[2017.07.20-18.13.07:424][867]LogStaticLightingSystem: Running Lightmass w/ ImmediateProcess mode ENABLED
[2017.07.20-18.13.07:424][867]LogStaticLightingSystem: Running Lightmass w/ Sorting mode ENABLED
[2017.07.20-18.13.07:424][867]LogStaticLightingSystem: Running Lightmass w/ Mapping paddings ENABLED
[2017.07.20-18.13.07:424][867]LogStaticLightingSystem: Running Lightmass w/ Mapping debug paddings DISABLED
[2017.07.20-18.13.07:650][867]LogEditorBuildUtils: Build time 0:06
[2017.07.20-18.13.07:666][867]LogMaterial: Missing cached shader map for material FLightmassMaterialRenderer M_Concrete_Grime, compiling. 
[2017.07.20-18.13.07:672][867]LogMaterial: Missing cached shader map for material FLightmassMaterialRenderer M_Concrete_Grime, compiling. 
[2017.07.20-18.13.07:699][868]LogMaterial: Missing cached shader map for material FLightmassMaterialRenderer M_Brick_Clay_Old, compiling. 
[2017.07.20-18.13.07:707][868]LogMaterial: Missing cached shader map for material FLightmassMaterialRenderer M_Brick_Clay_Old, compiling. 
[2017.07.20-18.13.11:181][ 78]Job is a success!
[2017.07.20-18.13.11:599][ 79]LogTexture:Display: Building textures: HQ_Lightmap0_1 (AutoDXT, 1024X1024)
[2017.07.20-18.13.11:599][ 79]LogTexture:Display: Building textures: HQ_Lightmap0_2 (AutoDXT, 64X64)
[2017.07.20-18.13.11:599][ 79]LogTexture:Display: Building textures: LQ_Lightmap_0_1 (DXT1, 1024X1024)
[2017.07.20-18.13.11:599][ 79]LogTexture:Display: Building textures: LQ_Lightmap_0_2 (DXT1, 64X64)
[2017.07.20-18.13.11:721][ 79]LogTexture:Display: Building textures: ShadowMapTexture2D_1 (G8, 32X32)
[2017.07.20-18.13.11:721][ 79]LogTexture:Display: Building textures: ShadowMapTexture2D_0 (G8, 1024X512)
[2017.07.20-18.13.11:745][ 79]Lightmass on SCOTTPC: 2.52 sec total, 93 ms importing, 25 ms setup, 446 ms photons, 1.92 sec processing, 0 ms extra exporting [639/639 mappings]. Threads: 13.2 sec total, 6.10 sec processing.
[2017.07.20-18.13.11:799][ 79]LogStaticLightingSystem: Illumination: 7.88 sec (218 ms encoding lightmaps, 115 ms encoding shadowmaps)
[2017.07.20-18.13.11:799][ 79]LogStaticLightingSystem: Lightmap texture memory:  2.0 MB (0.0 MB streaming, 2.0 MB non-streaming), 4 textures
[2017.07.20-18.13.11:799][ 79]LogStaticLightingSystem: Shadowmap texture memory: 0.7 MB (0.0 MB streaming, 0.7 MB non-streaming), 2 textures
[2017.07.20-18.13.12:433][ 79]DumpUnbuiltLightIteractions
[2017.07.20-18.13.12:433][ 79]Lights with unbuilt interactions: 0
[2017.07.20-18.13.12:433][ 79]
[2017.07.20-18.13.12:433][ 79]Primitives with unbuilt interactions: 0
[2017.07.20-18.13.12:437][ 80]Cmd: MAP CHECK NOTIFYRESULTS
[2017.07.20-18.13.12:437][ 80]MapCheck: New page: Prototype - 20 Jul 2017 20:13:12
[2017.07.20-18.13.12:491][ 80]MapCheck: Info Map check complete: 0 Error(s), 0 Warning(s), took 54.105ms to complete.
[2017.07.20-18.15.30:682][204]LogSlate: Took 0.000223 seconds to synchronously load lazily loaded font '../../../Engine/Content/Editor/Slate/Fonts/Roboto-Italic.ttf' (157K)
[2017.07.20-18.15.33:840][576]Cmd: CAMERA ALIGN ACTIVEVIEWPORTONLY
[2017.07.20-18.15.45:090][867]LogEditorViewport: Clicking on Actor (LMB): DirectionalLight (DirectionalLight)
[2017.07.20-18.15.49:790][419]Cmd: TRANSACTION UNDO
[2017.07.20-18.15.49:790][419]LogEditorTransaction: Undo Rotate Actors
[2017.07.20-18.15.49:812][419]LogSlate: Took 0.000188 seconds to synchronously load lazily loaded font '../../../Engine/Content/Slate/Fonts/Roboto-Light.ttf' (159K)
[2017.07.20-18.15.57:125][230]MapCheck: New page: Map Check
[2017.07.20-18.15.57:143][230]Cmd: MAP REBUILD ALLVISIBLE
[2017.07.20-18.15.57:144][230]LogEditorServer: Rebuildmap Clear paths rebuilt
[2017.07.20-18.15.59:901][230]LogMaterial: Missing cached shader map for material FDebugViewModeMaterialProxy WorldGridMaterial, compiling. Is special engine material.
[2017.07.20-18.15.59:907][230]LogMaterial: Missing cached shader map for material FDebugViewModeMaterialProxy M_Metal_Rust, compiling. 
[2017.07.20-18.15.59:911][230]LogMaterial: Missing cached shader map for material FDebugViewModeMaterialProxy M_Brick_Cut_Stone, compiling. 
[2017.07.20-18.15.59:917][230]LogMaterial: Missing cached shader map for material FDebugViewModeMaterialProxy M_Rock_Sandstone, compiling. 
[2017.07.20-18.15.59:922][230]LogMaterial: Missing cached shader map for material FDebugViewModeMaterialProxy M_Concrete_Grime, compiling. 
[2017.07.20-18.15.59:928][230]LogMaterial: Missing cached shader map for material FDebugViewModeMaterialProxy M_Brick_Clay_Old, compiling. 
[2017.07.20-18.15.59:933][230]LogMaterial: Missing cached shader map for material FDebugViewModeMaterialProxy MatineeCam_mat, compiling. 
[2017.07.20-18.15.59:937][230]LogMaterial: Missing cached shader map for material FDebugViewModeMaterialProxy MaterialInstanceDynamic_47, compiling. 
[2017.07.20-18.16.00:744][230]TextureStreamingBuild:Display: Compiling optional shaders took 0.848 seconds.
[2017.07.20-18.16.00:758][230]LogLevel:Display: Export Material TexCoord Scales took 0.014 seconds.
[2017.07.20-18.16.00:762][230]TextureStreamingBuild:Display: Build Texture Streaming took 0.004 seconds.
[2017.07.20-18.16.00:769][230]LightingResults: New page: Lighting Build - 20 Jul 2017 20:16:00
[2017.07.20-18.16.00:831][230]LogSwarmInterface: [OpenConnection] Registering TCP channel ...
[2017.07.20-18.16.00:836][230]LogSwarmInterface: [OpenConnection] Connecting to agent ...
[2017.07.20-18.16.00:836][230]LogSwarmInterface: [TryOpenConnection] Testing the Agent
[2017.07.20-18.16.00:837][230]LogSwarmInterface: [TryOpenConnection] Opening Connection to Agent
[2017.07.20-18.16.00:837][230]LogSwarmInterface: [TryOpenConnection] Local Process ID is 17692
[2017.07.20-18.16.05:361][230]LogStaticLightingSystem: Running Lightmass w/ ImmediateImport mode ENABLED
[2017.07.20-18.16.05:361][230]LogStaticLightingSystem: Running Lightmass w/ ImmediateProcess mode ENABLED
[2017.07.20-18.16.05:361][230]LogStaticLightingSystem: Running Lightmass w/ Sorting mode ENABLED
[2017.07.20-18.16.05:361][230]LogStaticLightingSystem: Running Lightmass w/ Mapping paddings ENABLED
[2017.07.20-18.16.05:361][230]LogStaticLightingSystem: Running Lightmass w/ Mapping debug paddings DISABLED
[2017.07.20-18.16.05:558][230]Cmd: MAP CHECK DONTDISPLAYDIALOG
[2017.07.20-18.16.05:558][230]MapCheck: New page: Prototype - 20 Jul 2017 20:16:05
[2017.07.20-18.16.05:558][230]MapCheck:Error: Error WorldSettings Maps need lighting rebuilt 
[2017.07.20-18.16.05:614][230]MapCheck: Info Map check complete: 1 Error(s), 0 Warning(s), took 56.308ms to complete.
[2017.07.20-18.16.05:637][230]LogEditorBuildUtils: Build time 0:08
[2017.07.20-18.16.05:663][230]LogMaterial: Missing cached shader map for material FLightmassMaterialRenderer MaterialInstanceDynamic_47, compiling. 
[2017.07.20-18.16.05:667][230]LogMaterial: Missing cached shader map for material FLightmassMaterialRenderer MaterialInstanceDynamic_47, compiling. 
[2017.07.20-18.16.08:807][394]Job is a success!
[2017.07.20-18.16.09:242][395]LogTexture:Display: Building textures: HQ_Lightmap1_1 (AutoDXT, 1024X1024)
[2017.07.20-18.16.09:242][395]LogTexture:Display: Building textures: LQ_Lightmap_1_1 (DXT1, 1024X1024)
[2017.07.20-18.16.09:242][395]LogTexture:Display: Building textures: HQ_Lightmap1_2 (AutoDXT, 64X64)
[2017.07.20-18.16.09:242][395]LogTexture:Display: Building textures: LQ_Lightmap_1_2 (DXT1, 64X64)
[2017.07.20-18.16.09:243][395]LogTexture:Display: Building textures: HQ_Lightmap0_3 (AutoDXT, 64X64)
[2017.07.20-18.16.09:243][395]LogTexture:Display: Building textures: LQ_Lightmap_0_3 (DXT1, 64X64)
[2017.07.20-18.16.09:360][395]LogTexture:Display: Building textures: ShadowMapTexture2D_3 (G8, 32X32)
[2017.07.20-18.16.09:360][395]LogTexture:Display: Building textures: ShadowMapTexture2D_4 (G8, 32X32)
[2017.07.20-18.16.09:360][395]LogTexture:Display: Building textures: ShadowMapTexture2D_2 (G8, 1024X512)
[2017.07.20-18.16.09:374][395]Lightmass on SCOTTPC: 2.52 sec total, 96 ms importing, 30 ms setup, 454 ms photons, 1.90 sec processing, 0 ms extra exporting [640/640 mappings]. Threads: 13.1 sec total, 6.14 sec processing.
[2017.07.20-18.16.09:428][395]LogStaticLightingSystem: Illumination: 8.63 sec (237 ms encoding lightmaps, 114 ms encoding shadowmaps)
[2017.07.20-18.16.09:428][395]LogStaticLightingSystem: Lightmap texture memory:  2.0 MB (0.0 MB streaming, 2.0 MB non-streaming), 6 textures
[2017.07.20-18.16.09:428][395]LogStaticLightingSystem: Shadowmap texture memory: 0.7 MB (0.0 MB streaming, 0.7 MB non-streaming), 3 textures
[2017.07.20-18.16.10:367][395]DumpUnbuiltLightIteractions
[2017.07.20-18.16.10:367][395]Lights with unbuilt interactions: 0
[2017.07.20-18.16.10:367][395]
[2017.07.20-18.16.10:367][395]Primitives with unbuilt interactions: 0
[2017.07.20-18.16.10:374][396]Cmd: MAP CHECK NOTIFYRESULTS
[2017.07.20-18.16.10:374][396]MapCheck: New page: Prototype - 20 Jul 2017 20:16:10
[2017.07.20-18.16.10:430][396]MapCheck: Info Map check complete: 0 Error(s), 0 Warning(s), took 55.82ms to complete.
[2017.07.20-18.16.24:346][  9]MapCheck: New page: Map Check
[2017.07.20-18.16.24:360][  9]Cmd: MAP REBUILD ALLVISIBLE
[2017.07.20-18.16.24:360][  9]LogEditorServer: Rebuildmap Clear paths rebuilt
[2017.07.20-18.16.27:088][  9]LogMaterial: Missing cached shader map for material FDebugViewModeMaterialProxy WorldGridMaterial, compiling. Is special engine material.
[2017.07.20-18.16.27:093][  9]LogMaterial: Missing cached shader map for material FDebugViewModeMaterialProxy M_Metal_Rust, compiling. 
[2017.07.20-18.16.27:098][  9]LogMaterial: Missing cached shader map for material FDebugViewModeMaterialProxy M_Brick_Cut_Stone, compiling. 
[2017.07.20-18.16.27:103][  9]LogMaterial: Missing cached shader map for material FDebugViewModeMaterialProxy M_Rock_Sandstone, compiling. 
[2017.07.20-18.16.27:109][  9]LogMaterial: Missing cached shader map for material FDebugViewModeMaterialProxy M_Concrete_Grime, compiling. 
[2017.07.20-18.16.27:114][  9]LogMaterial: Missing cached shader map for material FDebugViewModeMaterialProxy M_Brick_Clay_Old, compiling. 
[2017.07.20-18.16.27:119][  9]LogMaterial: Missing cached shader map for material FDebugViewModeMaterialProxy MatineeCam_mat, compiling. 
[2017.07.20-18.16.27:125][  9]LogMaterial: Missing cached shader map for material FDebugViewModeMaterialProxy MaterialInstanceDynamic_48, compiling. 
[2017.07.20-18.16.27:953][  9]TextureStreamingBuild:Display: Compiling optional shaders took 0.869 seconds.
[2017.07.20-18.16.27:959][  9]LogLevel:Display: Export Material TexCoord Scales took 0.005 seconds.
[2017.07.20-18.16.27:963][  9]TextureStreamingBuild:Display: Build Texture Streaming took 0.004 seconds.
[2017.07.20-18.16.27:971][  9]LightingResults: New page: Lighting Build - 20 Jul 2017 20:16:27
[2017.07.20-18.16.28:031][  9]LogSwarmInterface: [OpenConnection] Registering TCP channel ...
[2017.07.20-18.16.28:034][  9]LogSwarmInterface: [OpenConnection] Connecting to agent ...
[2017.07.20-18.16.28:034][  9]LogSwarmInterface: [TryOpenConnection] Testing the Agent
[2017.07.20-18.16.28:035][  9]LogSwarmInterface: [TryOpenConnection] Opening Connection to Agent
[2017.07.20-18.16.28:035][  9]LogSwarmInterface: [TryOpenConnection] Local Process ID is 17692
[2017.07.20-18.16.32:552][  9]LogStaticLightingSystem: Running Lightmass w/ ImmediateImport mode ENABLED
[2017.07.20-18.16.32:552][  9]LogStaticLightingSystem: Running Lightmass w/ ImmediateProcess mode ENABLED
[2017.07.20-18.16.32:553][  9]LogStaticLightingSystem: Running Lightmass w/ Sorting mode ENABLED
[2017.07.20-18.16.32:553][  9]LogStaticLightingSystem: Running Lightmass w/ Mapping paddings ENABLED
[2017.07.20-18.16.32:553][  9]LogStaticLightingSystem: Running Lightmass w/ Mapping debug paddings DISABLED
[2017.07.20-18.16.32:721][  9]Cmd: MAP CHECK DONTDISPLAYDIALOG
[2017.07.20-18.16.32:722][  9]MapCheck: New page: Prototype - 20 Jul 2017 20:16:32
[2017.07.20-18.16.32:722][  9]MapCheck:Error: Error WorldSettings Maps need lighting rebuilt 
[2017.07.20-18.16.32:777][  9]MapCheck: Info Map check complete: 1 Error(s), 0 Warning(s), took 56.017ms to complete.
[2017.07.20-18.16.32:799][  9]LogEditorBuildUtils: Build time 0:08
[2017.07.20-18.16.35:573][ 18]Job is a success!
[2017.07.20-18.16.36:321][ 19]LogTexture:Display: Building textures: HQ_Lightmap0_1 (AutoDXT, 1024X1024)
[2017.07.20-18.16.36:321][ 19]LogTexture:Display: Building textures: LQ_Lightmap_0_2 (DXT1, 64X64)
[2017.07.20-18.16.36:321][ 19]LogTexture:Display: Building textures: LQ_Lightmap_0_1 (DXT1, 1024X1024)
[2017.07.20-18.16.36:321][ 19]LogTexture:Display: Building textures: HQ_Lightmap0_2 (AutoDXT, 64X64)
[2017.07.20-18.16.36:321][ 19]LogTexture:Display: Building textures: HQ_Lightmap1_3 (AutoDXT, 64X64)
[2017.07.20-18.16.36:321][ 19]LogTexture:Display: Building textures: LQ_Lightmap_1_3 (DXT1, 64X64)
[2017.07.20-18.16.36:429][ 19]LogTexture:Display: Building textures: ShadowMapTexture2D_6 (G8, 32X32)
[2017.07.20-18.16.36:429][ 19]LogTexture:Display: Building textures: ShadowMapTexture2D_7 (G8, 32X32)
[2017.07.20-18.16.36:429][ 19]LogTexture:Display: Building textures: ShadowMapTexture2D_5 (G8, 1024X512)
[2017.07.20-18.16.36:451][ 19]Lightmass on SCOTTPC: 2.72 sec total, 82 ms importing, 24 ms setup, 419 ms photons, 2.15 sec processing, 0 ms extra exporting [640/640 mappings]. Threads: 14.9 sec total, 5.35 sec processing.
[2017.07.20-18.16.36:488][ 19]LogStaticLightingSystem: Illumination: 8.17 sec (215 ms encoding lightmaps, 107 ms encoding shadowmaps)
[2017.07.20-18.16.36:488][ 19]LogStaticLightingSystem: Lightmap texture memory:  2.0 MB (0.0 MB streaming, 2.0 MB non-streaming), 6 textures
[2017.07.20-18.16.36:488][ 19]LogStaticLightingSystem: Shadowmap texture memory: 0.7 MB (0.0 MB streaming, 0.7 MB non-streaming), 3 textures
[2017.07.20-18.16.36:559][ 19]DumpUnbuiltLightIteractions
[2017.07.20-18.16.36:559][ 19]Lights with unbuilt interactions: 0
[2017.07.20-18.16.36:559][ 19]
[2017.07.20-18.16.36:559][ 19]Primitives with unbuilt interactions: 0
[2017.07.20-18.16.36:566][ 20]Cmd: MAP CHECK NOTIFYRESULTS
[2017.07.20-18.16.36:566][ 20]MapCheck: New page: Prototype - 20 Jul 2017 20:16:36
[2017.07.20-18.16.36:621][ 20]MapCheck: Info Map check complete: 0 Error(s), 0 Warning(s), took 55.556ms to complete.
[2017.07.20-18.17.21:285][596]Cmd: TRANSACTION UNDO
[2017.07.20-18.17.21:285][596]LogEditorTransaction: Undo Rotate Actors
[2017.07.20-18.17.34:351][128]Cmd: TRANSACTION UNDO
[2017.07.20-18.17.34:351][128]LogEditorTransaction: Undo Edit Refresh Material
[2017.07.20-18.18.00:704][233]Cmd: TRANSACTION UNDO
[2017.07.20-18.18.00:704][233]LogEditorTransaction: Undo Edit Sun Brightness
[2017.07.20-18.18.12:289][604]LogEditorViewport: Clicking on Component (context menu): StaticMeshComponent (Sky Sphere mesh)
[2017.07.20-18.19.21:570][496]Cmd: OBJ SAVEPACKAGE PACKAGE="/Game/Scenes/Prototype" FILE="../../../../../../Users/scott/Documents/GitHub/VR/VR/Content/Scenes/Prototype.umap" SILENT=true AUTOSAVING=false KEEPDIRTY=false
[2017.07.20-18.19.21:858][496]LogSavePackage: Save=261.45ms
[2017.07.20-18.19.21:858][496]LogSavePackage: Moving '../../../../../../Users/scott/Documents/GitHub/VR/VR/Saved/PrototypeDEE30E8F47806797EF88A888A6AF48D6.tmp' to '../../../../../../Users/scott/Documents/GitHub/VR/VR/Content/Scenes/Prototype.umap'
[2017.07.20-18.19.21:864][496]LogSavePackage:Display: Finished SavePackage ../../../../../../Users/scott/Documents/GitHub/VR/VR/Content/Scenes/Prototype.umap
[2017.07.20-18.19.21:903][496]Cmd: OBJ SAVEPACKAGE PACKAGE="/Game/Scenes/Prototype_BuiltData" FILE="../../../../../../Users/scott/Documents/GitHub/VR/VR/Content/Scenes/Prototype_BuiltData.uasset" SILENT=true
[2017.07.20-18.19.21:977][496]LogSavePackage: Save=67.18ms
[2017.07.20-18.19.21:977][496]LogSavePackage: Moving '../../../../../../Users/scott/Documents/GitHub/VR/VR/Saved/Prototype_BuiltDataC1F0483C49A45530B1F0018D99FDBEC1.tmp' to '../../../../../../Users/scott/Documents/GitHub/VR/VR/Content/Scenes/Prototype_BuiltData.uasset'
[2017.07.20-18.19.21:982][496]LogSavePackage:Display: Finished SavePackage ../../../../../../Users/scott/Documents/GitHub/VR/VR/Content/Scenes/Prototype_BuiltData.uasset
[2017.07.20-18.19.25:059][858]MapCheck: New page: Map Check
[2017.07.20-18.19.25:071][858]Cmd: MAP REBUILD ALLVISIBLE
[2017.07.20-18.19.25:071][858]LogEditorServer: Rebuildmap Clear paths rebuilt
[2017.07.20-18.19.27:712][858]LogMaterial: Missing cached shader map for material FDebugViewModeMaterialProxy WorldGridMaterial, compiling. Is special engine material.
[2017.07.20-18.19.27:717][858]LogMaterial: Missing cached shader map for material FDebugViewModeMaterialProxy M_Metal_Rust, compiling. 
[2017.07.20-18.19.27:722][858]LogMaterial: Missing cached shader map for material FDebugViewModeMaterialProxy M_Brick_Cut_Stone, compiling. 
[2017.07.20-18.19.27:727][858]LogMaterial: Missing cached shader map for material FDebugViewModeMaterialProxy M_Rock_Sandstone, compiling. 
[2017.07.20-18.19.27:732][858]LogMaterial: Missing cached shader map for material FDebugViewModeMaterialProxy M_Concrete_Grime, compiling. 
[2017.07.20-18.19.27:737][858]LogMaterial: Missing cached shader map for material FDebugViewModeMaterialProxy M_Brick_Clay_Old, compiling. 
[2017.07.20-18.19.27:742][858]LogMaterial: Missing cached shader map for material FDebugViewModeMaterialProxy MaterialInstanceDynamic_1367, compiling. 
[2017.07.20-18.19.27:746][858]LogMaterial: Missing cached shader map for material FDebugViewModeMaterialProxy MatineeCam_mat, compiling. 
[2017.07.20-18.19.28:498][858]TextureStreamingBuild:Display: Compiling optional shaders took 0.789 seconds.
[2017.07.20-18.19.28:504][858]LogLevel:Display: Export Material TexCoord Scales took 0.006 seconds.
[2017.07.20-18.19.28:508][858]TextureStreamingBuild:Display: Build Texture Streaming took 0.004 seconds.
[2017.07.20-18.19.28:514][858]LightingResults: New page: Lighting Build - 20 Jul 2017 20:19:28
[2017.07.20-18.19.28:571][858]LogSwarmInterface: [OpenConnection] Registering TCP channel ...
[2017.07.20-18.19.28:574][858]LogSwarmInterface: [OpenConnection] Connecting to agent ...
[2017.07.20-18.19.28:574][858]LogSwarmInterface: [TryOpenConnection] Testing the Agent
[2017.07.20-18.19.28:575][858]LogSwarmInterface: [TryOpenConnection] Opening Connection to Agent
[2017.07.20-18.19.28:575][858]LogSwarmInterface: [TryOpenConnection] Local Process ID is 17692
[2017.07.20-18.19.33:095][858]LogStaticLightingSystem: Running Lightmass w/ ImmediateImport mode ENABLED
[2017.07.20-18.19.33:095][858]LogStaticLightingSystem: Running Lightmass w/ ImmediateProcess mode ENABLED
[2017.07.20-18.19.33:095][858]LogStaticLightingSystem: Running Lightmass w/ Sorting mode ENABLED
[2017.07.20-18.19.33:095][858]LogStaticLightingSystem: Running Lightmass w/ Mapping paddings ENABLED
[2017.07.20-18.19.33:095][858]LogStaticLightingSystem: Running Lightmass w/ Mapping debug paddings DISABLED
[2017.07.20-18.19.33:273][858]Cmd: MAP CHECK DONTDISPLAYDIALOG
[2017.07.20-18.19.33:273][858]MapCheck: New page: Prototype - 20 Jul 2017 20:19:33
[2017.07.20-18.19.33:273][858]MapCheck:Error: Error WorldSettings Maps need lighting rebuilt 
[2017.07.20-18.19.33:327][858]MapCheck: Info Map check complete: 1 Error(s), 0 Warning(s), took 54.36ms to complete.
[2017.07.20-18.19.33:349][858]LogEditorBuildUtils: Build time 0:08
[2017.07.20-18.19.36:023][ 17]Job is a success!
[2017.07.20-18.19.36:469][ 18]LogTexture:Display: Building textures: HQ_Lightmap1_1 (AutoDXT, 1024X1024)
[2017.07.20-18.19.36:469][ 18]LogTexture:Display: Building textures: LQ_Lightmap_1_1 (DXT1, 1024X1024)
[2017.07.20-18.19.36:469][ 18]LogTexture:Display: Building textures: HQ_Lightmap1_2 (AutoDXT, 64X64)
[2017.07.20-18.19.36:469][ 18]LogTexture:Display: Building textures: LQ_Lightmap_1_2 (DXT1, 64X64)
[2017.07.20-18.19.36:469][ 18]LogTexture:Display: Building textures: HQ_Lightmap0_3 (AutoDXT, 64X64)
[2017.07.20-18.19.36:469][ 18]LogTexture:Display: Building textures: LQ_Lightmap_0_3 (DXT1, 64X64)
[2017.07.20-18.19.36:591][ 18]LogTexture:Display: Building textures: ShadowMapTexture2D_9 (G8, 32X32)
[2017.07.20-18.19.36:591][ 18]LogTexture:Display: Building textures: ShadowMapTexture2D_10 (G8, 32X32)
[2017.07.20-18.19.36:591][ 18]LogTexture:Display: Building textures: ShadowMapTexture2D_8 (G8, 1024X512)
[2017.07.20-18.19.36:606][ 18]Lightmass on SCOTTPC: 2.58 sec total, 98 ms importing, 26 ms setup, 448 ms photons, 1.97 sec processing, 0 ms extra exporting [640/640 mappings]. Threads: 13.6 sec total, 6.56 sec processing.
[2017.07.20-18.19.36:659][ 18]LogStaticLightingSystem: Illumination: 8.12 sec (247 ms encoding lightmaps, 119 ms encoding shadowmaps)
[2017.07.20-18.19.36:659][ 18]LogStaticLightingSystem: Lightmap texture memory:  2.0 MB (0.0 MB streaming, 2.0 MB non-streaming), 6 textures
[2017.07.20-18.19.36:659][ 18]LogStaticLightingSystem: Shadowmap texture memory: 0.7 MB (0.0 MB streaming, 0.7 MB non-streaming), 3 textures
[2017.07.20-18.19.37:103][ 18]DumpUnbuiltLightIteractions
[2017.07.20-18.19.37:103][ 18]Lights with unbuilt interactions: 0
[2017.07.20-18.19.37:103][ 18]
[2017.07.20-18.19.37:103][ 18]Primitives with unbuilt interactions: 0
[2017.07.20-18.19.37:112][ 19]Cmd: MAP CHECK NOTIFYRESULTS
[2017.07.20-18.19.37:112][ 19]MapCheck: New page: Prototype - 20 Jul 2017 20:19:37
[2017.07.20-18.19.37:490][ 19]MapCheck: Info Map check complete: 0 Error(s), 0 Warning(s), took 377.72ms to complete.
[2017.07.20-18.20.00:042][697]LogTemp: Repeting last play command: VR Preview
[2017.07.20-18.20.00:077][697]LogPlayLevel: PlayLevel: No blueprints needed recompiling
[2017.07.20-18.20.00:079][697]OCULUS: Debug: [HMDState] Using default profile Scott
[2017.07.20-18.20.00:079][697]OCULUS: Info: IAD changed to 63.5mm
[2017.07.20-18.20.00:079][697]OCULUS: Debug: Creating factory
[2017.07.20-18.20.00:079][697]LogHMD: New ovr session is created
[2017.07.20-18.20.00:079][697]LogHMD: HMD Oculus Rift DK2, res = 1920 x 1080
[2017.07.20-18.20.00:079][697]PIE: New page: PIE session: Prototype (20 Jul 2017 20:20:00)
[2017.07.20-18.20.00:079][697]LogPlayLevel: Creating play world package: /Game/Scenes/UEDPIE_0_Prototype
[2017.07.20-18.20.00:107][697]LogPlayLevel: PIE: StaticDuplicateObject took: (0.028007s)
[2017.07.20-18.20.00:108][697]LogAIModule: Creating AISystem for world Prototype
[2017.07.20-18.20.00:108][697]LogPlayLevel: PIE: World Init took: (0.000651s)
[2017.07.20-18.20.00:108][697]LogPlayLevel: PIE: Created PIE world by copying editor world from /Game/Scenes/Prototype.Prototype to /Game/Scenes/UEDPIE_0_Prototype.Prototype (0.028853s)
[2017.07.20-18.20.00:117][697]LogHMD: Vision Tracking Acquired
[2017.07.20-18.20.00:127][697]LogInit: XAudio2 using 'Main Speakers (Realtek High Definition Audio)' : 2 channels at 48 kHz using 32 bits per sample (channel mask 0x3)
[2017.07.20-18.20.00:143][697]LogInit: FAudioDevice initialized.
[2017.07.20-18.20.00:255][697]LogUObjectGlobals:Warning: Failed to find object 'Class None.'
[2017.07.20-18.20.00:255][697]LogLoad: Game class is 'GameModeBase'
[2017.07.20-18.20.00:259][697]LogWorld: Bringing World /Game/Scenes/UEDPIE_0_Prototype.Prototype up for play (max tick rate 0) at 2017.07.20-19.20.00
[2017.07.20-18.20.00:259][697]LogWorld: Bringing up level for play took: 0.002417
[2017.07.20-18.20.00:297][697]LogContentBrowser: Native class hierarchy updated for 'MovieSceneCapture' in 0.0006 seconds. Added 11 classes and 0 folders.
[2017.07.20-18.20.00:304][697]PIE: Info Play in editor start time for /Game/Scenes/UEDPIE_0_Prototype 0.138
[2017.07.20-18.20.00:310][697]LogHMD: Reallocation of eye buffer was requested
[2017.07.20-18.20.00:313][697]LogHMD: Allocated a new swap texture set (size 2392 x 1472, mipcount = 1, format = RGBA8), 0x00000257EC8665B0
[2017.07.20-18.20.00:340][697]LogRenderer: Reallocating scene render targets to support 2392x1472 NumSamples 1 (Frame:1).
[2017.07.20-18.20.04:984][ 46]LogHMD: Lost Vision Tracking
[2017.07.20-18.20.05:343][ 73]LogHMD: Vision Tracking Acquired
[2017.07.20-18.20.08:264][292]OCULUS: Error: WaitableTimer slept too long/short (i.e. 2.045741 ms)
[2017.07.20-18.20.17:306][970]OCULUS: Error: WaitableTimer slept too long/short (i.e. 3.246499 ms)
[2017.07.20-18.20.20:320][196]OCULUS: Error: WaitableTimer slept too long/short (i.e. 3.897474 ms)
[2017.07.20-18.20.55:292][818]LogHMD: Destroying ovr session
[2017.07.20-18.20.55:293][818]LogHMD: Freeing textureSet 0x00000257EC8665B0
[2017.07.20-18.21.05:486][  3]LogEditorViewport: Clicking on Actor (LMB): StaticMeshActor (Base)
[2017.07.20-18.21.05:666][ 17]Cmd: CAMERA ALIGN ACTIVEVIEWPORTONLY
[2017.07.20-18.21.57:108][954]Cmd: TRANSACTION UNDO
[2017.07.20-18.21.57:108][954]LogEditorTransaction: Undo Create Actors
[2017.07.20-18.22.20:455][640]Cmd: DELETE
[2017.07.20-18.22.20:455][640]Cmd: ACTOR DELETE
[2017.07.20-18.22.20:458][640]LogEditorActor: Deleted Actor: Character
[2017.07.20-18.22.20:465][640]LogEditorActor: Deleted 1 Actors (0.010 secs)
[2017.07.20-18.22.29:847][740]LogMaterial: Missing cached shader map for material M_Chair, compiling. 
[2017.07.20-18.22.29:957][747]LogActorFactory: Actor Factory created SM_Chair
[2017.07.20-18.22.30:519][800]LogActorFactory: Actor Factory created SM_Chair
[2017.07.20-18.22.39:190][745]LogEditorViewport: Clicking on Actor (LMB): MotionControllerPawn_C (VRPawn)
[2017.07.20-18.22.39:939][827]LogEditorViewport: Clicking on Actor (LMB): StaticMeshActor (SM_Chair)
[2017.07.20-18.22.42:434][ 64]LogEditorViewport: Clicking on Actor (LMB): MotionControllerPawn_C (VRPawn)
[2017.07.20-18.22.50:548][975]LogEditorViewport: Clicking on Actor (LMB): StaticMeshActor (SM_Chair)
[2017.07.20-18.22.51:013][ 22]Cmd: DELETE
[2017.07.20-18.22.51:013][ 22]Cmd: ACTOR DELETE
[2017.07.20-18.22.51:015][ 22]LogEditorActor: Deleted Actor: StaticMeshActor
[2017.07.20-18.22.51:023][ 22]LogEditorActor: Deleted 1 Actors (0.010 secs)
[2017.07.20-18.22.53:083][257]Cmd: OBJ SAVEPACKAGE PACKAGE="/Game/Scenes/Prototype" FILE="../../../../../../Users/scott/Documents/GitHub/VR/VR/Content/Scenes/Prototype.umap" SILENT=true AUTOSAVING=false KEEPDIRTY=false
[2017.07.20-18.22.53:346][257]LogSavePackage: Save=252.58ms
[2017.07.20-18.22.53:346][257]LogSavePackage: Moving '../../../../../../Users/scott/Documents/GitHub/VR/VR/Saved/Prototype0E459DE5434DE47A80E3DD93C932BFF2.tmp' to '../../../../../../Users/scott/Documents/GitHub/VR/VR/Content/Scenes/Prototype.umap'
[2017.07.20-18.22.53:352][257]LogSavePackage:Display: Finished SavePackage ../../../../../../Users/scott/Documents/GitHub/VR/VR/Content/Scenes/Prototype.umap
[2017.07.20-18.22.53:368][257]Cmd: OBJ SAVEPACKAGE PACKAGE="/Game/Scenes/Prototype_BuiltData" FILE="../../../../../../Users/scott/Documents/GitHub/VR/VR/Content/Scenes/Prototype_BuiltData.uasset" SILENT=true
[2017.07.20-18.22.53:435][257]LogSavePackage: Save=61.90ms
[2017.07.20-18.22.53:435][257]LogSavePackage: Moving '../../../../../../Users/scott/Documents/GitHub/VR/VR/Saved/Prototype_BuiltDataC2A707EC4F52D06C09EA1BBAE30FAC2C.tmp' to '../../../../../../Users/scott/Documents/GitHub/VR/VR/Content/Scenes/Prototype_BuiltData.uasset'
[2017.07.20-18.22.53:441][257]LogSavePackage:Display: Finished SavePackage ../../../../../../Users/scott/Documents/GitHub/VR/VR/Content/Scenes/Prototype_BuiltData.uasset
[2017.07.20-18.22.54:099][323]LogEditorViewport: Clicking on Actor (LMB): MotionControllerPawn_C (VRPawn)
[2017.07.20-18.23.04:659][545]Cmd: TRANSACTION UNDO
[2017.07.20-18.23.04:659][545]LogEditorTransaction: Undo Edit Base Eye Height
[2017.07.20-18.23.47:129][562]Cmd: OBJ SAVEPACKAGE PACKAGE="/Game/Scenes/Prototype" FILE="../../../../../../Users/scott/Documents/GitHub/VR/VR/Content/Scenes/Prototype.umap" SILENT=true AUTOSAVING=false KEEPDIRTY=false
[2017.07.20-18.23.47:394][562]LogSavePackage: Save=253.04ms
[2017.07.20-18.23.47:394][562]LogSavePackage: Moving '../../../../../../Users/scott/Documents/GitHub/VR/VR/Saved/PrototypeBD96D8B1433F9843FE354D9A94D1E957.tmp' to '../../../../../../Users/scott/Documents/GitHub/VR/VR/Content/Scenes/Prototype.umap'
[2017.07.20-18.23.47:400][562]LogSavePackage:Display: Finished SavePackage ../../../../../../Users/scott/Documents/GitHub/VR/VR/Content/Scenes/Prototype.umap
[2017.07.20-18.23.47:415][562]Cmd: OBJ SAVEPACKAGE PACKAGE="/Game/Scenes/Prototype_BuiltData" FILE="../../../../../../Users/scott/Documents/GitHub/VR/VR/Content/Scenes/Prototype_BuiltData.uasset" SILENT=true
[2017.07.20-18.23.47:487][562]LogSavePackage: Save=66.80ms
[2017.07.20-18.23.47:487][562]LogSavePackage: Moving '../../../../../../Users/scott/Documents/GitHub/VR/VR/Saved/Prototype_BuiltData18F0B717409635EEE9F22E88EDEEFC81.tmp' to '../../../../../../Users/scott/Documents/GitHub/VR/VR/Content/Scenes/Prototype_BuiltData.uasset'
[2017.07.20-18.23.47:489][562]LogSavePackage:Display: Finished SavePackage ../../../../../../Users/scott/Documents/GitHub/VR/VR/Content/Scenes/Prototype_BuiltData.uasset
[2017.07.20-18.23.53:137][914]Cmd: QUIT_EDITOR
[2017.07.20-18.23.54:091][914]LogWindowsTextInputMethodSystem:Display: IME system now deactivated.
[2017.07.20-18.23.54:099][914]LogExit: Preparing to exit.
[2017.07.20-18.23.55:128][914]LogDirectoryWatcher: A directory notification for 'C:/Users/scott/Documents/GitHub/VR/VR/Content/' was aborted.
[2017.07.20-18.23.55:145][914]LogExit: Editor shut down
[2017.07.20-18.23.55:148][914]LogExit: Transaction tracking system shut down
[2017.07.20-18.23.55:202][914]LogObj: Freed 0b from 0 cluster array pools.
[2017.07.20-18.23.55:202][914]LogExit: Object subsystem successfully closed.
[2017.07.20-18.23.55:215][914]LogD3D11RHI: Shutdown
[2017.07.20-18.23.55:215][914]LogD3D11RHI: CleanupD3DDevice
[2017.07.20-18.23.55:281][914]LogD3D11RHI: ~FD3D11DynamicRHI
[2017.07.20-18.23.55:296][914]LogModuleManager: Shutting down and abandoning module MovieSceneCapture (528)
[2017.07.20-18.23.55:296][914]LogModuleManager: Shutting down and abandoning module HierarchicalLODUtilities (526)
[2017.07.20-18.23.55:296][914]LogModuleManager: Shutting down and abandoning module HierarchicalLODOutliner (524)
[2017.07.20-18.23.55:296][914]LogModuleManager: Shutting down and abandoning module CrashTracker (522)
[2017.07.20-18.23.55:296][914]LogModuleManager: Shutting down and abandoning module SceneOutliner (520)
[2017.07.20-18.23.55:296][914]LogModuleManager: Shutting down and abandoning module AddContentDialog (518)
[2017.07.20-18.23.55:296][914]LogDirectoryWatcher: A directory notification for 'C:/Program Files/Epic Games/UE_4.16/FeaturePacks/' was aborted.
[2017.07.20-18.23.55:297][914]LogModuleManager: Shutting down and abandoning module WidgetCarousel (517)
[2017.07.20-18.23.55:297][914]LogModuleManager: Shutting down and abandoning module EditorWidgets (514)
[2017.07.20-18.23.55:297][914]LogModuleManager: Shutting down and abandoning module CollectionManager (512)
[2017.07.20-18.23.55:297][914]LogDirectoryWatcher: A directory notification for 'C:/Users/scott/Documents/GitHub/VR/VR/Content/Collections/' was aborted.
[2017.07.20-18.23.55:297][914]LogDirectoryWatcher: A directory notification for 'C:/Users/scott/Documents/GitHub/VR/VR/Content/Developers/scott/Collections/' was aborted.
[2017.07.20-18.23.55:297][914]LogDirectoryWatcher: A directory notification for 'C:/Users/scott/Documents/GitHub/VR/VR/Saved/Collections/' was aborted.
[2017.07.20-18.23.55:297][914]LogModuleManager: Shutting down and abandoning module StatsViewer (510)
[2017.07.20-18.23.55:297][914]LogModuleManager: Shutting down and abandoning module FoliageEdit (508)
[2017.07.20-18.23.55:297][914]LogModuleManager: Shutting down and abandoning module LandscapeEditor (506)
[2017.07.20-18.23.55:297][914]LogModuleManager: Shutting down and abandoning module MeshPaintMode (504)
[2017.07.20-18.23.55:297][914]LogModuleManager: Shutting down and abandoning module SceneDepthPickerMode (502)
[2017.07.20-18.23.55:297][914]LogModuleManager: Shutting down and abandoning module ActorPickerMode (500)
[2017.07.20-18.23.55:297][914]LogModuleManager: Shutting down and abandoning module GeometryMode (498)
[2017.07.20-18.23.55:297][914]LogModuleManager: Shutting down and abandoning module TextureAlignMode (496)
[2017.07.20-18.23.55:297][914]LogModuleManager: Shutting down and abandoning module BspMode (494)
[2017.07.20-18.23.55:297][914]LogModuleManager: Shutting down and abandoning module HardwareSurvey (492)
[2017.07.20-18.23.55:297][914]LogModuleManager: Shutting down and abandoning module SequenceRecorderSections (490)
[2017.07.20-18.23.55:297][914]LogModuleManager: Shutting down and abandoning module AutomationWorker (488)
[2017.07.20-18.23.55:297][914]LogModuleManager: Shutting down and abandoning module MatineeToLevelSequence (486)
[2017.07.20-18.23.55:297][914]LogModuleManager: Shutting down and abandoning module LevelSequenceEditor (484)
[2017.07.20-18.23.55:297][914]LogModuleManager: Shutting down and abandoning module PlacementMode (483)
[2017.07.20-18.23.55:299][914]LogModuleManager: Shutting down and abandoning module WmfMediaFactory (480)
[2017.07.20-18.23.55:299][914]LogModuleManager: Shutting down and abandoning module WmfMediaEditor (478)
[2017.07.20-18.23.55:299][914]LogModuleManager: Shutting down and abandoning module AvfMediaFactory (476)
[2017.07.20-18.23.55:299][914]LogModuleManager: Shutting down and abandoning module AvfMediaEditor (474)
[2017.07.20-18.23.55:299][914]LogModuleManager: Shutting down and abandoning module AndroidMediaFactory (472)
[2017.07.20-18.23.55:299][914]LogModuleManager: Shutting down and abandoning module Media (471)
[2017.07.20-18.23.55:299][914]LogModuleManager: Shutting down and abandoning module AndroidMediaEditor (468)
[2017.07.20-18.23.55:299][914]LogModuleManager: Shutting down and abandoning module CharacterAI (466)
[2017.07.20-18.23.55:299][914]LogModuleManager: Shutting down and abandoning module AudioCapture (464)
[2017.07.20-18.23.55:299][914]LogModuleManager: Shutting down and abandoning module SequenceRecorder (463)
[2017.07.20-18.23.55:299][914]LogModuleManager: Shutting down and abandoning module SmartSnapping (460)
[2017.07.20-18.23.55:299][914]LogModuleManager: Shutting down and abandoning module SessionServices (458)
[2017.07.20-18.23.55:299][914]LogModuleManager: Shutting down and abandoning module ViewportSnapping (456)
[2017.07.20-18.23.55:299][914]LogModuleManager: Shutting down and abandoning module ViewportInteraction (454)
[2017.07.20-18.23.55:299][914]LogModuleManager: Shutting down and abandoning module ClothPainter (452)
[2017.07.20-18.23.55:299][914]LogModuleManager: Shutting down and abandoning module LogVisualizer (450)
[2017.07.20-18.23.55:299][914]LogModuleManager: Shutting down and abandoning module IntroTutorials (448)
[2017.07.20-18.23.55:299][914]LogModuleManager: Shutting down and abandoning module GameProjectGeneration (447)
[2017.07.20-18.23.55:299][914]LogModuleManager: Shutting down and abandoning module EditorLiveStreaming (444)
[2017.07.20-18.23.55:299][914]LogModuleManager: Shutting down and abandoning module IOSPlatformEditor (442)
[2017.07.20-18.23.55:299][914]LogModuleManager: Shutting down and abandoning module HTML5PlatformEditor (440)
[2017.07.20-18.23.55:299][914]LogModuleManager: Shutting down and abandoning module AndroidPlatformEditor (438)
[2017.07.20-18.23.55:299][914]LogModuleManager: Shutting down and abandoning module AndroidDeviceDetection (437)
[2017.07.20-18.23.55:892][914]LogModuleManager: Shutting down and abandoning module IOSRuntimeSettings (434)
[2017.07.20-18.23.55:892][914]LogModuleManager: Shutting down and abandoning module AndroidRuntimeSettings (432)
[2017.07.20-18.23.55:892][914]LogModuleManager: Shutting down and abandoning module InputBindingEditor (430)
[2017.07.20-18.23.55:892][914]LogModuleManager: Shutting down and abandoning module MergeActors (428)
[2017.07.20-18.23.55:892][914]LogModuleManager: Shutting down and abandoning module SizeMap (426)
[2017.07.20-18.23.55:892][914]LogModuleManager: Shutting down and abandoning module TreeMap (424)
[2017.07.20-18.23.55:892][914]LogModuleManager: Shutting down and abandoning module ReferenceViewer (422)
[2017.07.20-18.23.55:892][914]LogModuleManager: Shutting down and abandoning module LocalizationDashboard (420)
[2017.07.20-18.23.55:892][914]LogModuleManager: Shutting down and abandoning module LocalizationService (419)
[2017.07.20-18.23.55:892][914]LogModuleManager: Shutting down and abandoning module HardwareTargeting (416)
[2017.07.20-18.23.55:892][914]LogModuleManager: Shutting down and abandoning module DeviceProfileEditor (414)
[2017.07.20-18.23.55:892][914]LogModuleManager: Shutting down and abandoning module UndoHistory (412)
[2017.07.20-18.23.55:892][914]LogModuleManager: Shutting down and abandoning module UserFeedback (410)
[2017.07.20-18.23.55:892][914]LogModuleManager: Shutting down and abandoning module XmlParser (408)
[2017.07.20-18.23.55:892][914]LogModuleManager: Shutting down and abandoning module Blutility (406)
[2017.07.20-18.23.55:892][914]LogModuleManager: Shutting down and abandoning module ProjectSettingsViewer (404)
[2017.07.20-18.23.55:892][914]LogModuleManager: Shutting down and abandoning module ProjectTargetPlatformEditor (403)
[2017.07.20-18.23.55:892][914]LogModuleManager: Shutting down and abandoning module EditorSettingsViewer (400)
[2017.07.20-18.23.55:892][914]LogModuleManager: Shutting down and abandoning module SettingsEditor (398)
[2017.07.20-18.23.55:893][914]LogModuleManager: Shutting down and abandoning module ProjectLauncher (396)
[2017.07.20-18.23.55:893][914]LogModuleManager: Shutting down and abandoning module SessionFrontend (394)
[2017.07.20-18.23.55:893][914]LogModuleManager: Shutting down and abandoning module ProfilerClient (392)
[2017.07.20-18.23.55:893][914]LogModuleManager: Shutting down and abandoning module DeviceManager (390)
[2017.07.20-18.23.55:893][914]LogModuleManager: Shutting down and abandoning module TargetDeviceServices (389)
[2017.07.20-18.23.55:958][914]LogModuleManager: Shutting down and abandoning module AutomationController (386)
[2017.07.20-18.23.55:958][914]LogModuleManager: Shutting down and abandoning module AutomationWindow (384)
[2017.07.20-18.23.55:958][914]LogModuleManager: Shutting down and abandoning module Layers (382)
[2017.07.20-18.23.55:958][914]LogModuleManager: Shutting down and abandoning module ComponentVisualizers (380)
[2017.07.20-18.23.55:958][914]LogModuleManager: Shutting down and abandoning module DetailCustomizations (378)
[2017.07.20-18.23.55:958][914]LogModuleManager: Shutting down and abandoning module PackagesDialog (376)
[2017.07.20-18.23.55:958][914]LogModuleManager: Shutting down and abandoning module Persona (374)
[2017.07.20-18.23.55:958][914]LogModuleManager: Shutting down and abandoning module AdvancedPreviewScene (373)
[2017.07.20-18.23.55:958][914]LogModuleManager: Shutting down and abandoning module AnimGraph (371)
[2017.07.20-18.23.55:958][914]LogModuleManager: Shutting down and abandoning module Kismet (368)
[2017.07.20-18.23.55:959][914]LogModuleManager: Shutting down and abandoning module ClassViewer (366)
[2017.07.20-18.23.55:959][914]LogModuleManager: Shutting down and abandoning module Toolbox (364)
[2017.07.20-18.23.55:959][914]LogModuleManager: Shutting down and abandoning module ModuleUI (362)
[2017.07.20-18.23.55:959][914]LogModuleManager: Shutting down and abandoning module MovieSceneTools (360)
[2017.07.20-18.23.55:959][914]LogModuleManager: Shutting down and abandoning module OutputLog (358)
[2017.07.20-18.23.55:959][914]LogModuleManager: Shutting down and abandoning module GammaUI (356)
[2017.07.20-18.23.55:959][914]LogModuleManager: Shutting down and abandoning module Documentation (354)
[2017.07.20-18.23.55:959][914]LogModuleManager: Shutting down and abandoning module MovieSceneTracks (352)
[2017.07.20-18.23.55:959][914]LogModuleManager: Shutting down and abandoning module MovieScene (350)
[2017.07.20-18.23.55:959][914]LogModuleManager: Shutting down and abandoning module Niagara (348)
[2017.07.20-18.23.55:959][914]LogModuleManager: Shutting down and abandoning module NiagaraEditor (347)
[2017.07.20-18.23.55:959][914]LogModuleManager: Shutting down and abandoning module StreamingPauseRendering (344)
[2017.07.20-18.23.55:959][914]LogModuleManager: Shutting down and abandoning module AnalyticsET (342)
[2017.07.20-18.23.55:959][914]LogModuleManager: Shutting down and abandoning module PortalServices (340)
[2017.07.20-18.23.55:959][914]LogModuleManager: Shutting down and abandoning module PortalRpc (338)
[2017.07.20-18.23.55:959][914]LogModuleManager: Shutting down and abandoning module MessagingRpc (336)
[2017.07.20-18.23.55:959][914]LogModuleManager: Shutting down and abandoning module AIModule (334)
[2017.07.20-18.23.55:959][914]LogModuleManager: Shutting down and abandoning module GameplayDebugger (333)
[2017.07.20-18.23.55:959][914]LogModuleManager: Shutting down and abandoning module AITestSuite (331)
[2017.07.20-18.23.55:959][914]LogModuleManager: Shutting down and abandoning module ProfilerService (328)
[2017.07.20-18.23.56:155][914]LogModuleManager: Shutting down and abandoning module TaskGraph (326)
[2017.07.20-18.23.56:155][914]LogModuleManager: Shutting down and abandoning module SteamVRController (324)
[2017.07.20-18.23.56:155][914]LogModuleManager: Shutting down and abandoning module SteamVR (322)
[2017.07.20-18.23.56:155][914]LogModuleManager: Shutting down and abandoning module ProceduralMeshComponentEditor (320)
[2017.07.20-18.23.56:155][914]LogModuleManager: Shutting down and abandoning module ProceduralMeshComponent (318)
[2017.07.20-18.23.56:155][914]LogModuleManager: Shutting down and abandoning module OculusLibrary (316)
[2017.07.20-18.23.56:155][914]LogModuleManager: Shutting down and abandoning module OculusInput (314)
[2017.07.20-18.23.56:155][914]LogModuleManager: Shutting down and abandoning module MobilePatchingUtils (312)
[2017.07.20-18.23.56:155][914]LogModuleManager: Shutting down and abandoning module CustomMeshComponent (310)
[2017.07.20-18.23.56:155][914]LogModuleManager: Shutting down and abandoning module CableComponent (308)
[2017.07.20-18.23.56:155][914]LogModuleManager: Shutting down and abandoning module ArchVisCharacter (306)
[2017.07.20-18.23.56:155][914]LogModuleManager: Shutting down and abandoning module AndroidPermission (304)
[2017.07.20-18.23.56:155][914]LogModuleManager: Shutting down and abandoning module MediaPlayerEditor (300)
[2017.07.20-18.23.56:155][914]LogModuleManager: Shutting down and abandoning module HTML5Networking (298)
[2017.07.20-18.23.56:155][914]LogModuleManager: Shutting down and abandoning module AlembicImporter (296)
[2017.07.20-18.23.56:155][914]LogModuleManager: Shutting down and abandoning module AlembicLibrary (295)
[2017.07.20-18.23.56:155][914]LogModuleManager: Shutting down and abandoning module GeometryCache (294)
[2017.07.20-18.23.56:155][914]LogModuleManager: Shutting down and abandoning module GeometryCacheEd (293)
[2017.07.20-18.23.56:156][914]LogModuleManager: Shutting down and abandoning module SuperSearchEditor (288)
[2017.07.20-18.23.56:156][914]LogModuleManager: Shutting down and abandoning module SuperSearch (287)
[2017.07.20-18.23.56:156][914]LogModuleManager: Shutting down and abandoning module SpeedTreeImporter (284)
[2017.07.20-18.23.56:156][914]LogModuleManager: Shutting down and abandoning module PluginBrowser (282)
[2017.07.20-18.23.56:156][914]LogModuleManager: Shutting down and abandoning module MobileLauncherProfileWizard (280)
[2017.07.20-18.23.56:156][914]LogModuleManager: Shutting down and abandoning module VisualStudioSourceCodeAccess (278)
[2017.07.20-18.23.56:156][914]LogModuleManager: Shutting down and abandoning module DesktopPlatform (277)
[2017.07.20-18.23.56:156][914]LogModuleManager: Shutting down and abandoning module UObjectPlugin (274)
[2017.07.20-18.23.56:156][914]LogModuleManager: Shutting down and abandoning module SubversionSourceControl (272)
[2017.07.20-18.23.56:156][914]LogModuleManager: Shutting down and abandoning module PerforceSourceControl (270)
[2017.07.20-18.23.56:156][914]LogModuleManager: Shutting down and abandoning module GitSourceControl (268)
[2017.07.20-18.23.56:156][914]LogModuleManager: Shutting down and abandoning module SourceControl (267)
[2017.07.20-18.23.56:156][914]LogModuleManager: Shutting down and abandoning module LightPropagationVolumeEditor (264)
[2017.07.20-18.23.56:156][914]LogModuleManager: Shutting down and abandoning module PaperTiledImporter (262)
[2017.07.20-18.23.56:156][914]LogModuleManager: Shutting down and abandoning module PaperSpriteSheetImporter (260)
[2017.07.20-18.23.56:156][914]LogModuleManager: Shutting down and abandoning module Paper2DEditor (258)
[2017.07.20-18.23.56:156][914]LogModuleManager: Shutting down and abandoning module MeshPaint (257)
[2017.07.20-18.23.56:156][914]LogModuleManager: Shutting down and abandoning module LevelEditor (255)
[2017.07.20-18.23.56:156][914]LogModuleManager: Shutting down and abandoning module PixelInspectorModule (254)
[2017.07.20-18.23.56:156][914]LogModuleManager: Shutting down and abandoning module MainFrame (252)
[2017.07.20-18.23.56:156][914]LogModuleManager: Shutting down and abandoning module HotReload (251)
[2017.07.20-18.23.56:156][914]LogModuleManager: Shutting down and abandoning module PhysXVehiclesEditor (246)
[2017.07.20-18.23.56:156][914]LogModuleManager: Shutting down and abandoning module PhysXVehicles (244)
[2017.07.20-18.23.56:156][914]LogModuleManager: Shutting down and abandoning module LocationServicesBPLibrary (242)
[2017.07.20-18.23.56:156][914]LogModuleManager: Shutting down and abandoning module ImmediatePhysicsEditor (240)
[2017.07.20-18.23.56:156][914]LogModuleManager: Shutting down and abandoning module ImmediatePhysics (238)
[2017.07.20-18.23.56:156][914]LogModuleManager: Shutting down and abandoning module UdpMessaging (236)
[2017.07.20-18.23.56:258][914]LogModuleManager: Shutting down and abandoning module TcpMessaging (234)
[2017.07.20-18.23.56:359][914]LogModuleManager: Shutting down and abandoning module GameplayTagsEditor (232)
[2017.07.20-18.23.56:359][914]LogModuleManager: Shutting down and abandoning module FacialAnimationEditor (230)
[2017.07.20-18.23.56:359][914]LogModuleManager: Shutting down and abandoning module FacialAnimation (228)
[2017.07.20-18.23.56:359][914]LogModuleManager: Shutting down and abandoning module AssetManagerEditor (226)
[2017.07.20-18.23.56:359][914]LogModuleManager: Shutting down and abandoning module GraphEditor (225)
[2017.07.20-18.23.56:359][914]LogModuleManager: Shutting down and abandoning module ContentBrowser (223)
[2017.07.20-18.23.56:359][914]LogModuleManager: Shutting down and abandoning module LightPropagationVolumeRuntime (220)
[2017.07.20-18.23.56:359][914]LogModuleManager: Shutting down and abandoning module Paper2D (218)
[2017.07.20-18.23.56:359][914]LogModuleManager: Shutting down and abandoning module WindowsMoviePlayer (216)
[2017.07.20-18.23.56:359][914]LogModuleManager: Shutting down and abandoning module WmfMedia (214)
[2017.07.20-18.23.56:360][914]LogModuleManager: Shutting down and abandoning module ClothingSystemEditor (212)
[2017.07.20-18.23.56:360][914]LogModuleManager: Shutting down and abandoning module ClothingSystemRuntime (210)
[2017.07.20-18.23.56:360][914]LogModuleManager: Shutting down and abandoning module MediaAssets (208)
[2017.07.20-18.23.56:360][914]LogModuleManager: Shutting down and abandoning module GameLiveStreaming (206)
[2017.07.20-18.23.56:360][914]LogModuleManager: Shutting down and abandoning module VREditor (204)
[2017.07.20-18.23.56:360][914]LogModuleManager: Shutting down and abandoning module StringTableEditor (202)
[2017.07.20-18.23.56:360][914]LogModuleManager: Shutting down and abandoning module GameplayTasksEditor (200)
[2017.07.20-18.23.56:360][914]LogModuleManager: Shutting down and abandoning module BehaviorTreeEditor (198)
[2017.07.20-18.23.56:360][914]LogModuleManager: Shutting down and abandoning module FunctionalTesting (196)
[2017.07.20-18.23.56:360][914]LogModuleManager: Shutting down and abandoning module CollisionAnalyzer (194)
[2017.07.20-18.23.56:360][914]LogModuleManager: Shutting down and abandoning module UMG (192)
[2017.07.20-18.23.56:360][914]LogModuleManager: Shutting down and abandoning module UMGEditor (191)
[2017.07.20-18.23.56:360][914]LogModuleManager: Shutting down and abandoning module Sequencer (190)
[2017.07.20-18.23.56:360][914]LogModuleManager: Shutting down and abandoning module AssetTools (188)
[2017.07.20-18.23.56:360][914]LogModuleManager: Shutting down and abandoning module MessageLog (187)
[2017.07.20-18.23.56:360][914]LogModuleManager: Shutting down and abandoning module WorkspaceMenuStructure (186)
[2017.07.20-18.23.56:360][914]LogModuleManager: Shutting down and abandoning module SlateReflector (180)
[2017.07.20-18.23.56:360][914]LogModuleManager: Shutting down and abandoning module Slate (178)
[2017.07.20-18.23.56:360][914]LogModuleManager: Shutting down and abandoning module EditorStyle (176)
[2017.07.20-18.23.56:362][914]LogModuleManager: Shutting down and abandoning module SourceCodeAccess (174)
[2017.07.20-18.23.56:362][914]LogModuleManager: Shutting down and abandoning module HeadMountedDisplay (172)
[2017.07.20-18.23.56:362][914]LogModuleManager: Shutting down and abandoning module XAudio2 (170)
[2017.07.20-18.23.56:362][914]LogModuleManager: Shutting down and abandoning module Networking (168)
[2017.07.20-18.23.56:362][914]LogModuleManager: Shutting down and abandoning module Core (164)
[2017.07.20-18.23.56:362][914]LogModuleManager: Shutting down and abandoning module AssetRegistry (162)
[2017.07.20-18.23.56:494][914]LogDirectoryWatcher: A directory notification for '../../../Engine/Content/' was aborted.
[2017.07.20-18.23.56:494][914]LogDirectoryWatcher: A directory notification for '../../../../../../Users/scott/Documents/GitHub/VR/VR/Content/' was aborted.
[2017.07.20-18.23.56:494][914]LogDirectoryWatcher: A directory notification for '../../../Engine/Plugins/2D/Paper2D/Content/' was aborted.
[2017.07.20-18.23.56:494][914]LogDirectoryWatcher: A directory notification for '../../../Engine/Plugins/Runtime/GearVR/Content/' was aborted.
[2017.07.20-18.23.56:496][914]LogModuleManager: Shutting down and abandoning module DirectoryWatcher (161)
[2017.07.20-18.23.56:496][914]LogModuleManager: Shutting down and abandoning module KismetCompiler (158)
[2017.07.20-18.23.56:496][914]LogModuleManager: Shutting down and abandoning module LevelSequence (156)
[2017.07.20-18.23.56:496][914]LogModuleManager: Shutting down and abandoning module PhysXFormats (154)
[2017.07.20-18.23.56:496][914]LogModuleManager: Shutting down and abandoning module MeshUtilities (152)
[2017.07.20-18.23.56:496][914]LogModuleManager: Shutting down and abandoning module SimplygonSwarm (151)
[2017.07.20-18.23.56:496][914]LogModuleManager: Shutting down and abandoning module SimplygonMeshReduction (149)
[2017.07.20-18.23.56:496][914]LogModuleManager: Shutting down and abandoning module QuadricMeshReduction (147)
[2017.07.20-18.23.56:496][914]LogModuleManager: Shutting down and abandoning module DerivedDataCache (144)
[2017.07.20-18.23.56:561][914]LogDerivedDataCache: Shutdown
[2017.07.20-18.23.56:561][914]LogModuleManager: Shutting down and abandoning module TargetPlatform (142)
[2017.07.20-18.23.56:561][914]LogModuleManager: Shutting down and abandoning module VulkanShaderFormat (141)
[2017.07.20-18.23.56:561][914]LogModuleManager: Shutting down and abandoning module ShaderFormatVectorVM (139)
[2017.07.20-18.23.56:561][914]LogModuleManager: Shutting down and abandoning module ShaderFormatOpenGL (137)
[2017.07.20-18.23.56:561][914]LogModuleManager: Shutting down and abandoning module ShaderFormatD3D (135)
[2017.07.20-18.23.56:561][914]LogModuleManager: Shutting down and abandoning module MetalShaderFormat (133)
[2017.07.20-18.23.56:561][914]LogModuleManager: Shutting down and abandoning module TextureFormatUncompressed (131)
[2017.07.20-18.23.56:561][914]LogModuleManager: Shutting down and abandoning module TextureFormatPVR (129)
[2017.07.20-18.23.56:561][914]LogModuleManager: Shutting down and abandoning module TextureFormatDXT (127)
[2017.07.20-18.23.56:561][914]LogModuleManager: Shutting down and abandoning module TextureFormatIntelISPCTexComp (125)
[2017.07.20-18.23.56:561][914]LogModuleManager: Shutting down and abandoning module TextureFormatASTC (123)
[2017.07.20-18.23.56:561][914]LogModuleManager: Shutting down and abandoning module ImageWrapper (122)
[2017.07.20-18.23.56:561][914]LogModuleManager: Shutting down and abandoning module TextureFormatAndroid (119)
[2017.07.20-18.23.56:561][914]LogModuleManager: Shutting down and abandoning module AudioFormatOpus (117)
[2017.07.20-18.23.56:561][914]LogModuleManager: Shutting down and abandoning module AudioFormatOgg (115)
[2017.07.20-18.23.56:561][914]LogModuleManager: Shutting down and abandoning module AudioFormatADPCM (113)
[2017.07.20-18.23.56:561][914]LogModuleManager: Shutting down and abandoning module LinuxTargetPlatform (111)
[2017.07.20-18.23.56:561][914]LogModuleManager: Shutting down and abandoning module LinuxServerTargetPlatform (109)
[2017.07.20-18.23.56:561][914]LogModuleManager: Shutting down and abandoning module LinuxNoEditorTargetPlatform (107)
[2017.07.20-18.23.56:561][914]LogModuleManager: Shutting down and abandoning module LinuxClientTargetPlatform (105)
[2017.07.20-18.23.56:561][914]LogModuleManager: Shutting down and abandoning module TVOSTargetPlatform (103)
[2017.07.20-18.23.56:561][914]LogModuleManager: Shutting down and abandoning module Messaging (101)
[2017.07.20-18.23.56:561][914]LogModuleManager: Shutting down and abandoning module IOSTargetPlatform (99)
[2017.07.20-18.23.56:561][914]LogModuleManager: Shutting down and abandoning module HTML5TargetPlatform (97)
[2017.07.20-18.23.56:561][914]LogModuleManager: Shutting down and abandoning module Android_PVRTCTargetPlatform (95)
[2017.07.20-18.23.56:561][914]LogModuleManager: Shutting down and abandoning module Android_MultiTargetPlatform (93)
[2017.07.20-18.23.56:561][914]LogModuleManager: Shutting down and abandoning module Android_ETC2TargetPlatform (91)
[2017.07.20-18.23.56:561][914]LogModuleManager: Shutting down and abandoning module Android_ETC1TargetPlatform (89)
[2017.07.20-18.23.56:561][914]LogModuleManager: Shutting down and abandoning module Android_DXTTargetPlatform (87)
[2017.07.20-18.23.56:561][914]LogModuleManager: Shutting down and abandoning module Android_ATCTargetPlatform (85)
[2017.07.20-18.23.56:561][914]LogModuleManager: Shutting down and abandoning module Android_ASTCTargetPlatform (83)
[2017.07.20-18.23.56:561][914]LogModuleManager: Shutting down and abandoning module AndroidTargetPlatform (81)
[2017.07.20-18.23.56:561][914]LogModuleManager: Shutting down and abandoning module WindowsTargetPlatform (79)
[2017.07.20-18.23.56:561][914]LogModuleManager: Shutting down and abandoning module WindowsServerTargetPlatform (77)
[2017.07.20-18.23.56:561][914]LogModuleManager: Shutting down and abandoning module WindowsNoEditorTargetPlatform (75)
[2017.07.20-18.23.56:561][914]LogModuleManager: Shutting down and abandoning module WindowsClientTargetPlatform (73)
[2017.07.20-18.23.56:561][914]LogModuleManager: Shutting down and abandoning module MacTargetPlatform (71)
[2017.07.20-18.23.56:561][914]LogModuleManager: Shutting down and abandoning module MacServerTargetPlatform (69)
[2017.07.20-18.23.56:561][914]LogModuleManager: Shutting down and abandoning module MacNoEditorTargetPlatform (67)
[2017.07.20-18.23.56:561][914]LogModuleManager: Shutting down and abandoning module MacClientTargetPlatform (65)
[2017.07.20-18.23.56:561][914]LogModuleManager: Shutting down and abandoning module AllDesktopTargetPlatform (63)
[2017.07.20-18.23.56:561][914]LogModuleManager: Shutting down and abandoning module InputCore (60)
[2017.07.20-18.23.56:561][914]LogModuleManager: Shutting down and abandoning module Settings (58)
[2017.07.20-18.23.56:561][914]LogModuleManager: Shutting down and abandoning module OculusRift (56)
[2017.07.20-18.23.56:562][914]LogHMD: Oculus shutdown.
[2017.07.20-18.23.56:562][914]LogModuleManager: Shutting down and abandoning module GearVRController (54)
[2017.07.20-18.23.56:562][914]LogModuleManager: Shutting down and abandoning module GearVR (52)
[2017.07.20-18.23.56:562][914]LogModuleManager: Shutting down and abandoning module ExampleDeviceProfileSelector (50)
[2017.07.20-18.23.56:562][914]LogModuleManager: Shutting down and abandoning module OnlineBlueprintSupport (48)
[2017.07.20-18.23.56:562][914]LogModuleManager: Shutting down and abandoning module OnlineSubsystem (44)
[2017.07.20-18.23.56:562][914]LogOnline:Display: Unloading online subsystem: NULL
[2017.07.20-18.23.56:562][914]LogModuleManager: Shutting down and abandoning module XMPP (43)
[2017.07.20-18.23.56:562][914]LogModuleManager: Shutting down and abandoning module HTTP (41)
[2017.07.20-18.23.56:562][914]LogHttp:Display: Http module shutting down, but needs to wait on 1 outstanding Http requests:
[2017.07.20-18.23.56:562][914]LogHttp:Display: 	verb=[POST] url=[https://datarouter.ol.epicgames.com/datarouter/api/v1/public/data?SessionID=%7B82DCBE84-4D48-E2EA-C1CC-6B9C3E4B760D%7D&AppID=UEEditor.Rocket.Release&AppVersion=4.16.2-3514769%2B%2B%2BUE4%2BRelease-4.16&UserID=d0072156447091a74943ad8261b51e33%7C917b68a4689a43d093714a4f6a0dc761%7C0f6f6edd-16ad-4713-872b-9bf79eb283b0&AppEnvironment=datacollector-binary&UploadType=eteventstream] status=Processing
[2017.07.20-18.23.56:581][914]LogModuleManager: Shutting down and abandoning module SSL (40)
[2017.07.20-18.23.56:582][914]LogModuleManager: Shutting down and abandoning module HTTPChunkInstaller (36)
[2017.07.20-18.23.56:582][914]LogModuleManager: Shutting down and abandoning module AnimationModifiers (34)
[2017.07.20-18.23.56:582][914]LogModuleManager: Shutting down and abandoning module PropertyEditor (33)
[2017.07.20-18.23.56:582][914]LogModuleManager: Shutting down and abandoning module AudioEditor (30)
[2017.07.20-18.23.56:582][914]LogModuleManager: Shutting down and abandoning module TextureCompressor (28)
[2017.07.20-18.23.56:582][914]LogModuleManager: Shutting down and abandoning module ShaderCore (26)
[2017.07.20-18.23.56:582][914]LogModuleManager: Shutting down and abandoning module Landscape (24)
[2017.07.20-18.23.56:582][914]LogModuleManager: Shutting down and abandoning module SlateRHIRenderer (22)
[2017.07.20-18.23.56:583][914]LogModuleManager: Shutting down and abandoning module OpenGLDrv (20)
[2017.07.20-18.23.56:583][914]LogModuleManager: Shutting down and abandoning module D3D11RHI (18)
[2017.07.20-18.23.56:583][914]LogModuleManager: Shutting down and abandoning module AnimGraphRuntime (16)
[2017.07.20-18.23.56:583][914]LogModuleManager: Shutting down and abandoning module Renderer (14)
[2017.07.20-18.23.56:583][914]LogModuleManager: Shutting down and abandoning module Engine (12)
[2017.07.20-18.23.56:583][914]LogModuleManager: Shutting down and abandoning module CoreUObject (10)
[2017.07.20-18.23.56:583][914]LogModuleManager: Shutting down and abandoning module NetworkFile (8)
[2017.07.20-18.23.56:583][914]LogModuleManager: Shutting down and abandoning module StreamingFile (6)
[2017.07.20-18.23.56:583][914]LogModuleManager: Shutting down and abandoning module SandboxFile (4)
[2017.07.20-18.23.56:583][914]LogModuleManager: Shutting down and abandoning module PakFile (2)
[2017.07.20-18.23.56:584][914]LogExit: Exiting.
[2017.07.20-18.23.56:591][914]Log file closed, 07/20/17 19:23:56
